ARM GAS  C:\Users\YEHUDA~1\AppData\Local\Temp\ccKSCV7X.s 			page 1


   1              		.syntax unified
   2              		.cpu cortex-m0
   3              		.fpu softvfp
   4              		.eabi_attribute 20, 1
   5              		.eabi_attribute 21, 1
   6              		.eabi_attribute 23, 3
   7              		.eabi_attribute 24, 1
   8              		.eabi_attribute 25, 1
   9              		.eabi_attribute 26, 1
  10              		.eabi_attribute 30, 6
  11              		.eabi_attribute 34, 0
  12              		.eabi_attribute 18, 4
  13              		.thumb
  14              		.syntax unified
  15              		.file	"cyfitter_cfg.c"
  16              		.text
  17              	.Ltext0:
  18              		.cfi_sections	.debug_frame
  19              		.section	.text.CYMEMZERO,"ax",%progbits
  20              		.align	2
  21              		.code	16
  22              		.thumb_func
  23              		.type	CYMEMZERO, %function
  24              	CYMEMZERO:
  25              	.LFB2:
  26              		.file 1 "Generated_Source\\PSoC4\\cyfitter_cfg.c"
   1:Generated_Source\PSoC4/cyfitter_cfg.c **** 
   2:Generated_Source\PSoC4/cyfitter_cfg.c **** /*******************************************************************************
   3:Generated_Source\PSoC4/cyfitter_cfg.c **** * File Name: cyfitter_cfg.c
   4:Generated_Source\PSoC4/cyfitter_cfg.c **** * 
   5:Generated_Source\PSoC4/cyfitter_cfg.c **** * PSoC Creator  4.2
   6:Generated_Source\PSoC4/cyfitter_cfg.c **** *
   7:Generated_Source\PSoC4/cyfitter_cfg.c **** * Description:
   8:Generated_Source\PSoC4/cyfitter_cfg.c **** * This file contains device initialization code.
   9:Generated_Source\PSoC4/cyfitter_cfg.c **** * Except for the user defined sections in CyClockStartupError(), this file should not be modified.
  10:Generated_Source\PSoC4/cyfitter_cfg.c **** * This file is automatically generated by PSoC Creator.
  11:Generated_Source\PSoC4/cyfitter_cfg.c **** *
  12:Generated_Source\PSoC4/cyfitter_cfg.c **** ********************************************************************************
  13:Generated_Source\PSoC4/cyfitter_cfg.c **** * Copyright (c) 2007-2018 Cypress Semiconductor.  All rights reserved.
  14:Generated_Source\PSoC4/cyfitter_cfg.c **** * You may use this file only in accordance with the license, terms, conditions, 
  15:Generated_Source\PSoC4/cyfitter_cfg.c **** * disclaimers, and limitations in the end user license agreement accompanying 
  16:Generated_Source\PSoC4/cyfitter_cfg.c **** * the software package with which this file was provided.
  17:Generated_Source\PSoC4/cyfitter_cfg.c **** ********************************************************************************/
  18:Generated_Source\PSoC4/cyfitter_cfg.c **** 
  19:Generated_Source\PSoC4/cyfitter_cfg.c **** #include <string.h>
  20:Generated_Source\PSoC4/cyfitter_cfg.c **** #include "cytypes.h"
  21:Generated_Source\PSoC4/cyfitter_cfg.c **** #include "cydevice_trm.h"
  22:Generated_Source\PSoC4/cyfitter_cfg.c **** #include "cyfitter.h"
  23:Generated_Source\PSoC4/cyfitter_cfg.c **** #include "CyLib.h"
  24:Generated_Source\PSoC4/cyfitter_cfg.c **** #include "CyLFClk.h"
  25:Generated_Source\PSoC4/cyfitter_cfg.c **** #include "cyfitter_cfg.h"
  26:Generated_Source\PSoC4/cyfitter_cfg.c **** #include "cyapicallbacks.h"
  27:Generated_Source\PSoC4/cyfitter_cfg.c **** 
  28:Generated_Source\PSoC4/cyfitter_cfg.c **** 
  29:Generated_Source\PSoC4/cyfitter_cfg.c **** #if defined(__GNUC__) || defined(__ARMCC_VERSION)
  30:Generated_Source\PSoC4/cyfitter_cfg.c ****     #define CYPACKED 
  31:Generated_Source\PSoC4/cyfitter_cfg.c ****     #define CYPACKED_ATTR __attribute__ ((packed))
ARM GAS  C:\Users\YEHUDA~1\AppData\Local\Temp\ccKSCV7X.s 			page 2


  32:Generated_Source\PSoC4/cyfitter_cfg.c ****     #define CYALIGNED __attribute__ ((aligned))
  33:Generated_Source\PSoC4/cyfitter_cfg.c ****     #define CY_CFG_UNUSED __attribute__ ((unused))
  34:Generated_Source\PSoC4/cyfitter_cfg.c ****     #ifndef CY_CFG_SECTION
  35:Generated_Source\PSoC4/cyfitter_cfg.c ****         #define CY_CFG_SECTION __attribute__ ((section(".psocinit")))
  36:Generated_Source\PSoC4/cyfitter_cfg.c ****     #endif
  37:Generated_Source\PSoC4/cyfitter_cfg.c ****     
  38:Generated_Source\PSoC4/cyfitter_cfg.c ****     #if defined(__ARMCC_VERSION)
  39:Generated_Source\PSoC4/cyfitter_cfg.c ****         #define CY_CFG_MEMORY_BARRIER() __memory_changed()
  40:Generated_Source\PSoC4/cyfitter_cfg.c ****     #else
  41:Generated_Source\PSoC4/cyfitter_cfg.c ****         #define CY_CFG_MEMORY_BARRIER() __sync_synchronize()
  42:Generated_Source\PSoC4/cyfitter_cfg.c ****     #endif
  43:Generated_Source\PSoC4/cyfitter_cfg.c ****     
  44:Generated_Source\PSoC4/cyfitter_cfg.c **** #elif defined(__ICCARM__)
  45:Generated_Source\PSoC4/cyfitter_cfg.c ****     #include <intrinsics.h>
  46:Generated_Source\PSoC4/cyfitter_cfg.c **** 
  47:Generated_Source\PSoC4/cyfitter_cfg.c ****     #define CYPACKED __packed
  48:Generated_Source\PSoC4/cyfitter_cfg.c ****     #define CYPACKED_ATTR 
  49:Generated_Source\PSoC4/cyfitter_cfg.c ****     #define CYALIGNED _Pragma("data_alignment=4")
  50:Generated_Source\PSoC4/cyfitter_cfg.c ****     #define CY_CFG_UNUSED _Pragma("diag_suppress=Pe177")
  51:Generated_Source\PSoC4/cyfitter_cfg.c ****     #define CY_CFG_SECTION _Pragma("location=\".psocinit\"")
  52:Generated_Source\PSoC4/cyfitter_cfg.c ****     
  53:Generated_Source\PSoC4/cyfitter_cfg.c ****     #define CY_CFG_MEMORY_BARRIER() __DMB()
  54:Generated_Source\PSoC4/cyfitter_cfg.c ****     
  55:Generated_Source\PSoC4/cyfitter_cfg.c **** #else
  56:Generated_Source\PSoC4/cyfitter_cfg.c ****     #error Unsupported toolchain
  57:Generated_Source\PSoC4/cyfitter_cfg.c **** #endif
  58:Generated_Source\PSoC4/cyfitter_cfg.c **** 
  59:Generated_Source\PSoC4/cyfitter_cfg.c **** #ifndef CYCODE
  60:Generated_Source\PSoC4/cyfitter_cfg.c ****     #define CYCODE
  61:Generated_Source\PSoC4/cyfitter_cfg.c **** #endif
  62:Generated_Source\PSoC4/cyfitter_cfg.c **** #ifndef CYDATA
  63:Generated_Source\PSoC4/cyfitter_cfg.c ****     #define CYDATA
  64:Generated_Source\PSoC4/cyfitter_cfg.c **** #endif
  65:Generated_Source\PSoC4/cyfitter_cfg.c **** #ifndef CYFAR
  66:Generated_Source\PSoC4/cyfitter_cfg.c ****     #define CYFAR
  67:Generated_Source\PSoC4/cyfitter_cfg.c **** #endif
  68:Generated_Source\PSoC4/cyfitter_cfg.c **** #ifndef CYXDATA
  69:Generated_Source\PSoC4/cyfitter_cfg.c ****     #define CYXDATA
  70:Generated_Source\PSoC4/cyfitter_cfg.c **** #endif
  71:Generated_Source\PSoC4/cyfitter_cfg.c **** 
  72:Generated_Source\PSoC4/cyfitter_cfg.c **** 
  73:Generated_Source\PSoC4/cyfitter_cfg.c **** CY_CFG_UNUSED
  74:Generated_Source\PSoC4/cyfitter_cfg.c **** static void CYMEMZERO(void *s, size_t n);
  75:Generated_Source\PSoC4/cyfitter_cfg.c **** CY_CFG_UNUSED
  76:Generated_Source\PSoC4/cyfitter_cfg.c **** static void CYMEMZERO(void *s, size_t n)
  77:Generated_Source\PSoC4/cyfitter_cfg.c **** {
  27              		.loc 1 77 0
  28              		.cfi_startproc
  29              		@ args = 0, pretend = 0, frame = 8
  30              		@ frame_needed = 1, uses_anonymous_args = 0
  31 0000 80B5     		push	{r7, lr}
  32              		.cfi_def_cfa_offset 8
  33              		.cfi_offset 7, -8
  34              		.cfi_offset 14, -4
  35 0002 82B0     		sub	sp, sp, #8
  36              		.cfi_def_cfa_offset 16
  37 0004 00AF     		add	r7, sp, #0
ARM GAS  C:\Users\YEHUDA~1\AppData\Local\Temp\ccKSCV7X.s 			page 3


  38              		.cfi_def_cfa_register 7
  39 0006 7860     		str	r0, [r7, #4]
  40 0008 3960     		str	r1, [r7]
  78:Generated_Source\PSoC4/cyfitter_cfg.c **** 	(void)memset(s, 0, n);
  41              		.loc 1 78 0
  42 000a 3A68     		ldr	r2, [r7]
  43 000c 7B68     		ldr	r3, [r7, #4]
  44 000e 0021     		movs	r1, #0
  45 0010 1800     		movs	r0, r3
  46 0012 FFF7FEFF 		bl	memset
  79:Generated_Source\PSoC4/cyfitter_cfg.c **** }
  47              		.loc 1 79 0
  48 0016 C046     		nop
  49 0018 BD46     		mov	sp, r7
  50 001a 02B0     		add	sp, sp, #8
  51              		@ sp needed
  52 001c 80BD     		pop	{r7, pc}
  53              		.cfi_endproc
  54              	.LFE2:
  55              		.size	CYMEMZERO, .-CYMEMZERO
  56 001e C046     		.section	.text.CYCONFIGCPY,"ax",%progbits
  57              		.align	2
  58              		.code	16
  59              		.thumb_func
  60              		.type	CYCONFIGCPY, %function
  61              	CYCONFIGCPY:
  62              	.LFB3:
  80:Generated_Source\PSoC4/cyfitter_cfg.c **** CY_CFG_UNUSED
  81:Generated_Source\PSoC4/cyfitter_cfg.c **** static void CYCONFIGCPY(void *dest, const void *src, size_t n);
  82:Generated_Source\PSoC4/cyfitter_cfg.c **** CY_CFG_UNUSED
  83:Generated_Source\PSoC4/cyfitter_cfg.c **** static void CYCONFIGCPY(void *dest, const void *src, size_t n)
  84:Generated_Source\PSoC4/cyfitter_cfg.c **** {
  63              		.loc 1 84 0
  64              		.cfi_startproc
  65              		@ args = 0, pretend = 0, frame = 16
  66              		@ frame_needed = 1, uses_anonymous_args = 0
  67 0000 80B5     		push	{r7, lr}
  68              		.cfi_def_cfa_offset 8
  69              		.cfi_offset 7, -8
  70              		.cfi_offset 14, -4
  71 0002 84B0     		sub	sp, sp, #16
  72              		.cfi_def_cfa_offset 24
  73 0004 00AF     		add	r7, sp, #0
  74              		.cfi_def_cfa_register 7
  75 0006 F860     		str	r0, [r7, #12]
  76 0008 B960     		str	r1, [r7, #8]
  77 000a 7A60     		str	r2, [r7, #4]
  85:Generated_Source\PSoC4/cyfitter_cfg.c **** 	(void)memcpy(dest, src, n);
  78              		.loc 1 85 0
  79 000c 7A68     		ldr	r2, [r7, #4]
  80 000e B968     		ldr	r1, [r7, #8]
  81 0010 FB68     		ldr	r3, [r7, #12]
  82 0012 1800     		movs	r0, r3
  83 0014 FFF7FEFF 		bl	memcpy
  86:Generated_Source\PSoC4/cyfitter_cfg.c **** }
  84              		.loc 1 86 0
  85 0018 C046     		nop
ARM GAS  C:\Users\YEHUDA~1\AppData\Local\Temp\ccKSCV7X.s 			page 4


  86 001a BD46     		mov	sp, r7
  87 001c 04B0     		add	sp, sp, #16
  88              		@ sp needed
  89 001e 80BD     		pop	{r7, pc}
  90              		.cfi_endproc
  91              	.LFE3:
  92              		.size	CYCONFIGCPY, .-CYCONFIGCPY
  93              		.section	.text.CYCONFIGCPYCODE,"ax",%progbits
  94              		.align	2
  95              		.code	16
  96              		.thumb_func
  97              		.type	CYCONFIGCPYCODE, %function
  98              	CYCONFIGCPYCODE:
  99              	.LFB4:
  87:Generated_Source\PSoC4/cyfitter_cfg.c **** CY_CFG_UNUSED
  88:Generated_Source\PSoC4/cyfitter_cfg.c **** static void CYCONFIGCPYCODE(void *dest, const void *src, size_t n);
  89:Generated_Source\PSoC4/cyfitter_cfg.c **** CY_CFG_UNUSED
  90:Generated_Source\PSoC4/cyfitter_cfg.c **** static void CYCONFIGCPYCODE(void *dest, const void *src, size_t n)
  91:Generated_Source\PSoC4/cyfitter_cfg.c **** {
 100              		.loc 1 91 0
 101              		.cfi_startproc
 102              		@ args = 0, pretend = 0, frame = 16
 103              		@ frame_needed = 1, uses_anonymous_args = 0
 104 0000 80B5     		push	{r7, lr}
 105              		.cfi_def_cfa_offset 8
 106              		.cfi_offset 7, -8
 107              		.cfi_offset 14, -4
 108 0002 84B0     		sub	sp, sp, #16
 109              		.cfi_def_cfa_offset 24
 110 0004 00AF     		add	r7, sp, #0
 111              		.cfi_def_cfa_register 7
 112 0006 F860     		str	r0, [r7, #12]
 113 0008 B960     		str	r1, [r7, #8]
 114 000a 7A60     		str	r2, [r7, #4]
  92:Generated_Source\PSoC4/cyfitter_cfg.c **** 	(void)memcpy(dest, src, n);
 115              		.loc 1 92 0
 116 000c 7A68     		ldr	r2, [r7, #4]
 117 000e B968     		ldr	r1, [r7, #8]
 118 0010 FB68     		ldr	r3, [r7, #12]
 119 0012 1800     		movs	r0, r3
 120 0014 FFF7FEFF 		bl	memcpy
  93:Generated_Source\PSoC4/cyfitter_cfg.c **** }
 121              		.loc 1 93 0
 122 0018 C046     		nop
 123 001a BD46     		mov	sp, r7
 124 001c 04B0     		add	sp, sp, #16
 125              		@ sp needed
 126 001e 80BD     		pop	{r7, pc}
 127              		.cfi_endproc
 128              	.LFE4:
 129              		.size	CYCONFIGCPYCODE, .-CYCONFIGCPYCODE
 130              		.section	.psocinit,"ax",%progbits
 131              		.align	2
 132              		.code	16
 133              		.thumb_func
 134              		.type	ClockSetup, %function
 135              	ClockSetup:
ARM GAS  C:\Users\YEHUDA~1\AppData\Local\Temp\ccKSCV7X.s 			page 5


 136              	.LFB5:
  94:Generated_Source\PSoC4/cyfitter_cfg.c **** 
  95:Generated_Source\PSoC4/cyfitter_cfg.c **** 
  96:Generated_Source\PSoC4/cyfitter_cfg.c **** 
  97:Generated_Source\PSoC4/cyfitter_cfg.c **** 
  98:Generated_Source\PSoC4/cyfitter_cfg.c **** /* Clock startup error codes                                                   */
  99:Generated_Source\PSoC4/cyfitter_cfg.c **** #define CYCLOCKSTART_NO_ERROR    0u
 100:Generated_Source\PSoC4/cyfitter_cfg.c **** #define CYCLOCKSTART_XTAL_ERROR  1u
 101:Generated_Source\PSoC4/cyfitter_cfg.c **** #define CYCLOCKSTART_32KHZ_ERROR 2u
 102:Generated_Source\PSoC4/cyfitter_cfg.c **** #define CYCLOCKSTART_PLL_ERROR   3u
 103:Generated_Source\PSoC4/cyfitter_cfg.c **** #define CYCLOCKSTART_FLL_ERROR   4u
 104:Generated_Source\PSoC4/cyfitter_cfg.c **** #define CYCLOCKSTART_WCO_ERROR   5u
 105:Generated_Source\PSoC4/cyfitter_cfg.c **** 
 106:Generated_Source\PSoC4/cyfitter_cfg.c **** 
 107:Generated_Source\PSoC4/cyfitter_cfg.c **** #ifdef CY_NEED_CYCLOCKSTARTUPERROR
 108:Generated_Source\PSoC4/cyfitter_cfg.c **** /*******************************************************************************
 109:Generated_Source\PSoC4/cyfitter_cfg.c **** * Function Name: CyClockStartupError
 110:Generated_Source\PSoC4/cyfitter_cfg.c **** ********************************************************************************
 111:Generated_Source\PSoC4/cyfitter_cfg.c **** * Summary:
 112:Generated_Source\PSoC4/cyfitter_cfg.c **** *  If an error is encountered during clock configuration (crystal startup error,
 113:Generated_Source\PSoC4/cyfitter_cfg.c **** *  PLL lock error, etc.), the system will end up here.  Unless reimplemented by
 114:Generated_Source\PSoC4/cyfitter_cfg.c **** *  the customer, this function will stop in an infinite loop.
 115:Generated_Source\PSoC4/cyfitter_cfg.c **** *
 116:Generated_Source\PSoC4/cyfitter_cfg.c **** * Parameters:
 117:Generated_Source\PSoC4/cyfitter_cfg.c **** *   void
 118:Generated_Source\PSoC4/cyfitter_cfg.c **** *
 119:Generated_Source\PSoC4/cyfitter_cfg.c **** * Return:
 120:Generated_Source\PSoC4/cyfitter_cfg.c **** *   void
 121:Generated_Source\PSoC4/cyfitter_cfg.c **** *
 122:Generated_Source\PSoC4/cyfitter_cfg.c **** *******************************************************************************/
 123:Generated_Source\PSoC4/cyfitter_cfg.c **** CY_CFG_UNUSED
 124:Generated_Source\PSoC4/cyfitter_cfg.c **** static void CyClockStartupError(uint8 errorCode);
 125:Generated_Source\PSoC4/cyfitter_cfg.c **** CY_CFG_UNUSED
 126:Generated_Source\PSoC4/cyfitter_cfg.c **** static void CyClockStartupError(uint8 errorCode)
 127:Generated_Source\PSoC4/cyfitter_cfg.c **** {
 128:Generated_Source\PSoC4/cyfitter_cfg.c ****     /* To remove the compiler warning if errorCode not used.                */
 129:Generated_Source\PSoC4/cyfitter_cfg.c ****     errorCode = errorCode;
 130:Generated_Source\PSoC4/cyfitter_cfg.c **** 
 131:Generated_Source\PSoC4/cyfitter_cfg.c ****     /* If we have a clock startup error (bad MHz crystal, PLL lock, etc.),  */
 132:Generated_Source\PSoC4/cyfitter_cfg.c ****     /* we will end up here to allow the customer to implement something to  */
 133:Generated_Source\PSoC4/cyfitter_cfg.c ****     /* deal with the clock condition.                                       */
 134:Generated_Source\PSoC4/cyfitter_cfg.c **** 
 135:Generated_Source\PSoC4/cyfitter_cfg.c **** #ifdef CY_CFG_CLOCK_STARTUP_ERROR_CALLBACK
 136:Generated_Source\PSoC4/cyfitter_cfg.c ****     CY_CFG_Clock_Startup_ErrorCallback();
 137:Generated_Source\PSoC4/cyfitter_cfg.c **** #else
 138:Generated_Source\PSoC4/cyfitter_cfg.c ****     /*  If not using CY_CFG_CLOCK_STARTUP_ERROR_CALLBACK, place your clock startup code here. */
 139:Generated_Source\PSoC4/cyfitter_cfg.c ****     /* `#START CyClockStartupError` */
 140:Generated_Source\PSoC4/cyfitter_cfg.c **** 
 141:Generated_Source\PSoC4/cyfitter_cfg.c **** 
 142:Generated_Source\PSoC4/cyfitter_cfg.c **** 
 143:Generated_Source\PSoC4/cyfitter_cfg.c ****     /* `#END` */
 144:Generated_Source\PSoC4/cyfitter_cfg.c **** 
 145:Generated_Source\PSoC4/cyfitter_cfg.c ****     while(1) {}
 146:Generated_Source\PSoC4/cyfitter_cfg.c **** #endif /* CY_CFG_CLOCK_STARTUP_ERROR_CALLBACK */
 147:Generated_Source\PSoC4/cyfitter_cfg.c **** }
 148:Generated_Source\PSoC4/cyfitter_cfg.c **** #endif
 149:Generated_Source\PSoC4/cyfitter_cfg.c **** 
ARM GAS  C:\Users\YEHUDA~1\AppData\Local\Temp\ccKSCV7X.s 			page 6


 150:Generated_Source\PSoC4/cyfitter_cfg.c **** 
 151:Generated_Source\PSoC4/cyfitter_cfg.c **** 
 152:Generated_Source\PSoC4/cyfitter_cfg.c **** /*******************************************************************************
 153:Generated_Source\PSoC4/cyfitter_cfg.c **** * Function Name: ClockSetup
 154:Generated_Source\PSoC4/cyfitter_cfg.c **** ********************************************************************************
 155:Generated_Source\PSoC4/cyfitter_cfg.c **** *
 156:Generated_Source\PSoC4/cyfitter_cfg.c **** * Summary:
 157:Generated_Source\PSoC4/cyfitter_cfg.c **** *   Performs the initialization of all of the clocks in the device based on the
 158:Generated_Source\PSoC4/cyfitter_cfg.c **** *   settings in the Clock tab of the DWR.  This includes enabling the requested
 159:Generated_Source\PSoC4/cyfitter_cfg.c **** *   clocks and setting the necessary dividers to produce the desired frequency. 
 160:Generated_Source\PSoC4/cyfitter_cfg.c **** *
 161:Generated_Source\PSoC4/cyfitter_cfg.c **** * Parameters:
 162:Generated_Source\PSoC4/cyfitter_cfg.c **** *   void
 163:Generated_Source\PSoC4/cyfitter_cfg.c **** *
 164:Generated_Source\PSoC4/cyfitter_cfg.c **** * Return:
 165:Generated_Source\PSoC4/cyfitter_cfg.c **** *   void
 166:Generated_Source\PSoC4/cyfitter_cfg.c **** *
 167:Generated_Source\PSoC4/cyfitter_cfg.c **** *******************************************************************************/
 168:Generated_Source\PSoC4/cyfitter_cfg.c **** static void ClockSetup(void);
 169:Generated_Source\PSoC4/cyfitter_cfg.c **** CY_CFG_SECTION
 170:Generated_Source\PSoC4/cyfitter_cfg.c **** static void ClockSetup(void)
 171:Generated_Source\PSoC4/cyfitter_cfg.c **** {
 137              		.loc 1 171 0
 138              		.cfi_startproc
 139              		@ args = 0, pretend = 0, frame = 0
 140              		@ frame_needed = 1, uses_anonymous_args = 0
 141 0000 80B5     		push	{r7, lr}
 142              		.cfi_def_cfa_offset 8
 143              		.cfi_offset 7, -8
 144              		.cfi_offset 14, -4
 145 0002 00AF     		add	r7, sp, #0
 146              		.cfi_def_cfa_register 7
 172:Generated_Source\PSoC4/cyfitter_cfg.c **** 
 173:Generated_Source\PSoC4/cyfitter_cfg.c **** 	/* Set Flash Cycles based on max possible frequency in case a glitch occurs during ClockSetup(). *
 174:Generated_Source\PSoC4/cyfitter_cfg.c **** 	CY_SET_REG32((void CYXDATA *)(CYREG_CPUSS_FLASH_CTL), (0x0012u));
 147              		.loc 1 174 0
 148 0004 284B     		ldr	r3, .L5
 149 0006 1222     		movs	r2, #18
 150 0008 1A60     		str	r2, [r3]
 175:Generated_Source\PSoC4/cyfitter_cfg.c **** 
 176:Generated_Source\PSoC4/cyfitter_cfg.c **** 	/* Start the WCO */
 177:Generated_Source\PSoC4/cyfitter_cfg.c **** 	CySysClkWcoStart();
 151              		.loc 1 177 0
 152 000a FFF7FEFF 		bl	CySysClkWcoStart
 178:Generated_Source\PSoC4/cyfitter_cfg.c **** 	CyDelayCycles(12000000u); /* WCO may take up to 500ms to start */
 153              		.loc 1 178 0
 154 000e 274B     		ldr	r3, .L5+4
 155 0010 1800     		movs	r0, r3
 156 0012 FFF7FEFF 		bl	CyDelayCycles
 179:Generated_Source\PSoC4/cyfitter_cfg.c **** 	(void)CySysClkWcoSetPowerMode(CY_SYS_CLK_WCO_LPM);    /* Switch to the low power mode */
 157              		.loc 1 179 0
 158 0016 0120     		movs	r0, #1
 159 0018 FFF7FEFF 		bl	CySysClkWcoSetPowerMode
 180:Generated_Source\PSoC4/cyfitter_cfg.c **** 
 181:Generated_Source\PSoC4/cyfitter_cfg.c **** 	/* Setup and trim IMO based on desired frequency. */
 182:Generated_Source\PSoC4/cyfitter_cfg.c **** 	CySysClkWriteImoFreq(48u);
 160              		.loc 1 182 0
ARM GAS  C:\Users\YEHUDA~1\AppData\Local\Temp\ccKSCV7X.s 			page 7


 161 001c 3020     		movs	r0, #48
 162 001e FFF7FEFF 		bl	CySysClkWriteImoFreq
 183:Generated_Source\PSoC4/cyfitter_cfg.c **** 	/* CYDEV_CLK_ILO_CONFIG Starting address: CYDEV_CLK_ILO_CONFIG */
 184:Generated_Source\PSoC4/cyfitter_cfg.c **** 	CY_SET_REG32((void *)(CYREG_CLK_ILO_CONFIG), 0x80000006u);
 163              		.loc 1 184 0
 164 0022 234B     		ldr	r3, .L5+8
 165 0024 234A     		ldr	r2, .L5+12
 166 0026 1A60     		str	r2, [r3]
 185:Generated_Source\PSoC4/cyfitter_cfg.c **** 
 186:Generated_Source\PSoC4/cyfitter_cfg.c **** 	/* CYDEV_WDT_CONFIG Starting address: CYDEV_WDT_CONFIG */
 187:Generated_Source\PSoC4/cyfitter_cfg.c **** 	CY_SET_REG32((void *)(CYREG_WDT_CONFIG), 0x40000000u);
 167              		.loc 1 187 0
 168 0028 234B     		ldr	r3, .L5+16
 169 002a 8022     		movs	r2, #128
 170 002c D205     		lsls	r2, r2, #23
 171 002e 1A60     		str	r2, [r3]
 188:Generated_Source\PSoC4/cyfitter_cfg.c **** 
 189:Generated_Source\PSoC4/cyfitter_cfg.c **** 
 190:Generated_Source\PSoC4/cyfitter_cfg.c **** 	/* Enable fast start mode for XO */
 191:Generated_Source\PSoC4/cyfitter_cfg.c **** 	CY_SET_REG32((void*)CYREG_BLE_BLERD_BB_XO, CY_GET_REG32((void*)CYREG_BLE_BLERD_BB_XO) | (uint32)0x
 172              		.loc 1 191 0
 173 0030 224B     		ldr	r3, .L5+20
 174 0032 224A     		ldr	r2, .L5+20
 175 0034 1268     		ldr	r2, [r2]
 176 0036 0221     		movs	r1, #2
 177 0038 0A43     		orrs	r2, r1
 178 003a 1A60     		str	r2, [r3]
 192:Generated_Source\PSoC4/cyfitter_cfg.c **** 	CY_SET_REG32((void *)(CYREG_BLE_BLERD_BB_XO_CAPTRIM), 0x0000BCBCu);
 179              		.loc 1 192 0
 180 003c 204B     		ldr	r3, .L5+24
 181 003e 214A     		ldr	r2, .L5+28
 182 0040 1A60     		str	r2, [r3]
 193:Generated_Source\PSoC4/cyfitter_cfg.c **** 	/*Set XTAL(ECO) divider*/
 194:Generated_Source\PSoC4/cyfitter_cfg.c **** 	CY_SET_REG32((void *)(CYREG_BLE_BLESS_XTAL_CLK_DIV_CONFIG), 0x00000000u);
 183              		.loc 1 194 0
 184 0042 214B     		ldr	r3, .L5+32
 185 0044 0022     		movs	r2, #0
 186 0046 1A60     		str	r2, [r3]
 195:Generated_Source\PSoC4/cyfitter_cfg.c **** 	/* Disable Crystal Stable Interrupt before enabling ECO */
 196:Generated_Source\PSoC4/cyfitter_cfg.c **** 	CY_SET_REG32((void*)CYREG_BLE_BLESS_LL_DSM_CTRL, CY_GET_REG32((void*)CYREG_BLE_BLESS_LL_DSM_CTRL) 
 187              		.loc 1 196 0
 188 0048 204B     		ldr	r3, .L5+36
 189 004a 204A     		ldr	r2, .L5+36
 190 004c 1268     		ldr	r2, [r2]
 191 004e 0821     		movs	r1, #8
 192 0050 8A43     		bics	r2, r1
 193 0052 1A60     		str	r2, [r3]
 197:Generated_Source\PSoC4/cyfitter_cfg.c **** 	/* Start the ECO and do not check status since it is not needed for HFCLK */
 198:Generated_Source\PSoC4/cyfitter_cfg.c **** 	(void)CySysClkEcoStart(2000u);
 194              		.loc 1 198 0
 195 0054 FA23     		movs	r3, #250
 196 0056 DB00     		lsls	r3, r3, #3
 197 0058 1800     		movs	r0, r3
 198 005a FFF7FEFF 		bl	CySysClkEcoStart
 199:Generated_Source\PSoC4/cyfitter_cfg.c **** 	CyDelayUs(1500u); /* Wait to stabilize */
 199              		.loc 1 199 0
 200 005e 1C4B     		ldr	r3, .L5+40
ARM GAS  C:\Users\YEHUDA~1\AppData\Local\Temp\ccKSCV7X.s 			page 8


 201 0060 1800     		movs	r0, r3
 202 0062 FFF7FEFF 		bl	CyDelayUs
 200:Generated_Source\PSoC4/cyfitter_cfg.c **** 
 201:Generated_Source\PSoC4/cyfitter_cfg.c **** 	/* Setup phase aligned clocks */
 202:Generated_Source\PSoC4/cyfitter_cfg.c **** 	CY_SET_REG32((void *)CYREG_PERI_DIV_16_CTL0, 0x00002200u);
 203              		.loc 1 202 0
 204 0066 1B4B     		ldr	r3, .L5+44
 205 0068 8822     		movs	r2, #136
 206 006a 9201     		lsls	r2, r2, #6
 207 006c 1A60     		str	r2, [r3]
 203:Generated_Source\PSoC4/cyfitter_cfg.c **** 	CY_SET_REG32((void *)CYREG_PERI_DIV_CMD, 0x8000FF40u);
 208              		.loc 1 203 0
 209 006e 1A4B     		ldr	r3, .L5+48
 210 0070 1A4A     		ldr	r2, .L5+52
 211 0072 1A60     		str	r2, [r3]
 204:Generated_Source\PSoC4/cyfitter_cfg.c **** 
 205:Generated_Source\PSoC4/cyfitter_cfg.c **** 	/* CYDEV_CLK_IMO_CONFIG Starting address: CYDEV_CLK_IMO_CONFIG */
 206:Generated_Source\PSoC4/cyfitter_cfg.c **** 	CY_SET_REG32((void *)(CYREG_CLK_IMO_CONFIG), 0x80000000u);
 212              		.loc 1 206 0
 213 0074 1A4B     		ldr	r3, .L5+56
 214 0076 8022     		movs	r2, #128
 215 0078 1206     		lsls	r2, r2, #24
 216 007a 1A60     		str	r2, [r3]
 207:Generated_Source\PSoC4/cyfitter_cfg.c **** 
 208:Generated_Source\PSoC4/cyfitter_cfg.c **** 	/* CYDEV_CLK_SELECT Starting address: CYDEV_CLK_SELECT */
 209:Generated_Source\PSoC4/cyfitter_cfg.c **** 	CY_SET_REG32((void *)(CYREG_CLK_SELECT), 0x00040000u);
 217              		.loc 1 209 0
 218 007c 194B     		ldr	r3, .L5+60
 219 007e 8022     		movs	r2, #128
 220 0080 D202     		lsls	r2, r2, #11
 221 0082 1A60     		str	r2, [r3]
 210:Generated_Source\PSoC4/cyfitter_cfg.c **** 
 211:Generated_Source\PSoC4/cyfitter_cfg.c **** 	/* CYDEV_PERI_PCLK_CTL1 Starting address: CYDEV_PERI_PCLK_CTL1 */
 212:Generated_Source\PSoC4/cyfitter_cfg.c **** 	CY_SET_REG32((void *)(CYREG_PERI_PCLK_CTL1), 0x00000040u);
 222              		.loc 1 212 0
 223 0084 184B     		ldr	r3, .L5+64
 224 0086 4022     		movs	r2, #64
 225 0088 1A60     		str	r2, [r3]
 213:Generated_Source\PSoC4/cyfitter_cfg.c **** 
 214:Generated_Source\PSoC4/cyfitter_cfg.c **** 	(void)CyIntSetVector(8u, &CySysWdtIsr);
 226              		.loc 1 214 0
 227 008a 184B     		ldr	r3, .L5+68
 228 008c 1900     		movs	r1, r3
 229 008e 0820     		movs	r0, #8
 230 0090 FFF7FEFF 		bl	CyIntSetVector
 215:Generated_Source\PSoC4/cyfitter_cfg.c **** 	CyIntEnable(8u);
 231              		.loc 1 215 0
 232 0094 0820     		movs	r0, #8
 233 0096 FFF7FEFF 		bl	CyIntEnable
 216:Generated_Source\PSoC4/cyfitter_cfg.c **** 	CY_SET_REG32((void *)(CYREG_WDT_CONFIG), 0x40000000u);
 234              		.loc 1 216 0
 235 009a 074B     		ldr	r3, .L5+16
 236 009c 8022     		movs	r2, #128
 237 009e D205     		lsls	r2, r2, #23
 238 00a0 1A60     		str	r2, [r3]
 217:Generated_Source\PSoC4/cyfitter_cfg.c **** }
 239              		.loc 1 217 0
ARM GAS  C:\Users\YEHUDA~1\AppData\Local\Temp\ccKSCV7X.s 			page 9


 240 00a2 C046     		nop
 241 00a4 BD46     		mov	sp, r7
 242              		@ sp needed
 243 00a6 80BD     		pop	{r7, pc}
 244              	.L6:
 245              		.align	2
 246              	.L5:
 247 00a8 30001040 		.word	1074790448
 248 00ac 001BB700 		.word	12000000
 249 00b0 04010B40 		.word	1074462980
 250 00b4 06000080 		.word	-2147483642
 251 00b8 0C020B40 		.word	1074463244
 252 00bc 78002E40 		.word	1076756600
 253 00c0 7C002E40 		.word	1076756604
 254 00c4 BCBC0000 		.word	48316
 255 00c8 64F02E40 		.word	1076818020
 256 00cc 6CF02E40 		.word	1076818028
 257 00d0 DC050000 		.word	1500
 258 00d4 00030140 		.word	1073808128
 259 00d8 00000140 		.word	1073807360
 260 00dc 40FF0080 		.word	-2147418304
 261 00e0 08010B40 		.word	1074462984
 262 00e4 00010B40 		.word	1074462976
 263 00e8 04010140 		.word	1073807620
 264 00ec 00000000 		.word	CySysWdtIsr
 265              		.cfi_endproc
 266              	.LFE5:
 267              		.size	ClockSetup, .-ClockSetup
 268              		.section	.text.AnalogSetDefault,"ax",%progbits
 269              		.align	2
 270              		.code	16
 271              		.thumb_func
 272              		.type	AnalogSetDefault, %function
 273              	AnalogSetDefault:
 274              	.LFB6:
 218:Generated_Source\PSoC4/cyfitter_cfg.c **** 
 219:Generated_Source\PSoC4/cyfitter_cfg.c **** 
 220:Generated_Source\PSoC4/cyfitter_cfg.c **** /* Analog API Functions */
 221:Generated_Source\PSoC4/cyfitter_cfg.c **** 
 222:Generated_Source\PSoC4/cyfitter_cfg.c **** 
 223:Generated_Source\PSoC4/cyfitter_cfg.c **** /*******************************************************************************
 224:Generated_Source\PSoC4/cyfitter_cfg.c **** * Function Name: AnalogSetDefault
 225:Generated_Source\PSoC4/cyfitter_cfg.c **** ********************************************************************************
 226:Generated_Source\PSoC4/cyfitter_cfg.c **** *
 227:Generated_Source\PSoC4/cyfitter_cfg.c **** * Summary:
 228:Generated_Source\PSoC4/cyfitter_cfg.c **** *  Sets up the analog portions of the chip to default values based on chip
 229:Generated_Source\PSoC4/cyfitter_cfg.c **** *  configuration options from the project.
 230:Generated_Source\PSoC4/cyfitter_cfg.c **** *
 231:Generated_Source\PSoC4/cyfitter_cfg.c **** * Parameters:
 232:Generated_Source\PSoC4/cyfitter_cfg.c **** *  void
 233:Generated_Source\PSoC4/cyfitter_cfg.c **** *
 234:Generated_Source\PSoC4/cyfitter_cfg.c **** * Return:
 235:Generated_Source\PSoC4/cyfitter_cfg.c **** *  void
 236:Generated_Source\PSoC4/cyfitter_cfg.c **** *
 237:Generated_Source\PSoC4/cyfitter_cfg.c **** *******************************************************************************/
 238:Generated_Source\PSoC4/cyfitter_cfg.c **** static void AnalogSetDefault(void);
 239:Generated_Source\PSoC4/cyfitter_cfg.c **** static void AnalogSetDefault(void)
ARM GAS  C:\Users\YEHUDA~1\AppData\Local\Temp\ccKSCV7X.s 			page 10


 240:Generated_Source\PSoC4/cyfitter_cfg.c **** {
 275              		.loc 1 240 0
 276              		.cfi_startproc
 277              		@ args = 0, pretend = 0, frame = 0
 278              		@ frame_needed = 1, uses_anonymous_args = 0
 279 0000 80B5     		push	{r7, lr}
 280              		.cfi_def_cfa_offset 8
 281              		.cfi_offset 7, -8
 282              		.cfi_offset 14, -4
 283 0002 00AF     		add	r7, sp, #0
 284              		.cfi_def_cfa_register 7
 241:Generated_Source\PSoC4/cyfitter_cfg.c **** 	CY_SET_XTND_REG32((void CYFAR *)CYREG_CTBM0_DFT_CTRL, 0x00000003u);
 285              		.loc 1 241 0
 286 0004 054B     		ldr	r3, .L8
 287 0006 0322     		movs	r2, #3
 288 0008 1A60     		str	r2, [r3]
 242:Generated_Source\PSoC4/cyfitter_cfg.c **** 	CY_SET_XTND_REG32((void CYFAR *)CYREG_CTBM1_DFT_CTRL, 0x00000003u);
 289              		.loc 1 242 0
 290 000a 054B     		ldr	r3, .L8+4
 291 000c 0322     		movs	r2, #3
 292 000e 1A60     		str	r2, [r3]
 243:Generated_Source\PSoC4/cyfitter_cfg.c **** 	CY_SET_XTND_REG32((void CYFAR *)CYREG_PASS_DSAB_DSAB_CTRL, 0x00000000u);
 293              		.loc 1 243 0
 294 0010 044B     		ldr	r3, .L8+8
 295 0012 0022     		movs	r2, #0
 296 0014 1A60     		str	r2, [r3]
 244:Generated_Source\PSoC4/cyfitter_cfg.c **** }
 297              		.loc 1 244 0
 298 0016 C046     		nop
 299 0018 BD46     		mov	sp, r7
 300              		@ sp needed
 301 001a 80BD     		pop	{r7, pc}
 302              	.L9:
 303              		.align	2
 304              	.L8:
 305 001c 30003040 		.word	1076887600
 306 0020 30003140 		.word	1076953136
 307 0024 000E3F40 		.word	1077874176
 308              		.cfi_endproc
 309              	.LFE6:
 310              		.size	AnalogSetDefault, .-AnalogSetDefault
 311              		.section	.psocinit
 312              		.align	2
 313              		.global	cyfitter_cfg
 314              		.code	16
 315              		.thumb_func
 316              		.type	cyfitter_cfg, %function
 317              	cyfitter_cfg:
 318              	.LFB7:
 245:Generated_Source\PSoC4/cyfitter_cfg.c **** 
 246:Generated_Source\PSoC4/cyfitter_cfg.c **** 
 247:Generated_Source\PSoC4/cyfitter_cfg.c **** 
 248:Generated_Source\PSoC4/cyfitter_cfg.c **** 
 249:Generated_Source\PSoC4/cyfitter_cfg.c **** /*******************************************************************************
 250:Generated_Source\PSoC4/cyfitter_cfg.c **** * Function Name: cyfitter_cfg
 251:Generated_Source\PSoC4/cyfitter_cfg.c **** ********************************************************************************
 252:Generated_Source\PSoC4/cyfitter_cfg.c **** * Summary:
ARM GAS  C:\Users\YEHUDA~1\AppData\Local\Temp\ccKSCV7X.s 			page 11


 253:Generated_Source\PSoC4/cyfitter_cfg.c **** *  This function is called by the start-up code for the selected device. It
 254:Generated_Source\PSoC4/cyfitter_cfg.c **** *  performs all of the necessary device configuration based on the design
 255:Generated_Source\PSoC4/cyfitter_cfg.c **** *  settings.  This includes settings from the Design Wide Resources (DWR) such
 256:Generated_Source\PSoC4/cyfitter_cfg.c **** *  as Clocks and Pins as well as any component configuration that is necessary.
 257:Generated_Source\PSoC4/cyfitter_cfg.c **** *
 258:Generated_Source\PSoC4/cyfitter_cfg.c **** * Parameters:
 259:Generated_Source\PSoC4/cyfitter_cfg.c **** *   void
 260:Generated_Source\PSoC4/cyfitter_cfg.c **** *
 261:Generated_Source\PSoC4/cyfitter_cfg.c **** * Return:
 262:Generated_Source\PSoC4/cyfitter_cfg.c **** *   void
 263:Generated_Source\PSoC4/cyfitter_cfg.c **** *
 264:Generated_Source\PSoC4/cyfitter_cfg.c **** *******************************************************************************/
 265:Generated_Source\PSoC4/cyfitter_cfg.c **** CY_CFG_SECTION
 266:Generated_Source\PSoC4/cyfitter_cfg.c **** void cyfitter_cfg(void)
 267:Generated_Source\PSoC4/cyfitter_cfg.c **** {
 319              		.loc 1 267 0
 320              		.cfi_startproc
 321              		@ args = 0, pretend = 0, frame = 8
 322              		@ frame_needed = 1, uses_anonymous_args = 0
 323 00f0 80B5     		push	{r7, lr}
 324              		.cfi_def_cfa_offset 8
 325              		.cfi_offset 7, -8
 326              		.cfi_offset 14, -4
 327 00f2 82B0     		sub	sp, sp, #8
 328              		.cfi_def_cfa_offset 16
 329 00f4 00AF     		add	r7, sp, #0
 330              		.cfi_def_cfa_register 7
 268:Generated_Source\PSoC4/cyfitter_cfg.c **** 	/* Disable interrupts by default. Let user enable if/when they want. */
 269:Generated_Source\PSoC4/cyfitter_cfg.c **** 	CyGlobalIntDisable;
 331              		.loc 1 269 0
 332              		.syntax divided
 333              	@ 269 "Generated_Source\PSoC4\cyfitter_cfg.c" 1
 334 00f6 72B6     		CPSID   i
 335              	@ 0 "" 2
 270:Generated_Source\PSoC4/cyfitter_cfg.c **** 
 271:Generated_Source\PSoC4/cyfitter_cfg.c **** 	CY_SET_REG32((void *)(CYREG_BLE_BLESS_LL_DSM_CTRL), 0x00000000u);
 336              		.loc 1 271 0
 337              		.thumb
 338              		.syntax unified
 339 00f8 3A4B     		ldr	r3, .L13
 340 00fa 0022     		movs	r2, #0
 341 00fc 1A60     		str	r2, [r3]
 342              	.LBB2:
 272:Generated_Source\PSoC4/cyfitter_cfg.c **** 
 273:Generated_Source\PSoC4/cyfitter_cfg.c **** 	{
 274:Generated_Source\PSoC4/cyfitter_cfg.c **** 
 275:Generated_Source\PSoC4/cyfitter_cfg.c **** 		CYPACKED typedef struct {
 276:Generated_Source\PSoC4/cyfitter_cfg.c **** 			void CYFAR *address;
 277:Generated_Source\PSoC4/cyfitter_cfg.c **** 			uint16 size;
 278:Generated_Source\PSoC4/cyfitter_cfg.c **** 		} CYPACKED_ATTR cfg_memset_t;
 279:Generated_Source\PSoC4/cyfitter_cfg.c **** 
 280:Generated_Source\PSoC4/cyfitter_cfg.c **** 		static const cfg_memset_t CYCODE cfg_memset_list[] = {
 281:Generated_Source\PSoC4/cyfitter_cfg.c **** 			/* address, size */
 282:Generated_Source\PSoC4/cyfitter_cfg.c **** 			{(void CYFAR *)(CYDEV_UDB_P0_U0_BASE), 1024u},
 283:Generated_Source\PSoC4/cyfitter_cfg.c **** 			{(void CYFAR *)(CYDEV_UDB_DSI0_BASE), 1024u},
 284:Generated_Source\PSoC4/cyfitter_cfg.c **** 		};
 285:Generated_Source\PSoC4/cyfitter_cfg.c **** 
ARM GAS  C:\Users\YEHUDA~1\AppData\Local\Temp\ccKSCV7X.s 			page 12


 286:Generated_Source\PSoC4/cyfitter_cfg.c **** 		uint8 CYDATA i;
 287:Generated_Source\PSoC4/cyfitter_cfg.c **** 
 288:Generated_Source\PSoC4/cyfitter_cfg.c **** 		/* Zero out critical memory blocks before beginning configuration */
 289:Generated_Source\PSoC4/cyfitter_cfg.c **** 		for (i = 0u; i < (sizeof(cfg_memset_list)/sizeof(cfg_memset_list[0])); i++)
 343              		.loc 1 289 0
 344 00fe FB1D     		adds	r3, r7, #7
 345 0100 0022     		movs	r2, #0
 346 0102 1A70     		strb	r2, [r3]
 347 0104 22E0     		b	.L11
 348              	.L12:
 349              	.LBB3:
 290:Generated_Source\PSoC4/cyfitter_cfg.c **** 		{
 291:Generated_Source\PSoC4/cyfitter_cfg.c **** 			const cfg_memset_t CYCODE * CYDATA ms = &cfg_memset_list[i];
 350              		.loc 1 291 0 discriminator 3
 351 0106 FB1D     		adds	r3, r7, #7
 352 0108 1A78     		ldrb	r2, [r3]
 353 010a 1300     		movs	r3, r2
 354 010c 5B00     		lsls	r3, r3, #1
 355 010e 9B18     		adds	r3, r3, r2
 356 0110 5B00     		lsls	r3, r3, #1
 357 0112 354A     		ldr	r2, .L13+4
 358 0114 9B18     		adds	r3, r3, r2
 359 0116 3B60     		str	r3, [r7]
 292:Generated_Source\PSoC4/cyfitter_cfg.c **** 			CYMEMZERO(ms->address, (size_t)(uint32)(ms->size));
 360              		.loc 1 292 0 discriminator 3
 361 0118 3B68     		ldr	r3, [r7]
 362 011a 1A78     		ldrb	r2, [r3]
 363 011c 5978     		ldrb	r1, [r3, #1]
 364 011e 0902     		lsls	r1, r1, #8
 365 0120 0A43     		orrs	r2, r1
 366 0122 9978     		ldrb	r1, [r3, #2]
 367 0124 0904     		lsls	r1, r1, #16
 368 0126 0A43     		orrs	r2, r1
 369 0128 DB78     		ldrb	r3, [r3, #3]
 370 012a 1B06     		lsls	r3, r3, #24
 371 012c 1343     		orrs	r3, r2
 372 012e 1800     		movs	r0, r3
 373 0130 3B68     		ldr	r3, [r7]
 374 0132 1A79     		ldrb	r2, [r3, #4]
 375 0134 5B79     		ldrb	r3, [r3, #5]
 376 0136 1B02     		lsls	r3, r3, #8
 377 0138 1343     		orrs	r3, r2
 378 013a 9BB2     		uxth	r3, r3
 379 013c 1900     		movs	r1, r3
 380 013e FFF7FEFF 		bl	CYMEMZERO
 381              	.LBE3:
 289:Generated_Source\PSoC4/cyfitter_cfg.c **** 		{
 382              		.loc 1 289 0 discriminator 3
 383 0142 FB1D     		adds	r3, r7, #7
 384 0144 1A78     		ldrb	r2, [r3]
 385 0146 FB1D     		adds	r3, r7, #7
 386 0148 0132     		adds	r2, r2, #1
 387 014a 1A70     		strb	r2, [r3]
 388              	.L11:
 289:Generated_Source\PSoC4/cyfitter_cfg.c **** 		{
 389              		.loc 1 289 0 is_stmt 0 discriminator 1
 390 014c FB1D     		adds	r3, r7, #7
ARM GAS  C:\Users\YEHUDA~1\AppData\Local\Temp\ccKSCV7X.s 			page 13


 391 014e 1B78     		ldrb	r3, [r3]
 392 0150 012B     		cmp	r3, #1
 393 0152 D8D9     		bls	.L12
 293:Generated_Source\PSoC4/cyfitter_cfg.c **** 		}
 294:Generated_Source\PSoC4/cyfitter_cfg.c **** 
 295:Generated_Source\PSoC4/cyfitter_cfg.c **** 		/* HSIOM Starting address: CYDEV_HSIOM_BASE */
 296:Generated_Source\PSoC4/cyfitter_cfg.c **** 		CY_SET_REG32((void *)(CYDEV_HSIOM_BASE), 0xEE990000u);
 394              		.loc 1 296 0 is_stmt 1
 395 0154 254B     		ldr	r3, .L13+8
 396 0156 264A     		ldr	r2, .L13+12
 397 0158 1A60     		str	r2, [r3]
 297:Generated_Source\PSoC4/cyfitter_cfg.c **** 
 298:Generated_Source\PSoC4/cyfitter_cfg.c **** 		/* UDB_PA_0 Starting address: CYDEV_UDB_PA0_BASE */
 299:Generated_Source\PSoC4/cyfitter_cfg.c **** 		CY_SET_REG32((void *)(CYDEV_UDB_PA0_BASE), 0x00990000u);
 398              		.loc 1 299 0
 399 015a 264B     		ldr	r3, .L13+16
 400 015c 9922     		movs	r2, #153
 401 015e 1204     		lsls	r2, r2, #16
 402 0160 1A60     		str	r2, [r3]
 300:Generated_Source\PSoC4/cyfitter_cfg.c **** 
 301:Generated_Source\PSoC4/cyfitter_cfg.c **** 		/* UDB_PA_1 Starting address: CYDEV_UDB_PA1_BASE */
 302:Generated_Source\PSoC4/cyfitter_cfg.c **** 		CY_SET_REG32((void *)(CYDEV_UDB_PA1_BASE), 0x00990000u);
 403              		.loc 1 302 0
 404 0162 254B     		ldr	r3, .L13+20
 405 0164 9922     		movs	r2, #153
 406 0166 1204     		lsls	r2, r2, #16
 407 0168 1A60     		str	r2, [r3]
 303:Generated_Source\PSoC4/cyfitter_cfg.c **** 
 304:Generated_Source\PSoC4/cyfitter_cfg.c **** 		/* UDB_PA_2 Starting address: CYDEV_UDB_PA2_BASE */
 305:Generated_Source\PSoC4/cyfitter_cfg.c **** 		CY_SET_REG32((void *)(CYDEV_UDB_PA2_BASE), 0x00990000u);
 408              		.loc 1 305 0
 409 016a 244B     		ldr	r3, .L13+24
 410 016c 9922     		movs	r2, #153
 411 016e 1204     		lsls	r2, r2, #16
 412 0170 1A60     		str	r2, [r3]
 306:Generated_Source\PSoC4/cyfitter_cfg.c **** 
 307:Generated_Source\PSoC4/cyfitter_cfg.c **** 		/* UDB_PA_3 Starting address: CYDEV_UDB_PA3_BASE */
 308:Generated_Source\PSoC4/cyfitter_cfg.c **** 		CY_SET_REG32((void *)(CYDEV_UDB_PA3_BASE), 0x00990000u);
 413              		.loc 1 308 0
 414 0172 234B     		ldr	r3, .L13+28
 415 0174 9922     		movs	r2, #153
 416 0176 1204     		lsls	r2, r2, #16
 417 0178 1A60     		str	r2, [r3]
 309:Generated_Source\PSoC4/cyfitter_cfg.c **** 
 310:Generated_Source\PSoC4/cyfitter_cfg.c **** 		/* Enable digital routing */
 311:Generated_Source\PSoC4/cyfitter_cfg.c **** 		CY_SET_XTND_REG8((void *)CYREG_UDB_UDBIF_BANK_CTL, (uint8)(CY_GET_XTND_REG8((void *)CYREG_UDB_UDB
 418              		.loc 1 311 0
 419 017a 224A     		ldr	r2, .L13+32
 420 017c 214B     		ldr	r3, .L13+32
 421 017e 1B78     		ldrb	r3, [r3]
 422 0180 DBB2     		uxtb	r3, r3
 423 0182 0621     		movs	r1, #6
 424 0184 0B43     		orrs	r3, r1
 425 0186 DBB2     		uxtb	r3, r3
 426 0188 1370     		strb	r3, [r2]
 427              	.LBE2:
 312:Generated_Source\PSoC4/cyfitter_cfg.c **** 	}
ARM GAS  C:\Users\YEHUDA~1\AppData\Local\Temp\ccKSCV7X.s 			page 14


 313:Generated_Source\PSoC4/cyfitter_cfg.c **** 
 314:Generated_Source\PSoC4/cyfitter_cfg.c **** 	/* Perform second pass device configuration. These items must be configured in specific order afte
 315:Generated_Source\PSoC4/cyfitter_cfg.c **** 	/* IOPINS0_0 Starting address: CYDEV_GPIO_PRT0_BASE */
 316:Generated_Source\PSoC4/cyfitter_cfg.c **** 	CY_SET_REG32((void *)(CYDEV_GPIO_PRT0_BASE), 0x00000022u);
 428              		.loc 1 316 0
 429 018a 1F4B     		ldr	r3, .L13+36
 430 018c 2222     		movs	r2, #34
 431 018e 1A60     		str	r2, [r3]
 317:Generated_Source\PSoC4/cyfitter_cfg.c **** 	CY_SET_REG32((void *)(CYREG_GPIO_PRT0_PC), 0x00DB1D90u);
 432              		.loc 1 317 0
 433 0190 1E4B     		ldr	r3, .L13+40
 434 0192 1F4A     		ldr	r2, .L13+44
 435 0194 1A60     		str	r2, [r3]
 318:Generated_Source\PSoC4/cyfitter_cfg.c **** 	CY_SET_REG32((void *)(CYREG_GPIO_PRT0_INTR_CFG), 0x00000008u);
 436              		.loc 1 318 0
 437 0196 1F4B     		ldr	r3, .L13+48
 438 0198 0822     		movs	r2, #8
 439 019a 1A60     		str	r2, [r3]
 319:Generated_Source\PSoC4/cyfitter_cfg.c **** 	CY_SET_REG32((void *)(CYREG_GPIO_PRT0_PC2), 0x00000020u);
 440              		.loc 1 319 0
 441 019c 1E4B     		ldr	r3, .L13+52
 442 019e 2022     		movs	r2, #32
 443 01a0 1A60     		str	r2, [r3]
 320:Generated_Source\PSoC4/cyfitter_cfg.c **** 
 321:Generated_Source\PSoC4/cyfitter_cfg.c **** 	/* IOPINS0_1 Starting address: CYDEV_GPIO_PRT1_BASE */
 322:Generated_Source\PSoC4/cyfitter_cfg.c **** 	CY_SET_REG32((void *)(CYDEV_GPIO_PRT1_BASE), 0x00000021u);
 444              		.loc 1 322 0
 445 01a2 1E4B     		ldr	r3, .L13+56
 446 01a4 2122     		movs	r2, #33
 447 01a6 1A60     		str	r2, [r3]
 323:Generated_Source\PSoC4/cyfitter_cfg.c **** 	CY_SET_REG32((void *)(CYREG_GPIO_PRT1_PC), 0x00016DB2u);
 448              		.loc 1 323 0
 449 01a8 1D4B     		ldr	r3, .L13+60
 450 01aa 1E4A     		ldr	r2, .L13+64
 451 01ac 1A60     		str	r2, [r3]
 324:Generated_Source\PSoC4/cyfitter_cfg.c **** 	CY_SET_REG32((void *)(CYREG_GPIO_PRT1_INTR_CFG), 0x00000802u);
 452              		.loc 1 324 0
 453 01ae 1E4B     		ldr	r3, .L13+68
 454 01b0 1E4A     		ldr	r2, .L13+72
 455 01b2 1A60     		str	r2, [r3]
 325:Generated_Source\PSoC4/cyfitter_cfg.c **** 
 326:Generated_Source\PSoC4/cyfitter_cfg.c **** 	/* IOPINS0_2 Starting address: CYDEV_GPIO_PRT2_BASE */
 327:Generated_Source\PSoC4/cyfitter_cfg.c **** 	CY_SET_REG32((void *)(CYDEV_GPIO_PRT2_BASE), 0x00000002u);
 456              		.loc 1 327 0
 457 01b4 1E4B     		ldr	r3, .L13+76
 458 01b6 0222     		movs	r2, #2
 459 01b8 1A60     		str	r2, [r3]
 328:Generated_Source\PSoC4/cyfitter_cfg.c **** 	CY_SET_REG32((void *)(CYREG_GPIO_PRT2_PC), 0x00000010u);
 460              		.loc 1 328 0
 461 01ba 1E4B     		ldr	r3, .L13+80
 462 01bc 1022     		movs	r2, #16
 463 01be 1A60     		str	r2, [r3]
 329:Generated_Source\PSoC4/cyfitter_cfg.c **** 	CY_SET_REG32((void *)(CYREG_GPIO_PRT2_INTR_CFG), 0x00000008u);
 464              		.loc 1 329 0
 465 01c0 1D4B     		ldr	r3, .L13+84
 466 01c2 0822     		movs	r2, #8
 467 01c4 1A60     		str	r2, [r3]
ARM GAS  C:\Users\YEHUDA~1\AppData\Local\Temp\ccKSCV7X.s 			page 15


 330:Generated_Source\PSoC4/cyfitter_cfg.c **** 
 331:Generated_Source\PSoC4/cyfitter_cfg.c **** 	/* IOPINS0_3 Starting address: CYDEV_GPIO_PRT3_BASE */
 332:Generated_Source\PSoC4/cyfitter_cfg.c **** 	CY_SET_REG32((void *)(CYDEV_GPIO_PRT3_BASE), 0x00000040u);
 468              		.loc 1 332 0
 469 01c6 1D4B     		ldr	r3, .L13+88
 470 01c8 4022     		movs	r2, #64
 471 01ca 1A60     		str	r2, [r3]
 333:Generated_Source\PSoC4/cyfitter_cfg.c **** 	CY_SET_REG32((void *)(CYREG_GPIO_PRT3_PC), 0x00180000u);
 472              		.loc 1 333 0
 473 01cc 1C4B     		ldr	r3, .L13+92
 474 01ce C022     		movs	r2, #192
 475 01d0 5203     		lsls	r2, r2, #13
 476 01d2 1A60     		str	r2, [r3]
 334:Generated_Source\PSoC4/cyfitter_cfg.c **** 
 335:Generated_Source\PSoC4/cyfitter_cfg.c **** 
 336:Generated_Source\PSoC4/cyfitter_cfg.c **** 	/* Setup clocks based on selections from Clock DWR */
 337:Generated_Source\PSoC4/cyfitter_cfg.c **** 	ClockSetup();
 477              		.loc 1 337 0
 478 01d4 FFF714FF 		bl	ClockSetup
 338:Generated_Source\PSoC4/cyfitter_cfg.c **** 
 339:Generated_Source\PSoC4/cyfitter_cfg.c **** 	/* Perform basic analog initialization to defaults */
 340:Generated_Source\PSoC4/cyfitter_cfg.c **** 	AnalogSetDefault();
 479              		.loc 1 340 0
 480 01d8 FFF7FEFF 		bl	AnalogSetDefault
 341:Generated_Source\PSoC4/cyfitter_cfg.c **** 
 342:Generated_Source\PSoC4/cyfitter_cfg.c **** }
 481              		.loc 1 342 0
 482 01dc C046     		nop
 483 01de BD46     		mov	sp, r7
 484 01e0 02B0     		add	sp, sp, #8
 485              		@ sp needed
 486 01e2 80BD     		pop	{r7, pc}
 487              	.L14:
 488              		.align	2
 489              	.L13:
 490 01e4 6CF02E40 		.word	1076818028
 491 01e8 00000000 		.word	cfg_memset_list.4884
 492 01ec 00000240 		.word	1073872896
 493 01f0 000099EE 		.word	-291962880
 494 01f4 00500F40 		.word	1074745344
 495 01f8 10500F40 		.word	1074745360
 496 01fc 20500F40 		.word	1074745376
 497 0200 30500F40 		.word	1074745392
 498 0204 00700F40 		.word	1074753536
 499 0208 00000440 		.word	1074003968
 500 020c 08000440 		.word	1074003976
 501 0210 901DDB00 		.word	14359952
 502 0214 0C000440 		.word	1074003980
 503 0218 18000440 		.word	1074003992
 504 021c 00010440 		.word	1074004224
 505 0220 08010440 		.word	1074004232
 506 0224 B26D0100 		.word	93618
 507 0228 0C010440 		.word	1074004236
 508 022c 02080000 		.word	2050
 509 0230 00020440 		.word	1074004480
 510 0234 08020440 		.word	1074004488
 511 0238 0C020440 		.word	1074004492
ARM GAS  C:\Users\YEHUDA~1\AppData\Local\Temp\ccKSCV7X.s 			page 16


 512 023c 00030440 		.word	1074004736
 513 0240 08030440 		.word	1074004744
 514              		.cfi_endproc
 515              	.LFE7:
 516              		.size	cyfitter_cfg, .-cyfitter_cfg
 517              		.section	.rodata
 518              		.align	2
 519              		.type	cfg_memset_list.4884, %object
 520              		.size	cfg_memset_list.4884, 12
 521              	cfg_memset_list.4884:
 522 0000 00300F40 		.word	1074737152
 523 0004 0004     		.short	1024
 524 0006 00400F40 		.4byte	1074741248
 525 000a 0004     		.short	1024
 526              		.text
 527              	.Letext0:
 528              		.file 2 "c:\\program files (x86)\\cypress\\psoc creator\\4.2\\psoc creator\\import\\gnu\\arm\\5.4.
 529              		.file 3 "Generated_Source\\PSoC4\\cytypes.h"
 530              		.section	.debug_info,"",%progbits
 531              	.Ldebug_info0:
 532 0000 55020000 		.4byte	0x255
 533 0004 0400     		.2byte	0x4
 534 0006 00000000 		.4byte	.Ldebug_abbrev0
 535 000a 04       		.byte	0x4
 536 000b 01       		.uleb128 0x1
 537 000c 83000000 		.4byte	.LASF30
 538 0010 0C       		.byte	0xc
 539 0011 E6010000 		.4byte	.LASF31
 540 0015 6D010000 		.4byte	.LASF32
 541 0019 00000000 		.4byte	.Ldebug_ranges0+0
 542 001d 00000000 		.4byte	0
 543 0021 00000000 		.4byte	.Ldebug_line0
 544 0025 02       		.uleb128 0x2
 545 0026 04       		.byte	0x4
 546 0027 05       		.byte	0x5
 547 0028 696E7400 		.ascii	"int\000"
 548 002c 03       		.uleb128 0x3
 549 002d 06000000 		.4byte	.LASF12
 550 0031 02       		.byte	0x2
 551 0032 D8       		.byte	0xd8
 552 0033 37000000 		.4byte	0x37
 553 0037 04       		.uleb128 0x4
 554 0038 04       		.byte	0x4
 555 0039 07       		.byte	0x7
 556 003a 41010000 		.4byte	.LASF0
 557 003e 04       		.uleb128 0x4
 558 003f 08       		.byte	0x8
 559 0040 05       		.byte	0x5
 560 0041 A8010000 		.4byte	.LASF1
 561 0045 04       		.uleb128 0x4
 562 0046 08       		.byte	0x8
 563 0047 04       		.byte	0x4
 564 0048 CE010000 		.4byte	.LASF2
 565 004c 04       		.uleb128 0x4
 566 004d 01       		.byte	0x1
 567 004e 06       		.byte	0x6
 568 004f DA010000 		.4byte	.LASF3
ARM GAS  C:\Users\YEHUDA~1\AppData\Local\Temp\ccKSCV7X.s 			page 17


 569 0053 04       		.uleb128 0x4
 570 0054 01       		.byte	0x1
 571 0055 08       		.byte	0x8
 572 0056 11010000 		.4byte	.LASF4
 573 005a 04       		.uleb128 0x4
 574 005b 02       		.byte	0x2
 575 005c 05       		.byte	0x5
 576 005d BB010000 		.4byte	.LASF5
 577 0061 04       		.uleb128 0x4
 578 0062 02       		.byte	0x2
 579 0063 07       		.byte	0x7
 580 0064 39000000 		.4byte	.LASF6
 581 0068 04       		.uleb128 0x4
 582 0069 04       		.byte	0x4
 583 006a 05       		.byte	0x5
 584 006b C5010000 		.4byte	.LASF7
 585 006f 04       		.uleb128 0x4
 586 0070 04       		.byte	0x4
 587 0071 07       		.byte	0x7
 588 0072 61000000 		.4byte	.LASF8
 589 0076 04       		.uleb128 0x4
 590 0077 08       		.byte	0x8
 591 0078 07       		.byte	0x7
 592 0079 56010000 		.4byte	.LASF9
 593 007d 04       		.uleb128 0x4
 594 007e 04       		.byte	0x4
 595 007f 07       		.byte	0x7
 596 0080 9F010000 		.4byte	.LASF10
 597 0084 05       		.uleb128 0x5
 598 0085 04       		.byte	0x4
 599 0086 04       		.uleb128 0x4
 600 0087 01       		.byte	0x1
 601 0088 08       		.byte	0x8
 602 0089 B6010000 		.4byte	.LASF11
 603 008d 06       		.uleb128 0x6
 604 008e 73000000 		.4byte	.LASF13
 605 0092 03       		.byte	0x3
 606 0093 E401     		.2byte	0x1e4
 607 0095 53000000 		.4byte	0x53
 608 0099 06       		.uleb128 0x6
 609 009a 33010000 		.4byte	.LASF14
 610 009e 03       		.byte	0x3
 611 009f E501     		.2byte	0x1e5
 612 00a1 61000000 		.4byte	0x61
 613 00a5 06       		.uleb128 0x6
 614 00a6 3A010000 		.4byte	.LASF15
 615 00aa 03       		.byte	0x3
 616 00ab E601     		.2byte	0x1e6
 617 00ad 6F000000 		.4byte	0x6f
 618 00b1 04       		.uleb128 0x4
 619 00b2 04       		.byte	0x4
 620 00b3 04       		.byte	0x4
 621 00b4 4C000000 		.4byte	.LASF16
 622 00b8 04       		.uleb128 0x4
 623 00b9 08       		.byte	0x8
 624 00ba 04       		.byte	0x4
 625 00bb 1F010000 		.4byte	.LASF17
ARM GAS  C:\Users\YEHUDA~1\AppData\Local\Temp\ccKSCV7X.s 			page 18


 626 00bf 06       		.uleb128 0x6
 627 00c0 5C000000 		.4byte	.LASF18
 628 00c4 03       		.byte	0x3
 629 00c5 8E02     		.2byte	0x28e
 630 00c7 CB000000 		.4byte	0xcb
 631 00cb 07       		.uleb128 0x7
 632 00cc 8D000000 		.4byte	0x8d
 633 00d0 06       		.uleb128 0x6
 634 00d1 00000000 		.4byte	.LASF19
 635 00d5 03       		.byte	0x3
 636 00d6 9002     		.2byte	0x290
 637 00d8 DC000000 		.4byte	0xdc
 638 00dc 07       		.uleb128 0x7
 639 00dd A5000000 		.4byte	0xa5
 640 00e1 08       		.uleb128 0x8
 641 00e2 79000000 		.4byte	.LASF20
 642 00e6 01       		.byte	0x1
 643 00e7 4C       		.byte	0x4c
 644 00e8 00000000 		.4byte	.LFB2
 645 00ec 1E000000 		.4byte	.LFE2-.LFB2
 646 00f0 01       		.uleb128 0x1
 647 00f1 9C       		.byte	0x9c
 648 00f2 0F010000 		.4byte	0x10f
 649 00f6 09       		.uleb128 0x9
 650 00f7 7300     		.ascii	"s\000"
 651 00f9 01       		.byte	0x1
 652 00fa 4C       		.byte	0x4c
 653 00fb 84000000 		.4byte	0x84
 654 00ff 02       		.uleb128 0x2
 655 0100 91       		.byte	0x91
 656 0101 74       		.sleb128 -12
 657 0102 09       		.uleb128 0x9
 658 0103 6E00     		.ascii	"n\000"
 659 0105 01       		.byte	0x1
 660 0106 4C       		.byte	0x4c
 661 0107 2C000000 		.4byte	0x2c
 662 010b 02       		.uleb128 0x2
 663 010c 91       		.byte	0x91
 664 010d 70       		.sleb128 -16
 665 010e 00       		.byte	0
 666 010f 08       		.uleb128 0x8
 667 0110 1C020000 		.4byte	.LASF21
 668 0114 01       		.byte	0x1
 669 0115 53       		.byte	0x53
 670 0116 00000000 		.4byte	.LFB3
 671 011a 20000000 		.4byte	.LFE3-.LFB3
 672 011e 01       		.uleb128 0x1
 673 011f 9C       		.byte	0x9c
 674 0120 4D010000 		.4byte	0x14d
 675 0124 0A       		.uleb128 0xa
 676 0125 52000000 		.4byte	.LASF22
 677 0129 01       		.byte	0x1
 678 012a 53       		.byte	0x53
 679 012b 84000000 		.4byte	0x84
 680 012f 02       		.uleb128 0x2
 681 0130 91       		.byte	0x91
 682 0131 74       		.sleb128 -12
ARM GAS  C:\Users\YEHUDA~1\AppData\Local\Temp\ccKSCV7X.s 			page 19


 683 0132 09       		.uleb128 0x9
 684 0133 73726300 		.ascii	"src\000"
 685 0137 01       		.byte	0x1
 686 0138 53       		.byte	0x53
 687 0139 4D010000 		.4byte	0x14d
 688 013d 02       		.uleb128 0x2
 689 013e 91       		.byte	0x91
 690 013f 70       		.sleb128 -16
 691 0140 09       		.uleb128 0x9
 692 0141 6E00     		.ascii	"n\000"
 693 0143 01       		.byte	0x1
 694 0144 53       		.byte	0x53
 695 0145 2C000000 		.4byte	0x2c
 696 0149 02       		.uleb128 0x2
 697 014a 91       		.byte	0x91
 698 014b 6C       		.sleb128 -20
 699 014c 00       		.byte	0
 700 014d 0B       		.uleb128 0xb
 701 014e 04       		.byte	0x4
 702 014f 53010000 		.4byte	0x153
 703 0153 0C       		.uleb128 0xc
 704 0154 08       		.uleb128 0x8
 705 0155 0C020000 		.4byte	.LASF23
 706 0159 01       		.byte	0x1
 707 015a 5A       		.byte	0x5a
 708 015b 00000000 		.4byte	.LFB4
 709 015f 20000000 		.4byte	.LFE4-.LFB4
 710 0163 01       		.uleb128 0x1
 711 0164 9C       		.byte	0x9c
 712 0165 92010000 		.4byte	0x192
 713 0169 0A       		.uleb128 0xa
 714 016a 52000000 		.4byte	.LASF22
 715 016e 01       		.byte	0x1
 716 016f 5A       		.byte	0x5a
 717 0170 84000000 		.4byte	0x84
 718 0174 02       		.uleb128 0x2
 719 0175 91       		.byte	0x91
 720 0176 74       		.sleb128 -12
 721 0177 09       		.uleb128 0x9
 722 0178 73726300 		.ascii	"src\000"
 723 017c 01       		.byte	0x1
 724 017d 5A       		.byte	0x5a
 725 017e 4D010000 		.4byte	0x14d
 726 0182 02       		.uleb128 0x2
 727 0183 91       		.byte	0x91
 728 0184 70       		.sleb128 -16
 729 0185 09       		.uleb128 0x9
 730 0186 6E00     		.ascii	"n\000"
 731 0188 01       		.byte	0x1
 732 0189 5A       		.byte	0x5a
 733 018a 2C000000 		.4byte	0x2c
 734 018e 02       		.uleb128 0x2
 735 018f 91       		.byte	0x91
 736 0190 6C       		.sleb128 -20
 737 0191 00       		.byte	0
 738 0192 0D       		.uleb128 0xd
 739 0193 2E000000 		.4byte	.LASF24
ARM GAS  C:\Users\YEHUDA~1\AppData\Local\Temp\ccKSCV7X.s 			page 20


 740 0197 01       		.byte	0x1
 741 0198 AA       		.byte	0xaa
 742 0199 00000000 		.4byte	.LFB5
 743 019d F0000000 		.4byte	.LFE5-.LFB5
 744 01a1 01       		.uleb128 0x1
 745 01a2 9C       		.byte	0x9c
 746 01a3 0E       		.uleb128 0xe
 747 01a4 0D000000 		.4byte	.LASF25
 748 01a8 01       		.byte	0x1
 749 01a9 EF       		.byte	0xef
 750 01aa 00000000 		.4byte	.LFB6
 751 01ae 28000000 		.4byte	.LFE6-.LFB6
 752 01b2 01       		.uleb128 0x1
 753 01b3 9C       		.byte	0x9c
 754 01b4 0F       		.uleb128 0xf
 755 01b5 26010000 		.4byte	.LASF33
 756 01b9 01       		.byte	0x1
 757 01ba 0A01     		.2byte	0x10a
 758 01bc F0000000 		.4byte	.LFB7
 759 01c0 54010000 		.4byte	.LFE7-.LFB7
 760 01c4 01       		.uleb128 0x1
 761 01c5 9C       		.byte	0x9c
 762 01c6 10       		.uleb128 0x10
 763 01c7 FE000000 		.4byte	.LBB2
 764 01cb 8C000000 		.4byte	.LBE2-.LBB2
 765 01cf 11       		.uleb128 0x11
 766 01d0 06       		.byte	0x6
 767 01d1 01       		.byte	0x1
 768 01d2 1301     		.2byte	0x113
 769 01d4 F3010000 		.4byte	0x1f3
 770 01d8 12       		.uleb128 0x12
 771 01d9 4E010000 		.4byte	.LASF26
 772 01dd 01       		.byte	0x1
 773 01de 1401     		.2byte	0x114
 774 01e0 84000000 		.4byte	0x84
 775 01e4 00       		.byte	0
 776 01e5 12       		.uleb128 0x12
 777 01e6 57000000 		.4byte	.LASF27
 778 01ea 01       		.byte	0x1
 779 01eb 1501     		.2byte	0x115
 780 01ed 99000000 		.4byte	0x99
 781 01f1 04       		.byte	0x4
 782 01f2 00       		.byte	0
 783 01f3 06       		.uleb128 0x6
 784 01f4 92010000 		.4byte	.LASF28
 785 01f8 01       		.byte	0x1
 786 01f9 1601     		.2byte	0x116
 787 01fb CF010000 		.4byte	0x1cf
 788 01ff 13       		.uleb128 0x13
 789 0200 0F020000 		.4byte	0x20f
 790 0204 0F020000 		.4byte	0x20f
 791 0208 14       		.uleb128 0x14
 792 0209 7D000000 		.4byte	0x7d
 793 020d 01       		.byte	0x1
 794 020e 00       		.byte	0
 795 020f 15       		.uleb128 0x15
 796 0210 F3010000 		.4byte	0x1f3
ARM GAS  C:\Users\YEHUDA~1\AppData\Local\Temp\ccKSCV7X.s 			page 21


 797 0214 16       		.uleb128 0x16
 798 0215 1E000000 		.4byte	.LASF29
 799 0219 01       		.byte	0x1
 800 021a 1801     		.2byte	0x118
 801 021c 26020000 		.4byte	0x226
 802 0220 05       		.uleb128 0x5
 803 0221 03       		.byte	0x3
 804 0222 00000000 		.4byte	cfg_memset_list.4884
 805 0226 15       		.uleb128 0x15
 806 0227 FF010000 		.4byte	0x1ff
 807 022b 17       		.uleb128 0x17
 808 022c 6900     		.ascii	"i\000"
 809 022e 01       		.byte	0x1
 810 022f 1E01     		.2byte	0x11e
 811 0231 8D000000 		.4byte	0x8d
 812 0235 02       		.uleb128 0x2
 813 0236 91       		.byte	0x91
 814 0237 77       		.sleb128 -9
 815 0238 10       		.uleb128 0x10
 816 0239 06010000 		.4byte	.LBB3
 817 023d 3C000000 		.4byte	.LBE3-.LBB3
 818 0241 17       		.uleb128 0x17
 819 0242 6D7300   		.ascii	"ms\000"
 820 0245 01       		.byte	0x1
 821 0246 2301     		.2byte	0x123
 822 0248 4F020000 		.4byte	0x24f
 823 024c 02       		.uleb128 0x2
 824 024d 91       		.byte	0x91
 825 024e 70       		.sleb128 -16
 826 024f 0B       		.uleb128 0xb
 827 0250 04       		.byte	0x4
 828 0251 0F020000 		.4byte	0x20f
 829 0255 00       		.byte	0
 830 0256 00       		.byte	0
 831 0257 00       		.byte	0
 832 0258 00       		.byte	0
 833              		.section	.debug_abbrev,"",%progbits
 834              	.Ldebug_abbrev0:
 835 0000 01       		.uleb128 0x1
 836 0001 11       		.uleb128 0x11
 837 0002 01       		.byte	0x1
 838 0003 25       		.uleb128 0x25
 839 0004 0E       		.uleb128 0xe
 840 0005 13       		.uleb128 0x13
 841 0006 0B       		.uleb128 0xb
 842 0007 03       		.uleb128 0x3
 843 0008 0E       		.uleb128 0xe
 844 0009 1B       		.uleb128 0x1b
 845 000a 0E       		.uleb128 0xe
 846 000b 55       		.uleb128 0x55
 847 000c 17       		.uleb128 0x17
 848 000d 11       		.uleb128 0x11
 849 000e 01       		.uleb128 0x1
 850 000f 10       		.uleb128 0x10
 851 0010 17       		.uleb128 0x17
 852 0011 00       		.byte	0
 853 0012 00       		.byte	0
ARM GAS  C:\Users\YEHUDA~1\AppData\Local\Temp\ccKSCV7X.s 			page 22


 854 0013 02       		.uleb128 0x2
 855 0014 24       		.uleb128 0x24
 856 0015 00       		.byte	0
 857 0016 0B       		.uleb128 0xb
 858 0017 0B       		.uleb128 0xb
 859 0018 3E       		.uleb128 0x3e
 860 0019 0B       		.uleb128 0xb
 861 001a 03       		.uleb128 0x3
 862 001b 08       		.uleb128 0x8
 863 001c 00       		.byte	0
 864 001d 00       		.byte	0
 865 001e 03       		.uleb128 0x3
 866 001f 16       		.uleb128 0x16
 867 0020 00       		.byte	0
 868 0021 03       		.uleb128 0x3
 869 0022 0E       		.uleb128 0xe
 870 0023 3A       		.uleb128 0x3a
 871 0024 0B       		.uleb128 0xb
 872 0025 3B       		.uleb128 0x3b
 873 0026 0B       		.uleb128 0xb
 874 0027 49       		.uleb128 0x49
 875 0028 13       		.uleb128 0x13
 876 0029 00       		.byte	0
 877 002a 00       		.byte	0
 878 002b 04       		.uleb128 0x4
 879 002c 24       		.uleb128 0x24
 880 002d 00       		.byte	0
 881 002e 0B       		.uleb128 0xb
 882 002f 0B       		.uleb128 0xb
 883 0030 3E       		.uleb128 0x3e
 884 0031 0B       		.uleb128 0xb
 885 0032 03       		.uleb128 0x3
 886 0033 0E       		.uleb128 0xe
 887 0034 00       		.byte	0
 888 0035 00       		.byte	0
 889 0036 05       		.uleb128 0x5
 890 0037 0F       		.uleb128 0xf
 891 0038 00       		.byte	0
 892 0039 0B       		.uleb128 0xb
 893 003a 0B       		.uleb128 0xb
 894 003b 00       		.byte	0
 895 003c 00       		.byte	0
 896 003d 06       		.uleb128 0x6
 897 003e 16       		.uleb128 0x16
 898 003f 00       		.byte	0
 899 0040 03       		.uleb128 0x3
 900 0041 0E       		.uleb128 0xe
 901 0042 3A       		.uleb128 0x3a
 902 0043 0B       		.uleb128 0xb
 903 0044 3B       		.uleb128 0x3b
 904 0045 05       		.uleb128 0x5
 905 0046 49       		.uleb128 0x49
 906 0047 13       		.uleb128 0x13
 907 0048 00       		.byte	0
 908 0049 00       		.byte	0
 909 004a 07       		.uleb128 0x7
 910 004b 35       		.uleb128 0x35
ARM GAS  C:\Users\YEHUDA~1\AppData\Local\Temp\ccKSCV7X.s 			page 23


 911 004c 00       		.byte	0
 912 004d 49       		.uleb128 0x49
 913 004e 13       		.uleb128 0x13
 914 004f 00       		.byte	0
 915 0050 00       		.byte	0
 916 0051 08       		.uleb128 0x8
 917 0052 2E       		.uleb128 0x2e
 918 0053 01       		.byte	0x1
 919 0054 03       		.uleb128 0x3
 920 0055 0E       		.uleb128 0xe
 921 0056 3A       		.uleb128 0x3a
 922 0057 0B       		.uleb128 0xb
 923 0058 3B       		.uleb128 0x3b
 924 0059 0B       		.uleb128 0xb
 925 005a 27       		.uleb128 0x27
 926 005b 19       		.uleb128 0x19
 927 005c 11       		.uleb128 0x11
 928 005d 01       		.uleb128 0x1
 929 005e 12       		.uleb128 0x12
 930 005f 06       		.uleb128 0x6
 931 0060 40       		.uleb128 0x40
 932 0061 18       		.uleb128 0x18
 933 0062 9642     		.uleb128 0x2116
 934 0064 19       		.uleb128 0x19
 935 0065 01       		.uleb128 0x1
 936 0066 13       		.uleb128 0x13
 937 0067 00       		.byte	0
 938 0068 00       		.byte	0
 939 0069 09       		.uleb128 0x9
 940 006a 05       		.uleb128 0x5
 941 006b 00       		.byte	0
 942 006c 03       		.uleb128 0x3
 943 006d 08       		.uleb128 0x8
 944 006e 3A       		.uleb128 0x3a
 945 006f 0B       		.uleb128 0xb
 946 0070 3B       		.uleb128 0x3b
 947 0071 0B       		.uleb128 0xb
 948 0072 49       		.uleb128 0x49
 949 0073 13       		.uleb128 0x13
 950 0074 02       		.uleb128 0x2
 951 0075 18       		.uleb128 0x18
 952 0076 00       		.byte	0
 953 0077 00       		.byte	0
 954 0078 0A       		.uleb128 0xa
 955 0079 05       		.uleb128 0x5
 956 007a 00       		.byte	0
 957 007b 03       		.uleb128 0x3
 958 007c 0E       		.uleb128 0xe
 959 007d 3A       		.uleb128 0x3a
 960 007e 0B       		.uleb128 0xb
 961 007f 3B       		.uleb128 0x3b
 962 0080 0B       		.uleb128 0xb
 963 0081 49       		.uleb128 0x49
 964 0082 13       		.uleb128 0x13
 965 0083 02       		.uleb128 0x2
 966 0084 18       		.uleb128 0x18
 967 0085 00       		.byte	0
ARM GAS  C:\Users\YEHUDA~1\AppData\Local\Temp\ccKSCV7X.s 			page 24


 968 0086 00       		.byte	0
 969 0087 0B       		.uleb128 0xb
 970 0088 0F       		.uleb128 0xf
 971 0089 00       		.byte	0
 972 008a 0B       		.uleb128 0xb
 973 008b 0B       		.uleb128 0xb
 974 008c 49       		.uleb128 0x49
 975 008d 13       		.uleb128 0x13
 976 008e 00       		.byte	0
 977 008f 00       		.byte	0
 978 0090 0C       		.uleb128 0xc
 979 0091 26       		.uleb128 0x26
 980 0092 00       		.byte	0
 981 0093 00       		.byte	0
 982 0094 00       		.byte	0
 983 0095 0D       		.uleb128 0xd
 984 0096 2E       		.uleb128 0x2e
 985 0097 00       		.byte	0
 986 0098 03       		.uleb128 0x3
 987 0099 0E       		.uleb128 0xe
 988 009a 3A       		.uleb128 0x3a
 989 009b 0B       		.uleb128 0xb
 990 009c 3B       		.uleb128 0x3b
 991 009d 0B       		.uleb128 0xb
 992 009e 27       		.uleb128 0x27
 993 009f 19       		.uleb128 0x19
 994 00a0 11       		.uleb128 0x11
 995 00a1 01       		.uleb128 0x1
 996 00a2 12       		.uleb128 0x12
 997 00a3 06       		.uleb128 0x6
 998 00a4 40       		.uleb128 0x40
 999 00a5 18       		.uleb128 0x18
 1000 00a6 9642     		.uleb128 0x2116
 1001 00a8 19       		.uleb128 0x19
 1002 00a9 00       		.byte	0
 1003 00aa 00       		.byte	0
 1004 00ab 0E       		.uleb128 0xe
 1005 00ac 2E       		.uleb128 0x2e
 1006 00ad 00       		.byte	0
 1007 00ae 03       		.uleb128 0x3
 1008 00af 0E       		.uleb128 0xe
 1009 00b0 3A       		.uleb128 0x3a
 1010 00b1 0B       		.uleb128 0xb
 1011 00b2 3B       		.uleb128 0x3b
 1012 00b3 0B       		.uleb128 0xb
 1013 00b4 27       		.uleb128 0x27
 1014 00b5 19       		.uleb128 0x19
 1015 00b6 11       		.uleb128 0x11
 1016 00b7 01       		.uleb128 0x1
 1017 00b8 12       		.uleb128 0x12
 1018 00b9 06       		.uleb128 0x6
 1019 00ba 40       		.uleb128 0x40
 1020 00bb 18       		.uleb128 0x18
 1021 00bc 9742     		.uleb128 0x2117
 1022 00be 19       		.uleb128 0x19
 1023 00bf 00       		.byte	0
 1024 00c0 00       		.byte	0
ARM GAS  C:\Users\YEHUDA~1\AppData\Local\Temp\ccKSCV7X.s 			page 25


 1025 00c1 0F       		.uleb128 0xf
 1026 00c2 2E       		.uleb128 0x2e
 1027 00c3 01       		.byte	0x1
 1028 00c4 3F       		.uleb128 0x3f
 1029 00c5 19       		.uleb128 0x19
 1030 00c6 03       		.uleb128 0x3
 1031 00c7 0E       		.uleb128 0xe
 1032 00c8 3A       		.uleb128 0x3a
 1033 00c9 0B       		.uleb128 0xb
 1034 00ca 3B       		.uleb128 0x3b
 1035 00cb 05       		.uleb128 0x5
 1036 00cc 27       		.uleb128 0x27
 1037 00cd 19       		.uleb128 0x19
 1038 00ce 11       		.uleb128 0x11
 1039 00cf 01       		.uleb128 0x1
 1040 00d0 12       		.uleb128 0x12
 1041 00d1 06       		.uleb128 0x6
 1042 00d2 40       		.uleb128 0x40
 1043 00d3 18       		.uleb128 0x18
 1044 00d4 9642     		.uleb128 0x2116
 1045 00d6 19       		.uleb128 0x19
 1046 00d7 00       		.byte	0
 1047 00d8 00       		.byte	0
 1048 00d9 10       		.uleb128 0x10
 1049 00da 0B       		.uleb128 0xb
 1050 00db 01       		.byte	0x1
 1051 00dc 11       		.uleb128 0x11
 1052 00dd 01       		.uleb128 0x1
 1053 00de 12       		.uleb128 0x12
 1054 00df 06       		.uleb128 0x6
 1055 00e0 00       		.byte	0
 1056 00e1 00       		.byte	0
 1057 00e2 11       		.uleb128 0x11
 1058 00e3 13       		.uleb128 0x13
 1059 00e4 01       		.byte	0x1
 1060 00e5 0B       		.uleb128 0xb
 1061 00e6 0B       		.uleb128 0xb
 1062 00e7 3A       		.uleb128 0x3a
 1063 00e8 0B       		.uleb128 0xb
 1064 00e9 3B       		.uleb128 0x3b
 1065 00ea 05       		.uleb128 0x5
 1066 00eb 01       		.uleb128 0x1
 1067 00ec 13       		.uleb128 0x13
 1068 00ed 00       		.byte	0
 1069 00ee 00       		.byte	0
 1070 00ef 12       		.uleb128 0x12
 1071 00f0 0D       		.uleb128 0xd
 1072 00f1 00       		.byte	0
 1073 00f2 03       		.uleb128 0x3
 1074 00f3 0E       		.uleb128 0xe
 1075 00f4 3A       		.uleb128 0x3a
 1076 00f5 0B       		.uleb128 0xb
 1077 00f6 3B       		.uleb128 0x3b
 1078 00f7 05       		.uleb128 0x5
 1079 00f8 49       		.uleb128 0x49
 1080 00f9 13       		.uleb128 0x13
 1081 00fa 38       		.uleb128 0x38
ARM GAS  C:\Users\YEHUDA~1\AppData\Local\Temp\ccKSCV7X.s 			page 26


 1082 00fb 0B       		.uleb128 0xb
 1083 00fc 00       		.byte	0
 1084 00fd 00       		.byte	0
 1085 00fe 13       		.uleb128 0x13
 1086 00ff 01       		.uleb128 0x1
 1087 0100 01       		.byte	0x1
 1088 0101 49       		.uleb128 0x49
 1089 0102 13       		.uleb128 0x13
 1090 0103 01       		.uleb128 0x1
 1091 0104 13       		.uleb128 0x13
 1092 0105 00       		.byte	0
 1093 0106 00       		.byte	0
 1094 0107 14       		.uleb128 0x14
 1095 0108 21       		.uleb128 0x21
 1096 0109 00       		.byte	0
 1097 010a 49       		.uleb128 0x49
 1098 010b 13       		.uleb128 0x13
 1099 010c 2F       		.uleb128 0x2f
 1100 010d 0B       		.uleb128 0xb
 1101 010e 00       		.byte	0
 1102 010f 00       		.byte	0
 1103 0110 15       		.uleb128 0x15
 1104 0111 26       		.uleb128 0x26
 1105 0112 00       		.byte	0
 1106 0113 49       		.uleb128 0x49
 1107 0114 13       		.uleb128 0x13
 1108 0115 00       		.byte	0
 1109 0116 00       		.byte	0
 1110 0117 16       		.uleb128 0x16
 1111 0118 34       		.uleb128 0x34
 1112 0119 00       		.byte	0
 1113 011a 03       		.uleb128 0x3
 1114 011b 0E       		.uleb128 0xe
 1115 011c 3A       		.uleb128 0x3a
 1116 011d 0B       		.uleb128 0xb
 1117 011e 3B       		.uleb128 0x3b
 1118 011f 05       		.uleb128 0x5
 1119 0120 49       		.uleb128 0x49
 1120 0121 13       		.uleb128 0x13
 1121 0122 02       		.uleb128 0x2
 1122 0123 18       		.uleb128 0x18
 1123 0124 00       		.byte	0
 1124 0125 00       		.byte	0
 1125 0126 17       		.uleb128 0x17
 1126 0127 34       		.uleb128 0x34
 1127 0128 00       		.byte	0
 1128 0129 03       		.uleb128 0x3
 1129 012a 08       		.uleb128 0x8
 1130 012b 3A       		.uleb128 0x3a
 1131 012c 0B       		.uleb128 0xb
 1132 012d 3B       		.uleb128 0x3b
 1133 012e 05       		.uleb128 0x5
 1134 012f 49       		.uleb128 0x49
 1135 0130 13       		.uleb128 0x13
 1136 0131 02       		.uleb128 0x2
 1137 0132 18       		.uleb128 0x18
 1138 0133 00       		.byte	0
ARM GAS  C:\Users\YEHUDA~1\AppData\Local\Temp\ccKSCV7X.s 			page 27


 1139 0134 00       		.byte	0
 1140 0135 00       		.byte	0
 1141              		.section	.debug_aranges,"",%progbits
 1142 0000 44000000 		.4byte	0x44
 1143 0004 0200     		.2byte	0x2
 1144 0006 00000000 		.4byte	.Ldebug_info0
 1145 000a 04       		.byte	0x4
 1146 000b 00       		.byte	0
 1147 000c 0000     		.2byte	0
 1148 000e 0000     		.2byte	0
 1149 0010 00000000 		.4byte	.LFB2
 1150 0014 1E000000 		.4byte	.LFE2-.LFB2
 1151 0018 00000000 		.4byte	.LFB3
 1152 001c 20000000 		.4byte	.LFE3-.LFB3
 1153 0020 00000000 		.4byte	.LFB4
 1154 0024 20000000 		.4byte	.LFE4-.LFB4
 1155 0028 00000000 		.4byte	.LFB5
 1156 002c F0000000 		.4byte	.LFE5-.LFB5
 1157 0030 00000000 		.4byte	.LFB6
 1158 0034 28000000 		.4byte	.LFE6-.LFB6
 1159 0038 F0000000 		.4byte	.LFB7
 1160 003c 54010000 		.4byte	.LFE7-.LFB7
 1161 0040 00000000 		.4byte	0
 1162 0044 00000000 		.4byte	0
 1163              		.section	.debug_ranges,"",%progbits
 1164              	.Ldebug_ranges0:
 1165 0000 00000000 		.4byte	.LFB2
 1166 0004 1E000000 		.4byte	.LFE2
 1167 0008 00000000 		.4byte	.LFB3
 1168 000c 20000000 		.4byte	.LFE3
 1169 0010 00000000 		.4byte	.LFB4
 1170 0014 20000000 		.4byte	.LFE4
 1171 0018 00000000 		.4byte	.LFB5
 1172 001c F0000000 		.4byte	.LFE5
 1173 0020 00000000 		.4byte	.LFB6
 1174 0024 28000000 		.4byte	.LFE6
 1175 0028 F0000000 		.4byte	.LFB7
 1176 002c 44020000 		.4byte	.LFE7
 1177 0030 00000000 		.4byte	0
 1178 0034 00000000 		.4byte	0
 1179              		.section	.debug_line,"",%progbits
 1180              	.Ldebug_line0:
 1181 0000 77010000 		.section	.debug_str,"MS",%progbits,1
 1181      0200CB00 
 1181      00000201 
 1181      FB0E0D00 
 1181      01010101 
 1182              	.LASF19:
 1183 0000 72656733 		.ascii	"reg32\000"
 1183      3200
 1184              	.LASF12:
 1185 0006 73697A65 		.ascii	"size_t\000"
 1185      5F7400
 1186              	.LASF25:
 1187 000d 416E616C 		.ascii	"AnalogSetDefault\000"
 1187      6F675365 
 1187      74446566 
ARM GAS  C:\Users\YEHUDA~1\AppData\Local\Temp\ccKSCV7X.s 			page 28


 1187      61756C74 
 1187      00
 1188              	.LASF29:
 1189 001e 6366675F 		.ascii	"cfg_memset_list\000"
 1189      6D656D73 
 1189      65745F6C 
 1189      69737400 
 1190              	.LASF24:
 1191 002e 436C6F63 		.ascii	"ClockSetup\000"
 1191      6B536574 
 1191      757000
 1192              	.LASF6:
 1193 0039 73686F72 		.ascii	"short unsigned int\000"
 1193      7420756E 
 1193      7369676E 
 1193      65642069 
 1193      6E7400
 1194              	.LASF16:
 1195 004c 666C6F61 		.ascii	"float\000"
 1195      7400
 1196              	.LASF22:
 1197 0052 64657374 		.ascii	"dest\000"
 1197      00
 1198              	.LASF27:
 1199 0057 73697A65 		.ascii	"size\000"
 1199      00
 1200              	.LASF18:
 1201 005c 72656738 		.ascii	"reg8\000"
 1201      00
 1202              	.LASF8:
 1203 0061 6C6F6E67 		.ascii	"long unsigned int\000"
 1203      20756E73 
 1203      69676E65 
 1203      6420696E 
 1203      7400
 1204              	.LASF13:
 1205 0073 75696E74 		.ascii	"uint8\000"
 1205      3800
 1206              	.LASF20:
 1207 0079 43594D45 		.ascii	"CYMEMZERO\000"
 1207      4D5A4552 
 1207      4F00
 1208              	.LASF30:
 1209 0083 474E5520 		.ascii	"GNU C11 5.4.1 20160609 (release) [ARM/embedded-5-br"
 1209      43313120 
 1209      352E342E 
 1209      31203230 
 1209      31363036 
 1210 00b6 616E6368 		.ascii	"anch revision 237715] -mcpu=cortex-m0 -mthumb -g -O"
 1210      20726576 
 1210      6973696F 
 1210      6E203233 
 1210      37373135 
 1211 00e9 30202D66 		.ascii	"0 -ffunction-sections -ffat-lto-objects\000"
 1211      66756E63 
 1211      74696F6E 
 1211      2D736563 
ARM GAS  C:\Users\YEHUDA~1\AppData\Local\Temp\ccKSCV7X.s 			page 29


 1211      74696F6E 
 1212              	.LASF4:
 1213 0111 756E7369 		.ascii	"unsigned char\000"
 1213      676E6564 
 1213      20636861 
 1213      7200
 1214              	.LASF17:
 1215 011f 646F7562 		.ascii	"double\000"
 1215      6C6500
 1216              	.LASF33:
 1217 0126 63796669 		.ascii	"cyfitter_cfg\000"
 1217      74746572 
 1217      5F636667 
 1217      00
 1218              	.LASF14:
 1219 0133 75696E74 		.ascii	"uint16\000"
 1219      313600
 1220              	.LASF15:
 1221 013a 75696E74 		.ascii	"uint32\000"
 1221      333200
 1222              	.LASF0:
 1223 0141 756E7369 		.ascii	"unsigned int\000"
 1223      676E6564 
 1223      20696E74 
 1223      00
 1224              	.LASF26:
 1225 014e 61646472 		.ascii	"address\000"
 1225      65737300 
 1226              	.LASF9:
 1227 0156 6C6F6E67 		.ascii	"long long unsigned int\000"
 1227      206C6F6E 
 1227      6720756E 
 1227      7369676E 
 1227      65642069 
 1228              	.LASF32:
 1229 016d 453A5C4D 		.ascii	"E:\\MyProjects\\WWV1_0_0\\WW_V1_1.cydsn\000"
 1229      7950726F 
 1229      6A656374 
 1229      735C5757 
 1229      56315F30 
 1230              	.LASF28:
 1231 0192 6366675F 		.ascii	"cfg_memset_t\000"
 1231      6D656D73 
 1231      65745F74 
 1231      00
 1232              	.LASF10:
 1233 019f 73697A65 		.ascii	"sizetype\000"
 1233      74797065 
 1233      00
 1234              	.LASF1:
 1235 01a8 6C6F6E67 		.ascii	"long long int\000"
 1235      206C6F6E 
 1235      6720696E 
 1235      7400
 1236              	.LASF11:
 1237 01b6 63686172 		.ascii	"char\000"
 1237      00
ARM GAS  C:\Users\YEHUDA~1\AppData\Local\Temp\ccKSCV7X.s 			page 30


 1238              	.LASF5:
 1239 01bb 73686F72 		.ascii	"short int\000"
 1239      7420696E 
 1239      7400
 1240              	.LASF7:
 1241 01c5 6C6F6E67 		.ascii	"long int\000"
 1241      20696E74 
 1241      00
 1242              	.LASF2:
 1243 01ce 6C6F6E67 		.ascii	"long double\000"
 1243      20646F75 
 1243      626C6500 
 1244              	.LASF3:
 1245 01da 7369676E 		.ascii	"signed char\000"
 1245      65642063 
 1245      68617200 
 1246              	.LASF31:
 1247 01e6 47656E65 		.ascii	"Generated_Source\\PSoC4\\cyfitter_cfg.c\000"
 1247      72617465 
 1247      645F536F 
 1247      75726365 
 1247      5C50536F 
 1248              	.LASF23:
 1249 020c 4359434F 		.ascii	"CYCONFIGCPYCODE\000"
 1249      4E464947 
 1249      43505943 
 1249      4F444500 
 1250              	.LASF21:
 1251 021c 4359434F 		.ascii	"CYCONFIGCPY\000"
 1251      4E464947 
 1251      43505900 
 1252              		.ident	"GCC: (GNU Tools for ARM Embedded Processors) 5.4.1 20160609 (release) [ARM/embedded-5-bran
