ARM GAS  C:\Users\YEHUDA~1\AppData\Local\Temp\cc2Yxsiq.s 			page 1


   1              		.syntax unified
   2              		.cpu cortex-m0
   3              		.fpu softvfp
   4              		.eabi_attribute 20, 1
   5              		.eabi_attribute 21, 1
   6              		.eabi_attribute 23, 3
   7              		.eabi_attribute 24, 1
   8              		.eabi_attribute 25, 1
   9              		.eabi_attribute 26, 1
  10              		.eabi_attribute 30, 6
  11              		.eabi_attribute 34, 0
  12              		.eabi_attribute 18, 4
  13              		.thumb
  14              		.syntax unified
  15              		.file	"main.c"
  16              		.text
  17              	.Ltext0:
  18              		.cfi_sections	.debug_frame
  19              		.section	.rodata
  20              		.align	2
  21              	.LC2:
  22 0000 53746172 		.ascii	"Start up, welcome!\012\015\000"
  22      74207570 
  22      2C207765 
  22      6C636F6D 
  22      65210A0D 
  23 0015 000000   		.align	2
  24              	.LC0:
  25 0018 02       		.byte	2
  26 0019 02       		.byte	2
  27 001a 03       		.byte	3
  28 001b 04       		.byte	4
  29 001c 05       		.byte	5
  30 001d 06       		.byte	6
  31              		.section	.text.main,"ax",%progbits
  32              		.align	2
  33              		.global	main
  34              		.code	16
  35              		.thumb_func
  36              		.type	main, %function
  37              	main:
  38              	.LFB35:
  39              		.file 1 "main.c"
   1:main.c        **** /* ========================================
   2:main.c        ****  * Written by Yehuda Ben Chaim
   3:main.c        ****  * 06/2018 Israel
   4:main.c        ****  * All Rights Reserved
   5:main.c        ****  * WW FW Version 1.0.0.0
   6:main.c        **** 
   7:main.c        ****  * ========================================
   8:main.c        **** */
   9:main.c        **** #include <project.h>
  10:main.c        **** #include <BLEApplications.h>
  11:main.c        **** #include "Control.h"
  12:main.c        **** #include "iprintf.h"
  13:main.c        **** 
  14:main.c        **** 
ARM GAS  C:\Users\YEHUDA~1\AppData\Local\Temp\cc2Yxsiq.s 			page 2


  15:main.c        **** void AppCallBack(uint32 event, void* eventParam);
  16:main.c        **** int main (void)
  17:main.c        **** {
  40              		.loc 1 17 0
  41              		.cfi_startproc
  42              		@ args = 0, pretend = 0, frame = 8
  43              		@ frame_needed = 1, uses_anonymous_args = 0
  44 0000 80B5     		push	{r7, lr}
  45              		.cfi_def_cfa_offset 8
  46              		.cfi_offset 7, -8
  47              		.cfi_offset 14, -4
  48 0002 82B0     		sub	sp, sp, #8
  49              		.cfi_def_cfa_offset 16
  50 0004 00AF     		add	r7, sp, #0
  51              		.cfi_def_cfa_register 7
  18:main.c        ****     CyGlobalIntEnable;
  52              		.loc 1 18 0
  53              		.syntax divided
  54              	@ 18 "main.c" 1
  55 0006 62B6     		CPSIE   i
  56              	@ 0 "" 2
  19:main.c        ****     CyBle_Start(CustomEventHandler);            //Start BLE component. the CustomEventHandler argum
  57              		.loc 1 19 0
  58              		.thumb
  59              		.syntax unified
  60 0008 164B     		ldr	r3, .L4
  61 000a 1800     		movs	r0, r3
  62 000c FFF7FEFF 		bl	CyBle_Start
  20:main.c        ****     SCB_1_Start();                              //Start the UART component of iprintf. UART as logg
  63              		.loc 1 20 0
  64 0010 FFF7FEFF 		bl	SCB_1_Start
  21:main.c        ****     iprintf("Start up, welcome!\n\r");
  65              		.loc 1 21 0
  66 0014 144B     		ldr	r3, .L4+4
  67 0016 1800     		movs	r0, r3
  68 0018 FFF7FEFF 		bl	iprintf
  22:main.c        ****     uint8_t testArr[6] = {2,2,3,4,5,6};
  69              		.loc 1 22 0
  70 001c 3A00     		movs	r2, r7
  71 001e 134B     		ldr	r3, .L4+8
  72 0020 1000     		movs	r0, r2
  73 0022 1900     		movs	r1, r3
  74 0024 0623     		movs	r3, #6
  75 0026 1A00     		movs	r2, r3
  76 0028 FFF7FEFF 		bl	memcpy
  23:main.c        ****     SendReedSwitchNotification(testArr);
  77              		.loc 1 23 0
  78 002c 3B00     		movs	r3, r7
  79 002e 1800     		movs	r0, r3
  80 0030 FFF7FEFF 		bl	SendReedSwitchNotification
  81              	.L3:
  24:main.c        ****     for(;;)
  25:main.c        ****     {
  26:main.c        ****         if(CyBle_GetState() == CYBLE_STATE_CONNECTED)
  82              		.loc 1 26 0
  83 0034 0E4B     		ldr	r3, .L4+12
  84 0036 1B78     		ldrb	r3, [r3]
ARM GAS  C:\Users\YEHUDA~1\AppData\Local\Temp\cc2Yxsiq.s 			page 3


  85 0038 022B     		cmp	r3, #2
  86 003a 01D1     		bne	.L2
  27:main.c        ****         {
  28:main.c        ****             CyBle_ProcessEvents();
  87              		.loc 1 28 0
  88 003c FFF7FEFF 		bl	CyBle_ProcessEvents
  89              	.L2:
  29:main.c        ****         }
  30:main.c        ****         CyBle_ProcessEvents();
  90              		.loc 1 30 0
  91 0040 FFF7FEFF 		bl	CyBle_ProcessEvents
  31:main.c        ****         SendReedSwitchNotification(testArr);
  92              		.loc 1 31 0
  93 0044 3B00     		movs	r3, r7
  94 0046 1800     		movs	r0, r3
  95 0048 FFF7FEFF 		bl	SendReedSwitchNotification
  32:main.c        ****         CyDelay(500);
  96              		.loc 1 32 0
  97 004c FA23     		movs	r3, #250
  98 004e 5B00     		lsls	r3, r3, #1
  99 0050 1800     		movs	r0, r3
 100 0052 FFF7FEFF 		bl	CyDelay
  33:main.c        ****         SendReedSwitchNotification(testArr);
 101              		.loc 1 33 0
 102 0056 3B00     		movs	r3, r7
 103 0058 1800     		movs	r0, r3
 104 005a FFF7FEFF 		bl	SendReedSwitchNotification
  34:main.c        ****         IncomingDataAnalys();
 105              		.loc 1 34 0
 106 005e FFF7FEFF 		bl	IncomingDataAnalys
  35:main.c        ****         
  36:main.c        ****     }
 107              		.loc 1 36 0
 108 0062 E7E7     		b	.L3
 109              	.L5:
 110              		.align	2
 111              	.L4:
 112 0064 00000000 		.word	CustomEventHandler
 113 0068 00000000 		.word	.LC2
 114 006c 18000000 		.word	.LC0
 115 0070 00000000 		.word	cyBle_state
 116              		.cfi_endproc
 117              	.LFE35:
 118              		.size	main, .-main
 119              		.text
 120              	.Letext0:
 121              		.file 2 "c:\\program files (x86)\\cypress\\psoc creator\\4.2\\psoc creator\\import\\gnu\\arm\\5.4.
 122              		.file 3 "c:\\program files (x86)\\cypress\\psoc creator\\4.2\\psoc creator\\import\\gnu\\arm\\5.4.
 123              		.file 4 "Generated_Source\\PSoC4/BLE_eventHandler.h"
 124              		.section	.debug_info,"",%progbits
 125              	.Ldebug_info0:
 126 0000 1D010000 		.4byte	0x11d
 127 0004 0400     		.2byte	0x4
 128 0006 00000000 		.4byte	.Ldebug_abbrev0
 129 000a 04       		.byte	0x4
 130 000b 01       		.uleb128 0x1
 131 000c B0010000 		.4byte	.LASF22
ARM GAS  C:\Users\YEHUDA~1\AppData\Local\Temp\cc2Yxsiq.s 			page 4


 132 0010 0C       		.byte	0xc
 133 0011 2B010000 		.4byte	.LASF23
 134 0015 34000000 		.4byte	.LASF24
 135 0019 00000000 		.4byte	.Ldebug_ranges0+0
 136 001d 00000000 		.4byte	0
 137 0021 00000000 		.4byte	.Ldebug_line0
 138 0025 02       		.uleb128 0x2
 139 0026 01       		.byte	0x1
 140 0027 06       		.byte	0x6
 141 0028 64010000 		.4byte	.LASF0
 142 002c 03       		.uleb128 0x3
 143 002d E9000000 		.4byte	.LASF9
 144 0031 02       		.byte	0x2
 145 0032 1D       		.byte	0x1d
 146 0033 37000000 		.4byte	0x37
 147 0037 02       		.uleb128 0x2
 148 0038 01       		.byte	0x1
 149 0039 08       		.byte	0x8
 150 003a 18010000 		.4byte	.LASF1
 151 003e 02       		.uleb128 0x2
 152 003f 02       		.byte	0x2
 153 0040 05       		.byte	0x5
 154 0041 A6010000 		.4byte	.LASF2
 155 0045 02       		.uleb128 0x2
 156 0046 02       		.byte	0x2
 157 0047 07       		.byte	0x7
 158 0048 14000000 		.4byte	.LASF3
 159 004c 02       		.uleb128 0x2
 160 004d 04       		.byte	0x4
 161 004e 05       		.byte	0x5
 162 004f 32010000 		.4byte	.LASF4
 163 0053 02       		.uleb128 0x2
 164 0054 04       		.byte	0x4
 165 0055 07       		.byte	0x7
 166 0056 A7000000 		.4byte	.LASF5
 167 005a 02       		.uleb128 0x2
 168 005b 08       		.byte	0x8
 169 005c 05       		.byte	0x5
 170 005d 4A010000 		.4byte	.LASF6
 171 0061 02       		.uleb128 0x2
 172 0062 08       		.byte	0x8
 173 0063 07       		.byte	0x7
 174 0064 D2000000 		.4byte	.LASF7
 175 0068 04       		.uleb128 0x4
 176 0069 04       		.byte	0x4
 177 006a 05       		.byte	0x5
 178 006b 696E7400 		.ascii	"int\000"
 179 006f 02       		.uleb128 0x2
 180 0070 04       		.byte	0x4
 181 0071 07       		.byte	0x7
 182 0072 27000000 		.4byte	.LASF8
 183 0076 03       		.uleb128 0x3
 184 0077 10010000 		.4byte	.LASF10
 185 007b 03       		.byte	0x3
 186 007c 18       		.byte	0x18
 187 007d 2C000000 		.4byte	0x2c
 188 0081 02       		.uleb128 0x2
ARM GAS  C:\Users\YEHUDA~1\AppData\Local\Temp\cc2Yxsiq.s 			page 5


 189 0082 04       		.byte	0x4
 190 0083 04       		.byte	0x4
 191 0084 92010000 		.4byte	.LASF11
 192 0088 02       		.uleb128 0x2
 193 0089 08       		.byte	0x8
 194 008a 04       		.byte	0x4
 195 008b 3B010000 		.4byte	.LASF12
 196 008f 02       		.uleb128 0x2
 197 0090 01       		.byte	0x1
 198 0091 08       		.byte	0x8
 199 0092 F3000000 		.4byte	.LASF13
 200 0096 02       		.uleb128 0x2
 201 0097 08       		.byte	0x8
 202 0098 04       		.byte	0x4
 203 0099 70010000 		.4byte	.LASF14
 204 009d 02       		.uleb128 0x2
 205 009e 04       		.byte	0x4
 206 009f 07       		.byte	0x7
 207 00a0 3E020000 		.4byte	.LASF15
 208 00a4 05       		.uleb128 0x5
 209 00a5 01       		.byte	0x1
 210 00a6 37000000 		.4byte	0x37
 211 00aa 04       		.byte	0x4
 212 00ab 5A08     		.2byte	0x85a
 213 00ad D0000000 		.4byte	0xd0
 214 00b1 06       		.uleb128 0x6
 215 00b2 00000000 		.4byte	.LASF16
 216 00b6 00       		.byte	0
 217 00b7 06       		.uleb128 0x6
 218 00b8 B9000000 		.4byte	.LASF17
 219 00bc 01       		.byte	0x1
 220 00bd 06       		.uleb128 0x6
 221 00be 7C010000 		.4byte	.LASF18
 222 00c2 02       		.byte	0x2
 223 00c3 06       		.uleb128 0x6
 224 00c4 F8000000 		.4byte	.LASF19
 225 00c8 03       		.byte	0x3
 226 00c9 06       		.uleb128 0x6
 227 00ca 8E000000 		.4byte	.LASF20
 228 00ce 04       		.byte	0x4
 229 00cf 00       		.byte	0
 230 00d0 07       		.uleb128 0x7
 231 00d1 98010000 		.4byte	.LASF21
 232 00d5 04       		.byte	0x4
 233 00d6 6808     		.2byte	0x868
 234 00d8 A4000000 		.4byte	0xa4
 235 00dc 08       		.uleb128 0x8
 236 00dd 26010000 		.4byte	.LASF25
 237 00e1 01       		.byte	0x1
 238 00e2 10       		.byte	0x10
 239 00e3 68000000 		.4byte	0x68
 240 00e7 00000000 		.4byte	.LFB35
 241 00eb 74000000 		.4byte	.LFE35-.LFB35
 242 00ef 01       		.uleb128 0x1
 243 00f0 9C       		.byte	0x9c
 244 00f1 04010000 		.4byte	0x104
 245 00f5 09       		.uleb128 0x9
ARM GAS  C:\Users\YEHUDA~1\AppData\Local\Temp\cc2Yxsiq.s 			page 6


 246 00f6 42010000 		.4byte	.LASF26
 247 00fa 01       		.byte	0x1
 248 00fb 16       		.byte	0x16
 249 00fc 04010000 		.4byte	0x104
 250 0100 02       		.uleb128 0x2
 251 0101 91       		.byte	0x91
 252 0102 70       		.sleb128 -16
 253 0103 00       		.byte	0
 254 0104 0A       		.uleb128 0xa
 255 0105 76000000 		.4byte	0x76
 256 0109 14010000 		.4byte	0x114
 257 010d 0B       		.uleb128 0xb
 258 010e 9D000000 		.4byte	0x9d
 259 0112 05       		.byte	0x5
 260 0113 00       		.byte	0
 261 0114 0C       		.uleb128 0xc
 262 0115 58010000 		.4byte	.LASF27
 263 0119 04       		.byte	0x4
 264 011a B30A     		.2byte	0xab3
 265 011c D0000000 		.4byte	0xd0
 266 0120 00       		.byte	0
 267              		.section	.debug_abbrev,"",%progbits
 268              	.Ldebug_abbrev0:
 269 0000 01       		.uleb128 0x1
 270 0001 11       		.uleb128 0x11
 271 0002 01       		.byte	0x1
 272 0003 25       		.uleb128 0x25
 273 0004 0E       		.uleb128 0xe
 274 0005 13       		.uleb128 0x13
 275 0006 0B       		.uleb128 0xb
 276 0007 03       		.uleb128 0x3
 277 0008 0E       		.uleb128 0xe
 278 0009 1B       		.uleb128 0x1b
 279 000a 0E       		.uleb128 0xe
 280 000b 55       		.uleb128 0x55
 281 000c 17       		.uleb128 0x17
 282 000d 11       		.uleb128 0x11
 283 000e 01       		.uleb128 0x1
 284 000f 10       		.uleb128 0x10
 285 0010 17       		.uleb128 0x17
 286 0011 00       		.byte	0
 287 0012 00       		.byte	0
 288 0013 02       		.uleb128 0x2
 289 0014 24       		.uleb128 0x24
 290 0015 00       		.byte	0
 291 0016 0B       		.uleb128 0xb
 292 0017 0B       		.uleb128 0xb
 293 0018 3E       		.uleb128 0x3e
 294 0019 0B       		.uleb128 0xb
 295 001a 03       		.uleb128 0x3
 296 001b 0E       		.uleb128 0xe
 297 001c 00       		.byte	0
 298 001d 00       		.byte	0
 299 001e 03       		.uleb128 0x3
 300 001f 16       		.uleb128 0x16
 301 0020 00       		.byte	0
 302 0021 03       		.uleb128 0x3
ARM GAS  C:\Users\YEHUDA~1\AppData\Local\Temp\cc2Yxsiq.s 			page 7


 303 0022 0E       		.uleb128 0xe
 304 0023 3A       		.uleb128 0x3a
 305 0024 0B       		.uleb128 0xb
 306 0025 3B       		.uleb128 0x3b
 307 0026 0B       		.uleb128 0xb
 308 0027 49       		.uleb128 0x49
 309 0028 13       		.uleb128 0x13
 310 0029 00       		.byte	0
 311 002a 00       		.byte	0
 312 002b 04       		.uleb128 0x4
 313 002c 24       		.uleb128 0x24
 314 002d 00       		.byte	0
 315 002e 0B       		.uleb128 0xb
 316 002f 0B       		.uleb128 0xb
 317 0030 3E       		.uleb128 0x3e
 318 0031 0B       		.uleb128 0xb
 319 0032 03       		.uleb128 0x3
 320 0033 08       		.uleb128 0x8
 321 0034 00       		.byte	0
 322 0035 00       		.byte	0
 323 0036 05       		.uleb128 0x5
 324 0037 04       		.uleb128 0x4
 325 0038 01       		.byte	0x1
 326 0039 0B       		.uleb128 0xb
 327 003a 0B       		.uleb128 0xb
 328 003b 49       		.uleb128 0x49
 329 003c 13       		.uleb128 0x13
 330 003d 3A       		.uleb128 0x3a
 331 003e 0B       		.uleb128 0xb
 332 003f 3B       		.uleb128 0x3b
 333 0040 05       		.uleb128 0x5
 334 0041 01       		.uleb128 0x1
 335 0042 13       		.uleb128 0x13
 336 0043 00       		.byte	0
 337 0044 00       		.byte	0
 338 0045 06       		.uleb128 0x6
 339 0046 28       		.uleb128 0x28
 340 0047 00       		.byte	0
 341 0048 03       		.uleb128 0x3
 342 0049 0E       		.uleb128 0xe
 343 004a 1C       		.uleb128 0x1c
 344 004b 0B       		.uleb128 0xb
 345 004c 00       		.byte	0
 346 004d 00       		.byte	0
 347 004e 07       		.uleb128 0x7
 348 004f 16       		.uleb128 0x16
 349 0050 00       		.byte	0
 350 0051 03       		.uleb128 0x3
 351 0052 0E       		.uleb128 0xe
 352 0053 3A       		.uleb128 0x3a
 353 0054 0B       		.uleb128 0xb
 354 0055 3B       		.uleb128 0x3b
 355 0056 05       		.uleb128 0x5
 356 0057 49       		.uleb128 0x49
 357 0058 13       		.uleb128 0x13
 358 0059 00       		.byte	0
 359 005a 00       		.byte	0
ARM GAS  C:\Users\YEHUDA~1\AppData\Local\Temp\cc2Yxsiq.s 			page 8


 360 005b 08       		.uleb128 0x8
 361 005c 2E       		.uleb128 0x2e
 362 005d 01       		.byte	0x1
 363 005e 3F       		.uleb128 0x3f
 364 005f 19       		.uleb128 0x19
 365 0060 03       		.uleb128 0x3
 366 0061 0E       		.uleb128 0xe
 367 0062 3A       		.uleb128 0x3a
 368 0063 0B       		.uleb128 0xb
 369 0064 3B       		.uleb128 0x3b
 370 0065 0B       		.uleb128 0xb
 371 0066 27       		.uleb128 0x27
 372 0067 19       		.uleb128 0x19
 373 0068 49       		.uleb128 0x49
 374 0069 13       		.uleb128 0x13
 375 006a 11       		.uleb128 0x11
 376 006b 01       		.uleb128 0x1
 377 006c 12       		.uleb128 0x12
 378 006d 06       		.uleb128 0x6
 379 006e 40       		.uleb128 0x40
 380 006f 18       		.uleb128 0x18
 381 0070 9642     		.uleb128 0x2116
 382 0072 19       		.uleb128 0x19
 383 0073 01       		.uleb128 0x1
 384 0074 13       		.uleb128 0x13
 385 0075 00       		.byte	0
 386 0076 00       		.byte	0
 387 0077 09       		.uleb128 0x9
 388 0078 34       		.uleb128 0x34
 389 0079 00       		.byte	0
 390 007a 03       		.uleb128 0x3
 391 007b 0E       		.uleb128 0xe
 392 007c 3A       		.uleb128 0x3a
 393 007d 0B       		.uleb128 0xb
 394 007e 3B       		.uleb128 0x3b
 395 007f 0B       		.uleb128 0xb
 396 0080 49       		.uleb128 0x49
 397 0081 13       		.uleb128 0x13
 398 0082 02       		.uleb128 0x2
 399 0083 18       		.uleb128 0x18
 400 0084 00       		.byte	0
 401 0085 00       		.byte	0
 402 0086 0A       		.uleb128 0xa
 403 0087 01       		.uleb128 0x1
 404 0088 01       		.byte	0x1
 405 0089 49       		.uleb128 0x49
 406 008a 13       		.uleb128 0x13
 407 008b 01       		.uleb128 0x1
 408 008c 13       		.uleb128 0x13
 409 008d 00       		.byte	0
 410 008e 00       		.byte	0
 411 008f 0B       		.uleb128 0xb
 412 0090 21       		.uleb128 0x21
 413 0091 00       		.byte	0
 414 0092 49       		.uleb128 0x49
 415 0093 13       		.uleb128 0x13
 416 0094 2F       		.uleb128 0x2f
ARM GAS  C:\Users\YEHUDA~1\AppData\Local\Temp\cc2Yxsiq.s 			page 9


 417 0095 0B       		.uleb128 0xb
 418 0096 00       		.byte	0
 419 0097 00       		.byte	0
 420 0098 0C       		.uleb128 0xc
 421 0099 34       		.uleb128 0x34
 422 009a 00       		.byte	0
 423 009b 03       		.uleb128 0x3
 424 009c 0E       		.uleb128 0xe
 425 009d 3A       		.uleb128 0x3a
 426 009e 0B       		.uleb128 0xb
 427 009f 3B       		.uleb128 0x3b
 428 00a0 05       		.uleb128 0x5
 429 00a1 49       		.uleb128 0x49
 430 00a2 13       		.uleb128 0x13
 431 00a3 3F       		.uleb128 0x3f
 432 00a4 19       		.uleb128 0x19
 433 00a5 3C       		.uleb128 0x3c
 434 00a6 19       		.uleb128 0x19
 435 00a7 00       		.byte	0
 436 00a8 00       		.byte	0
 437 00a9 00       		.byte	0
 438              		.section	.debug_aranges,"",%progbits
 439 0000 1C000000 		.4byte	0x1c
 440 0004 0200     		.2byte	0x2
 441 0006 00000000 		.4byte	.Ldebug_info0
 442 000a 04       		.byte	0x4
 443 000b 00       		.byte	0
 444 000c 0000     		.2byte	0
 445 000e 0000     		.2byte	0
 446 0010 00000000 		.4byte	.LFB35
 447 0014 74000000 		.4byte	.LFE35-.LFB35
 448 0018 00000000 		.4byte	0
 449 001c 00000000 		.4byte	0
 450              		.section	.debug_ranges,"",%progbits
 451              	.Ldebug_ranges0:
 452 0000 00000000 		.4byte	.LFB35
 453 0004 74000000 		.4byte	.LFE35
 454 0008 00000000 		.4byte	0
 455 000c 00000000 		.4byte	0
 456              		.section	.debug_line,"",%progbits
 457              	.Ldebug_line0:
 458 0000 6A010000 		.section	.debug_str,"MS",%progbits,1
 458      02004701 
 458      00000201 
 458      FB0E0D00 
 458      01010101 
 459              	.LASF16:
 460 0000 4359424C 		.ascii	"CYBLE_STATE_STOPPED\000"
 460      455F5354 
 460      4154455F 
 460      53544F50 
 460      50454400 
 461              	.LASF3:
 462 0014 73686F72 		.ascii	"short unsigned int\000"
 462      7420756E 
 462      7369676E 
 462      65642069 
ARM GAS  C:\Users\YEHUDA~1\AppData\Local\Temp\cc2Yxsiq.s 			page 10


 462      6E7400
 463              	.LASF8:
 464 0027 756E7369 		.ascii	"unsigned int\000"
 464      676E6564 
 464      20696E74 
 464      00
 465              	.LASF24:
 466 0034 433A5C55 		.ascii	"C:\\Users\\Yehuda Ben Chaim\\Google Drive\\My Proje"
 466      73657273 
 466      5C596568 
 466      75646120 
 466      42656E20 
 467 0063 6374735C 		.ascii	"cts\\WW\\FW\\WorkingCopy\\WWV1_0\\WW_V1_1.cydsn\000"
 467      57575C46 
 467      575C576F 
 467      726B696E 
 467      67436F70 
 468              	.LASF20:
 469 008e 4359424C 		.ascii	"CYBLE_STATE_DISCONNECTED\000"
 469      455F5354 
 469      4154455F 
 469      44495343 
 469      4F4E4E45 
 470              	.LASF5:
 471 00a7 6C6F6E67 		.ascii	"long unsigned int\000"
 471      20756E73 
 471      69676E65 
 471      6420696E 
 471      7400
 472              	.LASF17:
 473 00b9 4359424C 		.ascii	"CYBLE_STATE_INITIALIZING\000"
 473      455F5354 
 473      4154455F 
 473      494E4954 
 473      49414C49 
 474              	.LASF7:
 475 00d2 6C6F6E67 		.ascii	"long long unsigned int\000"
 475      206C6F6E 
 475      6720756E 
 475      7369676E 
 475      65642069 
 476              	.LASF9:
 477 00e9 5F5F7569 		.ascii	"__uint8_t\000"
 477      6E74385F 
 477      7400
 478              	.LASF13:
 479 00f3 63686172 		.ascii	"char\000"
 479      00
 480              	.LASF19:
 481 00f8 4359424C 		.ascii	"CYBLE_STATE_ADVERTISING\000"
 481      455F5354 
 481      4154455F 
 481      41445645 
 481      52544953 
 482              	.LASF10:
 483 0110 75696E74 		.ascii	"uint8_t\000"
 483      385F7400 
ARM GAS  C:\Users\YEHUDA~1\AppData\Local\Temp\cc2Yxsiq.s 			page 11


 484              	.LASF1:
 485 0118 756E7369 		.ascii	"unsigned char\000"
 485      676E6564 
 485      20636861 
 485      7200
 486              	.LASF25:
 487 0126 6D61696E 		.ascii	"main\000"
 487      00
 488              	.LASF23:
 489 012b 6D61696E 		.ascii	"main.c\000"
 489      2E6300
 490              	.LASF4:
 491 0132 6C6F6E67 		.ascii	"long int\000"
 491      20696E74 
 491      00
 492              	.LASF12:
 493 013b 646F7562 		.ascii	"double\000"
 493      6C6500
 494              	.LASF26:
 495 0142 74657374 		.ascii	"testArr\000"
 495      41727200 
 496              	.LASF6:
 497 014a 6C6F6E67 		.ascii	"long long int\000"
 497      206C6F6E 
 497      6720696E 
 497      7400
 498              	.LASF27:
 499 0158 6379426C 		.ascii	"cyBle_state\000"
 499      655F7374 
 499      61746500 
 500              	.LASF0:
 501 0164 7369676E 		.ascii	"signed char\000"
 501      65642063 
 501      68617200 
 502              	.LASF14:
 503 0170 6C6F6E67 		.ascii	"long double\000"
 503      20646F75 
 503      626C6500 
 504              	.LASF18:
 505 017c 4359424C 		.ascii	"CYBLE_STATE_CONNECTED\000"
 505      455F5354 
 505      4154455F 
 505      434F4E4E 
 505      45435445 
 506              	.LASF11:
 507 0192 666C6F61 		.ascii	"float\000"
 507      7400
 508              	.LASF21:
 509 0198 4359424C 		.ascii	"CYBLE_STATE_T\000"
 509      455F5354 
 509      4154455F 
 509      5400
 510              	.LASF2:
 511 01a6 73686F72 		.ascii	"short int\000"
 511      7420696E 
 511      7400
 512              	.LASF22:
ARM GAS  C:\Users\YEHUDA~1\AppData\Local\Temp\cc2Yxsiq.s 			page 12


 513 01b0 474E5520 		.ascii	"GNU C11 5.4.1 20160609 (release) [ARM/embedded-5-br"
 513      43313120 
 513      352E342E 
 513      31203230 
 513      31363036 
 514 01e3 616E6368 		.ascii	"anch revision 237715] -mcpu=cortex-m0 -mthumb -g -O"
 514      20726576 
 514      6973696F 
 514      6E203233 
 514      37373135 
 515 0216 30202D66 		.ascii	"0 -ffunction-sections -ffat-lto-objects\000"
 515      66756E63 
 515      74696F6E 
 515      2D736563 
 515      74696F6E 
 516              	.LASF15:
 517 023e 73697A65 		.ascii	"sizetype\000"
 517      74797065 
 517      00
 518              		.ident	"GCC: (GNU Tools for ARM Embedded Processors) 5.4.1 20160609 (release) [ARM/embedded-5-bran
