ARM GAS  C:\Users\YEHUDA~1\AppData\Local\Temp\ccPHRXHe.s 			page 1


   1              		.syntax unified
   2              		.cpu cortex-m0
   3              		.fpu softvfp
   4              		.eabi_attribute 20, 1
   5              		.eabi_attribute 21, 1
   6              		.eabi_attribute 23, 3
   7              		.eabi_attribute 24, 1
   8              		.eabi_attribute 25, 1
   9              		.eabi_attribute 26, 1
  10              		.eabi_attribute 30, 1
  11              		.eabi_attribute 34, 0
  12              		.eabi_attribute 18, 4
  13              		.thumb
  14              		.syntax unified
  15              		.file	"BLE_Applocations.c"
  16              		.text
  17              	.Ltext0:
  18              		.cfi_sections	.debug_frame
  19              		.section	.text.CustomEventHandler,"ax",%progbits
  20              		.align	2
  21              		.global	CustomEventHandler
  22              		.code	16
  23              		.thumb_func
  24              		.type	CustomEventHandler, %function
  25              	CustomEventHandler:
  26              	.LFB35:
  27              		.file 1 "BLE_Applocations.c"
   1:BLE_Applocations.c **** /* ========================================
   2:BLE_Applocations.c ****  *
   3:BLE_Applocations.c ****  * Copyright Yehuda Ben Chaim, 2018
   4:BLE_Applocations.c ****  * All Rights Reserved
   5:BLE_Applocations.c ****  * UNPUBLISHED, LICENSED SOFTWARE.
   6:BLE_Applocations.c ****  *
   7:BLE_Applocations.c ****  * CONFIDENTIAL AND PROPRIETARY INFORMATION
   8:BLE_Applocations.c ****  * WHICH IS THE PROPERTY OF Yehuda Ben Chaim.
   9:BLE_Applocations.c ****  *
  10:BLE_Applocations.c ****  * ========================================
  11:BLE_Applocations.c **** */
  12:BLE_Applocations.c **** 
  13:BLE_Applocations.c **** /**** Includes ***************************************************************************/
  14:BLE_Applocations.c **** 
  15:BLE_Applocations.c **** #include "BLE_Applications.h"
  16:BLE_Applocations.c **** 
  17:BLE_Applocations.c **** /**** File general variables *************************************************************/
  18:BLE_Applocations.c **** CYBLE_CONN_HANDLE_T  connectionHandle;
  19:BLE_Applocations.c **** uint8 deviceConnected = 0;
  20:BLE_Applocations.c **** CYBLE_GAP_BONDED_DEV_ADDR_LIST_T Peer_Addr1;
  21:BLE_Applocations.c **** 
  22:BLE_Applocations.c **** uint8_t password[2] = {0};
  23:BLE_Applocations.c **** 
  24:BLE_Applocations.c **** 
  25:BLE_Applocations.c **** 
  26:BLE_Applocations.c **** /*** Private functions ******************************************************************/
  27:BLE_Applocations.c **** 
  28:BLE_Applocations.c **** /*************************************************************
  29:BLE_Applocations.c **** * Name: CustomEventHandler
  30:BLE_Applocations.c **** * Parameters[in]: uint32 event
ARM GAS  C:\Users\YEHUDA~1\AppData\Local\Temp\ccPHRXHe.s 			page 2


  31:BLE_Applocations.c **** *                 void * eventParam
  32:BLE_Applocations.c **** * Return: None
  33:BLE_Applocations.c **** * Description: This fuction is the handler of the BLE.
  34:BLE_Applocations.c **** 
  35:BLE_Applocations.c **** ************************************************************/
  36:BLE_Applocations.c **** 
  37:BLE_Applocations.c **** void CustomEventHandler(uint32 event, void * eventParam)
  38:BLE_Applocations.c **** {
  28              		.loc 1 38 0
  29              		.cfi_startproc
  30              		@ args = 0, pretend = 0, frame = 0
  31              		@ frame_needed = 0, uses_anonymous_args = 0
  32              	.LVL0:
  33 0000 10B5     		push	{r4, lr}
  34              		.cfi_def_cfa_offset 8
  35              		.cfi_offset 4, -8
  36              		.cfi_offset 14, -4
  39:BLE_Applocations.c **** 	CYBLE_GATTS_WRITE_REQ_PARAM_T *wrReqParam;
  40:BLE_Applocations.c ****    
  41:BLE_Applocations.c ****     switch(event)
  37              		.loc 1 41 0
  38 0002 2828     		cmp	r0, #40
  39 0004 0ED0     		beq	.L3
  40 0006 04D8     		bhi	.L4
  41 0008 0128     		cmp	r0, #1
  42 000a 07D0     		beq	.L5
  43 000c 2628     		cmp	r0, #38
  44 000e 0DD0     		beq	.L6
  45 0010 32E0     		b	.L1
  46              	.L4:
  47 0012 4128     		cmp	r0, #65
  48 0014 12D0     		beq	.L7
  49 0016 4C28     		cmp	r0, #76
  50 0018 1BD0     		beq	.L8
  51 001a 2DE0     		b	.L1
  52              	.L5:
  42:BLE_Applocations.c ****     {
  43:BLE_Applocations.c ****         case CYBLE_EVT_STACK_ON:
  44:BLE_Applocations.c ****             /* Start Advertisement and enter Discoverable mode*/
  45:BLE_Applocations.c **** 			CyBle_GappStartAdvertisement(CYBLE_ADVERTISING_FAST);
  53              		.loc 1 45 0
  54 001c 0020     		movs	r0, #0
  55              	.LVL1:
  56 001e FFF7FEFF 		bl	CyBle_GappStartAdvertisement
  57              	.LVL2:
  46:BLE_Applocations.c ****                 break;
  58              		.loc 1 46 0
  59 0022 29E0     		b	.L1
  60              	.LVL3:
  61              	.L3:
  47:BLE_Applocations.c ****         case CYBLE_EVT_GAP_DEVICE_DISCONNECTED:
  48:BLE_Applocations.c **** 			/* Start Advertisement and enter Discoverable mode*/
  49:BLE_Applocations.c **** 			CyBle_GappStartAdvertisement(CYBLE_ADVERTISING_FAST);
  62              		.loc 1 49 0
  63 0024 0020     		movs	r0, #0
  64              	.LVL4:
  65 0026 FFF7FEFF 		bl	CyBle_GappStartAdvertisement
ARM GAS  C:\Users\YEHUDA~1\AppData\Local\Temp\ccPHRXHe.s 			page 3


  66              	.LVL5:
  50:BLE_Applocations.c **** 			break;
  67              		.loc 1 50 0
  68 002a 25E0     		b	.L1
  69              	.LVL6:
  70              	.L6:
  51:BLE_Applocations.c **** 			
  52:BLE_Applocations.c **** 		case CYBLE_EVT_GAPP_ADVERTISEMENT_START_STOP:
  53:BLE_Applocations.c **** 			/* Set the BLE state variable to control LED status */
  54:BLE_Applocations.c ****             if(CYBLE_STATE_DISCONNECTED == CyBle_GetState())
  71              		.loc 1 54 0
  72 002c 134B     		ldr	r3, .L10
  73 002e 1B78     		ldrb	r3, [r3]
  74 0030 042B     		cmp	r3, #4
  75 0032 21D1     		bne	.L1
  55:BLE_Applocations.c ****             {
  56:BLE_Applocations.c ****                 /* Start Advertisement and enter Discoverable mode*/
  57:BLE_Applocations.c ****                 CyBle_GappStartAdvertisement(CYBLE_ADVERTISING_FAST);
  76              		.loc 1 57 0
  77 0034 0020     		movs	r0, #0
  78              	.LVL7:
  79 0036 FFF7FEFF 		bl	CyBle_GappStartAdvertisement
  80              	.LVL8:
  81 003a 1DE0     		b	.L1
  82              	.LVL9:
  83              	.L7:
  58:BLE_Applocations.c ****             }
  59:BLE_Applocations.c **** 			break;
  60:BLE_Applocations.c **** 			
  61:BLE_Applocations.c ****         case CYBLE_EVT_GATT_CONNECT_IND:
  62:BLE_Applocations.c ****             /* This event is received when device is connected over GATT level */
  63:BLE_Applocations.c ****             /* Update attribute handle on GATT Connection*/
  64:BLE_Applocations.c ****             connectionHandle = *(CYBLE_CONN_HANDLE_T *) eventParam;
  84              		.loc 1 64 0
  85 003c 0222     		movs	r2, #2
  86 003e 1048     		ldr	r0, .L10+4
  87              	.LVL10:
  88 0040 FFF7FEFF 		bl	memcpy
  89              	.LVL11:
  65:BLE_Applocations.c ****             CyBle_GapGetBondedDevicesList(&Peer_Addr1);
  90              		.loc 1 65 0
  91 0044 0F48     		ldr	r0, .L10+8
  92 0046 FFF7FEFF 		bl	CyBle_GapGetBondedDevicesList
  93              	.LVL12:
  66:BLE_Applocations.c ****             deviceConnected = 1;
  94              		.loc 1 66 0
  95 004a 0122     		movs	r2, #1
  96 004c 0E4B     		ldr	r3, .L10+12
  97 004e 1A70     		strb	r2, [r3]
  67:BLE_Applocations.c **** 			break;
  98              		.loc 1 67 0
  99 0050 12E0     		b	.L1
 100              	.LVL13:
 101              	.L8:
  68:BLE_Applocations.c ****         
  69:BLE_Applocations.c ****         case CYBLE_EVT_GATT_DISCONNECT_IND:			
  70:BLE_Applocations.c **** 			
ARM GAS  C:\Users\YEHUDA~1\AppData\Local\Temp\ccPHRXHe.s 			page 4


  71:BLE_Applocations.c **** 			break; 
  72:BLE_Applocations.c ****         case CYBLE_EVT_GAP_DEVICE_CONNECTED:
  73:BLE_Applocations.c ****             
  74:BLE_Applocations.c ****             break;
  75:BLE_Applocations.c ****         case CYBLE_EVT_GATTS_WRITE_REQ: 							
  76:BLE_Applocations.c ****             /* This event is received when Central device sends a Write command 
  77:BLE_Applocations.c ****              * on an Attribute. 
  78:BLE_Applocations.c ****              * We first get the attribute handle from the event parameter and 
  79:BLE_Applocations.c ****              * then try to match that handle with an attribute in the database.
  80:BLE_Applocations.c ****              */
  81:BLE_Applocations.c ****             wrReqParam = (CYBLE_GATTS_WRITE_REQ_PARAM_T *) eventParam;
  82:BLE_Applocations.c ****             
  83:BLE_Applocations.c **** 
  84:BLE_Applocations.c ****             
  85:BLE_Applocations.c ****             
  86:BLE_Applocations.c ****             /* This condition checks whether the CCCD descriptor for CapSense
  87:BLE_Applocations.c ****              * slider characteristic has been written to. This tells us whether
  88:BLE_Applocations.c ****              * the notifications for CapSense slider have been enabled/disabled.
  89:BLE_Applocations.c ****              */
  90:BLE_Applocations.c ****             
  91:BLE_Applocations.c ****             if(wrReqParam->handleValPair.attrHandle == cyBle_customs[CYBLE_WW_SERVICE_SERVICE_INDEX
  92:BLE_Applocations.c **** 				customServiceInfo[CYBLE_WW_SERVICE_INCOMINGDATA_CHAR_INDEX].customServiceCharDescriptors[CYBLE_
  93:BLE_Applocations.c ****             {
  94:BLE_Applocations.c ****                 //TESTARR = wrReqParam->handleValPair.value.val[0];
  95:BLE_Applocations.c **** 				
  96:BLE_Applocations.c **** 				/* Set flag to allow CCCD to be updated for next read operation */
  97:BLE_Applocations.c **** 				//TESTARR1 = 1;
  98:BLE_Applocations.c ****             }
  99:BLE_Applocations.c **** 
 100:BLE_Applocations.c **** 			if(CYBLE_WW_SERVICE_INCOMINGDATA_CHAR_HANDLE == wrReqParam->handleValPair.attrHandle )
 102              		.loc 1 100 0
 103 0052 8B89     		ldrh	r3, [r1, #12]
 104 0054 122B     		cmp	r3, #18
 105 0056 08D1     		bne	.L9
 101:BLE_Applocations.c ****            {      
 102:BLE_Applocations.c ****                password[0] = wrReqParam->handleValPair.value.val[0];
 106              		.loc 1 102 0
 107 0058 4A68     		ldr	r2, [r1, #4]
 108 005a 1178     		ldrb	r1, [r2]
 109              	.LVL14:
 110 005c 0A4B     		ldr	r3, .L10+12
 111 005e 1971     		strb	r1, [r3, #4]
 103:BLE_Applocations.c ****                password[1] = wrReqParam->handleValPair.value.val[1];
 112              		.loc 1 103 0
 113 0060 5278     		ldrb	r2, [r2, #1]
 114 0062 5A71     		strb	r2, [r3, #5]
 104:BLE_Applocations.c ****                 iprintf("The first value is: %x and the second value is: %x\n\r", password[0], pass
 115              		.loc 1 104 0
 116 0064 0948     		ldr	r0, .L10+16
 117              	.LVL15:
 118 0066 FFF7FEFF 		bl	iprintf
 119              	.LVL16:
 120              	.L9:
 105:BLE_Applocations.c ****                //CyBle_GattsWriteAttributeValue(&wrReqParam->handleValPair, ZERO, &cyBle_connHandle
 106:BLE_Applocations.c ****            }
 107:BLE_Applocations.c **** 			/* ADD_CODE to send the response to the write request received. */
 108:BLE_Applocations.c ****             
ARM GAS  C:\Users\YEHUDA~1\AppData\Local\Temp\ccPHRXHe.s 			page 5


 109:BLE_Applocations.c **** 			CyBle_GattsWriteRsp(cyBle_connHandle);
 121              		.loc 1 109 0
 122 006a 094A     		ldr	r2, .L10+20
 123 006c 1378     		ldrb	r3, [r2]
 124 006e 5078     		ldrb	r0, [r2, #1]
 125 0070 0002     		lsls	r0, r0, #8
 126 0072 1843     		orrs	r0, r3
 127 0074 FFF7FEFF 		bl	CyBle_GattsWriteRsp
 128              	.LVL17:
 129              	.L1:
 110:BLE_Applocations.c **** 			
 111:BLE_Applocations.c **** 			break;
 112:BLE_Applocations.c **** 
 113:BLE_Applocations.c ****         default:
 114:BLE_Applocations.c **** 
 115:BLE_Applocations.c ****        	 	break;
 116:BLE_Applocations.c ****     }
 117:BLE_Applocations.c **** }
 130              		.loc 1 117 0
 131              		@ sp needed
 132 0078 10BD     		pop	{r4, pc}
 133              	.L11:
 134 007a C046     		.align	2
 135              	.L10:
 136 007c 00000000 		.word	cyBle_state
 137 0080 00000000 		.word	connectionHandle
 138 0084 00000000 		.word	Peer_Addr1
 139 0088 00000000 		.word	.LANCHOR0
 140 008c 00000000 		.word	.LC4
 141 0090 00000000 		.word	cyBle_connHandle
 142              		.cfi_endproc
 143              	.LFE35:
 144              		.size	CustomEventHandler, .-CustomEventHandler
 145              		.global	password
 146              		.comm	Peer_Addr1,29,4
 147              		.global	deviceConnected
 148              		.comm	connectionHandle,2,4
 149              		.section	.rodata.str1.4,"aMS",%progbits,1
 150              		.align	2
 151              	.LC4:
 152 0000 54686520 		.ascii	"The first value is: %x and the second value is: %x\012"
 152      66697273 
 152      74207661 
 152      6C756520 
 152      69733A20 
 153 0033 0D00     		.ascii	"\015\000"
 154              		.bss
 155              		.align	2
 156              		.set	.LANCHOR0,. + 0
 157              		.type	deviceConnected, %object
 158              		.size	deviceConnected, 1
 159              	deviceConnected:
 160 0000 00       		.space	1
 161 0001 000000   		.space	3
 162              		.type	password, %object
 163              		.size	password, 2
 164              	password:
ARM GAS  C:\Users\YEHUDA~1\AppData\Local\Temp\ccPHRXHe.s 			page 6


 165 0004 0000     		.space	2
 166              		.text
 167              	.Letext0:
 168              		.file 2 "c:\\program files (x86)\\cypress\\psoc creator\\4.2\\psoc creator\\import\\gnu\\arm\\5.4.
 169              		.file 3 "c:\\program files (x86)\\cypress\\psoc creator\\4.2\\psoc creator\\import\\gnu\\arm\\5.4.
 170              		.file 4 "Generated_Source\\PSoC4/cytypes.h"
 171              		.file 5 "Generated_Source\\PSoC4/BLE_Stack.h"
 172              		.file 6 "Generated_Source\\PSoC4/BLE_StackGap.h"
 173              		.file 7 "Generated_Source\\PSoC4/BLE_StackGatt.h"
 174              		.file 8 "Generated_Source\\PSoC4/BLE_StackGattServer.h"
 175              		.file 9 "Generated_Source\\PSoC4/BLE_custom.h"
 176              		.file 10 "Generated_Source\\PSoC4/BLE_eventHandler.h"
 177              		.file 11 "Generated_Source\\PSoC4/BLE.h"
 178              		.file 12 "iprintf.h"
 179              		.section	.debug_info,"",%progbits
 180              	.Ldebug_info0:
 181 0000 2E060000 		.4byte	0x62e
 182 0004 0400     		.2byte	0x4
 183 0006 00000000 		.4byte	.Ldebug_abbrev0
 184 000a 04       		.byte	0x4
 185 000b 01       		.uleb128 0x1
 186 000c 64010000 		.4byte	.LASF134
 187 0010 0C       		.byte	0xc
 188 0011 A8040000 		.4byte	.LASF135
 189 0015 9A070000 		.4byte	.LASF136
 190 0019 00000000 		.4byte	.Ldebug_ranges0+0
 191 001d 00000000 		.4byte	0
 192 0021 00000000 		.4byte	.Ldebug_line0
 193 0025 02       		.uleb128 0x2
 194 0026 01       		.byte	0x1
 195 0027 06       		.byte	0x6
 196 0028 EC020000 		.4byte	.LASF0
 197 002c 03       		.uleb128 0x3
 198 002d 3A010000 		.4byte	.LASF9
 199 0031 02       		.byte	0x2
 200 0032 1D       		.byte	0x1d
 201 0033 37000000 		.4byte	0x37
 202 0037 02       		.uleb128 0x2
 203 0038 01       		.byte	0x1
 204 0039 08       		.byte	0x8
 205 003a EF090000 		.4byte	.LASF1
 206 003e 02       		.uleb128 0x2
 207 003f 02       		.byte	0x2
 208 0040 05       		.byte	0x5
 209 0041 280A0000 		.4byte	.LASF2
 210 0045 02       		.uleb128 0x2
 211 0046 02       		.byte	0x2
 212 0047 07       		.byte	0x7
 213 0048 B8050000 		.4byte	.LASF3
 214 004c 02       		.uleb128 0x2
 215 004d 04       		.byte	0x4
 216 004e 05       		.byte	0x5
 217 004f 5B010000 		.4byte	.LASF4
 218 0053 02       		.uleb128 0x2
 219 0054 04       		.byte	0x4
 220 0055 07       		.byte	0x7
 221 0056 09050000 		.4byte	.LASF5
ARM GAS  C:\Users\YEHUDA~1\AppData\Local\Temp\ccPHRXHe.s 			page 7


 222 005a 02       		.uleb128 0x2
 223 005b 08       		.byte	0x8
 224 005c 05       		.byte	0x5
 225 005d DE020000 		.4byte	.LASF6
 226 0061 02       		.uleb128 0x2
 227 0062 08       		.byte	0x8
 228 0063 07       		.byte	0x7
 229 0064 FB010000 		.4byte	.LASF7
 230 0068 04       		.uleb128 0x4
 231 0069 04       		.byte	0x4
 232 006a 05       		.byte	0x5
 233 006b 696E7400 		.ascii	"int\000"
 234 006f 02       		.uleb128 0x2
 235 0070 04       		.byte	0x4
 236 0071 07       		.byte	0x7
 237 0072 DD040000 		.4byte	.LASF8
 238 0076 03       		.uleb128 0x3
 239 0077 520C0000 		.4byte	.LASF10
 240 007b 03       		.byte	0x3
 241 007c 18       		.byte	0x18
 242 007d 2C000000 		.4byte	0x2c
 243 0081 05       		.uleb128 0x5
 244 0082 E8030000 		.4byte	.LASF11
 245 0086 04       		.byte	0x4
 246 0087 E401     		.2byte	0x1e4
 247 0089 37000000 		.4byte	0x37
 248 008d 05       		.uleb128 0x5
 249 008e FD090000 		.4byte	.LASF12
 250 0092 04       		.byte	0x4
 251 0093 E501     		.2byte	0x1e5
 252 0095 45000000 		.4byte	0x45
 253 0099 05       		.uleb128 0x5
 254 009a 59040000 		.4byte	.LASF13
 255 009e 04       		.byte	0x4
 256 009f E601     		.2byte	0x1e6
 257 00a1 53000000 		.4byte	0x53
 258 00a5 02       		.uleb128 0x2
 259 00a6 04       		.byte	0x4
 260 00a7 04       		.byte	0x4
 261 00a8 C1090000 		.4byte	.LASF14
 262 00ac 02       		.uleb128 0x2
 263 00ad 08       		.byte	0x8
 264 00ae 04       		.byte	0x4
 265 00af 22040000 		.4byte	.LASF15
 266 00b3 02       		.uleb128 0x2
 267 00b4 01       		.byte	0x1
 268 00b5 08       		.byte	0x8
 269 00b6 3E0B0000 		.4byte	.LASF16
 270 00ba 02       		.uleb128 0x2
 271 00bb 08       		.byte	0x8
 272 00bc 04       		.byte	0x4
 273 00bd 1A0B0000 		.4byte	.LASF17
 274 00c1 02       		.uleb128 0x2
 275 00c2 04       		.byte	0x4
 276 00c3 07       		.byte	0x7
 277 00c4 36080000 		.4byte	.LASF18
 278 00c8 06       		.uleb128 0x6
ARM GAS  C:\Users\YEHUDA~1\AppData\Local\Temp\ccPHRXHe.s 			page 8


 279 00c9 04       		.byte	0x4
 280 00ca 07       		.uleb128 0x7
 281 00cb 01       		.byte	0x1
 282 00cc 37000000 		.4byte	0x37
 283 00d0 05       		.byte	0x5
 284 00d1 3501     		.2byte	0x135
 285 00d3 88020000 		.4byte	0x288
 286 00d7 08       		.uleb128 0x8
 287 00d8 CB050000 		.4byte	.LASF19
 288 00dc 00       		.byte	0
 289 00dd 08       		.uleb128 0x8
 290 00de F8020000 		.4byte	.LASF20
 291 00e2 01       		.byte	0x1
 292 00e3 08       		.uleb128 0x8
 293 00e4 49010000 		.4byte	.LASF21
 294 00e8 02       		.byte	0x2
 295 00e9 08       		.uleb128 0x8
 296 00ea EC0B0000 		.4byte	.LASF22
 297 00ee 03       		.byte	0x3
 298 00ef 08       		.uleb128 0x8
 299 00f0 25020000 		.4byte	.LASF23
 300 00f4 04       		.byte	0x4
 301 00f5 08       		.uleb128 0x8
 302 00f6 FF000000 		.4byte	.LASF24
 303 00fa 05       		.byte	0x5
 304 00fb 08       		.uleb128 0x8
 305 00fc 00060000 		.4byte	.LASF25
 306 0100 06       		.byte	0x6
 307 0101 08       		.uleb128 0x8
 308 0102 33070000 		.4byte	.LASF26
 309 0106 20       		.byte	0x20
 310 0107 08       		.uleb128 0x8
 311 0108 34030000 		.4byte	.LASF27
 312 010c 21       		.byte	0x21
 313 010d 08       		.uleb128 0x8
 314 010e 3F060000 		.4byte	.LASF28
 315 0112 22       		.byte	0x22
 316 0113 08       		.uleb128 0x8
 317 0114 AF060000 		.4byte	.LASF29
 318 0118 23       		.byte	0x23
 319 0119 08       		.uleb128 0x8
 320 011a 20090000 		.4byte	.LASF30
 321 011e 24       		.byte	0x24
 322 011f 08       		.uleb128 0x8
 323 0120 76080000 		.4byte	.LASF31
 324 0124 25       		.byte	0x25
 325 0125 08       		.uleb128 0x8
 326 0126 B9030000 		.4byte	.LASF32
 327 012a 26       		.byte	0x26
 328 012b 08       		.uleb128 0x8
 329 012c 63060000 		.4byte	.LASF33
 330 0130 27       		.byte	0x27
 331 0131 08       		.uleb128 0x8
 332 0132 600B0000 		.4byte	.LASF34
 333 0136 28       		.byte	0x28
 334 0137 08       		.uleb128 0x8
 335 0138 840A0000 		.4byte	.LASF35
ARM GAS  C:\Users\YEHUDA~1\AppData\Local\Temp\ccPHRXHe.s 			page 9


 336 013c 29       		.byte	0x29
 337 013d 08       		.uleb128 0x8
 338 013e 8C000000 		.4byte	.LASF36
 339 0142 2A       		.byte	0x2a
 340 0143 08       		.uleb128 0x8
 341 0144 0B030000 		.4byte	.LASF37
 342 0148 2B       		.byte	0x2b
 343 0149 08       		.uleb128 0x8
 344 014a AB0C0000 		.4byte	.LASF38
 345 014e 2C       		.byte	0x2c
 346 014f 08       		.uleb128 0x8
 347 0150 9D020000 		.4byte	.LASF39
 348 0154 2D       		.byte	0x2d
 349 0155 08       		.uleb128 0x8
 350 0156 040A0000 		.4byte	.LASF40
 351 015a 2E       		.byte	0x2e
 352 015b 08       		.uleb128 0x8
 353 015c D6000000 		.4byte	.LASF41
 354 0160 2F       		.byte	0x2f
 355 0161 08       		.uleb128 0x8
 356 0162 DC080000 		.4byte	.LASF42
 357 0166 30       		.byte	0x30
 358 0167 08       		.uleb128 0x8
 359 0168 0E0D0000 		.4byte	.LASF43
 360 016c 31       		.byte	0x31
 361 016d 08       		.uleb128 0x8
 362 016e BB080000 		.4byte	.LASF44
 363 0172 32       		.byte	0x32
 364 0173 08       		.uleb128 0x8
 365 0174 F30A0000 		.4byte	.LASF45
 366 0178 33       		.byte	0x33
 367 0179 08       		.uleb128 0x8
 368 017a 1B050000 		.4byte	.LASF46
 369 017e 34       		.byte	0x34
 370 017f 08       		.uleb128 0x8
 371 0180 430B0000 		.4byte	.LASF47
 372 0184 35       		.byte	0x35
 373 0185 08       		.uleb128 0x8
 374 0186 82060000 		.4byte	.LASF48
 375 018a 36       		.byte	0x36
 376 018b 08       		.uleb128 0x8
 377 018c 65070000 		.4byte	.LASF49
 378 0190 37       		.byte	0x37
 379 0191 08       		.uleb128 0x8
 380 0192 D90A0000 		.4byte	.LASF50
 381 0196 40       		.byte	0x40
 382 0197 08       		.uleb128 0x8
 383 0198 D5060000 		.4byte	.LASF51
 384 019c 41       		.byte	0x41
 385 019d 08       		.uleb128 0x8
 386 019e 630D0000 		.4byte	.LASF52
 387 01a2 42       		.byte	0x42
 388 01a3 08       		.uleb128 0x8
 389 01a4 050C0000 		.4byte	.LASF53
 390 01a8 43       		.byte	0x43
 391 01a9 08       		.uleb128 0x8
 392 01aa 4D050000 		.4byte	.LASF54
ARM GAS  C:\Users\YEHUDA~1\AppData\Local\Temp\ccPHRXHe.s 			page 10


 393 01ae 44       		.byte	0x44
 394 01af 08       		.uleb128 0x8
 395 01b0 9A090000 		.4byte	.LASF55
 396 01b4 45       		.byte	0x45
 397 01b5 08       		.uleb128 0x8
 398 01b6 15080000 		.4byte	.LASF56
 399 01ba 46       		.byte	0x46
 400 01bb 08       		.uleb128 0x8
 401 01bc E2050000 		.4byte	.LASF57
 402 01c0 47       		.byte	0x47
 403 01c1 08       		.uleb128 0x8
 404 01c2 840C0000 		.4byte	.LASF58
 405 01c6 48       		.byte	0x48
 406 01c7 08       		.uleb128 0x8
 407 01c8 4B030000 		.4byte	.LASF59
 408 01cc 49       		.byte	0x49
 409 01cd 08       		.uleb128 0x8
 410 01ce CE0B0000 		.4byte	.LASF60
 411 01d2 4A       		.byte	0x4a
 412 01d3 08       		.uleb128 0x8
 413 01d4 1B010000 		.4byte	.LASF61
 414 01d8 4B       		.byte	0x4b
 415 01d9 08       		.uleb128 0x8
 416 01da 33050000 		.4byte	.LASF62
 417 01de 4C       		.byte	0x4c
 418 01df 08       		.uleb128 0x8
 419 01e0 A1080000 		.4byte	.LASF63
 420 01e4 4D       		.byte	0x4d
 421 01e5 08       		.uleb128 0x8
 422 01e6 64030000 		.4byte	.LASF64
 423 01ea 4E       		.byte	0x4e
 424 01eb 08       		.uleb128 0x8
 425 01ec 650A0000 		.4byte	.LASF65
 426 01f0 4F       		.byte	0x4f
 427 01f1 08       		.uleb128 0x8
 428 01f2 19060000 		.4byte	.LASF66
 429 01f6 50       		.byte	0x50
 430 01f7 08       		.uleb128 0x8
 431 01f8 03040000 		.4byte	.LASF67
 432 01fc 51       		.byte	0x51
 433 01fd 08       		.uleb128 0x8
 434 01fe 3C090000 		.4byte	.LASF68
 435 0202 52       		.byte	0x52
 436 0203 08       		.uleb128 0x8
 437 0204 320A0000 		.4byte	.LASF69
 438 0208 53       		.byte	0x53
 439 0209 08       		.uleb128 0x8
 440 020a B80A0000 		.4byte	.LASF70
 441 020e 54       		.byte	0x54
 442 020f 08       		.uleb128 0x8
 443 0210 6B050000 		.4byte	.LASF71
 444 0214 55       		.byte	0x55
 445 0215 08       		.uleb128 0x8
 446 0216 BB040000 		.4byte	.LASF72
 447 021a 56       		.byte	0x56
 448 021b 08       		.uleb128 0x8
 449 021c 820B0000 		.4byte	.LASF73
ARM GAS  C:\Users\YEHUDA~1\AppData\Local\Temp\ccPHRXHe.s 			page 11


 450 0220 57       		.byte	0x57
 451 0221 08       		.uleb128 0x8
 452 0222 8F050000 		.4byte	.LASF74
 453 0226 58       		.byte	0x58
 454 0227 08       		.uleb128 0x8
 455 0228 6C020000 		.4byte	.LASF75
 456 022c 70       		.byte	0x70
 457 022d 08       		.uleb128 0x8
 458 022e E80C0000 		.4byte	.LASF76
 459 0232 71       		.byte	0x71
 460 0233 08       		.uleb128 0x8
 461 0234 F6060000 		.4byte	.LASF77
 462 0238 72       		.byte	0x72
 463 0239 08       		.uleb128 0x8
 464 023a F7070000 		.4byte	.LASF78
 465 023e 73       		.byte	0x73
 466 023f 08       		.uleb128 0x8
 467 0240 7C090000 		.4byte	.LASF79
 468 0244 74       		.byte	0x74
 469 0245 08       		.uleb128 0x8
 470 0246 29040000 		.4byte	.LASF80
 471 024a 75       		.byte	0x75
 472 024b 08       		.uleb128 0x8
 473 024c B5000000 		.4byte	.LASF81
 474 0250 76       		.byte	0x76
 475 0251 08       		.uleb128 0x8
 476 0252 3D000000 		.4byte	.LASF82
 477 0256 77       		.byte	0x77
 478 0257 08       		.uleb128 0x8
 479 0258 00000000 		.4byte	.LASF83
 480 025c 78       		.byte	0x78
 481 025d 08       		.uleb128 0x8
 482 025e AB0B0000 		.4byte	.LASF84
 483 0262 79       		.byte	0x79
 484 0263 08       		.uleb128 0x8
 485 0264 79040000 		.4byte	.LASF85
 486 0268 7A       		.byte	0x7a
 487 0269 08       		.uleb128 0x8
 488 026a 3A020000 		.4byte	.LASF86
 489 026e FA       		.byte	0xfa
 490 026f 08       		.uleb128 0x8
 491 0270 EA040000 		.4byte	.LASF87
 492 0274 FB       		.byte	0xfb
 493 0275 08       		.uleb128 0x8
 494 0276 530A0000 		.4byte	.LASF88
 495 027a FC       		.byte	0xfc
 496 027b 08       		.uleb128 0x8
 497 027c 260B0000 		.4byte	.LASF89
 498 0280 FD       		.byte	0xfd
 499 0281 08       		.uleb128 0x8
 500 0282 60040000 		.4byte	.LASF90
 501 0286 FF       		.byte	0xff
 502 0287 00       		.byte	0
 503 0288 09       		.uleb128 0x9
 504 0289 07       		.byte	0x7
 505 028a 05       		.byte	0x5
 506 028b 2A05     		.2byte	0x52a
ARM GAS  C:\Users\YEHUDA~1\AppData\Local\Temp\ccPHRXHe.s 			page 12


 507 028d AC020000 		.4byte	0x2ac
 508 0291 0A       		.uleb128 0xa
 509 0292 38060000 		.4byte	.LASF91
 510 0296 05       		.byte	0x5
 511 0297 2D05     		.2byte	0x52d
 512 0299 AC020000 		.4byte	0x2ac
 513 029d 00       		.byte	0
 514 029e 0A       		.uleb128 0xa
 515 029f 44010000 		.4byte	.LASF92
 516 02a3 05       		.byte	0x5
 517 02a4 2F05     		.2byte	0x52f
 518 02a6 81000000 		.4byte	0x81
 519 02aa 06       		.byte	0x6
 520 02ab 00       		.byte	0
 521 02ac 0B       		.uleb128 0xb
 522 02ad 81000000 		.4byte	0x81
 523 02b1 BC020000 		.4byte	0x2bc
 524 02b5 0C       		.uleb128 0xc
 525 02b6 C1000000 		.4byte	0xc1
 526 02ba 05       		.byte	0x5
 527 02bb 00       		.byte	0
 528 02bc 05       		.uleb128 0x5
 529 02bd 58020000 		.4byte	.LASF93
 530 02c1 05       		.byte	0x5
 531 02c2 3005     		.2byte	0x530
 532 02c4 88020000 		.4byte	0x288
 533 02c8 0D       		.uleb128 0xd
 534 02c9 04       		.byte	0x4
 535 02ca 81000000 		.4byte	0x81
 536 02ce 09       		.uleb128 0x9
 537 02cf 1D       		.byte	0x1d
 538 02d0 06       		.byte	0x6
 539 02d1 F101     		.2byte	0x1f1
 540 02d3 F2020000 		.4byte	0x2f2
 541 02d7 0A       		.uleb128 0xa
 542 02d8 23000000 		.4byte	.LASF94
 543 02dc 06       		.byte	0x6
 544 02dd F401     		.2byte	0x1f4
 545 02df 81000000 		.4byte	0x81
 546 02e3 00       		.byte	0
 547 02e4 0A       		.uleb128 0xa
 548 02e5 E4090000 		.4byte	.LASF95
 549 02e9 06       		.byte	0x6
 550 02ea F901     		.2byte	0x1f9
 551 02ec F2020000 		.4byte	0x2f2
 552 02f0 01       		.byte	0x1
 553 02f1 00       		.byte	0
 554 02f2 0B       		.uleb128 0xb
 555 02f3 BC020000 		.4byte	0x2bc
 556 02f7 02030000 		.4byte	0x302
 557 02fb 0C       		.uleb128 0xc
 558 02fc C1000000 		.4byte	0xc1
 559 0300 03       		.byte	0x3
 560 0301 00       		.byte	0
 561 0302 05       		.uleb128 0x5
 562 0303 12070000 		.4byte	.LASF96
 563 0307 06       		.byte	0x6
ARM GAS  C:\Users\YEHUDA~1\AppData\Local\Temp\ccPHRXHe.s 			page 13


 564 0308 FB01     		.2byte	0x1fb
 565 030a CE020000 		.4byte	0x2ce
 566 030e 05       		.uleb128 0x5
 567 030f 320D0000 		.4byte	.LASF97
 568 0313 07       		.byte	0x7
 569 0314 8901     		.2byte	0x189
 570 0316 8D000000 		.4byte	0x8d
 571 031a 09       		.uleb128 0x9
 572 031b 02       		.byte	0x2
 573 031c 07       		.byte	0x7
 574 031d 9301     		.2byte	0x193
 575 031f 3E030000 		.4byte	0x33e
 576 0323 0A       		.uleb128 0xa
 577 0324 CF0C0000 		.4byte	.LASF98
 578 0328 07       		.byte	0x7
 579 0329 9A01     		.2byte	0x19a
 580 032b 81000000 		.4byte	0x81
 581 032f 00       		.byte	0
 582 0330 0A       		.uleb128 0xa
 583 0331 F0060000 		.4byte	.LASF99
 584 0335 07       		.byte	0x7
 585 0336 A001     		.2byte	0x1a0
 586 0338 81000000 		.4byte	0x81
 587 033c 01       		.byte	0x1
 588 033d 00       		.byte	0
 589 033e 05       		.uleb128 0x5
 590 033f 5C000000 		.4byte	.LASF100
 591 0343 07       		.byte	0x7
 592 0344 A201     		.2byte	0x1a2
 593 0346 1A030000 		.4byte	0x31a
 594 034a 09       		.uleb128 0x9
 595 034b 08       		.byte	0x8
 596 034c 07       		.byte	0x7
 597 034d BE01     		.2byte	0x1be
 598 034f 7B030000 		.4byte	0x37b
 599 0353 0E       		.uleb128 0xe
 600 0354 76616C00 		.ascii	"val\000"
 601 0358 07       		.byte	0x7
 602 0359 C101     		.2byte	0x1c1
 603 035b C8020000 		.4byte	0x2c8
 604 035f 00       		.byte	0
 605 0360 0E       		.uleb128 0xe
 606 0361 6C656E00 		.ascii	"len\000"
 607 0365 07       		.byte	0x7
 608 0366 C401     		.2byte	0x1c4
 609 0368 8D000000 		.4byte	0x8d
 610 036c 04       		.byte	0x4
 611 036d 0A       		.uleb128 0xa
 612 036e 2A030000 		.4byte	.LASF101
 613 0372 07       		.byte	0x7
 614 0373 CB01     		.2byte	0x1cb
 615 0375 8D000000 		.4byte	0x8d
 616 0379 06       		.byte	0x6
 617 037a 00       		.byte	0
 618 037b 05       		.uleb128 0x5
 619 037c 12020000 		.4byte	.LASF102
 620 0380 07       		.byte	0x7
ARM GAS  C:\Users\YEHUDA~1\AppData\Local\Temp\ccPHRXHe.s 			page 14


 621 0381 CD01     		.2byte	0x1cd
 622 0383 4A030000 		.4byte	0x34a
 623 0387 09       		.uleb128 0x9
 624 0388 0C       		.byte	0xc
 625 0389 07       		.byte	0x7
 626 038a D001     		.2byte	0x1d0
 627 038c AB030000 		.4byte	0x3ab
 628 0390 0A       		.uleb128 0xa
 629 0391 A10A0000 		.4byte	.LASF103
 630 0395 07       		.byte	0x7
 631 0396 D301     		.2byte	0x1d3
 632 0398 7B030000 		.4byte	0x37b
 633 039c 00       		.byte	0
 634 039d 0A       		.uleb128 0xa
 635 039e 9D040000 		.4byte	.LASF104
 636 03a2 07       		.byte	0x7
 637 03a3 D601     		.2byte	0x1d6
 638 03a5 0E030000 		.4byte	0x30e
 639 03a9 08       		.byte	0x8
 640 03aa 00       		.byte	0
 641 03ab 05       		.uleb128 0x5
 642 03ac 5D090000 		.4byte	.LASF105
 643 03b0 07       		.byte	0x7
 644 03b1 D801     		.2byte	0x1d8
 645 03b3 87030000 		.4byte	0x387
 646 03b7 0F       		.uleb128 0xf
 647 03b8 10       		.byte	0x10
 648 03b9 08       		.byte	0x8
 649 03ba 8A       		.byte	0x8a
 650 03bb D8030000 		.4byte	0x3d8
 651 03bf 10       		.uleb128 0x10
 652 03c0 70000000 		.4byte	.LASF106
 653 03c4 08       		.byte	0x8
 654 03c5 8D       		.byte	0x8d
 655 03c6 3E030000 		.4byte	0x33e
 656 03ca 00       		.byte	0
 657 03cb 10       		.uleb128 0x10
 658 03cc 57070000 		.4byte	.LASF107
 659 03d0 08       		.byte	0x8
 660 03d1 90       		.byte	0x90
 661 03d2 AB030000 		.4byte	0x3ab
 662 03d6 04       		.byte	0x4
 663 03d7 00       		.byte	0
 664 03d8 03       		.uleb128 0x3
 665 03d9 3F080000 		.4byte	.LASF108
 666 03dd 08       		.byte	0x8
 667 03de 92       		.byte	0x92
 668 03df B7030000 		.4byte	0x3b7
 669 03e3 0F       		.uleb128 0xf
 670 03e4 04       		.byte	0x4
 671 03e5 09       		.byte	0x9
 672 03e6 46       		.byte	0x46
 673 03e7 04040000 		.4byte	0x404
 674 03eb 10       		.uleb128 0x10
 675 03ec 4E0D0000 		.4byte	.LASF109
 676 03f0 09       		.byte	0x9
 677 03f1 49       		.byte	0x49
ARM GAS  C:\Users\YEHUDA~1\AppData\Local\Temp\ccPHRXHe.s 			page 15


 678 03f2 0E030000 		.4byte	0x30e
 679 03f6 00       		.byte	0
 680 03f7 10       		.uleb128 0x10
 681 03f8 810D0000 		.4byte	.LASF110
 682 03fc 09       		.byte	0x9
 683 03fd 4B       		.byte	0x4b
 684 03fe 04040000 		.4byte	0x404
 685 0402 02       		.byte	0x2
 686 0403 00       		.byte	0
 687 0404 0B       		.uleb128 0xb
 688 0405 0E030000 		.4byte	0x30e
 689 0409 14040000 		.4byte	0x414
 690 040d 0C       		.uleb128 0xc
 691 040e C1000000 		.4byte	0xc1
 692 0412 00       		.byte	0
 693 0413 00       		.byte	0
 694 0414 03       		.uleb128 0x3
 695 0415 EE030000 		.4byte	.LASF111
 696 0419 09       		.byte	0x9
 697 041a 4D       		.byte	0x4d
 698 041b E3030000 		.4byte	0x3e3
 699 041f 0F       		.uleb128 0xf
 700 0420 0A       		.byte	0xa
 701 0421 09       		.byte	0x9
 702 0422 50       		.byte	0x50
 703 0423 40040000 		.4byte	0x440
 704 0427 10       		.uleb128 0x10
 705 0428 A70A0000 		.4byte	.LASF112
 706 042c 09       		.byte	0x9
 707 042d 53       		.byte	0x53
 708 042e 0E030000 		.4byte	0x30e
 709 0432 00       		.byte	0
 710 0433 10       		.uleb128 0x10
 711 0434 4A040000 		.4byte	.LASF113
 712 0438 09       		.byte	0x9
 713 0439 56       		.byte	0x56
 714 043a 40040000 		.4byte	0x440
 715 043e 02       		.byte	0x2
 716 043f 00       		.byte	0
 717 0440 0B       		.uleb128 0xb
 718 0441 14040000 		.4byte	0x414
 719 0445 50040000 		.4byte	0x450
 720 0449 0C       		.uleb128 0xc
 721 044a C1000000 		.4byte	0xc1
 722 044e 01       		.byte	0x1
 723 044f 00       		.byte	0
 724 0450 03       		.uleb128 0x3
 725 0451 D80C0000 		.4byte	.LASF114
 726 0455 09       		.byte	0x9
 727 0456 58       		.byte	0x58
 728 0457 1F040000 		.4byte	0x41f
 729 045b 07       		.uleb128 0x7
 730 045c 01       		.byte	0x1
 731 045d 37000000 		.4byte	0x37
 732 0461 0A       		.byte	0xa
 733 0462 5A08     		.2byte	0x85a
 734 0464 87040000 		.4byte	0x487
ARM GAS  C:\Users\YEHUDA~1\AppData\Local\Temp\ccPHRXHe.s 			page 16


 735 0468 08       		.uleb128 0x8
 736 0469 29000000 		.4byte	.LASF115
 737 046d 00       		.byte	0
 738 046e 08       		.uleb128 0x8
 739 046f 5D080000 		.4byte	.LASF116
 740 0473 01       		.byte	0x1
 741 0474 08       		.uleb128 0x8
 742 0475 5A0C0000 		.4byte	.LASF117
 743 0479 02       		.byte	0x2
 744 047a 08       		.uleb128 0x8
 745 047b C6020000 		.4byte	.LASF118
 746 047f 03       		.byte	0x3
 747 0480 08       		.uleb128 0x8
 748 0481 A0030000 		.4byte	.LASF119
 749 0485 04       		.byte	0x4
 750 0486 00       		.byte	0
 751 0487 05       		.uleb128 0x5
 752 0488 440C0000 		.4byte	.LASF120
 753 048c 0A       		.byte	0xa
 754 048d 6808     		.2byte	0x868
 755 048f 5B040000 		.4byte	0x45b
 756 0493 11       		.uleb128 0x11
 757 0494 FD080000 		.4byte	.LASF137
 758 0498 01       		.byte	0x1
 759 0499 25       		.byte	0x25
 760 049a 00000000 		.4byte	.LFB35
 761 049e 94000000 		.4byte	.LFE35-.LFB35
 762 04a2 01       		.uleb128 0x1
 763 04a3 9C       		.byte	0x9c
 764 04a4 62050000 		.4byte	0x562
 765 04a8 12       		.uleb128 0x12
 766 04a9 B2050000 		.4byte	.LASF121
 767 04ad 01       		.byte	0x1
 768 04ae 25       		.byte	0x25
 769 04af 99000000 		.4byte	0x99
 770 04b3 00000000 		.4byte	.LLST0
 771 04b7 12       		.uleb128 0x12
 772 04b8 230C0000 		.4byte	.LASF122
 773 04bc 01       		.byte	0x1
 774 04bd 25       		.byte	0x25
 775 04be C8000000 		.4byte	0xc8
 776 04c2 85000000 		.4byte	.LLST1
 777 04c6 13       		.uleb128 0x13
 778 04c7 6E040000 		.4byte	.LASF138
 779 04cb 01       		.byte	0x1
 780 04cc 27       		.byte	0x27
 781 04cd 62050000 		.4byte	0x562
 782 04d1 0A010000 		.4byte	.LLST2
 783 04d5 14       		.uleb128 0x14
 784 04d6 22000000 		.4byte	.LVL2
 785 04da F9050000 		.4byte	0x5f9
 786 04de E8040000 		.4byte	0x4e8
 787 04e2 15       		.uleb128 0x15
 788 04e3 01       		.uleb128 0x1
 789 04e4 50       		.byte	0x50
 790 04e5 01       		.uleb128 0x1
 791 04e6 30       		.byte	0x30
ARM GAS  C:\Users\YEHUDA~1\AppData\Local\Temp\ccPHRXHe.s 			page 17


 792 04e7 00       		.byte	0
 793 04e8 14       		.uleb128 0x14
 794 04e9 2A000000 		.4byte	.LVL5
 795 04ed F9050000 		.4byte	0x5f9
 796 04f1 FB040000 		.4byte	0x4fb
 797 04f5 15       		.uleb128 0x15
 798 04f6 01       		.uleb128 0x1
 799 04f7 50       		.byte	0x50
 800 04f8 01       		.uleb128 0x1
 801 04f9 30       		.byte	0x30
 802 04fa 00       		.byte	0
 803 04fb 14       		.uleb128 0x14
 804 04fc 3A000000 		.4byte	.LVL8
 805 0500 F9050000 		.4byte	0x5f9
 806 0504 0E050000 		.4byte	0x50e
 807 0508 15       		.uleb128 0x15
 808 0509 01       		.uleb128 0x1
 809 050a 50       		.byte	0x50
 810 050b 01       		.uleb128 0x1
 811 050c 30       		.byte	0x30
 812 050d 00       		.byte	0
 813 050e 14       		.uleb128 0x14
 814 050f 44000000 		.4byte	.LVL11
 815 0513 05060000 		.4byte	0x605
 816 0517 2A050000 		.4byte	0x52a
 817 051b 15       		.uleb128 0x15
 818 051c 01       		.uleb128 0x1
 819 051d 50       		.byte	0x50
 820 051e 05       		.uleb128 0x5
 821 051f 03       		.byte	0x3
 822 0520 00000000 		.4byte	connectionHandle
 823 0524 15       		.uleb128 0x15
 824 0525 01       		.uleb128 0x1
 825 0526 52       		.byte	0x52
 826 0527 01       		.uleb128 0x1
 827 0528 32       		.byte	0x32
 828 0529 00       		.byte	0
 829 052a 14       		.uleb128 0x14
 830 052b 4A000000 		.4byte	.LVL12
 831 052f 0E060000 		.4byte	0x60e
 832 0533 41050000 		.4byte	0x541
 833 0537 15       		.uleb128 0x15
 834 0538 01       		.uleb128 0x1
 835 0539 50       		.byte	0x50
 836 053a 05       		.uleb128 0x5
 837 053b 03       		.byte	0x3
 838 053c 00000000 		.4byte	Peer_Addr1
 839 0540 00       		.byte	0
 840 0541 14       		.uleb128 0x14
 841 0542 6A000000 		.4byte	.LVL16
 842 0546 1A060000 		.4byte	0x61a
 843 054a 58050000 		.4byte	0x558
 844 054e 15       		.uleb128 0x15
 845 054f 01       		.uleb128 0x1
 846 0550 50       		.byte	0x50
 847 0551 05       		.uleb128 0x5
 848 0552 03       		.byte	0x3
ARM GAS  C:\Users\YEHUDA~1\AppData\Local\Temp\ccPHRXHe.s 			page 18


 849 0553 00000000 		.4byte	.LC4
 850 0557 00       		.byte	0
 851 0558 16       		.uleb128 0x16
 852 0559 78000000 		.4byte	.LVL17
 853 055d 25060000 		.4byte	0x625
 854 0561 00       		.byte	0
 855 0562 0D       		.uleb128 0xd
 856 0563 04       		.byte	0x4
 857 0564 D8030000 		.4byte	0x3d8
 858 0568 0B       		.uleb128 0xb
 859 0569 78050000 		.4byte	0x578
 860 056d 78050000 		.4byte	0x578
 861 0571 0C       		.uleb128 0xc
 862 0572 C1000000 		.4byte	0xc1
 863 0576 00       		.byte	0
 864 0577 00       		.byte	0
 865 0578 17       		.uleb128 0x17
 866 0579 50040000 		.4byte	0x450
 867 057d 18       		.uleb128 0x18
 868 057e 360C0000 		.4byte	.LASF123
 869 0582 09       		.byte	0x9
 870 0583 97       		.byte	0x97
 871 0584 88050000 		.4byte	0x588
 872 0588 17       		.uleb128 0x17
 873 0589 68050000 		.4byte	0x568
 874 058d 19       		.uleb128 0x19
 875 058e A3060000 		.4byte	.LASF124
 876 0592 0A       		.byte	0xa
 877 0593 B30A     		.2byte	0xab3
 878 0595 87040000 		.4byte	0x487
 879 0599 19       		.uleb128 0x19
 880 059a 90080000 		.4byte	.LASF125
 881 059e 0A       		.byte	0xa
 882 059f B40A     		.2byte	0xab4
 883 05a1 3E030000 		.4byte	0x33e
 884 05a5 1A       		.uleb128 0x1a
 885 05a6 7B000000 		.4byte	.LASF126
 886 05aa 01       		.byte	0x1
 887 05ab 12       		.byte	0x12
 888 05ac 3E030000 		.4byte	0x33e
 889 05b0 05       		.uleb128 0x5
 890 05b1 03       		.byte	0x3
 891 05b2 00000000 		.4byte	connectionHandle
 892 05b6 1A       		.uleb128 0x1a
 893 05b7 10090000 		.4byte	.LASF127
 894 05bb 01       		.byte	0x1
 895 05bc 13       		.byte	0x13
 896 05bd 81000000 		.4byte	0x81
 897 05c1 05       		.uleb128 0x5
 898 05c2 03       		.byte	0x3
 899 05c3 00000000 		.4byte	deviceConnected
 900 05c7 1A       		.uleb128 0x1a
 901 05c8 92020000 		.4byte	.LASF128
 902 05cc 01       		.byte	0x1
 903 05cd 14       		.byte	0x14
 904 05ce 02030000 		.4byte	0x302
 905 05d2 05       		.uleb128 0x5
ARM GAS  C:\Users\YEHUDA~1\AppData\Local\Temp\ccPHRXHe.s 			page 19


 906 05d3 03       		.byte	0x3
 907 05d4 00000000 		.4byte	Peer_Addr1
 908 05d8 0B       		.uleb128 0xb
 909 05d9 76000000 		.4byte	0x76
 910 05dd E8050000 		.4byte	0x5e8
 911 05e1 0C       		.uleb128 0xc
 912 05e2 C1000000 		.4byte	0xc1
 913 05e6 01       		.byte	0x1
 914 05e7 00       		.byte	0
 915 05e8 1A       		.uleb128 0x1a
 916 05e9 F2010000 		.4byte	.LASF129
 917 05ed 01       		.byte	0x1
 918 05ee 16       		.byte	0x16
 919 05ef D8050000 		.4byte	0x5d8
 920 05f3 05       		.uleb128 0x5
 921 05f4 03       		.byte	0x3
 922 05f5 00000000 		.4byte	password
 923 05f9 1B       		.uleb128 0x1b
 924 05fa C7090000 		.4byte	.LASF130
 925 05fe C7090000 		.4byte	.LASF130
 926 0602 0B       		.byte	0xb
 927 0603 8202     		.2byte	0x282
 928 0605 1C       		.uleb128 0x1c
 929 0606 E1030000 		.4byte	.LASF139
 930 060a E1030000 		.4byte	.LASF139
 931 060e 1B       		.uleb128 0x1b
 932 060f 82030000 		.4byte	.LASF131
 933 0613 82030000 		.4byte	.LASF131
 934 0617 06       		.byte	0x6
 935 0618 1309     		.2byte	0x913
 936 061a 1D       		.uleb128 0x1d
 937 061b 2E0C0000 		.4byte	.LASF132
 938 061f 2E0C0000 		.4byte	.LASF132
 939 0623 0C       		.byte	0xc
 940 0624 08       		.byte	0x8
 941 0625 1B       		.uleb128 0x1b
 942 0626 700C0000 		.4byte	.LASF133
 943 062a 700C0000 		.4byte	.LASF133
 944 062e 08       		.byte	0x8
 945 062f C201     		.2byte	0x1c2
 946 0631 00       		.byte	0
 947              		.section	.debug_abbrev,"",%progbits
 948              	.Ldebug_abbrev0:
 949 0000 01       		.uleb128 0x1
 950 0001 11       		.uleb128 0x11
 951 0002 01       		.byte	0x1
 952 0003 25       		.uleb128 0x25
 953 0004 0E       		.uleb128 0xe
 954 0005 13       		.uleb128 0x13
 955 0006 0B       		.uleb128 0xb
 956 0007 03       		.uleb128 0x3
 957 0008 0E       		.uleb128 0xe
 958 0009 1B       		.uleb128 0x1b
 959 000a 0E       		.uleb128 0xe
 960 000b 55       		.uleb128 0x55
 961 000c 17       		.uleb128 0x17
 962 000d 11       		.uleb128 0x11
ARM GAS  C:\Users\YEHUDA~1\AppData\Local\Temp\ccPHRXHe.s 			page 20


 963 000e 01       		.uleb128 0x1
 964 000f 10       		.uleb128 0x10
 965 0010 17       		.uleb128 0x17
 966 0011 00       		.byte	0
 967 0012 00       		.byte	0
 968 0013 02       		.uleb128 0x2
 969 0014 24       		.uleb128 0x24
 970 0015 00       		.byte	0
 971 0016 0B       		.uleb128 0xb
 972 0017 0B       		.uleb128 0xb
 973 0018 3E       		.uleb128 0x3e
 974 0019 0B       		.uleb128 0xb
 975 001a 03       		.uleb128 0x3
 976 001b 0E       		.uleb128 0xe
 977 001c 00       		.byte	0
 978 001d 00       		.byte	0
 979 001e 03       		.uleb128 0x3
 980 001f 16       		.uleb128 0x16
 981 0020 00       		.byte	0
 982 0021 03       		.uleb128 0x3
 983 0022 0E       		.uleb128 0xe
 984 0023 3A       		.uleb128 0x3a
 985 0024 0B       		.uleb128 0xb
 986 0025 3B       		.uleb128 0x3b
 987 0026 0B       		.uleb128 0xb
 988 0027 49       		.uleb128 0x49
 989 0028 13       		.uleb128 0x13
 990 0029 00       		.byte	0
 991 002a 00       		.byte	0
 992 002b 04       		.uleb128 0x4
 993 002c 24       		.uleb128 0x24
 994 002d 00       		.byte	0
 995 002e 0B       		.uleb128 0xb
 996 002f 0B       		.uleb128 0xb
 997 0030 3E       		.uleb128 0x3e
 998 0031 0B       		.uleb128 0xb
 999 0032 03       		.uleb128 0x3
 1000 0033 08       		.uleb128 0x8
 1001 0034 00       		.byte	0
 1002 0035 00       		.byte	0
 1003 0036 05       		.uleb128 0x5
 1004 0037 16       		.uleb128 0x16
 1005 0038 00       		.byte	0
 1006 0039 03       		.uleb128 0x3
 1007 003a 0E       		.uleb128 0xe
 1008 003b 3A       		.uleb128 0x3a
 1009 003c 0B       		.uleb128 0xb
 1010 003d 3B       		.uleb128 0x3b
 1011 003e 05       		.uleb128 0x5
 1012 003f 49       		.uleb128 0x49
 1013 0040 13       		.uleb128 0x13
 1014 0041 00       		.byte	0
 1015 0042 00       		.byte	0
 1016 0043 06       		.uleb128 0x6
 1017 0044 0F       		.uleb128 0xf
 1018 0045 00       		.byte	0
 1019 0046 0B       		.uleb128 0xb
ARM GAS  C:\Users\YEHUDA~1\AppData\Local\Temp\ccPHRXHe.s 			page 21


 1020 0047 0B       		.uleb128 0xb
 1021 0048 00       		.byte	0
 1022 0049 00       		.byte	0
 1023 004a 07       		.uleb128 0x7
 1024 004b 04       		.uleb128 0x4
 1025 004c 01       		.byte	0x1
 1026 004d 0B       		.uleb128 0xb
 1027 004e 0B       		.uleb128 0xb
 1028 004f 49       		.uleb128 0x49
 1029 0050 13       		.uleb128 0x13
 1030 0051 3A       		.uleb128 0x3a
 1031 0052 0B       		.uleb128 0xb
 1032 0053 3B       		.uleb128 0x3b
 1033 0054 05       		.uleb128 0x5
 1034 0055 01       		.uleb128 0x1
 1035 0056 13       		.uleb128 0x13
 1036 0057 00       		.byte	0
 1037 0058 00       		.byte	0
 1038 0059 08       		.uleb128 0x8
 1039 005a 28       		.uleb128 0x28
 1040 005b 00       		.byte	0
 1041 005c 03       		.uleb128 0x3
 1042 005d 0E       		.uleb128 0xe
 1043 005e 1C       		.uleb128 0x1c
 1044 005f 0B       		.uleb128 0xb
 1045 0060 00       		.byte	0
 1046 0061 00       		.byte	0
 1047 0062 09       		.uleb128 0x9
 1048 0063 13       		.uleb128 0x13
 1049 0064 01       		.byte	0x1
 1050 0065 0B       		.uleb128 0xb
 1051 0066 0B       		.uleb128 0xb
 1052 0067 3A       		.uleb128 0x3a
 1053 0068 0B       		.uleb128 0xb
 1054 0069 3B       		.uleb128 0x3b
 1055 006a 05       		.uleb128 0x5
 1056 006b 01       		.uleb128 0x1
 1057 006c 13       		.uleb128 0x13
 1058 006d 00       		.byte	0
 1059 006e 00       		.byte	0
 1060 006f 0A       		.uleb128 0xa
 1061 0070 0D       		.uleb128 0xd
 1062 0071 00       		.byte	0
 1063 0072 03       		.uleb128 0x3
 1064 0073 0E       		.uleb128 0xe
 1065 0074 3A       		.uleb128 0x3a
 1066 0075 0B       		.uleb128 0xb
 1067 0076 3B       		.uleb128 0x3b
 1068 0077 05       		.uleb128 0x5
 1069 0078 49       		.uleb128 0x49
 1070 0079 13       		.uleb128 0x13
 1071 007a 38       		.uleb128 0x38
 1072 007b 0B       		.uleb128 0xb
 1073 007c 00       		.byte	0
 1074 007d 00       		.byte	0
 1075 007e 0B       		.uleb128 0xb
 1076 007f 01       		.uleb128 0x1
ARM GAS  C:\Users\YEHUDA~1\AppData\Local\Temp\ccPHRXHe.s 			page 22


 1077 0080 01       		.byte	0x1
 1078 0081 49       		.uleb128 0x49
 1079 0082 13       		.uleb128 0x13
 1080 0083 01       		.uleb128 0x1
 1081 0084 13       		.uleb128 0x13
 1082 0085 00       		.byte	0
 1083 0086 00       		.byte	0
 1084 0087 0C       		.uleb128 0xc
 1085 0088 21       		.uleb128 0x21
 1086 0089 00       		.byte	0
 1087 008a 49       		.uleb128 0x49
 1088 008b 13       		.uleb128 0x13
 1089 008c 2F       		.uleb128 0x2f
 1090 008d 0B       		.uleb128 0xb
 1091 008e 00       		.byte	0
 1092 008f 00       		.byte	0
 1093 0090 0D       		.uleb128 0xd
 1094 0091 0F       		.uleb128 0xf
 1095 0092 00       		.byte	0
 1096 0093 0B       		.uleb128 0xb
 1097 0094 0B       		.uleb128 0xb
 1098 0095 49       		.uleb128 0x49
 1099 0096 13       		.uleb128 0x13
 1100 0097 00       		.byte	0
 1101 0098 00       		.byte	0
 1102 0099 0E       		.uleb128 0xe
 1103 009a 0D       		.uleb128 0xd
 1104 009b 00       		.byte	0
 1105 009c 03       		.uleb128 0x3
 1106 009d 08       		.uleb128 0x8
 1107 009e 3A       		.uleb128 0x3a
 1108 009f 0B       		.uleb128 0xb
 1109 00a0 3B       		.uleb128 0x3b
 1110 00a1 05       		.uleb128 0x5
 1111 00a2 49       		.uleb128 0x49
 1112 00a3 13       		.uleb128 0x13
 1113 00a4 38       		.uleb128 0x38
 1114 00a5 0B       		.uleb128 0xb
 1115 00a6 00       		.byte	0
 1116 00a7 00       		.byte	0
 1117 00a8 0F       		.uleb128 0xf
 1118 00a9 13       		.uleb128 0x13
 1119 00aa 01       		.byte	0x1
 1120 00ab 0B       		.uleb128 0xb
 1121 00ac 0B       		.uleb128 0xb
 1122 00ad 3A       		.uleb128 0x3a
 1123 00ae 0B       		.uleb128 0xb
 1124 00af 3B       		.uleb128 0x3b
 1125 00b0 0B       		.uleb128 0xb
 1126 00b1 01       		.uleb128 0x1
 1127 00b2 13       		.uleb128 0x13
 1128 00b3 00       		.byte	0
 1129 00b4 00       		.byte	0
 1130 00b5 10       		.uleb128 0x10
 1131 00b6 0D       		.uleb128 0xd
 1132 00b7 00       		.byte	0
 1133 00b8 03       		.uleb128 0x3
ARM GAS  C:\Users\YEHUDA~1\AppData\Local\Temp\ccPHRXHe.s 			page 23


 1134 00b9 0E       		.uleb128 0xe
 1135 00ba 3A       		.uleb128 0x3a
 1136 00bb 0B       		.uleb128 0xb
 1137 00bc 3B       		.uleb128 0x3b
 1138 00bd 0B       		.uleb128 0xb
 1139 00be 49       		.uleb128 0x49
 1140 00bf 13       		.uleb128 0x13
 1141 00c0 38       		.uleb128 0x38
 1142 00c1 0B       		.uleb128 0xb
 1143 00c2 00       		.byte	0
 1144 00c3 00       		.byte	0
 1145 00c4 11       		.uleb128 0x11
 1146 00c5 2E       		.uleb128 0x2e
 1147 00c6 01       		.byte	0x1
 1148 00c7 3F       		.uleb128 0x3f
 1149 00c8 19       		.uleb128 0x19
 1150 00c9 03       		.uleb128 0x3
 1151 00ca 0E       		.uleb128 0xe
 1152 00cb 3A       		.uleb128 0x3a
 1153 00cc 0B       		.uleb128 0xb
 1154 00cd 3B       		.uleb128 0x3b
 1155 00ce 0B       		.uleb128 0xb
 1156 00cf 27       		.uleb128 0x27
 1157 00d0 19       		.uleb128 0x19
 1158 00d1 11       		.uleb128 0x11
 1159 00d2 01       		.uleb128 0x1
 1160 00d3 12       		.uleb128 0x12
 1161 00d4 06       		.uleb128 0x6
 1162 00d5 40       		.uleb128 0x40
 1163 00d6 18       		.uleb128 0x18
 1164 00d7 9742     		.uleb128 0x2117
 1165 00d9 19       		.uleb128 0x19
 1166 00da 01       		.uleb128 0x1
 1167 00db 13       		.uleb128 0x13
 1168 00dc 00       		.byte	0
 1169 00dd 00       		.byte	0
 1170 00de 12       		.uleb128 0x12
 1171 00df 05       		.uleb128 0x5
 1172 00e0 00       		.byte	0
 1173 00e1 03       		.uleb128 0x3
 1174 00e2 0E       		.uleb128 0xe
 1175 00e3 3A       		.uleb128 0x3a
 1176 00e4 0B       		.uleb128 0xb
 1177 00e5 3B       		.uleb128 0x3b
 1178 00e6 0B       		.uleb128 0xb
 1179 00e7 49       		.uleb128 0x49
 1180 00e8 13       		.uleb128 0x13
 1181 00e9 02       		.uleb128 0x2
 1182 00ea 17       		.uleb128 0x17
 1183 00eb 00       		.byte	0
 1184 00ec 00       		.byte	0
 1185 00ed 13       		.uleb128 0x13
 1186 00ee 34       		.uleb128 0x34
 1187 00ef 00       		.byte	0
 1188 00f0 03       		.uleb128 0x3
 1189 00f1 0E       		.uleb128 0xe
 1190 00f2 3A       		.uleb128 0x3a
ARM GAS  C:\Users\YEHUDA~1\AppData\Local\Temp\ccPHRXHe.s 			page 24


 1191 00f3 0B       		.uleb128 0xb
 1192 00f4 3B       		.uleb128 0x3b
 1193 00f5 0B       		.uleb128 0xb
 1194 00f6 49       		.uleb128 0x49
 1195 00f7 13       		.uleb128 0x13
 1196 00f8 02       		.uleb128 0x2
 1197 00f9 17       		.uleb128 0x17
 1198 00fa 00       		.byte	0
 1199 00fb 00       		.byte	0
 1200 00fc 14       		.uleb128 0x14
 1201 00fd 898201   		.uleb128 0x4109
 1202 0100 01       		.byte	0x1
 1203 0101 11       		.uleb128 0x11
 1204 0102 01       		.uleb128 0x1
 1205 0103 31       		.uleb128 0x31
 1206 0104 13       		.uleb128 0x13
 1207 0105 01       		.uleb128 0x1
 1208 0106 13       		.uleb128 0x13
 1209 0107 00       		.byte	0
 1210 0108 00       		.byte	0
 1211 0109 15       		.uleb128 0x15
 1212 010a 8A8201   		.uleb128 0x410a
 1213 010d 00       		.byte	0
 1214 010e 02       		.uleb128 0x2
 1215 010f 18       		.uleb128 0x18
 1216 0110 9142     		.uleb128 0x2111
 1217 0112 18       		.uleb128 0x18
 1218 0113 00       		.byte	0
 1219 0114 00       		.byte	0
 1220 0115 16       		.uleb128 0x16
 1221 0116 898201   		.uleb128 0x4109
 1222 0119 00       		.byte	0
 1223 011a 11       		.uleb128 0x11
 1224 011b 01       		.uleb128 0x1
 1225 011c 31       		.uleb128 0x31
 1226 011d 13       		.uleb128 0x13
 1227 011e 00       		.byte	0
 1228 011f 00       		.byte	0
 1229 0120 17       		.uleb128 0x17
 1230 0121 26       		.uleb128 0x26
 1231 0122 00       		.byte	0
 1232 0123 49       		.uleb128 0x49
 1233 0124 13       		.uleb128 0x13
 1234 0125 00       		.byte	0
 1235 0126 00       		.byte	0
 1236 0127 18       		.uleb128 0x18
 1237 0128 34       		.uleb128 0x34
 1238 0129 00       		.byte	0
 1239 012a 03       		.uleb128 0x3
 1240 012b 0E       		.uleb128 0xe
 1241 012c 3A       		.uleb128 0x3a
 1242 012d 0B       		.uleb128 0xb
 1243 012e 3B       		.uleb128 0x3b
 1244 012f 0B       		.uleb128 0xb
 1245 0130 49       		.uleb128 0x49
 1246 0131 13       		.uleb128 0x13
 1247 0132 3F       		.uleb128 0x3f
ARM GAS  C:\Users\YEHUDA~1\AppData\Local\Temp\ccPHRXHe.s 			page 25


 1248 0133 19       		.uleb128 0x19
 1249 0134 3C       		.uleb128 0x3c
 1250 0135 19       		.uleb128 0x19
 1251 0136 00       		.byte	0
 1252 0137 00       		.byte	0
 1253 0138 19       		.uleb128 0x19
 1254 0139 34       		.uleb128 0x34
 1255 013a 00       		.byte	0
 1256 013b 03       		.uleb128 0x3
 1257 013c 0E       		.uleb128 0xe
 1258 013d 3A       		.uleb128 0x3a
 1259 013e 0B       		.uleb128 0xb
 1260 013f 3B       		.uleb128 0x3b
 1261 0140 05       		.uleb128 0x5
 1262 0141 49       		.uleb128 0x49
 1263 0142 13       		.uleb128 0x13
 1264 0143 3F       		.uleb128 0x3f
 1265 0144 19       		.uleb128 0x19
 1266 0145 3C       		.uleb128 0x3c
 1267 0146 19       		.uleb128 0x19
 1268 0147 00       		.byte	0
 1269 0148 00       		.byte	0
 1270 0149 1A       		.uleb128 0x1a
 1271 014a 34       		.uleb128 0x34
 1272 014b 00       		.byte	0
 1273 014c 03       		.uleb128 0x3
 1274 014d 0E       		.uleb128 0xe
 1275 014e 3A       		.uleb128 0x3a
 1276 014f 0B       		.uleb128 0xb
 1277 0150 3B       		.uleb128 0x3b
 1278 0151 0B       		.uleb128 0xb
 1279 0152 49       		.uleb128 0x49
 1280 0153 13       		.uleb128 0x13
 1281 0154 3F       		.uleb128 0x3f
 1282 0155 19       		.uleb128 0x19
 1283 0156 02       		.uleb128 0x2
 1284 0157 18       		.uleb128 0x18
 1285 0158 00       		.byte	0
 1286 0159 00       		.byte	0
 1287 015a 1B       		.uleb128 0x1b
 1288 015b 2E       		.uleb128 0x2e
 1289 015c 00       		.byte	0
 1290 015d 3F       		.uleb128 0x3f
 1291 015e 19       		.uleb128 0x19
 1292 015f 3C       		.uleb128 0x3c
 1293 0160 19       		.uleb128 0x19
 1294 0161 6E       		.uleb128 0x6e
 1295 0162 0E       		.uleb128 0xe
 1296 0163 03       		.uleb128 0x3
 1297 0164 0E       		.uleb128 0xe
 1298 0165 3A       		.uleb128 0x3a
 1299 0166 0B       		.uleb128 0xb
 1300 0167 3B       		.uleb128 0x3b
 1301 0168 05       		.uleb128 0x5
 1302 0169 00       		.byte	0
 1303 016a 00       		.byte	0
 1304 016b 1C       		.uleb128 0x1c
ARM GAS  C:\Users\YEHUDA~1\AppData\Local\Temp\ccPHRXHe.s 			page 26


 1305 016c 2E       		.uleb128 0x2e
 1306 016d 00       		.byte	0
 1307 016e 3F       		.uleb128 0x3f
 1308 016f 19       		.uleb128 0x19
 1309 0170 3C       		.uleb128 0x3c
 1310 0171 19       		.uleb128 0x19
 1311 0172 6E       		.uleb128 0x6e
 1312 0173 0E       		.uleb128 0xe
 1313 0174 03       		.uleb128 0x3
 1314 0175 0E       		.uleb128 0xe
 1315 0176 00       		.byte	0
 1316 0177 00       		.byte	0
 1317 0178 1D       		.uleb128 0x1d
 1318 0179 2E       		.uleb128 0x2e
 1319 017a 00       		.byte	0
 1320 017b 3F       		.uleb128 0x3f
 1321 017c 19       		.uleb128 0x19
 1322 017d 3C       		.uleb128 0x3c
 1323 017e 19       		.uleb128 0x19
 1324 017f 6E       		.uleb128 0x6e
 1325 0180 0E       		.uleb128 0xe
 1326 0181 03       		.uleb128 0x3
 1327 0182 0E       		.uleb128 0xe
 1328 0183 3A       		.uleb128 0x3a
 1329 0184 0B       		.uleb128 0xb
 1330 0185 3B       		.uleb128 0x3b
 1331 0186 0B       		.uleb128 0xb
 1332 0187 00       		.byte	0
 1333 0188 00       		.byte	0
 1334 0189 00       		.byte	0
 1335              		.section	.debug_loc,"",%progbits
 1336              	.Ldebug_loc0:
 1337              	.LLST0:
 1338 0000 00000000 		.4byte	.LVL0
 1339 0004 1E000000 		.4byte	.LVL1
 1340 0008 0100     		.2byte	0x1
 1341 000a 50       		.byte	0x50
 1342 000b 1E000000 		.4byte	.LVL1
 1343 000f 24000000 		.4byte	.LVL3
 1344 0013 0400     		.2byte	0x4
 1345 0015 F3       		.byte	0xf3
 1346 0016 01       		.uleb128 0x1
 1347 0017 50       		.byte	0x50
 1348 0018 9F       		.byte	0x9f
 1349 0019 24000000 		.4byte	.LVL3
 1350 001d 26000000 		.4byte	.LVL4
 1351 0021 0100     		.2byte	0x1
 1352 0023 50       		.byte	0x50
 1353 0024 26000000 		.4byte	.LVL4
 1354 0028 2C000000 		.4byte	.LVL6
 1355 002c 0400     		.2byte	0x4
 1356 002e F3       		.byte	0xf3
 1357 002f 01       		.uleb128 0x1
 1358 0030 50       		.byte	0x50
 1359 0031 9F       		.byte	0x9f
 1360 0032 2C000000 		.4byte	.LVL6
 1361 0036 36000000 		.4byte	.LVL7
ARM GAS  C:\Users\YEHUDA~1\AppData\Local\Temp\ccPHRXHe.s 			page 27


 1362 003a 0100     		.2byte	0x1
 1363 003c 50       		.byte	0x50
 1364 003d 36000000 		.4byte	.LVL7
 1365 0041 3C000000 		.4byte	.LVL9
 1366 0045 0400     		.2byte	0x4
 1367 0047 F3       		.byte	0xf3
 1368 0048 01       		.uleb128 0x1
 1369 0049 50       		.byte	0x50
 1370 004a 9F       		.byte	0x9f
 1371 004b 3C000000 		.4byte	.LVL9
 1372 004f 40000000 		.4byte	.LVL10
 1373 0053 0100     		.2byte	0x1
 1374 0055 50       		.byte	0x50
 1375 0056 40000000 		.4byte	.LVL10
 1376 005a 52000000 		.4byte	.LVL13
 1377 005e 0400     		.2byte	0x4
 1378 0060 F3       		.byte	0xf3
 1379 0061 01       		.uleb128 0x1
 1380 0062 50       		.byte	0x50
 1381 0063 9F       		.byte	0x9f
 1382 0064 52000000 		.4byte	.LVL13
 1383 0068 66000000 		.4byte	.LVL15
 1384 006c 0100     		.2byte	0x1
 1385 006e 50       		.byte	0x50
 1386 006f 66000000 		.4byte	.LVL15
 1387 0073 94000000 		.4byte	.LFE35
 1388 0077 0400     		.2byte	0x4
 1389 0079 F3       		.byte	0xf3
 1390 007a 01       		.uleb128 0x1
 1391 007b 50       		.byte	0x50
 1392 007c 9F       		.byte	0x9f
 1393 007d 00000000 		.4byte	0
 1394 0081 00000000 		.4byte	0
 1395              	.LLST1:
 1396 0085 00000000 		.4byte	.LVL0
 1397 0089 21000000 		.4byte	.LVL2-1
 1398 008d 0100     		.2byte	0x1
 1399 008f 51       		.byte	0x51
 1400 0090 21000000 		.4byte	.LVL2-1
 1401 0094 24000000 		.4byte	.LVL3
 1402 0098 0400     		.2byte	0x4
 1403 009a F3       		.byte	0xf3
 1404 009b 01       		.uleb128 0x1
 1405 009c 51       		.byte	0x51
 1406 009d 9F       		.byte	0x9f
 1407 009e 24000000 		.4byte	.LVL3
 1408 00a2 29000000 		.4byte	.LVL5-1
 1409 00a6 0100     		.2byte	0x1
 1410 00a8 51       		.byte	0x51
 1411 00a9 29000000 		.4byte	.LVL5-1
 1412 00ad 2C000000 		.4byte	.LVL6
 1413 00b1 0400     		.2byte	0x4
 1414 00b3 F3       		.byte	0xf3
 1415 00b4 01       		.uleb128 0x1
 1416 00b5 51       		.byte	0x51
 1417 00b6 9F       		.byte	0x9f
 1418 00b7 2C000000 		.4byte	.LVL6
ARM GAS  C:\Users\YEHUDA~1\AppData\Local\Temp\ccPHRXHe.s 			page 28


 1419 00bb 39000000 		.4byte	.LVL8-1
 1420 00bf 0100     		.2byte	0x1
 1421 00c1 51       		.byte	0x51
 1422 00c2 39000000 		.4byte	.LVL8-1
 1423 00c6 3C000000 		.4byte	.LVL9
 1424 00ca 0400     		.2byte	0x4
 1425 00cc F3       		.byte	0xf3
 1426 00cd 01       		.uleb128 0x1
 1427 00ce 51       		.byte	0x51
 1428 00cf 9F       		.byte	0x9f
 1429 00d0 3C000000 		.4byte	.LVL9
 1430 00d4 43000000 		.4byte	.LVL11-1
 1431 00d8 0100     		.2byte	0x1
 1432 00da 51       		.byte	0x51
 1433 00db 43000000 		.4byte	.LVL11-1
 1434 00df 52000000 		.4byte	.LVL13
 1435 00e3 0400     		.2byte	0x4
 1436 00e5 F3       		.byte	0xf3
 1437 00e6 01       		.uleb128 0x1
 1438 00e7 51       		.byte	0x51
 1439 00e8 9F       		.byte	0x9f
 1440 00e9 52000000 		.4byte	.LVL13
 1441 00ed 5C000000 		.4byte	.LVL14
 1442 00f1 0100     		.2byte	0x1
 1443 00f3 51       		.byte	0x51
 1444 00f4 5C000000 		.4byte	.LVL14
 1445 00f8 94000000 		.4byte	.LFE35
 1446 00fc 0400     		.2byte	0x4
 1447 00fe F3       		.byte	0xf3
 1448 00ff 01       		.uleb128 0x1
 1449 0100 51       		.byte	0x51
 1450 0101 9F       		.byte	0x9f
 1451 0102 00000000 		.4byte	0
 1452 0106 00000000 		.4byte	0
 1453              	.LLST2:
 1454 010a 52000000 		.4byte	.LVL13
 1455 010e 5C000000 		.4byte	.LVL14
 1456 0112 0100     		.2byte	0x1
 1457 0114 51       		.byte	0x51
 1458 0115 5C000000 		.4byte	.LVL14
 1459 0119 78000000 		.4byte	.LVL17
 1460 011d 0400     		.2byte	0x4
 1461 011f F3       		.byte	0xf3
 1462 0120 01       		.uleb128 0x1
 1463 0121 51       		.byte	0x51
 1464 0122 9F       		.byte	0x9f
 1465 0123 00000000 		.4byte	0
 1466 0127 00000000 		.4byte	0
 1467              		.section	.debug_aranges,"",%progbits
 1468 0000 1C000000 		.4byte	0x1c
 1469 0004 0200     		.2byte	0x2
 1470 0006 00000000 		.4byte	.Ldebug_info0
 1471 000a 04       		.byte	0x4
 1472 000b 00       		.byte	0
 1473 000c 0000     		.2byte	0
 1474 000e 0000     		.2byte	0
 1475 0010 00000000 		.4byte	.LFB35
ARM GAS  C:\Users\YEHUDA~1\AppData\Local\Temp\ccPHRXHe.s 			page 29


 1476 0014 94000000 		.4byte	.LFE35-.LFB35
 1477 0018 00000000 		.4byte	0
 1478 001c 00000000 		.4byte	0
 1479              		.section	.debug_ranges,"",%progbits
 1480              	.Ldebug_ranges0:
 1481 0000 00000000 		.4byte	.LFB35
 1482 0004 94000000 		.4byte	.LFE35
 1483 0008 00000000 		.4byte	0
 1484 000c 00000000 		.4byte	0
 1485              		.section	.debug_line,"",%progbits
 1486              	.Ldebug_line0:
 1487 0000 FB010000 		.section	.debug_str,"MS",%progbits,1
 1487      0200D301 
 1487      00000201 
 1487      FB0E0D00 
 1487      01010101 
 1488              	.LASF83:
 1489 0000 4359424C 		.ascii	"CYBLE_EVT_L2CAP_CBFC_RX_CREDIT_IND\000"
 1489      455F4556 
 1489      545F4C32 
 1489      4341505F 
 1489      43424643 
 1490              	.LASF94:
 1491 0023 636F756E 		.ascii	"count\000"
 1491      7400
 1492              	.LASF115:
 1493 0029 4359424C 		.ascii	"CYBLE_STATE_STOPPED\000"
 1493      455F5354 
 1493      4154455F 
 1493      53544F50 
 1493      50454400 
 1494              	.LASF82:
 1495 003d 4359424C 		.ascii	"CYBLE_EVT_L2CAP_CBFC_DATA_READ\000"
 1495      455F4556 
 1495      545F4C32 
 1495      4341505F 
 1495      43424643 
 1496              	.LASF100:
 1497 005c 4359424C 		.ascii	"CYBLE_CONN_HANDLE_T\000"
 1497      455F434F 
 1497      4E4E5F48 
 1497      414E444C 
 1497      455F5400 
 1498              	.LASF106:
 1499 0070 636F6E6E 		.ascii	"connHandle\000"
 1499      48616E64 
 1499      6C6500
 1500              	.LASF126:
 1501 007b 636F6E6E 		.ascii	"connectionHandle\000"
 1501      65637469 
 1501      6F6E4861 
 1501      6E646C65 
 1501      00
 1502              	.LASF36:
 1503 008c 4359424C 		.ascii	"CYBLE_EVT_GAP_CONNECTION_UPDATE_COMPLETE\000"
 1503      455F4556 
 1503      545F4741 
ARM GAS  C:\Users\YEHUDA~1\AppData\Local\Temp\ccPHRXHe.s 			page 30


 1503      505F434F 
 1503      4E4E4543 
 1504              	.LASF81:
 1505 00b5 4359424C 		.ascii	"CYBLE_EVT_L2CAP_CBFC_DISCONN_CNF\000"
 1505      455F4556 
 1505      545F4C32 
 1505      4341505F 
 1505      43424643 
 1506              	.LASF41:
 1507 00d6 4359424C 		.ascii	"CYBLE_EVT_GAP_OOB_GENERATED_NOTIFICATION\000"
 1507      455F4556 
 1507      545F4741 
 1507      505F4F4F 
 1507      425F4745 
 1508              	.LASF24:
 1509 00ff 4359424C 		.ascii	"CYBLE_EVT_STACK_BUSY_STATUS\000"
 1509      455F4556 
 1509      545F5354 
 1509      41434B5F 
 1509      42555359 
 1510              	.LASF61:
 1511 011b 4359424C 		.ascii	"CYBLE_EVT_GATTC_READ_MULTI_RSP\000"
 1511      455F4556 
 1511      545F4741 
 1511      5454435F 
 1511      52454144 
 1512              	.LASF9:
 1513 013a 5F5F7569 		.ascii	"__uint8_t\000"
 1513      6E74385F 
 1513      7400
 1514              	.LASF92:
 1515 0144 74797065 		.ascii	"type\000"
 1515      00
 1516              	.LASF21:
 1517 0149 4359424C 		.ascii	"CYBLE_EVT_TIMEOUT\000"
 1517      455F4556 
 1517      545F5449 
 1517      4D454F55 
 1517      5400
 1518              	.LASF4:
 1519 015b 6C6F6E67 		.ascii	"long int\000"
 1519      20696E74 
 1519      00
 1520              	.LASF134:
 1521 0164 474E5520 		.ascii	"GNU C11 5.4.1 20160609 (release) [ARM/embedded-5-br"
 1521      43313120 
 1521      352E342E 
 1521      31203230 
 1521      31363036 
 1522 0197 616E6368 		.ascii	"anch revision 237715] -mcpu=cortex-m0 -mthumb -g -O"
 1522      20726576 
 1522      6973696F 
 1522      6E203233 
 1522      37373135 
 1523 01ca 67202D66 		.ascii	"g -ffunction-sections -ffat-lto-objects\000"
 1523      66756E63 
 1523      74696F6E 
ARM GAS  C:\Users\YEHUDA~1\AppData\Local\Temp\ccPHRXHe.s 			page 31


 1523      2D736563 
 1523      74696F6E 
 1524              	.LASF129:
 1525 01f2 70617373 		.ascii	"password\000"
 1525      776F7264 
 1525      00
 1526              	.LASF7:
 1527 01fb 6C6F6E67 		.ascii	"long long unsigned int\000"
 1527      206C6F6E 
 1527      6720756E 
 1527      7369676E 
 1527      65642069 
 1528              	.LASF102:
 1529 0212 4359424C 		.ascii	"CYBLE_GATT_VALUE_T\000"
 1529      455F4741 
 1529      54545F56 
 1529      414C5545 
 1529      5F5400
 1530              	.LASF23:
 1531 0225 4359424C 		.ascii	"CYBLE_EVT_HCI_STATUS\000"
 1531      455F4556 
 1531      545F4843 
 1531      495F5354 
 1531      41545553 
 1532              	.LASF86:
 1533 023a 4359424C 		.ascii	"CYBLE_EVT_PENDING_FLASH_WRITE\000"
 1533      455F4556 
 1533      545F5045 
 1533      4E44494E 
 1533      475F464C 
 1534              	.LASF93:
 1535 0258 4359424C 		.ascii	"CYBLE_GAP_BD_ADDR_T\000"
 1535      455F4741 
 1535      505F4244 
 1535      5F414444 
 1535      525F5400 
 1536              	.LASF75:
 1537 026c 4359424C 		.ascii	"CYBLE_EVT_L2CAP_CONN_PARAM_UPDATE_REQ\000"
 1537      455F4556 
 1537      545F4C32 
 1537      4341505F 
 1537      434F4E4E 
 1538              	.LASF128:
 1539 0292 50656572 		.ascii	"Peer_Addr1\000"
 1539      5F416464 
 1539      723100
 1540              	.LASF39:
 1541 029d 4359424C 		.ascii	"CYBLE_EVT_GAP_NUMERIC_COMPARISON_REQUEST\000"
 1541      455F4556 
 1541      545F4741 
 1541      505F4E55 
 1541      4D455249 
 1542              	.LASF118:
 1543 02c6 4359424C 		.ascii	"CYBLE_STATE_ADVERTISING\000"
 1543      455F5354 
 1543      4154455F 
 1543      41445645 
ARM GAS  C:\Users\YEHUDA~1\AppData\Local\Temp\ccPHRXHe.s 			page 32


 1543      52544953 
 1544              	.LASF6:
 1545 02de 6C6F6E67 		.ascii	"long long int\000"
 1545      206C6F6E 
 1545      6720696E 
 1545      7400
 1546              	.LASF0:
 1547 02ec 7369676E 		.ascii	"signed char\000"
 1547      65642063 
 1547      68617200 
 1548              	.LASF20:
 1549 02f8 4359424C 		.ascii	"CYBLE_EVT_STACK_ON\000"
 1549      455F4556 
 1549      545F5354 
 1549      41434B5F 
 1549      4F4E00
 1550              	.LASF37:
 1551 030b 4359424C 		.ascii	"CYBLE_EVT_GAPC_SCAN_START_STOP\000"
 1551      455F4556 
 1551      545F4741 
 1551      50435F53 
 1551      43414E5F 
 1552              	.LASF101:
 1553 032a 61637475 		.ascii	"actualLen\000"
 1553      616C4C65 
 1553      6E00
 1554              	.LASF27:
 1555 0334 4359424C 		.ascii	"CYBLE_EVT_GAP_AUTH_REQ\000"
 1555      455F4556 
 1555      545F4741 
 1555      505F4155 
 1555      54485F52 
 1556              	.LASF59:
 1557 034b 4359424C 		.ascii	"CYBLE_EVT_GATTC_READ_RSP\000"
 1557      455F4556 
 1557      545F4741 
 1557      5454435F 
 1557      52454144 
 1558              	.LASF64:
 1559 0364 4359424C 		.ascii	"CYBLE_EVT_GATTS_WRITE_CMD_REQ\000"
 1559      455F4556 
 1559      545F4741 
 1559      5454535F 
 1559      57524954 
 1560              	.LASF131:
 1561 0382 4379426C 		.ascii	"CyBle_GapGetBondedDevicesList\000"
 1561      655F4761 
 1561      70476574 
 1561      426F6E64 
 1561      65644465 
 1562              	.LASF119:
 1563 03a0 4359424C 		.ascii	"CYBLE_STATE_DISCONNECTED\000"
 1563      455F5354 
 1563      4154455F 
 1563      44495343 
 1563      4F4E4E45 
 1564              	.LASF32:
ARM GAS  C:\Users\YEHUDA~1\AppData\Local\Temp\ccPHRXHe.s 			page 33


 1565 03b9 4359424C 		.ascii	"CYBLE_EVT_GAPP_ADVERTISEMENT_START_STOP\000"
 1565      455F4556 
 1565      545F4741 
 1565      50505F41 
 1565      44564552 
 1566              	.LASF139:
 1567 03e1 6D656D63 		.ascii	"memcpy\000"
 1567      707900
 1568              	.LASF11:
 1569 03e8 75696E74 		.ascii	"uint8\000"
 1569      3800
 1570              	.LASF111:
 1571 03ee 4359424C 		.ascii	"CYBLE_CUSTOMS_INFO_T\000"
 1571      455F4355 
 1571      53544F4D 
 1571      535F494E 
 1571      464F5F54 
 1572              	.LASF67:
 1573 0403 4359424C 		.ascii	"CYBLE_EVT_GATTC_EXEC_WRITE_RSP\000"
 1573      455F4556 
 1573      545F4741 
 1573      5454435F 
 1573      45584543 
 1574              	.LASF15:
 1575 0422 646F7562 		.ascii	"double\000"
 1575      6C6500
 1576              	.LASF80:
 1577 0429 4359424C 		.ascii	"CYBLE_EVT_L2CAP_CBFC_DISCONN_IND\000"
 1577      455F4556 
 1577      545F4C32 
 1577      4341505F 
 1577      43424643 
 1578              	.LASF113:
 1579 044a 63757374 		.ascii	"customServInfo\000"
 1579      6F6D5365 
 1579      7276496E 
 1579      666F00
 1580              	.LASF13:
 1581 0459 75696E74 		.ascii	"uint32\000"
 1581      333200
 1582              	.LASF90:
 1583 0460 4359424C 		.ascii	"CYBLE_EVT_MAX\000"
 1583      455F4556 
 1583      545F4D41 
 1583      5800
 1584              	.LASF138:
 1585 046e 77725265 		.ascii	"wrReqParam\000"
 1585      71506172 
 1585      616D00
 1586              	.LASF85:
 1587 0479 4359424C 		.ascii	"CYBLE_EVT_L2CAP_CBFC_DATA_WRITE_IND\000"
 1587      455F4556 
 1587      545F4C32 
 1587      4341505F 
 1587      43424643 
 1588              	.LASF104:
 1589 049d 61747472 		.ascii	"attrHandle\000"
ARM GAS  C:\Users\YEHUDA~1\AppData\Local\Temp\ccPHRXHe.s 			page 34


 1589      48616E64 
 1589      6C6500
 1590              	.LASF135:
 1591 04a8 424C455F 		.ascii	"BLE_Applocations.c\000"
 1591      4170706C 
 1591      6F636174 
 1591      696F6E73 
 1591      2E6300
 1592              	.LASF72:
 1593 04bb 4359424C 		.ascii	"CYBLE_EVT_GATTC_STOP_CMD_COMPLETE\000"
 1593      455F4556 
 1593      545F4741 
 1593      5454435F 
 1593      53544F50 
 1594              	.LASF8:
 1595 04dd 756E7369 		.ascii	"unsigned int\000"
 1595      676E6564 
 1595      20696E74 
 1595      00
 1596              	.LASF87:
 1597 04ea 4359424C 		.ascii	"CYBLE_EVT_LE_PING_AUTH_TIMEOUT\000"
 1597      455F4556 
 1597      545F4C45 
 1597      5F50494E 
 1597      475F4155 
 1598              	.LASF5:
 1599 0509 6C6F6E67 		.ascii	"long unsigned int\000"
 1599      20756E73 
 1599      69676E65 
 1599      6420696E 
 1599      7400
 1600              	.LASF46:
 1601 051b 4359424C 		.ascii	"CYBLE_EVT_GAP_CONN_ESTB\000"
 1601      455F4556 
 1601      545F4741 
 1601      505F434F 
 1601      4E4E5F45 
 1602              	.LASF62:
 1603 0533 4359424C 		.ascii	"CYBLE_EVT_GATTS_WRITE_REQ\000"
 1603      455F4556 
 1603      545F4741 
 1603      5454535F 
 1603      57524954 
 1604              	.LASF54:
 1605 054d 4359424C 		.ascii	"CYBLE_EVT_GATTC_XCHNG_MTU_RSP\000"
 1605      455F4556 
 1605      545F4741 
 1605      5454435F 
 1605      5843484E 
 1606              	.LASF71:
 1607 056b 4359424C 		.ascii	"CYBLE_EVT_GATTS_DATA_SIGNED_CMD_REQ\000"
 1607      455F4556 
 1607      545F4741 
 1607      5454535F 
 1607      44415441 
 1608              	.LASF74:
 1609 058f 4359424C 		.ascii	"CYBLE_EVT_GATTC_LONG_PROCEDURE_END\000"
ARM GAS  C:\Users\YEHUDA~1\AppData\Local\Temp\ccPHRXHe.s 			page 35


 1609      455F4556 
 1609      545F4741 
 1609      5454435F 
 1609      4C4F4E47 
 1610              	.LASF121:
 1611 05b2 6576656E 		.ascii	"event\000"
 1611      7400
 1612              	.LASF3:
 1613 05b8 73686F72 		.ascii	"short unsigned int\000"
 1613      7420756E 
 1613      7369676E 
 1613      65642069 
 1613      6E7400
 1614              	.LASF19:
 1615 05cb 4359424C 		.ascii	"CYBLE_EVT_HOST_INVALID\000"
 1615      455F4556 
 1615      545F484F 
 1615      53545F49 
 1615      4E56414C 
 1616              	.LASF57:
 1617 05e2 4359424C 		.ascii	"CYBLE_EVT_GATTC_FIND_INFO_RSP\000"
 1617      455F4556 
 1617      545F4741 
 1617      5454435F 
 1617      46494E44 
 1618              	.LASF25:
 1619 0600 4359424C 		.ascii	"CYBLE_EVT_MEMORY_REQUEST\000"
 1619      455F4556 
 1619      545F4D45 
 1619      4D4F5259 
 1619      5F524551 
 1620              	.LASF66:
 1621 0619 4359424C 		.ascii	"CYBLE_EVT_GATTS_EXEC_WRITE_REQ\000"
 1621      455F4556 
 1621      545F4741 
 1621      5454535F 
 1621      45584543 
 1622              	.LASF91:
 1623 0638 62644164 		.ascii	"bdAddr\000"
 1623      647200
 1624              	.LASF28:
 1625 063f 4359424C 		.ascii	"CYBLE_EVT_GAP_PASSKEY_ENTRY_REQUEST\000"
 1625      455F4556 
 1625      545F4741 
 1625      505F5041 
 1625      53534B45 
 1626              	.LASF33:
 1627 0663 4359424C 		.ascii	"CYBLE_EVT_GAP_DEVICE_CONNECTED\000"
 1627      455F4556 
 1627      545F4741 
 1627      505F4445 
 1627      56494345 
 1628              	.LASF48:
 1629 0682 4359424C 		.ascii	"CYBLE_EVT_GAP_AUTH_REQ_REPLY_ERR\000"
 1629      455F4556 
 1629      545F4741 
 1629      505F4155 
ARM GAS  C:\Users\YEHUDA~1\AppData\Local\Temp\ccPHRXHe.s 			page 36


 1629      54485F52 
 1630              	.LASF124:
 1631 06a3 6379426C 		.ascii	"cyBle_state\000"
 1631      655F7374 
 1631      61746500 
 1632              	.LASF29:
 1633 06af 4359424C 		.ascii	"CYBLE_EVT_GAP_PASSKEY_DISPLAY_REQUEST\000"
 1633      455F4556 
 1633      545F4741 
 1633      505F5041 
 1633      53534B45 
 1634              	.LASF51:
 1635 06d5 4359424C 		.ascii	"CYBLE_EVT_GATT_CONNECT_IND\000"
 1635      455F4556 
 1635      545F4741 
 1635      54545F43 
 1635      4F4E4E45 
 1636              	.LASF99:
 1637 06f0 61747449 		.ascii	"attId\000"
 1637      6400
 1638              	.LASF77:
 1639 06f6 4359424C 		.ascii	"CYBLE_EVT_L2CAP_COMMAND_REJ\000"
 1639      455F4556 
 1639      545F4C32 
 1639      4341505F 
 1639      434F4D4D 
 1640              	.LASF96:
 1641 0712 4359424C 		.ascii	"CYBLE_GAP_BONDED_DEV_ADDR_LIST_T\000"
 1641      455F4741 
 1641      505F424F 
 1641      4E444544 
 1641      5F444556 
 1642              	.LASF26:
 1643 0733 4359424C 		.ascii	"CYBLE_EVT_GAPC_SCAN_PROGRESS_RESULT\000"
 1643      455F4556 
 1643      545F4741 
 1643      50435F53 
 1643      43414E5F 
 1644              	.LASF107:
 1645 0757 68616E64 		.ascii	"handleValPair\000"
 1645      6C655661 
 1645      6C506169 
 1645      7200
 1646              	.LASF49:
 1647 0765 4359424C 		.ascii	"CYBLE_EVT_GAP_SMP_LOC_P256_KEYS_GEN_AND_SET_COMPLET"
 1647      455F4556 
 1647      545F4741 
 1647      505F534D 
 1647      505F4C4F 
 1648 0798 4500     		.ascii	"E\000"
 1649              	.LASF136:
 1650 079a 433A5C55 		.ascii	"C:\\Users\\Yehuda Ben Chaim\\Google Drive\\My Proje"
 1650      73657273 
 1650      5C596568 
 1650      75646120 
 1650      42656E20 
 1651 07c9 6374735C 		.ascii	"cts\\WW\\FW\\WorkingCopy\\WWV1_0\\WW\\BLE_Imp.cydsn"
ARM GAS  C:\Users\YEHUDA~1\AppData\Local\Temp\ccPHRXHe.s 			page 37


 1651      57575C46 
 1651      575C576F 
 1651      726B696E 
 1651      67436F70 
 1652 07f6 00       		.ascii	"\000"
 1653              	.LASF78:
 1654 07f7 4359424C 		.ascii	"CYBLE_EVT_L2CAP_CBFC_CONN_IND\000"
 1654      455F4556 
 1654      545F4C32 
 1654      4341505F 
 1654      43424643 
 1655              	.LASF56:
 1656 0815 4359424C 		.ascii	"CYBLE_EVT_GATTC_READ_BY_TYPE_RSP\000"
 1656      455F4556 
 1656      545F4741 
 1656      5454435F 
 1656      52454144 
 1657              	.LASF18:
 1658 0836 73697A65 		.ascii	"sizetype\000"
 1658      74797065 
 1658      00
 1659              	.LASF108:
 1660 083f 4359424C 		.ascii	"CYBLE_GATTS_WRITE_REQ_PARAM_T\000"
 1660      455F4741 
 1660      5454535F 
 1660      57524954 
 1660      455F5245 
 1661              	.LASF116:
 1662 085d 4359424C 		.ascii	"CYBLE_STATE_INITIALIZING\000"
 1662      455F5354 
 1662      4154455F 
 1662      494E4954 
 1662      49414C49 
 1663              	.LASF31:
 1664 0876 4359424C 		.ascii	"CYBLE_EVT_GAP_AUTH_FAILED\000"
 1664      455F4556 
 1664      545F4741 
 1664      505F4155 
 1664      54485F46 
 1665              	.LASF125:
 1666 0890 6379426C 		.ascii	"cyBle_connHandle\000"
 1666      655F636F 
 1666      6E6E4861 
 1666      6E646C65 
 1666      00
 1667              	.LASF63:
 1668 08a1 4359424C 		.ascii	"CYBLE_EVT_GATTC_WRITE_RSP\000"
 1668      455F4556 
 1668      545F4741 
 1668      5454435F 
 1668      57524954 
 1669              	.LASF44:
 1670 08bb 4359424C 		.ascii	"CYBLE_EVT_GAPC_DIRECT_ADV_REPORT\000"
 1670      455F4556 
 1670      545F4741 
 1670      50435F44 
 1670      49524543 
ARM GAS  C:\Users\YEHUDA~1\AppData\Local\Temp\ccPHRXHe.s 			page 38


 1671              	.LASF42:
 1672 08dc 4359424C 		.ascii	"CYBLE_EVT_GAP_DATA_LENGTH_CHANGE\000"
 1672      455F4556 
 1672      545F4741 
 1672      505F4441 
 1672      54415F4C 
 1673              	.LASF137:
 1674 08fd 43757374 		.ascii	"CustomEventHandler\000"
 1674      6F6D4576 
 1674      656E7448 
 1674      616E646C 
 1674      657200
 1675              	.LASF127:
 1676 0910 64657669 		.ascii	"deviceConnected\000"
 1676      6365436F 
 1676      6E6E6563 
 1676      74656400 
 1677              	.LASF30:
 1678 0920 4359424C 		.ascii	"CYBLE_EVT_GAP_AUTH_COMPLETE\000"
 1678      455F4556 
 1678      545F4741 
 1678      505F4155 
 1678      54485F43 
 1679              	.LASF68:
 1680 093c 4359424C 		.ascii	"CYBLE_EVT_GATTC_HANDLE_VALUE_NTF\000"
 1680      455F4556 
 1680      545F4741 
 1680      5454435F 
 1680      48414E44 
 1681              	.LASF105:
 1682 095d 4359424C 		.ascii	"CYBLE_GATT_HANDLE_VALUE_PAIR_T\000"
 1682      455F4741 
 1682      54545F48 
 1682      414E444C 
 1682      455F5641 
 1683              	.LASF79:
 1684 097c 4359424C 		.ascii	"CYBLE_EVT_L2CAP_CBFC_CONN_CNF\000"
 1684      455F4556 
 1684      545F4C32 
 1684      4341505F 
 1684      43424643 
 1685              	.LASF55:
 1686 099a 4359424C 		.ascii	"CYBLE_EVT_GATTC_READ_BY_GROUP_TYPE_RSP\000"
 1686      455F4556 
 1686      545F4741 
 1686      5454435F 
 1686      52454144 
 1687              	.LASF14:
 1688 09c1 666C6F61 		.ascii	"float\000"
 1688      7400
 1689              	.LASF130:
 1690 09c7 4379426C 		.ascii	"CyBle_GappStartAdvertisement\000"
 1690      655F4761 
 1690      70705374 
 1690      61727441 
 1690      64766572 
 1691              	.LASF95:
ARM GAS  C:\Users\YEHUDA~1\AppData\Local\Temp\ccPHRXHe.s 			page 39


 1692 09e4 62644164 		.ascii	"bdAddrList\000"
 1692      64724C69 
 1692      737400
 1693              	.LASF1:
 1694 09ef 756E7369 		.ascii	"unsigned char\000"
 1694      676E6564 
 1694      20636861 
 1694      7200
 1695              	.LASF12:
 1696 09fd 75696E74 		.ascii	"uint16\000"
 1696      313600
 1697              	.LASF40:
 1698 0a04 4359424C 		.ascii	"CYBLE_EVT_GAP_KEYPRESS_NOTIFICATION\000"
 1698      455F4556 
 1698      545F4741 
 1698      505F4B45 
 1698      59505245 
 1699              	.LASF2:
 1700 0a28 73686F72 		.ascii	"short int\000"
 1700      7420696E 
 1700      7400
 1701              	.LASF69:
 1702 0a32 4359424C 		.ascii	"CYBLE_EVT_GATTC_HANDLE_VALUE_IND\000"
 1702      455F4556 
 1702      545F4741 
 1702      5454435F 
 1702      48414E44 
 1703              	.LASF88:
 1704 0a53 4359424C 		.ascii	"CYBLE_EVT_HCI_PKT\000"
 1704      455F4556 
 1704      545F4843 
 1704      495F504B 
 1704      5400
 1705              	.LASF65:
 1706 0a65 4359424C 		.ascii	"CYBLE_EVT_GATTS_PREP_WRITE_REQ\000"
 1706      455F4556 
 1706      545F4741 
 1706      5454535F 
 1706      50524550 
 1707              	.LASF35:
 1708 0a84 4359424C 		.ascii	"CYBLE_EVT_GAP_ENCRYPT_CHANGE\000"
 1708      455F4556 
 1708      545F4741 
 1708      505F454E 
 1708      43525950 
 1709              	.LASF103:
 1710 0aa1 76616C75 		.ascii	"value\000"
 1710      6500
 1711              	.LASF112:
 1712 0aa7 63757374 		.ascii	"customServHandle\000"
 1712      6F6D5365 
 1712      72764861 
 1712      6E646C65 
 1712      00
 1713              	.LASF70:
 1714 0ab8 4359424C 		.ascii	"CYBLE_EVT_GATTS_HANDLE_VALUE_CNF\000"
 1714      455F4556 
ARM GAS  C:\Users\YEHUDA~1\AppData\Local\Temp\ccPHRXHe.s 			page 40


 1714      545F4741 
 1714      5454535F 
 1714      48414E44 
 1715              	.LASF50:
 1716 0ad9 4359424C 		.ascii	"CYBLE_EVT_GATTC_ERROR_RSP\000"
 1716      455F4556 
 1716      545F4741 
 1716      5454435F 
 1716      4552524F 
 1717              	.LASF45:
 1718 0af3 4359424C 		.ascii	"CYBLE_EVT_GAP_SMP_NEGOTIATED_AUTH_INFO\000"
 1718      455F4556 
 1718      545F4741 
 1718      505F534D 
 1718      505F4E45 
 1719              	.LASF17:
 1720 0b1a 6C6F6E67 		.ascii	"long double\000"
 1720      20646F75 
 1720      626C6500 
 1721              	.LASF89:
 1722 0b26 4359424C 		.ascii	"CYBLE_EVT_FLASH_CORRUPT\000"
 1722      455F4556 
 1722      545F464C 
 1722      4153485F 
 1722      434F5252 
 1723              	.LASF16:
 1724 0b3e 63686172 		.ascii	"char\000"
 1724      00
 1725              	.LASF47:
 1726 0b43 4359424C 		.ascii	"CYBLE_EVT_GAP_SCAN_REQ_RECVD\000"
 1726      455F4556 
 1726      545F4741 
 1726      505F5343 
 1726      414E5F52 
 1727              	.LASF34:
 1728 0b60 4359424C 		.ascii	"CYBLE_EVT_GAP_DEVICE_DISCONNECTED\000"
 1728      455F4556 
 1728      545F4741 
 1728      505F4445 
 1728      56494345 
 1729              	.LASF73:
 1730 0b82 4359424C 		.ascii	"CYBLE_EVT_GATTS_READ_CHAR_VAL_ACCESS_REQ\000"
 1730      455F4556 
 1730      545F4741 
 1730      5454535F 
 1730      52454144 
 1731              	.LASF84:
 1732 0bab 4359424C 		.ascii	"CYBLE_EVT_L2CAP_CBFC_TX_CREDIT_IND\000"
 1732      455F4556 
 1732      545F4C32 
 1732      4341505F 
 1732      43424643 
 1733              	.LASF60:
 1734 0bce 4359424C 		.ascii	"CYBLE_EVT_GATTC_READ_BLOB_RSP\000"
 1734      455F4556 
 1734      545F4741 
 1734      5454435F 
ARM GAS  C:\Users\YEHUDA~1\AppData\Local\Temp\ccPHRXHe.s 			page 41


 1734      52454144 
 1735              	.LASF22:
 1736 0bec 4359424C 		.ascii	"CYBLE_EVT_HARDWARE_ERROR\000"
 1736      455F4556 
 1736      545F4841 
 1736      52445741 
 1736      52455F45 
 1737              	.LASF53:
 1738 0c05 4359424C 		.ascii	"CYBLE_EVT_GATTS_XCNHG_MTU_REQ\000"
 1738      455F4556 
 1738      545F4741 
 1738      5454535F 
 1738      58434E48 
 1739              	.LASF122:
 1740 0c23 6576656E 		.ascii	"eventParam\000"
 1740      74506172 
 1740      616D00
 1741              	.LASF132:
 1742 0c2e 69707269 		.ascii	"iprintf\000"
 1742      6E746600 
 1743              	.LASF123:
 1744 0c36 6379426C 		.ascii	"cyBle_customs\000"
 1744      655F6375 
 1744      73746F6D 
 1744      7300
 1745              	.LASF120:
 1746 0c44 4359424C 		.ascii	"CYBLE_STATE_T\000"
 1746      455F5354 
 1746      4154455F 
 1746      5400
 1747              	.LASF10:
 1748 0c52 75696E74 		.ascii	"uint8_t\000"
 1748      385F7400 
 1749              	.LASF117:
 1750 0c5a 4359424C 		.ascii	"CYBLE_STATE_CONNECTED\000"
 1750      455F5354 
 1750      4154455F 
 1750      434F4E4E 
 1750      45435445 
 1751              	.LASF133:
 1752 0c70 4379426C 		.ascii	"CyBle_GattsWriteRsp\000"
 1752      655F4761 
 1752      74747357 
 1752      72697465 
 1752      52737000 
 1753              	.LASF58:
 1754 0c84 4359424C 		.ascii	"CYBLE_EVT_GATTC_FIND_BY_TYPE_VALUE_RSP\000"
 1754      455F4556 
 1754      545F4741 
 1754      5454435F 
 1754      46494E44 
 1755              	.LASF38:
 1756 0cab 4359424C 		.ascii	"CYBLE_EVT_GAP_KEYINFO_EXCHNGE_CMPLT\000"
 1756      455F4556 
 1756      545F4741 
 1756      505F4B45 
 1756      59494E46 
ARM GAS  C:\Users\YEHUDA~1\AppData\Local\Temp\ccPHRXHe.s 			page 42


 1757              	.LASF98:
 1758 0ccf 62644861 		.ascii	"bdHandle\000"
 1758      6E646C65 
 1758      00
 1759              	.LASF114:
 1760 0cd8 4359424C 		.ascii	"CYBLE_CUSTOMS_T\000"
 1760      455F4355 
 1760      53544F4D 
 1760      535F5400 
 1761              	.LASF76:
 1762 0ce8 4359424C 		.ascii	"CYBLE_EVT_L2CAP_CONN_PARAM_UPDATE_RSP\000"
 1762      455F4556 
 1762      545F4C32 
 1762      4341505F 
 1762      434F4E4E 
 1763              	.LASF43:
 1764 0d0e 4359424C 		.ascii	"CYBLE_EVT_GAP_ENHANCE_CONN_COMPLETE\000"
 1764      455F4556 
 1764      545F4741 
 1764      505F454E 
 1764      48414E43 
 1765              	.LASF97:
 1766 0d32 4359424C 		.ascii	"CYBLE_GATT_DB_ATTR_HANDLE_T\000"
 1766      455F4741 
 1766      54545F44 
 1766      425F4154 
 1766      54525F48 
 1767              	.LASF109:
 1768 0d4e 63757374 		.ascii	"customServCharHandle\000"
 1768      6F6D5365 
 1768      72764368 
 1768      61724861 
 1768      6E646C65 
 1769              	.LASF52:
 1770 0d63 4359424C 		.ascii	"CYBLE_EVT_GATT_DISCONNECT_IND\000"
 1770      455F4556 
 1770      545F4741 
 1770      54545F44 
 1770      4953434F 
 1771              	.LASF110:
 1772 0d81 63757374 		.ascii	"customServCharDesc\000"
 1772      6F6D5365 
 1772      72764368 
 1772      61724465 
 1772      736300
 1773              		.ident	"GCC: (GNU Tools for ARM Embedded Processors) 5.4.1 20160609 (release) [ARM/embedded-5-bran
