ARM GAS  C:\Users\YEHUDA~1\AppData\Local\Temp\ccZept5E.s 			page 1


   1              		.syntax unified
   2              		.cpu cortex-m0
   3              		.fpu softvfp
   4              		.eabi_attribute 20, 1
   5              		.eabi_attribute 21, 1
   6              		.eabi_attribute 23, 3
   7              		.eabi_attribute 24, 1
   8              		.eabi_attribute 25, 1
   9              		.eabi_attribute 26, 1
  10              		.eabi_attribute 30, 1
  11              		.eabi_attribute 34, 0
  12              		.eabi_attribute 18, 4
  13              		.thumb
  14              		.syntax unified
  15              		.file	"common.c"
  16              		.text
  17              	.Ltext0:
  18              		.cfi_sections	.debug_frame
  19              		.section	.text.TasksScheduler,"ax",%progbits
  20              		.align	2
  21              		.global	TasksScheduler
  22              		.code	16
  23              		.thumb_func
  24              		.type	TasksScheduler, %function
  25              	TasksScheduler:
  26              	.LFB35:
  27              		.file 1 "common.c"
   1:common.c      **** /* ========================================
   2:common.c      ****  *
   3:common.c      ****  * Copyright Yehuda Ben Chaim, 2018
   4:common.c      ****  * All Rights Reserved
   5:common.c      ****  * UNPUBLISHED, LICENSED SOFTWARE.
   6:common.c      ****  *
   7:common.c      ****  * CONFIDENTIAL AND PROPRIETARY INFORMATION
   8:common.c      ****  * WHICH IS THE PROPERTY OF Yehuda Ben Chaim.
   9:common.c      ****  *
  10:common.c      ****  * ========================================
  11:common.c      **** */
  12:common.c      **** 
  13:common.c      **** /**** Includes *****************************************/
  14:common.c      **** #include "common.h"
  15:common.c      **** #include "BuzzerImp.h"
  16:common.c      **** #include "LEDs.h"
  17:common.c      **** /**** Private functions decleration *******************/
  18:common.c      **** 
  19:common.c      **** /**** Private functions *******************************/
  20:common.c      **** 
  21:common.c      **** 
  22:common.c      **** /**************************************************************
  23:common.c      **** * Name: TasksScheduler
  24:common.c      **** * Parameters[in]: None
  25:common.c      **** * Return: None
  26:common.c      **** * Description: This function run the timing for all time based
  27:common.c      **** * tasks in RT.
  28:common.c      **** 
  29:common.c      **** ************************************************************/
  30:common.c      **** void TasksScheduler(void)
ARM GAS  C:\Users\YEHUDA~1\AppData\Local\Temp\ccZept5E.s 			page 2


  31:common.c      **** {
  28              		.loc 1 31 0
  29              		.cfi_startproc
  30              		@ args = 0, pretend = 0, frame = 0
  31              		@ frame_needed = 0, uses_anonymous_args = 0
  32 0000 10B5     		push	{r4, lr}
  33              		.cfi_def_cfa_offset 8
  34              		.cfi_offset 4, -8
  35              		.cfi_offset 14, -4
  32:common.c      ****   BuzzerBeepGetClockVal(SysTickGet());
  36              		.loc 1 32 0
  37 0002 FFF7FEFF 		bl	SysTickGet
  38              	.LVL0:
  39 0006 FFF7FEFF 		bl	BuzzerBeepGetClockVal
  40              	.LVL1:
  33:common.c      ****   LED_BlinkpGetClockVal(SysTickGet());
  41              		.loc 1 33 0
  42 000a FFF7FEFF 		bl	SysTickGet
  43              	.LVL2:
  44 000e FFF7FEFF 		bl	LED_BlinkpGetClockVal
  45              	.LVL3:
  34:common.c      **** }
  46              		.loc 1 34 0
  47              		@ sp needed
  48 0012 10BD     		pop	{r4, pc}
  49              		.cfi_endproc
  50              	.LFE35:
  51              		.size	TasksScheduler, .-TasksScheduler
  52              		.text
  53              	.Letext0:
  54              		.file 2 "main.h"
  55              		.file 3 "BuzzerImp.h"
  56              		.file 4 "LEDs.h"
  57              		.section	.debug_info,"",%progbits
  58              	.Ldebug_info0:
  59 0000 E6000000 		.4byte	0xe6
  60 0004 0400     		.2byte	0x4
  61 0006 00000000 		.4byte	.Ldebug_abbrev0
  62 000a 04       		.byte	0x4
  63 000b 01       		.uleb128 0x1
  64 000c F4000000 		.4byte	.LASF17
  65 0010 0C       		.byte	0xc
  66 0011 AD010000 		.4byte	.LASF18
  67 0015 90000000 		.4byte	.LASF19
  68 0019 00000000 		.4byte	.Ldebug_ranges0+0
  69 001d 00000000 		.4byte	0
  70 0021 00000000 		.4byte	.Ldebug_line0
  71 0025 02       		.uleb128 0x2
  72 0026 01       		.byte	0x1
  73 0027 06       		.byte	0x6
  74 0028 95010000 		.4byte	.LASF0
  75 002c 02       		.uleb128 0x2
  76 002d 01       		.byte	0x1
  77 002e 08       		.byte	0x8
  78 002f 65000000 		.4byte	.LASF1
  79 0033 02       		.uleb128 0x2
  80 0034 02       		.byte	0x2
ARM GAS  C:\Users\YEHUDA~1\AppData\Local\Temp\ccZept5E.s 			page 3


  81 0035 05       		.byte	0x5
  82 0036 BC010000 		.4byte	.LASF2
  83 003a 02       		.uleb128 0x2
  84 003b 02       		.byte	0x2
  85 003c 07       		.byte	0x7
  86 003d 82010000 		.4byte	.LASF3
  87 0041 02       		.uleb128 0x2
  88 0042 04       		.byte	0x4
  89 0043 05       		.byte	0x5
  90 0044 78000000 		.4byte	.LASF4
  91 0048 02       		.uleb128 0x2
  92 0049 04       		.byte	0x4
  93 004a 07       		.byte	0x7
  94 004b 3C000000 		.4byte	.LASF5
  95 004f 02       		.uleb128 0x2
  96 0050 08       		.byte	0x8
  97 0051 05       		.byte	0x5
  98 0052 00000000 		.4byte	.LASF6
  99 0056 02       		.uleb128 0x2
 100 0057 08       		.byte	0x8
 101 0058 07       		.byte	0x7
 102 0059 4E000000 		.4byte	.LASF7
 103 005d 03       		.uleb128 0x3
 104 005e 04       		.byte	0x4
 105 005f 05       		.byte	0x5
 106 0060 696E7400 		.ascii	"int\000"
 107 0064 02       		.uleb128 0x2
 108 0065 04       		.byte	0x4
 109 0066 07       		.byte	0x7
 110 0067 0E000000 		.4byte	.LASF8
 111 006b 02       		.uleb128 0x2
 112 006c 04       		.byte	0x4
 113 006d 04       		.byte	0x4
 114 006e B6010000 		.4byte	.LASF9
 115 0072 02       		.uleb128 0x2
 116 0073 08       		.byte	0x8
 117 0074 04       		.byte	0x4
 118 0075 ED000000 		.4byte	.LASF10
 119 0079 02       		.uleb128 0x2
 120 007a 01       		.byte	0x1
 121 007b 08       		.byte	0x8
 122 007c 73000000 		.4byte	.LASF11
 123 0080 02       		.uleb128 0x2
 124 0081 08       		.byte	0x8
 125 0082 04       		.byte	0x4
 126 0083 A1010000 		.4byte	.LASF12
 127 0087 02       		.uleb128 0x2
 128 0088 04       		.byte	0x4
 129 0089 07       		.byte	0x7
 130 008a DC010000 		.4byte	.LASF13
 131 008e 04       		.uleb128 0x4
 132 008f 81000000 		.4byte	.LASF20
 133 0093 01       		.byte	0x1
 134 0094 1E       		.byte	0x1e
 135 0095 00000000 		.4byte	.LFB35
 136 0099 14000000 		.4byte	.LFE35-.LFB35
 137 009d 01       		.uleb128 0x1
ARM GAS  C:\Users\YEHUDA~1\AppData\Local\Temp\ccZept5E.s 			page 4


 138 009e 9C       		.byte	0x9c
 139 009f C8000000 		.4byte	0xc8
 140 00a3 05       		.uleb128 0x5
 141 00a4 06000000 		.4byte	.LVL0
 142 00a8 C8000000 		.4byte	0xc8
 143 00ac 05       		.uleb128 0x5
 144 00ad 0A000000 		.4byte	.LVL1
 145 00b1 D3000000 		.4byte	0xd3
 146 00b5 05       		.uleb128 0x5
 147 00b6 0E000000 		.4byte	.LVL2
 148 00ba C8000000 		.4byte	0xc8
 149 00be 05       		.uleb128 0x5
 150 00bf 12000000 		.4byte	.LVL3
 151 00c3 DE000000 		.4byte	0xde
 152 00c7 00       		.byte	0
 153 00c8 06       		.uleb128 0x6
 154 00c9 1B000000 		.4byte	.LASF14
 155 00cd 1B000000 		.4byte	.LASF14
 156 00d1 02       		.byte	0x2
 157 00d2 1B       		.byte	0x1b
 158 00d3 06       		.uleb128 0x6
 159 00d4 26000000 		.4byte	.LASF15
 160 00d8 26000000 		.4byte	.LASF15
 161 00dc 03       		.byte	0x3
 162 00dd 43       		.byte	0x43
 163 00de 06       		.uleb128 0x6
 164 00df C6010000 		.4byte	.LASF16
 165 00e3 C6010000 		.4byte	.LASF16
 166 00e7 04       		.byte	0x4
 167 00e8 48       		.byte	0x48
 168 00e9 00       		.byte	0
 169              		.section	.debug_abbrev,"",%progbits
 170              	.Ldebug_abbrev0:
 171 0000 01       		.uleb128 0x1
 172 0001 11       		.uleb128 0x11
 173 0002 01       		.byte	0x1
 174 0003 25       		.uleb128 0x25
 175 0004 0E       		.uleb128 0xe
 176 0005 13       		.uleb128 0x13
 177 0006 0B       		.uleb128 0xb
 178 0007 03       		.uleb128 0x3
 179 0008 0E       		.uleb128 0xe
 180 0009 1B       		.uleb128 0x1b
 181 000a 0E       		.uleb128 0xe
 182 000b 55       		.uleb128 0x55
 183 000c 17       		.uleb128 0x17
 184 000d 11       		.uleb128 0x11
 185 000e 01       		.uleb128 0x1
 186 000f 10       		.uleb128 0x10
 187 0010 17       		.uleb128 0x17
 188 0011 00       		.byte	0
 189 0012 00       		.byte	0
 190 0013 02       		.uleb128 0x2
 191 0014 24       		.uleb128 0x24
 192 0015 00       		.byte	0
 193 0016 0B       		.uleb128 0xb
 194 0017 0B       		.uleb128 0xb
ARM GAS  C:\Users\YEHUDA~1\AppData\Local\Temp\ccZept5E.s 			page 5


 195 0018 3E       		.uleb128 0x3e
 196 0019 0B       		.uleb128 0xb
 197 001a 03       		.uleb128 0x3
 198 001b 0E       		.uleb128 0xe
 199 001c 00       		.byte	0
 200 001d 00       		.byte	0
 201 001e 03       		.uleb128 0x3
 202 001f 24       		.uleb128 0x24
 203 0020 00       		.byte	0
 204 0021 0B       		.uleb128 0xb
 205 0022 0B       		.uleb128 0xb
 206 0023 3E       		.uleb128 0x3e
 207 0024 0B       		.uleb128 0xb
 208 0025 03       		.uleb128 0x3
 209 0026 08       		.uleb128 0x8
 210 0027 00       		.byte	0
 211 0028 00       		.byte	0
 212 0029 04       		.uleb128 0x4
 213 002a 2E       		.uleb128 0x2e
 214 002b 01       		.byte	0x1
 215 002c 3F       		.uleb128 0x3f
 216 002d 19       		.uleb128 0x19
 217 002e 03       		.uleb128 0x3
 218 002f 0E       		.uleb128 0xe
 219 0030 3A       		.uleb128 0x3a
 220 0031 0B       		.uleb128 0xb
 221 0032 3B       		.uleb128 0x3b
 222 0033 0B       		.uleb128 0xb
 223 0034 27       		.uleb128 0x27
 224 0035 19       		.uleb128 0x19
 225 0036 11       		.uleb128 0x11
 226 0037 01       		.uleb128 0x1
 227 0038 12       		.uleb128 0x12
 228 0039 06       		.uleb128 0x6
 229 003a 40       		.uleb128 0x40
 230 003b 18       		.uleb128 0x18
 231 003c 9742     		.uleb128 0x2117
 232 003e 19       		.uleb128 0x19
 233 003f 01       		.uleb128 0x1
 234 0040 13       		.uleb128 0x13
 235 0041 00       		.byte	0
 236 0042 00       		.byte	0
 237 0043 05       		.uleb128 0x5
 238 0044 898201   		.uleb128 0x4109
 239 0047 00       		.byte	0
 240 0048 11       		.uleb128 0x11
 241 0049 01       		.uleb128 0x1
 242 004a 31       		.uleb128 0x31
 243 004b 13       		.uleb128 0x13
 244 004c 00       		.byte	0
 245 004d 00       		.byte	0
 246 004e 06       		.uleb128 0x6
 247 004f 2E       		.uleb128 0x2e
 248 0050 00       		.byte	0
 249 0051 3F       		.uleb128 0x3f
 250 0052 19       		.uleb128 0x19
 251 0053 3C       		.uleb128 0x3c
ARM GAS  C:\Users\YEHUDA~1\AppData\Local\Temp\ccZept5E.s 			page 6


 252 0054 19       		.uleb128 0x19
 253 0055 6E       		.uleb128 0x6e
 254 0056 0E       		.uleb128 0xe
 255 0057 03       		.uleb128 0x3
 256 0058 0E       		.uleb128 0xe
 257 0059 3A       		.uleb128 0x3a
 258 005a 0B       		.uleb128 0xb
 259 005b 3B       		.uleb128 0x3b
 260 005c 0B       		.uleb128 0xb
 261 005d 00       		.byte	0
 262 005e 00       		.byte	0
 263 005f 00       		.byte	0
 264              		.section	.debug_aranges,"",%progbits
 265 0000 1C000000 		.4byte	0x1c
 266 0004 0200     		.2byte	0x2
 267 0006 00000000 		.4byte	.Ldebug_info0
 268 000a 04       		.byte	0x4
 269 000b 00       		.byte	0
 270 000c 0000     		.2byte	0
 271 000e 0000     		.2byte	0
 272 0010 00000000 		.4byte	.LFB35
 273 0014 14000000 		.4byte	.LFE35-.LFB35
 274 0018 00000000 		.4byte	0
 275 001c 00000000 		.4byte	0
 276              		.section	.debug_ranges,"",%progbits
 277              	.Ldebug_ranges0:
 278 0000 00000000 		.4byte	.LFB35
 279 0004 14000000 		.4byte	.LFE35
 280 0008 00000000 		.4byte	0
 281 000c 00000000 		.4byte	0
 282              		.section	.debug_line,"",%progbits
 283              	.Ldebug_line0:
 284 0000 5A000000 		.section	.debug_str,"MS",%progbits,1
 284      02004200 
 284      00000201 
 284      FB0E0D00 
 284      01010101 
 285              	.LASF6:
 286 0000 6C6F6E67 		.ascii	"long long int\000"
 286      206C6F6E 
 286      6720696E 
 286      7400
 287              	.LASF8:
 288 000e 756E7369 		.ascii	"unsigned int\000"
 288      676E6564 
 288      20696E74 
 288      00
 289              	.LASF14:
 290 001b 53797354 		.ascii	"SysTickGet\000"
 290      69636B47 
 290      657400
 291              	.LASF15:
 292 0026 42757A7A 		.ascii	"BuzzerBeepGetClockVal\000"
 292      65724265 
 292      65704765 
 292      74436C6F 
 292      636B5661 
ARM GAS  C:\Users\YEHUDA~1\AppData\Local\Temp\ccZept5E.s 			page 7


 293              	.LASF5:
 294 003c 6C6F6E67 		.ascii	"long unsigned int\000"
 294      20756E73 
 294      69676E65 
 294      6420696E 
 294      7400
 295              	.LASF7:
 296 004e 6C6F6E67 		.ascii	"long long unsigned int\000"
 296      206C6F6E 
 296      6720756E 
 296      7369676E 
 296      65642069 
 297              	.LASF1:
 298 0065 756E7369 		.ascii	"unsigned char\000"
 298      676E6564 
 298      20636861 
 298      7200
 299              	.LASF11:
 300 0073 63686172 		.ascii	"char\000"
 300      00
 301              	.LASF4:
 302 0078 6C6F6E67 		.ascii	"long int\000"
 302      20696E74 
 302      00
 303              	.LASF20:
 304 0081 5461736B 		.ascii	"TasksScheduler\000"
 304      73536368 
 304      6564756C 
 304      657200
 305              	.LASF19:
 306 0090 433A5C55 		.ascii	"C:\\Users\\Yehuda Ben Chaim\\Google Drive\\My Proje"
 306      73657273 
 306      5C596568 
 306      75646120 
 306      42656E20 
 307 00bf 6374735C 		.ascii	"cts\\WW\\FW\\WorkingCopy\\WWV1_0\\WW\\BLE_Imp.cydsn"
 307      57575C46 
 307      575C576F 
 307      726B696E 
 307      67436F70 
 308 00ec 00       		.ascii	"\000"
 309              	.LASF10:
 310 00ed 646F7562 		.ascii	"double\000"
 310      6C6500
 311              	.LASF17:
 312 00f4 474E5520 		.ascii	"GNU C11 5.4.1 20160609 (release) [ARM/embedded-5-br"
 312      43313120 
 312      352E342E 
 312      31203230 
 312      31363036 
 313 0127 616E6368 		.ascii	"anch revision 237715] -mcpu=cortex-m0 -mthumb -g -O"
 313      20726576 
 313      6973696F 
 313      6E203233 
 313      37373135 
 314 015a 67202D66 		.ascii	"g -ffunction-sections -ffat-lto-objects\000"
 314      66756E63 
ARM GAS  C:\Users\YEHUDA~1\AppData\Local\Temp\ccZept5E.s 			page 8


 314      74696F6E 
 314      2D736563 
 314      74696F6E 
 315              	.LASF3:
 316 0182 73686F72 		.ascii	"short unsigned int\000"
 316      7420756E 
 316      7369676E 
 316      65642069 
 316      6E7400
 317              	.LASF0:
 318 0195 7369676E 		.ascii	"signed char\000"
 318      65642063 
 318      68617200 
 319              	.LASF12:
 320 01a1 6C6F6E67 		.ascii	"long double\000"
 320      20646F75 
 320      626C6500 
 321              	.LASF18:
 322 01ad 636F6D6D 		.ascii	"common.c\000"
 322      6F6E2E63 
 322      00
 323              	.LASF9:
 324 01b6 666C6F61 		.ascii	"float\000"
 324      7400
 325              	.LASF2:
 326 01bc 73686F72 		.ascii	"short int\000"
 326      7420696E 
 326      7400
 327              	.LASF16:
 328 01c6 4C45445F 		.ascii	"LED_BlinkpGetClockVal\000"
 328      426C696E 
 328      6B704765 
 328      74436C6F 
 328      636B5661 
 329              	.LASF13:
 330 01dc 73697A65 		.ascii	"sizetype\000"
 330      74797065 
 330      00
 331              		.ident	"GCC: (GNU Tools for ARM Embedded Processors) 5.4.1 20160609 (release) [ARM/embedded-5-bran
