ARM GAS  C:\Users\YEHUDA~1\AppData\Local\Temp\ccjRvhmm.s 			page 1


   1              		.syntax unified
   2              		.cpu cortex-m0
   3              		.fpu softvfp
   4              		.eabi_attribute 20, 1
   5              		.eabi_attribute 21, 1
   6              		.eabi_attribute 23, 3
   7              		.eabi_attribute 24, 1
   8              		.eabi_attribute 25, 1
   9              		.eabi_attribute 26, 1
  10              		.eabi_attribute 30, 1
  11              		.eabi_attribute 34, 0
  12              		.eabi_attribute 18, 4
  13              		.thumb
  14              		.syntax unified
  15              		.file	"GPIO.c"
  16              		.text
  17              	.Ltext0:
  18              		.cfi_sections	.debug_frame
  19              		.section	.text.OperationsMain,"ax",%progbits
  20              		.align	2
  21              		.global	OperationsMain
  22              		.code	16
  23              		.thumb_func
  24              		.type	OperationsMain, %function
  25              	OperationsMain:
  26              	.LFB35:
  27              		.file 1 "GPIO.c"
   1:GPIO.c        **** /* ========================================
   2:GPIO.c        ****  *
   3:GPIO.c        ****  * Copyright Yehuda Ben Chaim, 2018
   4:GPIO.c        ****  * All Rights Reserved
   5:GPIO.c        ****  * UNPUBLISHED, LICENSED SOFTWARE.
   6:GPIO.c        ****  *
   7:GPIO.c        ****  * CONFIDENTIAL AND PROPRIETARY INFORMATION
   8:GPIO.c        ****  * WHICH IS THE PROPERTY OF Yehuda Ben Chaim.
   9:GPIO.c        ****  *
  10:GPIO.c        ****  * ========================================
  11:GPIO.c        **** */
  12:GPIO.c        **** 
  13:GPIO.c        **** /**** Includes *****************************************/
  14:GPIO.c        **** #include "GPIO.h"
  15:GPIO.c        **** #include "iprintf.h"
  16:GPIO.c        **** 
  17:GPIO.c        **** 
  18:GPIO.c        **** /**** Defines *****************************************/
  19:GPIO.c        **** #define PIN_ON                  1
  20:GPIO.c        **** #define PIN_OFF                 0
  21:GPIO.c        **** 
  22:GPIO.c        **** enum
  23:GPIO.c        **** {
  24:GPIO.c        ****   UP,
  25:GPIO.c        ****   DOWN,
  26:GPIO.c        ****   IN,
  27:GPIO.c        ****   OUT,
  28:GPIO.c        ****   STOP_UP,
  29:GPIO.c        ****   STOP_DOWN,
  30:GPIO.c        ****   STOP_IN,
ARM GAS  C:\Users\YEHUDA~1\AppData\Local\Temp\ccjRvhmm.s 			page 2


  31:GPIO.c        ****   STOP_OUT,
  32:GPIO.c        ****   UP_AND_IN,
  33:GPIO.c        ****   OUT_AND_DOWN,
  34:GPIO.c        ****   STOP_ALL
  35:GPIO.c        **** }Operations;
  36:GPIO.c        **** /**** Private functions decleration *******************/
  37:GPIO.c        **** 
  38:GPIO.c        **** /**** Private functions *******************************/
  39:GPIO.c        **** 
  40:GPIO.c        **** uint8_t OperationsMain(uint8_t ReceivedByte)
  41:GPIO.c        **** {   
  28              		.loc 1 41 0
  29              		.cfi_startproc
  30              		@ args = 0, pretend = 0, frame = 0
  31              		@ frame_needed = 0, uses_anonymous_args = 0
  32              	.LVL0:
  33 0000 10B5     		push	{r4, lr}
  34              		.cfi_def_cfa_offset 8
  35              		.cfi_offset 4, -8
  36              		.cfi_offset 14, -4
  37              	.LVL1:
  42:GPIO.c        ****   uint8_t Val2Ret = 0 ;
  43:GPIO.c        ****   switch(ReceivedByte)
  38              		.loc 1 43 0
  39 0002 0A28     		cmp	r0, #10
  40 0004 52D8     		bhi	.L2
  41 0006 8000     		lsls	r0, r0, #2
  42              	.LVL2:
  43 0008 294B     		ldr	r3, .L15
  44 000a 1B58     		ldr	r3, [r3, r0]
  45 000c 9F46     		mov	pc, r3
  46              		.section	.rodata
  47              		.align	2
  48              	.L4:
  49 0000 0E000000 		.word	.L3
  50 0004 1C000000 		.word	.L5
  51 0008 2A000000 		.word	.L6
  52 000c 38000000 		.word	.L7
  53 0010 46000000 		.word	.L8
  54 0014 54000000 		.word	.L9
  55 0018 62000000 		.word	.L10
  56 001c 70000000 		.word	.L11
  57 0020 7E000000 		.word	.L12
  58 0024 86000000 		.word	.L13
  59 0028 8E000000 		.word	.L14
  60              		.section	.text.OperationsMain
  61              	.L3:
  44:GPIO.c        ****   {
  45:GPIO.c        ****   case UP:
  46:GPIO.c        ****     iprintf(" UP command received\n\r");
  62              		.loc 1 46 0
  63 000e 2948     		ldr	r0, .L15+4
  64 0010 FFF7FEFF 		bl	iprintf
  65              	.LVL3:
  47:GPIO.c        ****     WinchUpPin_Write(PIN_ON);
  66              		.loc 1 47 0
  67 0014 0120     		movs	r0, #1
ARM GAS  C:\Users\YEHUDA~1\AppData\Local\Temp\ccjRvhmm.s 			page 3


  68 0016 FFF7FEFF 		bl	WinchUpPin_Write
  69              	.LVL4:
  48:GPIO.c        ****     break;
  70              		.loc 1 48 0
  71 001a 47E0     		b	.L2
  72              	.L5:
  49:GPIO.c        ****   case DOWN:
  50:GPIO.c        ****     iprintf(" DOWN command received\n\r");
  73              		.loc 1 50 0
  74 001c 2648     		ldr	r0, .L15+8
  75 001e FFF7FEFF 		bl	iprintf
  76              	.LVL5:
  51:GPIO.c        ****     WinchDownPin_Write(PIN_ON);
  77              		.loc 1 51 0
  78 0022 0120     		movs	r0, #1
  79 0024 FFF7FEFF 		bl	WinchDownPin_Write
  80              	.LVL6:
  52:GPIO.c        ****     break;
  81              		.loc 1 52 0
  82 0028 40E0     		b	.L2
  83              	.L6:
  53:GPIO.c        ****   case IN:
  54:GPIO.c        ****     iprintf(" IN command received\n\r");
  84              		.loc 1 54 0
  85 002a 2448     		ldr	r0, .L15+12
  86 002c FFF7FEFF 		bl	iprintf
  87              	.LVL7:
  55:GPIO.c        ****     WinchInPin_Write(PIN_ON);
  88              		.loc 1 55 0
  89 0030 0120     		movs	r0, #1
  90 0032 FFF7FEFF 		bl	WinchInPin_Write
  91              	.LVL8:
  56:GPIO.c        ****     break;
  92              		.loc 1 56 0
  93 0036 39E0     		b	.L2
  94              	.L7:
  57:GPIO.c        ****   case OUT:
  58:GPIO.c        ****     iprintf(" OUT command received\n\r");
  95              		.loc 1 58 0
  96 0038 2148     		ldr	r0, .L15+16
  97 003a FFF7FEFF 		bl	iprintf
  98              	.LVL9:
  59:GPIO.c        ****     WinchOutPin_Write(PIN_ON);
  99              		.loc 1 59 0
 100 003e 0120     		movs	r0, #1
 101 0040 FFF7FEFF 		bl	WinchOutPin_Write
 102              	.LVL10:
  60:GPIO.c        ****     break;
 103              		.loc 1 60 0
 104 0044 32E0     		b	.L2
 105              	.L8:
  61:GPIO.c        ****   case STOP_UP:
  62:GPIO.c        ****     iprintf(" STOP_UP command received\n\r");
 106              		.loc 1 62 0
 107 0046 1F48     		ldr	r0, .L15+20
 108 0048 FFF7FEFF 		bl	iprintf
 109              	.LVL11:
ARM GAS  C:\Users\YEHUDA~1\AppData\Local\Temp\ccjRvhmm.s 			page 4


  63:GPIO.c        ****     WinchUpPin_Write(PIN_OFF);
 110              		.loc 1 63 0
 111 004c 0020     		movs	r0, #0
 112 004e FFF7FEFF 		bl	WinchUpPin_Write
 113              	.LVL12:
  64:GPIO.c        ****     break;
 114              		.loc 1 64 0
 115 0052 2BE0     		b	.L2
 116              	.L9:
  65:GPIO.c        ****   case STOP_DOWN:
  66:GPIO.c        ****     iprintf(" STOP_DOWN command received\n\r");
 117              		.loc 1 66 0
 118 0054 1C48     		ldr	r0, .L15+24
 119 0056 FFF7FEFF 		bl	iprintf
 120              	.LVL13:
  67:GPIO.c        ****     WinchDownPin_Write(PIN_OFF);
 121              		.loc 1 67 0
 122 005a 0020     		movs	r0, #0
 123 005c FFF7FEFF 		bl	WinchDownPin_Write
 124              	.LVL14:
  68:GPIO.c        ****     break;
 125              		.loc 1 68 0
 126 0060 24E0     		b	.L2
 127              	.L10:
  69:GPIO.c        ****   case STOP_IN:
  70:GPIO.c        ****     iprintf(" STOP_IN command received\n\r");
 128              		.loc 1 70 0
 129 0062 1A48     		ldr	r0, .L15+28
 130 0064 FFF7FEFF 		bl	iprintf
 131              	.LVL15:
  71:GPIO.c        ****     WinchInPin_Write(PIN_OFF);
 132              		.loc 1 71 0
 133 0068 0020     		movs	r0, #0
 134 006a FFF7FEFF 		bl	WinchInPin_Write
 135              	.LVL16:
  72:GPIO.c        ****     break;
 136              		.loc 1 72 0
 137 006e 1DE0     		b	.L2
 138              	.L11:
  73:GPIO.c        ****   case STOP_OUT:
  74:GPIO.c        ****     iprintf(" STOP_OUT command received\n\r");
 139              		.loc 1 74 0
 140 0070 1748     		ldr	r0, .L15+32
 141 0072 FFF7FEFF 		bl	iprintf
 142              	.LVL17:
  75:GPIO.c        ****     WinchOutPin_Write(PIN_OFF);
 143              		.loc 1 75 0
 144 0076 0020     		movs	r0, #0
 145 0078 FFF7FEFF 		bl	WinchOutPin_Write
 146              	.LVL18:
  76:GPIO.c        ****     break;
 147              		.loc 1 76 0
 148 007c 16E0     		b	.L2
 149              	.L12:
  77:GPIO.c        ****   case UP_AND_IN:
  78:GPIO.c        ****     iprintf(" UP_AND_IN command received\n\r");
 150              		.loc 1 78 0
ARM GAS  C:\Users\YEHUDA~1\AppData\Local\Temp\ccjRvhmm.s 			page 5


 151 007e 1548     		ldr	r0, .L15+36
 152 0080 FFF7FEFF 		bl	iprintf
 153              	.LVL19:
  79:GPIO.c        ****     break;
 154              		.loc 1 79 0
 155 0084 12E0     		b	.L2
 156              	.L13:
  80:GPIO.c        ****   case OUT_AND_DOWN:
  81:GPIO.c        ****     iprintf(" OUT_AND_DOWN command received\n\r");
 157              		.loc 1 81 0
 158 0086 1448     		ldr	r0, .L15+40
 159 0088 FFF7FEFF 		bl	iprintf
 160              	.LVL20:
  82:GPIO.c        ****     break;
 161              		.loc 1 82 0
 162 008c 0EE0     		b	.L2
 163              	.L14:
  83:GPIO.c        ****   case STOP_ALL:
  84:GPIO.c        ****     iprintf(" STOP_ALL command received\n\r");
 164              		.loc 1 84 0
 165 008e 1348     		ldr	r0, .L15+44
 166 0090 FFF7FEFF 		bl	iprintf
 167              	.LVL21:
  85:GPIO.c        ****     WinchUpPin_Write(PIN_OFF);
 168              		.loc 1 85 0
 169 0094 0020     		movs	r0, #0
 170 0096 FFF7FEFF 		bl	WinchUpPin_Write
 171              	.LVL22:
  86:GPIO.c        ****     WinchInPin_Write(PIN_OFF);
 172              		.loc 1 86 0
 173 009a 0020     		movs	r0, #0
 174 009c FFF7FEFF 		bl	WinchInPin_Write
 175              	.LVL23:
  87:GPIO.c        ****     WinchDownPin_Write(PIN_OFF);
 176              		.loc 1 87 0
 177 00a0 0020     		movs	r0, #0
 178 00a2 FFF7FEFF 		bl	WinchDownPin_Write
 179              	.LVL24:
  88:GPIO.c        ****     WinchOutPin_Write(PIN_OFF);
 180              		.loc 1 88 0
 181 00a6 0020     		movs	r0, #0
 182 00a8 FFF7FEFF 		bl	WinchOutPin_Write
 183              	.LVL25:
 184              	.L2:
  89:GPIO.c        ****     break;
  90:GPIO.c        ****   default:
  91:GPIO.c        ****       break;
  92:GPIO.c        ****   }
  93:GPIO.c        ****   return Val2Ret;
  94:GPIO.c        **** }
 185              		.loc 1 94 0
 186 00ac 0020     		movs	r0, #0
 187              		@ sp needed
 188 00ae 10BD     		pop	{r4, pc}
 189              	.L16:
 190              		.align	2
 191              	.L15:
ARM GAS  C:\Users\YEHUDA~1\AppData\Local\Temp\ccjRvhmm.s 			page 6


 192 00b0 00000000 		.word	.L4
 193 00b4 00000000 		.word	.LC1
 194 00b8 18000000 		.word	.LC3
 195 00bc 34000000 		.word	.LC5
 196 00c0 4C000000 		.word	.LC7
 197 00c4 64000000 		.word	.LC9
 198 00c8 80000000 		.word	.LC11
 199 00cc A0000000 		.word	.LC13
 200 00d0 BC000000 		.word	.LC15
 201 00d4 DC000000 		.word	.LC17
 202 00d8 FC000000 		.word	.LC19
 203 00dc 20010000 		.word	.LC21
 204              		.cfi_endproc
 205              	.LFE35:
 206              		.size	OperationsMain, .-OperationsMain
 207              		.comm	Operations,1,1
 208              		.section	.rodata.str1.4,"aMS",%progbits,1
 209              		.align	2
 210              	.LC1:
 211 0000 20555020 		.ascii	" UP command received\012\015\000"
 211      636F6D6D 
 211      616E6420 
 211      72656365 
 211      69766564 
 212 0017 00       		.space	1
 213              	.LC3:
 214 0018 20444F57 		.ascii	" DOWN command received\012\015\000"
 214      4E20636F 
 214      6D6D616E 
 214      64207265 
 214      63656976 
 215 0031 000000   		.space	3
 216              	.LC5:
 217 0034 20494E20 		.ascii	" IN command received\012\015\000"
 217      636F6D6D 
 217      616E6420 
 217      72656365 
 217      69766564 
 218 004b 00       		.space	1
 219              	.LC7:
 220 004c 204F5554 		.ascii	" OUT command received\012\015\000"
 220      20636F6D 
 220      6D616E64 
 220      20726563 
 220      65697665 
 221              	.LC9:
 222 0064 2053544F 		.ascii	" STOP_UP command received\012\015\000"
 222      505F5550 
 222      20636F6D 
 222      6D616E64 
 222      20726563 
 223              	.LC11:
 224 0080 2053544F 		.ascii	" STOP_DOWN command received\012\015\000"
 224      505F444F 
 224      574E2063 
 224      6F6D6D61 
 224      6E642072 
ARM GAS  C:\Users\YEHUDA~1\AppData\Local\Temp\ccjRvhmm.s 			page 7


 225 009e 0000     		.space	2
 226              	.LC13:
 227 00a0 2053544F 		.ascii	" STOP_IN command received\012\015\000"
 227      505F494E 
 227      20636F6D 
 227      6D616E64 
 227      20726563 
 228              	.LC15:
 229 00bc 2053544F 		.ascii	" STOP_OUT command received\012\015\000"
 229      505F4F55 
 229      5420636F 
 229      6D6D616E 
 229      64207265 
 230 00d9 000000   		.space	3
 231              	.LC17:
 232 00dc 2055505F 		.ascii	" UP_AND_IN command received\012\015\000"
 232      414E445F 
 232      494E2063 
 232      6F6D6D61 
 232      6E642072 
 233 00fa 0000     		.space	2
 234              	.LC19:
 235 00fc 204F5554 		.ascii	" OUT_AND_DOWN command received\012\015\000"
 235      5F414E44 
 235      5F444F57 
 235      4E20636F 
 235      6D6D616E 
 236 011d 000000   		.space	3
 237              	.LC21:
 238 0120 2053544F 		.ascii	" STOP_ALL command received\012\015\000"
 238      505F414C 
 238      4C20636F 
 238      6D6D616E 
 238      64207265 
 239              		.text
 240              	.Letext0:
 241              		.file 2 "c:\\program files (x86)\\cypress\\psoc creator\\4.2\\psoc creator\\import\\gnu\\arm\\5.4.
 242              		.file 3 "c:\\program files (x86)\\cypress\\psoc creator\\4.2\\psoc creator\\import\\gnu\\arm\\5.4.
 243              		.file 4 "Generated_Source\\PSoC4/BLE_Stack.h"
 244              		.file 5 "iprintf.h"
 245              		.file 6 "Generated_Source\\PSoC4/WinchUpPin.h"
 246              		.file 7 "Generated_Source\\PSoC4/WinchDownPin.h"
 247              		.file 8 "Generated_Source\\PSoC4/WinchInPin.h"
 248              		.file 9 "Generated_Source\\PSoC4/WinchOutPin.h"
 249              		.section	.debug_info,"",%progbits
 250              	.Ldebug_info0:
 251 0000 06050000 		.4byte	0x506
 252 0004 0400     		.2byte	0x4
 253 0006 00000000 		.4byte	.Ldebug_abbrev0
 254 000a 04       		.byte	0x4
 255 000b 01       		.uleb128 0x1
 256 000c E7010000 		.4byte	.LASF101
 257 0010 0C       		.byte	0xc
 258 0011 AB030000 		.4byte	.LASF102
 259 0015 70050000 		.4byte	.LASF103
 260 0019 00000000 		.4byte	.Ldebug_ranges0+0
 261 001d 00000000 		.4byte	0
ARM GAS  C:\Users\YEHUDA~1\AppData\Local\Temp\ccjRvhmm.s 			page 8


 262 0021 00000000 		.4byte	.Ldebug_line0
 263 0025 02       		.uleb128 0x2
 264 0026 01       		.byte	0x1
 265 0027 06       		.byte	0x6
 266 0028 EB050000 		.4byte	.LASF0
 267 002c 03       		.uleb128 0x3
 268 002d 1C040000 		.4byte	.LASF9
 269 0031 02       		.byte	0x2
 270 0032 1D       		.byte	0x1d
 271 0033 37000000 		.4byte	0x37
 272 0037 02       		.uleb128 0x2
 273 0038 01       		.byte	0x1
 274 0039 08       		.byte	0x8
 275 003a 24050000 		.4byte	.LASF1
 276 003e 02       		.uleb128 0x2
 277 003f 02       		.byte	0x2
 278 0040 05       		.byte	0x5
 279 0041 A7000000 		.4byte	.LASF2
 280 0045 02       		.uleb128 0x2
 281 0046 02       		.byte	0x2
 282 0047 07       		.byte	0x7
 283 0048 22070000 		.4byte	.LASF3
 284 004c 02       		.uleb128 0x2
 285 004d 04       		.byte	0x4
 286 004e 05       		.byte	0x5
 287 004f D3030000 		.4byte	.LASF4
 288 0053 02       		.uleb128 0x2
 289 0054 04       		.byte	0x4
 290 0055 07       		.byte	0x7
 291 0056 80060000 		.4byte	.LASF5
 292 005a 02       		.uleb128 0x2
 293 005b 08       		.byte	0x8
 294 005c 05       		.byte	0x5
 295 005d 35010000 		.4byte	.LASF6
 296 0061 02       		.uleb128 0x2
 297 0062 08       		.byte	0x8
 298 0063 07       		.byte	0x7
 299 0064 94030000 		.4byte	.LASF7
 300 0068 04       		.uleb128 0x4
 301 0069 04       		.byte	0x4
 302 006a 05       		.byte	0x5
 303 006b 696E7400 		.ascii	"int\000"
 304 006f 02       		.uleb128 0x2
 305 0070 04       		.byte	0x4
 306 0071 07       		.byte	0x7
 307 0072 800A0000 		.4byte	.LASF8
 308 0076 03       		.uleb128 0x3
 309 0077 75020000 		.4byte	.LASF10
 310 007b 03       		.byte	0x3
 311 007c 18       		.byte	0x18
 312 007d 2C000000 		.4byte	0x2c
 313 0081 02       		.uleb128 0x2
 314 0082 04       		.byte	0x4
 315 0083 04       		.byte	0x4
 316 0084 2B030000 		.4byte	.LASF11
 317 0088 02       		.uleb128 0x2
 318 0089 08       		.byte	0x8
ARM GAS  C:\Users\YEHUDA~1\AppData\Local\Temp\ccjRvhmm.s 			page 9


 319 008a 04       		.byte	0x4
 320 008b 75080000 		.4byte	.LASF12
 321 008f 02       		.uleb128 0x2
 322 0090 01       		.byte	0x1
 323 0091 08       		.byte	0x8
 324 0092 94070000 		.4byte	.LASF13
 325 0096 02       		.uleb128 0x2
 326 0097 08       		.byte	0x8
 327 0098 04       		.byte	0x4
 328 0099 F2040000 		.4byte	.LASF14
 329 009d 02       		.uleb128 0x2
 330 009e 04       		.byte	0x4
 331 009f 07       		.byte	0x7
 332 00a0 E9000000 		.4byte	.LASF15
 333 00a4 05       		.uleb128 0x5
 334 00a5 01       		.byte	0x1
 335 00a6 37000000 		.4byte	0x37
 336 00aa 04       		.byte	0x4
 337 00ab 3501     		.2byte	0x135
 338 00ad 62020000 		.4byte	0x262
 339 00b1 06       		.uleb128 0x6
 340 00b2 CD020000 		.4byte	.LASF16
 341 00b6 00       		.byte	0
 342 00b7 06       		.uleb128 0x6
 343 00b8 79010000 		.4byte	.LASF17
 344 00bc 01       		.byte	0x1
 345 00bd 06       		.uleb128 0x6
 346 00be 150A0000 		.4byte	.LASF18
 347 00c2 02       		.byte	0x2
 348 00c3 06       		.uleb128 0x6
 349 00c4 ED080000 		.4byte	.LASF19
 350 00c8 03       		.byte	0x3
 351 00c9 06       		.uleb128 0x6
 352 00ca 43010000 		.4byte	.LASF20
 353 00ce 04       		.byte	0x4
 354 00cf 06       		.uleb128 0x6
 355 00d0 47040000 		.4byte	.LASF21
 356 00d4 05       		.byte	0x5
 357 00d5 06       		.uleb128 0x6
 358 00d6 50000000 		.4byte	.LASF22
 359 00da 06       		.byte	0x6
 360 00db 06       		.uleb128 0x6
 361 00dc 4B090000 		.4byte	.LASF23
 362 00e0 20       		.byte	0x20
 363 00e1 06       		.uleb128 0x6
 364 00e2 92060000 		.4byte	.LASF24
 365 00e6 21       		.byte	0x21
 366 00e7 06       		.uleb128 0x6
 367 00e8 00000000 		.4byte	.LASF25
 368 00ec 22       		.byte	0x22
 369 00ed 06       		.uleb128 0x6
 370 00ee 7D040000 		.4byte	.LASF26
 371 00f2 23       		.byte	0x23
 372 00f3 06       		.uleb128 0x6
 373 00f4 38060000 		.4byte	.LASF27
 374 00f8 24       		.byte	0x24
 375 00f9 06       		.uleb128 0x6
ARM GAS  C:\Users\YEHUDA~1\AppData\Local\Temp\ccjRvhmm.s 			page 10


 376 00fa B1000000 		.4byte	.LASF28
 377 00fe 25       		.byte	0x25
 378 00ff 06       		.uleb128 0x6
 379 0100 C5080000 		.4byte	.LASF29
 380 0104 26       		.byte	0x26
 381 0105 06       		.uleb128 0x6
 382 0106 FD030000 		.4byte	.LASF30
 383 010a 27       		.byte	0x27
 384 010b 06       		.uleb128 0x6
 385 010c BF0A0000 		.4byte	.LASF31
 386 0110 28       		.byte	0x28
 387 0111 06       		.uleb128 0x6
 388 0112 CA060000 		.4byte	.LASF32
 389 0116 29       		.byte	0x29
 390 0117 06       		.uleb128 0x6
 391 0118 44070000 		.4byte	.LASF33
 392 011c 2A       		.byte	0x2a
 393 011d 06       		.uleb128 0x6
 394 011e 15080000 		.4byte	.LASF34
 395 0122 2B       		.byte	0x2b
 396 0123 06       		.uleb128 0x6
 397 0124 7D020000 		.4byte	.LASF35
 398 0128 2C       		.byte	0x2c
 399 0129 06       		.uleb128 0x6
 400 012a 4A030000 		.4byte	.LASF36
 401 012e 2D       		.byte	0x2d
 402 012f 06       		.uleb128 0x6
 403 0130 83000000 		.4byte	.LASF37
 404 0134 2E       		.byte	0x2e
 405 0135 06       		.uleb128 0x6
 406 0136 200B0000 		.4byte	.LASF38
 407 013a 2F       		.byte	0x2f
 408 013b 06       		.uleb128 0x6
 409 013c FC000000 		.4byte	.LASF39
 410 0140 30       		.byte	0x30
 411 0141 06       		.uleb128 0x6
 412 0142 CE040000 		.4byte	.LASF40
 413 0146 31       		.byte	0x31
 414 0147 06       		.uleb128 0x6
 415 0148 73030000 		.4byte	.LASF41
 416 014c 32       		.byte	0x32
 417 014d 06       		.uleb128 0x6
 418 014e 6D070000 		.4byte	.LASF42
 419 0152 33       		.byte	0x33
 420 0153 06       		.uleb128 0x6
 421 0154 E7060000 		.4byte	.LASF43
 422 0158 34       		.byte	0x34
 423 0159 06       		.uleb128 0x6
 424 015a A8080000 		.4byte	.LASF44
 425 015e 35       		.byte	0x35
 426 015f 06       		.uleb128 0x6
 427 0160 B2030000 		.4byte	.LASF45
 428 0164 36       		.byte	0x36
 429 0165 06       		.uleb128 0x6
 430 0166 8C010000 		.4byte	.LASF46
 431 016a 37       		.byte	0x37
 432 016b 06       		.uleb128 0x6
ARM GAS  C:\Users\YEHUDA~1\AppData\Local\Temp\ccjRvhmm.s 			page 11


 433 016c 69000000 		.4byte	.LASF47
 434 0170 40       		.byte	0x40
 435 0171 06       		.uleb128 0x6
 436 0172 65060000 		.4byte	.LASF48
 437 0176 41       		.byte	0x41
 438 0177 06       		.uleb128 0x6
 439 0178 CB000000 		.4byte	.LASF49
 440 017c 42       		.byte	0x42
 441 017d 06       		.uleb128 0x6
 442 017e C1010000 		.4byte	.LASF50
 443 0182 43       		.byte	0x43
 444 0183 06       		.uleb128 0x6
 445 0184 B4090000 		.4byte	.LASF51
 446 0188 44       		.byte	0x44
 447 0189 06       		.uleb128 0x6
 448 018a 6F090000 		.4byte	.LASF52
 449 018e 45       		.byte	0x45
 450 018f 06       		.uleb128 0x6
 451 0190 58010000 		.4byte	.LASF53
 452 0194 46       		.byte	0x46
 453 0195 06       		.uleb128 0x6
 454 0196 CD050000 		.4byte	.LASF54
 455 019a 47       		.byte	0x47
 456 019b 06       		.uleb128 0x6
 457 019c 11060000 		.4byte	.LASF55
 458 01a0 48       		.byte	0x48
 459 01a1 06       		.uleb128 0x6
 460 01a2 31030000 		.4byte	.LASF56
 461 01a6 49       		.byte	0x49
 462 01a7 06       		.uleb128 0x6
 463 01a8 D8070000 		.4byte	.LASF57
 464 01ac 4A       		.byte	0x4a
 465 01ad 06       		.uleb128 0x6
 466 01ae D2090000 		.4byte	.LASF58
 467 01b2 4B       		.byte	0x4b
 468 01b3 06       		.uleb128 0x6
 469 01b4 F7050000 		.4byte	.LASF59
 470 01b8 4C       		.byte	0x4c
 471 01b9 06       		.uleb128 0x6
 472 01ba 24000000 		.4byte	.LASF60
 473 01be 4D       		.byte	0x4d
 474 01bf 06       		.uleb128 0x6
 475 01c0 96090000 		.4byte	.LASF61
 476 01c4 4E       		.byte	0x4e
 477 01c5 06       		.uleb128 0x6
 478 01c6 32050000 		.4byte	.LASF62
 479 01ca 4F       		.byte	0x4f
 480 01cb 06       		.uleb128 0x6
 481 01cc 8D0A0000 		.4byte	.LASF63
 482 01d0 50       		.byte	0x50
 483 01d1 06       		.uleb128 0x6
 484 01d2 F6070000 		.4byte	.LASF64
 485 01d6 51       		.byte	0x51
 486 01d7 06       		.uleb128 0x6
 487 01d8 26040000 		.4byte	.LASF65
 488 01dc 52       		.byte	0x52
 489 01dd 06       		.uleb128 0x6
ARM GAS  C:\Users\YEHUDA~1\AppData\Local\Temp\ccjRvhmm.s 			page 12


 490 01de DC030000 		.4byte	.LASF66
 491 01e2 53       		.byte	0x53
 492 01e3 06       		.uleb128 0x6
 493 01e4 AC020000 		.4byte	.LASF67
 494 01e8 54       		.byte	0x54
 495 01e9 06       		.uleb128 0x6
 496 01ea EA0A0000 		.4byte	.LASF68
 497 01ee 55       		.byte	0x55
 498 01ef 06       		.uleb128 0x6
 499 01f0 5E0A0000 		.4byte	.LASF69
 500 01f4 56       		.byte	0x56
 501 01f5 06       		.uleb128 0x6
 502 01f6 350A0000 		.4byte	.LASF70
 503 01fa 57       		.byte	0x57
 504 01fb 06       		.uleb128 0x6
 505 01fc FF060000 		.4byte	.LASF71
 506 0200 58       		.byte	0x58
 507 0201 06       		.uleb128 0x6
 508 0202 FE040000 		.4byte	.LASF72
 509 0206 70       		.byte	0x70
 510 0207 06       		.uleb128 0x6
 511 0208 25090000 		.4byte	.LASF73
 512 020c 71       		.byte	0x71
 513 020d 06       		.uleb128 0x6
 514 020e 99070000 		.4byte	.LASF74
 515 0212 72       		.byte	0x72
 516 0213 06       		.uleb128 0x6
 517 0214 E4020000 		.4byte	.LASF75
 518 0218 73       		.byte	0x73
 519 0219 06       		.uleb128 0x6
 520 021a A3040000 		.4byte	.LASF76
 521 021e 74       		.byte	0x74
 522 021f 06       		.uleb128 0x6
 523 0220 A9060000 		.4byte	.LASF77
 524 0224 75       		.byte	0x75
 525 0225 06       		.uleb128 0x6
 526 0226 0A030000 		.4byte	.LASF78
 527 022a 76       		.byte	0x76
 528 022b 06       		.uleb128 0x6
 529 022c 06090000 		.4byte	.LASF79
 530 0230 77       		.byte	0x77
 531 0231 06       		.uleb128 0x6
 532 0232 52080000 		.4byte	.LASF80
 533 0236 78       		.byte	0x78
 534 0237 06       		.uleb128 0x6
 535 0238 85080000 		.4byte	.LASF81
 536 023c 79       		.byte	0x79
 537 023d 06       		.uleb128 0x6
 538 023e F1090000 		.4byte	.LASF82
 539 0242 7A       		.byte	0x7a
 540 0243 06       		.uleb128 0x6
 541 0244 34080000 		.4byte	.LASF83
 542 0248 FA       		.byte	0xfa
 543 0249 06       		.uleb128 0x6
 544 024a 51050000 		.4byte	.LASF84
 545 024e FB       		.byte	0xfb
 546 024f 06       		.uleb128 0x6
ARM GAS  C:\Users\YEHUDA~1\AppData\Local\Temp\ccjRvhmm.s 			page 13


 547 0250 0E0B0000 		.4byte	.LASF85
 548 0254 FC       		.byte	0xfc
 549 0255 06       		.uleb128 0x6
 550 0256 1D010000 		.4byte	.LASF86
 551 025a FD       		.byte	0xfd
 552 025b 06       		.uleb128 0x6
 553 025c 270A0000 		.4byte	.LASF87
 554 0260 FF       		.byte	0xff
 555 0261 00       		.byte	0
 556 0262 07       		.uleb128 0x7
 557 0263 01       		.byte	0x1
 558 0264 37000000 		.4byte	0x37
 559 0268 01       		.byte	0x1
 560 0269 17       		.byte	0x17
 561 026a AF020000 		.4byte	0x2af
 562 026e 08       		.uleb128 0x8
 563 026f 555000   		.ascii	"UP\000"
 564 0272 00       		.byte	0
 565 0273 06       		.uleb128 0x6
 566 0274 B5070000 		.4byte	.LASF88
 567 0278 01       		.byte	0x1
 568 0279 08       		.uleb128 0x8
 569 027a 494E00   		.ascii	"IN\000"
 570 027d 02       		.byte	0x2
 571 027e 08       		.uleb128 0x8
 572 027f 4F555400 		.ascii	"OUT\000"
 573 0283 03       		.byte	0x3
 574 0284 06       		.uleb128 0x6
 575 0285 75040000 		.4byte	.LASF89
 576 0289 04       		.byte	0x4
 577 028a 06       		.uleb128 0x6
 578 028b F2000000 		.4byte	.LASF90
 579 028f 05       		.byte	0x5
 580 0290 06       		.uleb128 0x6
 581 0291 DF010000 		.4byte	.LASF91
 582 0295 06       		.byte	0x6
 583 0296 06       		.uleb128 0x6
 584 0297 7C080000 		.4byte	.LASF92
 585 029b 07       		.byte	0x7
 586 029c 06       		.uleb128 0x6
 587 029d 3E000000 		.4byte	.LASF93
 588 02a1 08       		.byte	0x8
 589 02a2 06       		.uleb128 0x6
 590 02a3 C1040000 		.4byte	.LASF94
 591 02a7 09       		.byte	0x9
 592 02a8 06       		.uleb128 0x6
 593 02a9 E10A0000 		.4byte	.LASF95
 594 02ad 0A       		.byte	0xa
 595 02ae 00       		.byte	0
 596 02af 09       		.uleb128 0x9
 597 02b0 35070000 		.4byte	.LASF104
 598 02b4 01       		.byte	0x1
 599 02b5 28       		.byte	0x28
 600 02b6 76000000 		.4byte	0x76
 601 02ba 00000000 		.4byte	.LFB35
 602 02be E0000000 		.4byte	.LFE35-.LFB35
 603 02c2 01       		.uleb128 0x1
ARM GAS  C:\Users\YEHUDA~1\AppData\Local\Temp\ccjRvhmm.s 			page 14


 604 02c3 9C       		.byte	0x9c
 605 02c4 C1040000 		.4byte	0x4c1
 606 02c8 0A       		.uleb128 0xa
 607 02c9 CB070000 		.4byte	.LASF105
 608 02cd 01       		.byte	0x1
 609 02ce 28       		.byte	0x28
 610 02cf 76000000 		.4byte	0x76
 611 02d3 00000000 		.4byte	.LLST0
 612 02d7 0B       		.uleb128 0xb
 613 02d8 02030000 		.4byte	.LASF106
 614 02dc 01       		.byte	0x1
 615 02dd 2A       		.byte	0x2a
 616 02de 76000000 		.4byte	0x76
 617 02e2 00       		.byte	0
 618 02e3 0C       		.uleb128 0xc
 619 02e4 14000000 		.4byte	.LVL3
 620 02e8 D2040000 		.4byte	0x4d2
 621 02ec FA020000 		.4byte	0x2fa
 622 02f0 0D       		.uleb128 0xd
 623 02f1 01       		.uleb128 0x1
 624 02f2 50       		.byte	0x50
 625 02f3 05       		.uleb128 0x5
 626 02f4 03       		.byte	0x3
 627 02f5 00000000 		.4byte	.LC1
 628 02f9 00       		.byte	0
 629 02fa 0C       		.uleb128 0xc
 630 02fb 1A000000 		.4byte	.LVL4
 631 02ff DD040000 		.4byte	0x4dd
 632 0303 0D030000 		.4byte	0x30d
 633 0307 0D       		.uleb128 0xd
 634 0308 01       		.uleb128 0x1
 635 0309 50       		.byte	0x50
 636 030a 01       		.uleb128 0x1
 637 030b 31       		.byte	0x31
 638 030c 00       		.byte	0
 639 030d 0C       		.uleb128 0xc
 640 030e 22000000 		.4byte	.LVL5
 641 0312 D2040000 		.4byte	0x4d2
 642 0316 24030000 		.4byte	0x324
 643 031a 0D       		.uleb128 0xd
 644 031b 01       		.uleb128 0x1
 645 031c 50       		.byte	0x50
 646 031d 05       		.uleb128 0x5
 647 031e 03       		.byte	0x3
 648 031f 18000000 		.4byte	.LC3
 649 0323 00       		.byte	0
 650 0324 0C       		.uleb128 0xc
 651 0325 28000000 		.4byte	.LVL6
 652 0329 E8040000 		.4byte	0x4e8
 653 032d 37030000 		.4byte	0x337
 654 0331 0D       		.uleb128 0xd
 655 0332 01       		.uleb128 0x1
 656 0333 50       		.byte	0x50
 657 0334 01       		.uleb128 0x1
 658 0335 31       		.byte	0x31
 659 0336 00       		.byte	0
 660 0337 0C       		.uleb128 0xc
ARM GAS  C:\Users\YEHUDA~1\AppData\Local\Temp\ccjRvhmm.s 			page 15


 661 0338 30000000 		.4byte	.LVL7
 662 033c D2040000 		.4byte	0x4d2
 663 0340 4E030000 		.4byte	0x34e
 664 0344 0D       		.uleb128 0xd
 665 0345 01       		.uleb128 0x1
 666 0346 50       		.byte	0x50
 667 0347 05       		.uleb128 0x5
 668 0348 03       		.byte	0x3
 669 0349 34000000 		.4byte	.LC5
 670 034d 00       		.byte	0
 671 034e 0C       		.uleb128 0xc
 672 034f 36000000 		.4byte	.LVL8
 673 0353 F3040000 		.4byte	0x4f3
 674 0357 61030000 		.4byte	0x361
 675 035b 0D       		.uleb128 0xd
 676 035c 01       		.uleb128 0x1
 677 035d 50       		.byte	0x50
 678 035e 01       		.uleb128 0x1
 679 035f 31       		.byte	0x31
 680 0360 00       		.byte	0
 681 0361 0C       		.uleb128 0xc
 682 0362 3E000000 		.4byte	.LVL9
 683 0366 D2040000 		.4byte	0x4d2
 684 036a 78030000 		.4byte	0x378
 685 036e 0D       		.uleb128 0xd
 686 036f 01       		.uleb128 0x1
 687 0370 50       		.byte	0x50
 688 0371 05       		.uleb128 0x5
 689 0372 03       		.byte	0x3
 690 0373 4C000000 		.4byte	.LC7
 691 0377 00       		.byte	0
 692 0378 0C       		.uleb128 0xc
 693 0379 44000000 		.4byte	.LVL10
 694 037d FE040000 		.4byte	0x4fe
 695 0381 8B030000 		.4byte	0x38b
 696 0385 0D       		.uleb128 0xd
 697 0386 01       		.uleb128 0x1
 698 0387 50       		.byte	0x50
 699 0388 01       		.uleb128 0x1
 700 0389 31       		.byte	0x31
 701 038a 00       		.byte	0
 702 038b 0C       		.uleb128 0xc
 703 038c 4C000000 		.4byte	.LVL11
 704 0390 D2040000 		.4byte	0x4d2
 705 0394 A2030000 		.4byte	0x3a2
 706 0398 0D       		.uleb128 0xd
 707 0399 01       		.uleb128 0x1
 708 039a 50       		.byte	0x50
 709 039b 05       		.uleb128 0x5
 710 039c 03       		.byte	0x3
 711 039d 64000000 		.4byte	.LC9
 712 03a1 00       		.byte	0
 713 03a2 0C       		.uleb128 0xc
 714 03a3 52000000 		.4byte	.LVL12
 715 03a7 DD040000 		.4byte	0x4dd
 716 03ab B5030000 		.4byte	0x3b5
 717 03af 0D       		.uleb128 0xd
ARM GAS  C:\Users\YEHUDA~1\AppData\Local\Temp\ccjRvhmm.s 			page 16


 718 03b0 01       		.uleb128 0x1
 719 03b1 50       		.byte	0x50
 720 03b2 01       		.uleb128 0x1
 721 03b3 30       		.byte	0x30
 722 03b4 00       		.byte	0
 723 03b5 0C       		.uleb128 0xc
 724 03b6 5A000000 		.4byte	.LVL13
 725 03ba D2040000 		.4byte	0x4d2
 726 03be CC030000 		.4byte	0x3cc
 727 03c2 0D       		.uleb128 0xd
 728 03c3 01       		.uleb128 0x1
 729 03c4 50       		.byte	0x50
 730 03c5 05       		.uleb128 0x5
 731 03c6 03       		.byte	0x3
 732 03c7 80000000 		.4byte	.LC11
 733 03cb 00       		.byte	0
 734 03cc 0C       		.uleb128 0xc
 735 03cd 60000000 		.4byte	.LVL14
 736 03d1 E8040000 		.4byte	0x4e8
 737 03d5 DF030000 		.4byte	0x3df
 738 03d9 0D       		.uleb128 0xd
 739 03da 01       		.uleb128 0x1
 740 03db 50       		.byte	0x50
 741 03dc 01       		.uleb128 0x1
 742 03dd 30       		.byte	0x30
 743 03de 00       		.byte	0
 744 03df 0C       		.uleb128 0xc
 745 03e0 68000000 		.4byte	.LVL15
 746 03e4 D2040000 		.4byte	0x4d2
 747 03e8 F6030000 		.4byte	0x3f6
 748 03ec 0D       		.uleb128 0xd
 749 03ed 01       		.uleb128 0x1
 750 03ee 50       		.byte	0x50
 751 03ef 05       		.uleb128 0x5
 752 03f0 03       		.byte	0x3
 753 03f1 A0000000 		.4byte	.LC13
 754 03f5 00       		.byte	0
 755 03f6 0C       		.uleb128 0xc
 756 03f7 6E000000 		.4byte	.LVL16
 757 03fb F3040000 		.4byte	0x4f3
 758 03ff 09040000 		.4byte	0x409
 759 0403 0D       		.uleb128 0xd
 760 0404 01       		.uleb128 0x1
 761 0405 50       		.byte	0x50
 762 0406 01       		.uleb128 0x1
 763 0407 30       		.byte	0x30
 764 0408 00       		.byte	0
 765 0409 0C       		.uleb128 0xc
 766 040a 76000000 		.4byte	.LVL17
 767 040e D2040000 		.4byte	0x4d2
 768 0412 20040000 		.4byte	0x420
 769 0416 0D       		.uleb128 0xd
 770 0417 01       		.uleb128 0x1
 771 0418 50       		.byte	0x50
 772 0419 05       		.uleb128 0x5
 773 041a 03       		.byte	0x3
 774 041b BC000000 		.4byte	.LC15
ARM GAS  C:\Users\YEHUDA~1\AppData\Local\Temp\ccjRvhmm.s 			page 17


 775 041f 00       		.byte	0
 776 0420 0C       		.uleb128 0xc
 777 0421 7C000000 		.4byte	.LVL18
 778 0425 FE040000 		.4byte	0x4fe
 779 0429 33040000 		.4byte	0x433
 780 042d 0D       		.uleb128 0xd
 781 042e 01       		.uleb128 0x1
 782 042f 50       		.byte	0x50
 783 0430 01       		.uleb128 0x1
 784 0431 30       		.byte	0x30
 785 0432 00       		.byte	0
 786 0433 0C       		.uleb128 0xc
 787 0434 84000000 		.4byte	.LVL19
 788 0438 D2040000 		.4byte	0x4d2
 789 043c 4A040000 		.4byte	0x44a
 790 0440 0D       		.uleb128 0xd
 791 0441 01       		.uleb128 0x1
 792 0442 50       		.byte	0x50
 793 0443 05       		.uleb128 0x5
 794 0444 03       		.byte	0x3
 795 0445 DC000000 		.4byte	.LC17
 796 0449 00       		.byte	0
 797 044a 0C       		.uleb128 0xc
 798 044b 8C000000 		.4byte	.LVL20
 799 044f D2040000 		.4byte	0x4d2
 800 0453 61040000 		.4byte	0x461
 801 0457 0D       		.uleb128 0xd
 802 0458 01       		.uleb128 0x1
 803 0459 50       		.byte	0x50
 804 045a 05       		.uleb128 0x5
 805 045b 03       		.byte	0x3
 806 045c FC000000 		.4byte	.LC19
 807 0460 00       		.byte	0
 808 0461 0C       		.uleb128 0xc
 809 0462 94000000 		.4byte	.LVL21
 810 0466 D2040000 		.4byte	0x4d2
 811 046a 78040000 		.4byte	0x478
 812 046e 0D       		.uleb128 0xd
 813 046f 01       		.uleb128 0x1
 814 0470 50       		.byte	0x50
 815 0471 05       		.uleb128 0x5
 816 0472 03       		.byte	0x3
 817 0473 20010000 		.4byte	.LC21
 818 0477 00       		.byte	0
 819 0478 0C       		.uleb128 0xc
 820 0479 9A000000 		.4byte	.LVL22
 821 047d DD040000 		.4byte	0x4dd
 822 0481 8B040000 		.4byte	0x48b
 823 0485 0D       		.uleb128 0xd
 824 0486 01       		.uleb128 0x1
 825 0487 50       		.byte	0x50
 826 0488 01       		.uleb128 0x1
 827 0489 30       		.byte	0x30
 828 048a 00       		.byte	0
 829 048b 0C       		.uleb128 0xc
 830 048c A0000000 		.4byte	.LVL23
 831 0490 F3040000 		.4byte	0x4f3
ARM GAS  C:\Users\YEHUDA~1\AppData\Local\Temp\ccjRvhmm.s 			page 18


 832 0494 9E040000 		.4byte	0x49e
 833 0498 0D       		.uleb128 0xd
 834 0499 01       		.uleb128 0x1
 835 049a 50       		.byte	0x50
 836 049b 01       		.uleb128 0x1
 837 049c 30       		.byte	0x30
 838 049d 00       		.byte	0
 839 049e 0C       		.uleb128 0xc
 840 049f A6000000 		.4byte	.LVL24
 841 04a3 E8040000 		.4byte	0x4e8
 842 04a7 B1040000 		.4byte	0x4b1
 843 04ab 0D       		.uleb128 0xd
 844 04ac 01       		.uleb128 0x1
 845 04ad 50       		.byte	0x50
 846 04ae 01       		.uleb128 0x1
 847 04af 30       		.byte	0x30
 848 04b0 00       		.byte	0
 849 04b1 0E       		.uleb128 0xe
 850 04b2 AC000000 		.4byte	.LVL25
 851 04b6 FE040000 		.4byte	0x4fe
 852 04ba 0D       		.uleb128 0xd
 853 04bb 01       		.uleb128 0x1
 854 04bc 50       		.byte	0x50
 855 04bd 01       		.uleb128 0x1
 856 04be 30       		.byte	0x30
 857 04bf 00       		.byte	0
 858 04c0 00       		.byte	0
 859 04c1 0F       		.uleb128 0xf
 860 04c2 A1020000 		.4byte	.LASF107
 861 04c6 01       		.byte	0x1
 862 04c7 23       		.byte	0x23
 863 04c8 62020000 		.4byte	0x262
 864 04cc 05       		.uleb128 0x5
 865 04cd 03       		.byte	0x3
 866 04ce 00000000 		.4byte	Operations
 867 04d2 10       		.uleb128 0x10
 868 04d3 48000000 		.4byte	.LASF96
 869 04d7 48000000 		.4byte	.LASF96
 870 04db 05       		.byte	0x5
 871 04dc 08       		.byte	0x8
 872 04dd 10       		.uleb128 0x10
 873 04de BA070000 		.4byte	.LASF97
 874 04e2 BA070000 		.4byte	.LASF97
 875 04e6 06       		.byte	0x6
 876 04e7 33       		.byte	0x33
 877 04e8 10       		.uleb128 0x10
 878 04e9 AC0A0000 		.4byte	.LASF98
 879 04ed AC0A0000 		.4byte	.LASF98
 880 04f1 07       		.byte	0x7
 881 04f2 33       		.byte	0x33
 882 04f3 10       		.uleb128 0x10
 883 04f4 54060000 		.4byte	.LASF99
 884 04f8 54060000 		.4byte	.LASF99
 885 04fc 08       		.byte	0x8
 886 04fd 33       		.byte	0x33
 887 04fe 10       		.uleb128 0x10
 888 04ff 63040000 		.4byte	.LASF100
ARM GAS  C:\Users\YEHUDA~1\AppData\Local\Temp\ccjRvhmm.s 			page 19


 889 0503 63040000 		.4byte	.LASF100
 890 0507 09       		.byte	0x9
 891 0508 33       		.byte	0x33
 892 0509 00       		.byte	0
 893              		.section	.debug_abbrev,"",%progbits
 894              	.Ldebug_abbrev0:
 895 0000 01       		.uleb128 0x1
 896 0001 11       		.uleb128 0x11
 897 0002 01       		.byte	0x1
 898 0003 25       		.uleb128 0x25
 899 0004 0E       		.uleb128 0xe
 900 0005 13       		.uleb128 0x13
 901 0006 0B       		.uleb128 0xb
 902 0007 03       		.uleb128 0x3
 903 0008 0E       		.uleb128 0xe
 904 0009 1B       		.uleb128 0x1b
 905 000a 0E       		.uleb128 0xe
 906 000b 55       		.uleb128 0x55
 907 000c 17       		.uleb128 0x17
 908 000d 11       		.uleb128 0x11
 909 000e 01       		.uleb128 0x1
 910 000f 10       		.uleb128 0x10
 911 0010 17       		.uleb128 0x17
 912 0011 00       		.byte	0
 913 0012 00       		.byte	0
 914 0013 02       		.uleb128 0x2
 915 0014 24       		.uleb128 0x24
 916 0015 00       		.byte	0
 917 0016 0B       		.uleb128 0xb
 918 0017 0B       		.uleb128 0xb
 919 0018 3E       		.uleb128 0x3e
 920 0019 0B       		.uleb128 0xb
 921 001a 03       		.uleb128 0x3
 922 001b 0E       		.uleb128 0xe
 923 001c 00       		.byte	0
 924 001d 00       		.byte	0
 925 001e 03       		.uleb128 0x3
 926 001f 16       		.uleb128 0x16
 927 0020 00       		.byte	0
 928 0021 03       		.uleb128 0x3
 929 0022 0E       		.uleb128 0xe
 930 0023 3A       		.uleb128 0x3a
 931 0024 0B       		.uleb128 0xb
 932 0025 3B       		.uleb128 0x3b
 933 0026 0B       		.uleb128 0xb
 934 0027 49       		.uleb128 0x49
 935 0028 13       		.uleb128 0x13
 936 0029 00       		.byte	0
 937 002a 00       		.byte	0
 938 002b 04       		.uleb128 0x4
 939 002c 24       		.uleb128 0x24
 940 002d 00       		.byte	0
 941 002e 0B       		.uleb128 0xb
 942 002f 0B       		.uleb128 0xb
 943 0030 3E       		.uleb128 0x3e
 944 0031 0B       		.uleb128 0xb
 945 0032 03       		.uleb128 0x3
ARM GAS  C:\Users\YEHUDA~1\AppData\Local\Temp\ccjRvhmm.s 			page 20


 946 0033 08       		.uleb128 0x8
 947 0034 00       		.byte	0
 948 0035 00       		.byte	0
 949 0036 05       		.uleb128 0x5
 950 0037 04       		.uleb128 0x4
 951 0038 01       		.byte	0x1
 952 0039 0B       		.uleb128 0xb
 953 003a 0B       		.uleb128 0xb
 954 003b 49       		.uleb128 0x49
 955 003c 13       		.uleb128 0x13
 956 003d 3A       		.uleb128 0x3a
 957 003e 0B       		.uleb128 0xb
 958 003f 3B       		.uleb128 0x3b
 959 0040 05       		.uleb128 0x5
 960 0041 01       		.uleb128 0x1
 961 0042 13       		.uleb128 0x13
 962 0043 00       		.byte	0
 963 0044 00       		.byte	0
 964 0045 06       		.uleb128 0x6
 965 0046 28       		.uleb128 0x28
 966 0047 00       		.byte	0
 967 0048 03       		.uleb128 0x3
 968 0049 0E       		.uleb128 0xe
 969 004a 1C       		.uleb128 0x1c
 970 004b 0B       		.uleb128 0xb
 971 004c 00       		.byte	0
 972 004d 00       		.byte	0
 973 004e 07       		.uleb128 0x7
 974 004f 04       		.uleb128 0x4
 975 0050 01       		.byte	0x1
 976 0051 0B       		.uleb128 0xb
 977 0052 0B       		.uleb128 0xb
 978 0053 49       		.uleb128 0x49
 979 0054 13       		.uleb128 0x13
 980 0055 3A       		.uleb128 0x3a
 981 0056 0B       		.uleb128 0xb
 982 0057 3B       		.uleb128 0x3b
 983 0058 0B       		.uleb128 0xb
 984 0059 01       		.uleb128 0x1
 985 005a 13       		.uleb128 0x13
 986 005b 00       		.byte	0
 987 005c 00       		.byte	0
 988 005d 08       		.uleb128 0x8
 989 005e 28       		.uleb128 0x28
 990 005f 00       		.byte	0
 991 0060 03       		.uleb128 0x3
 992 0061 08       		.uleb128 0x8
 993 0062 1C       		.uleb128 0x1c
 994 0063 0B       		.uleb128 0xb
 995 0064 00       		.byte	0
 996 0065 00       		.byte	0
 997 0066 09       		.uleb128 0x9
 998 0067 2E       		.uleb128 0x2e
 999 0068 01       		.byte	0x1
 1000 0069 3F       		.uleb128 0x3f
 1001 006a 19       		.uleb128 0x19
 1002 006b 03       		.uleb128 0x3
ARM GAS  C:\Users\YEHUDA~1\AppData\Local\Temp\ccjRvhmm.s 			page 21


 1003 006c 0E       		.uleb128 0xe
 1004 006d 3A       		.uleb128 0x3a
 1005 006e 0B       		.uleb128 0xb
 1006 006f 3B       		.uleb128 0x3b
 1007 0070 0B       		.uleb128 0xb
 1008 0071 27       		.uleb128 0x27
 1009 0072 19       		.uleb128 0x19
 1010 0073 49       		.uleb128 0x49
 1011 0074 13       		.uleb128 0x13
 1012 0075 11       		.uleb128 0x11
 1013 0076 01       		.uleb128 0x1
 1014 0077 12       		.uleb128 0x12
 1015 0078 06       		.uleb128 0x6
 1016 0079 40       		.uleb128 0x40
 1017 007a 18       		.uleb128 0x18
 1018 007b 9742     		.uleb128 0x2117
 1019 007d 19       		.uleb128 0x19
 1020 007e 01       		.uleb128 0x1
 1021 007f 13       		.uleb128 0x13
 1022 0080 00       		.byte	0
 1023 0081 00       		.byte	0
 1024 0082 0A       		.uleb128 0xa
 1025 0083 05       		.uleb128 0x5
 1026 0084 00       		.byte	0
 1027 0085 03       		.uleb128 0x3
 1028 0086 0E       		.uleb128 0xe
 1029 0087 3A       		.uleb128 0x3a
 1030 0088 0B       		.uleb128 0xb
 1031 0089 3B       		.uleb128 0x3b
 1032 008a 0B       		.uleb128 0xb
 1033 008b 49       		.uleb128 0x49
 1034 008c 13       		.uleb128 0x13
 1035 008d 02       		.uleb128 0x2
 1036 008e 17       		.uleb128 0x17
 1037 008f 00       		.byte	0
 1038 0090 00       		.byte	0
 1039 0091 0B       		.uleb128 0xb
 1040 0092 34       		.uleb128 0x34
 1041 0093 00       		.byte	0
 1042 0094 03       		.uleb128 0x3
 1043 0095 0E       		.uleb128 0xe
 1044 0096 3A       		.uleb128 0x3a
 1045 0097 0B       		.uleb128 0xb
 1046 0098 3B       		.uleb128 0x3b
 1047 0099 0B       		.uleb128 0xb
 1048 009a 49       		.uleb128 0x49
 1049 009b 13       		.uleb128 0x13
 1050 009c 1C       		.uleb128 0x1c
 1051 009d 0B       		.uleb128 0xb
 1052 009e 00       		.byte	0
 1053 009f 00       		.byte	0
 1054 00a0 0C       		.uleb128 0xc
 1055 00a1 898201   		.uleb128 0x4109
 1056 00a4 01       		.byte	0x1
 1057 00a5 11       		.uleb128 0x11
 1058 00a6 01       		.uleb128 0x1
 1059 00a7 31       		.uleb128 0x31
ARM GAS  C:\Users\YEHUDA~1\AppData\Local\Temp\ccjRvhmm.s 			page 22


 1060 00a8 13       		.uleb128 0x13
 1061 00a9 01       		.uleb128 0x1
 1062 00aa 13       		.uleb128 0x13
 1063 00ab 00       		.byte	0
 1064 00ac 00       		.byte	0
 1065 00ad 0D       		.uleb128 0xd
 1066 00ae 8A8201   		.uleb128 0x410a
 1067 00b1 00       		.byte	0
 1068 00b2 02       		.uleb128 0x2
 1069 00b3 18       		.uleb128 0x18
 1070 00b4 9142     		.uleb128 0x2111
 1071 00b6 18       		.uleb128 0x18
 1072 00b7 00       		.byte	0
 1073 00b8 00       		.byte	0
 1074 00b9 0E       		.uleb128 0xe
 1075 00ba 898201   		.uleb128 0x4109
 1076 00bd 01       		.byte	0x1
 1077 00be 11       		.uleb128 0x11
 1078 00bf 01       		.uleb128 0x1
 1079 00c0 31       		.uleb128 0x31
 1080 00c1 13       		.uleb128 0x13
 1081 00c2 00       		.byte	0
 1082 00c3 00       		.byte	0
 1083 00c4 0F       		.uleb128 0xf
 1084 00c5 34       		.uleb128 0x34
 1085 00c6 00       		.byte	0
 1086 00c7 03       		.uleb128 0x3
 1087 00c8 0E       		.uleb128 0xe
 1088 00c9 3A       		.uleb128 0x3a
 1089 00ca 0B       		.uleb128 0xb
 1090 00cb 3B       		.uleb128 0x3b
 1091 00cc 0B       		.uleb128 0xb
 1092 00cd 49       		.uleb128 0x49
 1093 00ce 13       		.uleb128 0x13
 1094 00cf 3F       		.uleb128 0x3f
 1095 00d0 19       		.uleb128 0x19
 1096 00d1 02       		.uleb128 0x2
 1097 00d2 18       		.uleb128 0x18
 1098 00d3 00       		.byte	0
 1099 00d4 00       		.byte	0
 1100 00d5 10       		.uleb128 0x10
 1101 00d6 2E       		.uleb128 0x2e
 1102 00d7 00       		.byte	0
 1103 00d8 3F       		.uleb128 0x3f
 1104 00d9 19       		.uleb128 0x19
 1105 00da 3C       		.uleb128 0x3c
 1106 00db 19       		.uleb128 0x19
 1107 00dc 6E       		.uleb128 0x6e
 1108 00dd 0E       		.uleb128 0xe
 1109 00de 03       		.uleb128 0x3
 1110 00df 0E       		.uleb128 0xe
 1111 00e0 3A       		.uleb128 0x3a
 1112 00e1 0B       		.uleb128 0xb
 1113 00e2 3B       		.uleb128 0x3b
 1114 00e3 0B       		.uleb128 0xb
 1115 00e4 00       		.byte	0
 1116 00e5 00       		.byte	0
ARM GAS  C:\Users\YEHUDA~1\AppData\Local\Temp\ccjRvhmm.s 			page 23


 1117 00e6 00       		.byte	0
 1118              		.section	.debug_loc,"",%progbits
 1119              	.Ldebug_loc0:
 1120              	.LLST0:
 1121 0000 00000000 		.4byte	.LVL0
 1122 0004 08000000 		.4byte	.LVL2
 1123 0008 0100     		.2byte	0x1
 1124 000a 50       		.byte	0x50
 1125 000b 08000000 		.4byte	.LVL2
 1126 000f E0000000 		.4byte	.LFE35
 1127 0013 0400     		.2byte	0x4
 1128 0015 F3       		.byte	0xf3
 1129 0016 01       		.uleb128 0x1
 1130 0017 50       		.byte	0x50
 1131 0018 9F       		.byte	0x9f
 1132 0019 00000000 		.4byte	0
 1133 001d 00000000 		.4byte	0
 1134              		.section	.debug_aranges,"",%progbits
 1135 0000 1C000000 		.4byte	0x1c
 1136 0004 0200     		.2byte	0x2
 1137 0006 00000000 		.4byte	.Ldebug_info0
 1138 000a 04       		.byte	0x4
 1139 000b 00       		.byte	0
 1140 000c 0000     		.2byte	0
 1141 000e 0000     		.2byte	0
 1142 0010 00000000 		.4byte	.LFB35
 1143 0014 E0000000 		.4byte	.LFE35-.LFB35
 1144 0018 00000000 		.4byte	0
 1145 001c 00000000 		.4byte	0
 1146              		.section	.debug_ranges,"",%progbits
 1147              	.Ldebug_ranges0:
 1148 0000 00000000 		.4byte	.LFB35
 1149 0004 E0000000 		.4byte	.LFE35
 1150 0008 00000000 		.4byte	0
 1151 000c 00000000 		.4byte	0
 1152              		.section	.debug_line,"",%progbits
 1153              	.Ldebug_line0:
 1154 0000 C8010000 		.section	.debug_str,"MS",%progbits,1
 1154      02009001 
 1154      00000201 
 1154      FB0E0D00 
 1154      01010101 
 1155              	.LASF25:
 1156 0000 4359424C 		.ascii	"CYBLE_EVT_GAP_PASSKEY_ENTRY_REQUEST\000"
 1156      455F4556 
 1156      545F4741 
 1156      505F5041 
 1156      53534B45 
 1157              	.LASF60:
 1158 0024 4359424C 		.ascii	"CYBLE_EVT_GATTC_WRITE_RSP\000"
 1158      455F4556 
 1158      545F4741 
 1158      5454435F 
 1158      57524954 
 1159              	.LASF93:
 1160 003e 55505F41 		.ascii	"UP_AND_IN\000"
 1160      4E445F49 
ARM GAS  C:\Users\YEHUDA~1\AppData\Local\Temp\ccjRvhmm.s 			page 24


 1160      4E00
 1161              	.LASF96:
 1162 0048 69707269 		.ascii	"iprintf\000"
 1162      6E746600 
 1163              	.LASF22:
 1164 0050 4359424C 		.ascii	"CYBLE_EVT_MEMORY_REQUEST\000"
 1164      455F4556 
 1164      545F4D45 
 1164      4D4F5259 
 1164      5F524551 
 1165              	.LASF47:
 1166 0069 4359424C 		.ascii	"CYBLE_EVT_GATTC_ERROR_RSP\000"
 1166      455F4556 
 1166      545F4741 
 1166      5454435F 
 1166      4552524F 
 1167              	.LASF37:
 1168 0083 4359424C 		.ascii	"CYBLE_EVT_GAP_KEYPRESS_NOTIFICATION\000"
 1168      455F4556 
 1168      545F4741 
 1168      505F4B45 
 1168      59505245 
 1169              	.LASF2:
 1170 00a7 73686F72 		.ascii	"short int\000"
 1170      7420696E 
 1170      7400
 1171              	.LASF28:
 1172 00b1 4359424C 		.ascii	"CYBLE_EVT_GAP_AUTH_FAILED\000"
 1172      455F4556 
 1172      545F4741 
 1172      505F4155 
 1172      54485F46 
 1173              	.LASF49:
 1174 00cb 4359424C 		.ascii	"CYBLE_EVT_GATT_DISCONNECT_IND\000"
 1174      455F4556 
 1174      545F4741 
 1174      54545F44 
 1174      4953434F 
 1175              	.LASF15:
 1176 00e9 73697A65 		.ascii	"sizetype\000"
 1176      74797065 
 1176      00
 1177              	.LASF90:
 1178 00f2 53544F50 		.ascii	"STOP_DOWN\000"
 1178      5F444F57 
 1178      4E00
 1179              	.LASF39:
 1180 00fc 4359424C 		.ascii	"CYBLE_EVT_GAP_DATA_LENGTH_CHANGE\000"
 1180      455F4556 
 1180      545F4741 
 1180      505F4441 
 1180      54415F4C 
 1181              	.LASF86:
 1182 011d 4359424C 		.ascii	"CYBLE_EVT_FLASH_CORRUPT\000"
 1182      455F4556 
 1182      545F464C 
 1182      4153485F 
ARM GAS  C:\Users\YEHUDA~1\AppData\Local\Temp\ccjRvhmm.s 			page 25


 1182      434F5252 
 1183              	.LASF6:
 1184 0135 6C6F6E67 		.ascii	"long long int\000"
 1184      206C6F6E 
 1184      6720696E 
 1184      7400
 1185              	.LASF20:
 1186 0143 4359424C 		.ascii	"CYBLE_EVT_HCI_STATUS\000"
 1186      455F4556 
 1186      545F4843 
 1186      495F5354 
 1186      41545553 
 1187              	.LASF53:
 1188 0158 4359424C 		.ascii	"CYBLE_EVT_GATTC_READ_BY_TYPE_RSP\000"
 1188      455F4556 
 1188      545F4741 
 1188      5454435F 
 1188      52454144 
 1189              	.LASF17:
 1190 0179 4359424C 		.ascii	"CYBLE_EVT_STACK_ON\000"
 1190      455F4556 
 1190      545F5354 
 1190      41434B5F 
 1190      4F4E00
 1191              	.LASF46:
 1192 018c 4359424C 		.ascii	"CYBLE_EVT_GAP_SMP_LOC_P256_KEYS_GEN_AND_SET_COMPLET"
 1192      455F4556 
 1192      545F4741 
 1192      505F534D 
 1192      505F4C4F 
 1193 01bf 4500     		.ascii	"E\000"
 1194              	.LASF50:
 1195 01c1 4359424C 		.ascii	"CYBLE_EVT_GATTS_XCNHG_MTU_REQ\000"
 1195      455F4556 
 1195      545F4741 
 1195      5454535F 
 1195      58434E48 
 1196              	.LASF91:
 1197 01df 53544F50 		.ascii	"STOP_IN\000"
 1197      5F494E00 
 1198              	.LASF101:
 1199 01e7 474E5520 		.ascii	"GNU C11 5.4.1 20160609 (release) [ARM/embedded-5-br"
 1199      43313120 
 1199      352E342E 
 1199      31203230 
 1199      31363036 
 1200 021a 616E6368 		.ascii	"anch revision 237715] -mcpu=cortex-m0 -mthumb -g -O"
 1200      20726576 
 1200      6973696F 
 1200      6E203233 
 1200      37373135 
 1201 024d 67202D66 		.ascii	"g -ffunction-sections -ffat-lto-objects\000"
 1201      66756E63 
 1201      74696F6E 
 1201      2D736563 
 1201      74696F6E 
 1202              	.LASF10:
ARM GAS  C:\Users\YEHUDA~1\AppData\Local\Temp\ccjRvhmm.s 			page 26


 1203 0275 75696E74 		.ascii	"uint8_t\000"
 1203      385F7400 
 1204              	.LASF35:
 1205 027d 4359424C 		.ascii	"CYBLE_EVT_GAP_KEYINFO_EXCHNGE_CMPLT\000"
 1205      455F4556 
 1205      545F4741 
 1205      505F4B45 
 1205      59494E46 
 1206              	.LASF107:
 1207 02a1 4F706572 		.ascii	"Operations\000"
 1207      6174696F 
 1207      6E7300
 1208              	.LASF67:
 1209 02ac 4359424C 		.ascii	"CYBLE_EVT_GATTS_HANDLE_VALUE_CNF\000"
 1209      455F4556 
 1209      545F4741 
 1209      5454535F 
 1209      48414E44 
 1210              	.LASF16:
 1211 02cd 4359424C 		.ascii	"CYBLE_EVT_HOST_INVALID\000"
 1211      455F4556 
 1211      545F484F 
 1211      53545F49 
 1211      4E56414C 
 1212              	.LASF75:
 1213 02e4 4359424C 		.ascii	"CYBLE_EVT_L2CAP_CBFC_CONN_IND\000"
 1213      455F4556 
 1213      545F4C32 
 1213      4341505F 
 1213      43424643 
 1214              	.LASF106:
 1215 0302 56616C32 		.ascii	"Val2Ret\000"
 1215      52657400 
 1216              	.LASF78:
 1217 030a 4359424C 		.ascii	"CYBLE_EVT_L2CAP_CBFC_DISCONN_CNF\000"
 1217      455F4556 
 1217      545F4C32 
 1217      4341505F 
 1217      43424643 
 1218              	.LASF11:
 1219 032b 666C6F61 		.ascii	"float\000"
 1219      7400
 1220              	.LASF56:
 1221 0331 4359424C 		.ascii	"CYBLE_EVT_GATTC_READ_RSP\000"
 1221      455F4556 
 1221      545F4741 
 1221      5454435F 
 1221      52454144 
 1222              	.LASF36:
 1223 034a 4359424C 		.ascii	"CYBLE_EVT_GAP_NUMERIC_COMPARISON_REQUEST\000"
 1223      455F4556 
 1223      545F4741 
 1223      505F4E55 
 1223      4D455249 
 1224              	.LASF41:
 1225 0373 4359424C 		.ascii	"CYBLE_EVT_GAPC_DIRECT_ADV_REPORT\000"
 1225      455F4556 
ARM GAS  C:\Users\YEHUDA~1\AppData\Local\Temp\ccjRvhmm.s 			page 27


 1225      545F4741 
 1225      50435F44 
 1225      49524543 
 1226              	.LASF7:
 1227 0394 6C6F6E67 		.ascii	"long long unsigned int\000"
 1227      206C6F6E 
 1227      6720756E 
 1227      7369676E 
 1227      65642069 
 1228              	.LASF102:
 1229 03ab 4750494F 		.ascii	"GPIO.c\000"
 1229      2E6300
 1230              	.LASF45:
 1231 03b2 4359424C 		.ascii	"CYBLE_EVT_GAP_AUTH_REQ_REPLY_ERR\000"
 1231      455F4556 
 1231      545F4741 
 1231      505F4155 
 1231      54485F52 
 1232              	.LASF4:
 1233 03d3 6C6F6E67 		.ascii	"long int\000"
 1233      20696E74 
 1233      00
 1234              	.LASF66:
 1235 03dc 4359424C 		.ascii	"CYBLE_EVT_GATTC_HANDLE_VALUE_IND\000"
 1235      455F4556 
 1235      545F4741 
 1235      5454435F 
 1235      48414E44 
 1236              	.LASF30:
 1237 03fd 4359424C 		.ascii	"CYBLE_EVT_GAP_DEVICE_CONNECTED\000"
 1237      455F4556 
 1237      545F4741 
 1237      505F4445 
 1237      56494345 
 1238              	.LASF9:
 1239 041c 5F5F7569 		.ascii	"__uint8_t\000"
 1239      6E74385F 
 1239      7400
 1240              	.LASF65:
 1241 0426 4359424C 		.ascii	"CYBLE_EVT_GATTC_HANDLE_VALUE_NTF\000"
 1241      455F4556 
 1241      545F4741 
 1241      5454435F 
 1241      48414E44 
 1242              	.LASF21:
 1243 0447 4359424C 		.ascii	"CYBLE_EVT_STACK_BUSY_STATUS\000"
 1243      455F4556 
 1243      545F5354 
 1243      41434B5F 
 1243      42555359 
 1244              	.LASF100:
 1245 0463 57696E63 		.ascii	"WinchOutPin_Write\000"
 1245      684F7574 
 1245      50696E5F 
 1245      57726974 
 1245      6500
 1246              	.LASF89:
ARM GAS  C:\Users\YEHUDA~1\AppData\Local\Temp\ccjRvhmm.s 			page 28


 1247 0475 53544F50 		.ascii	"STOP_UP\000"
 1247      5F555000 
 1248              	.LASF26:
 1249 047d 4359424C 		.ascii	"CYBLE_EVT_GAP_PASSKEY_DISPLAY_REQUEST\000"
 1249      455F4556 
 1249      545F4741 
 1249      505F5041 
 1249      53534B45 
 1250              	.LASF76:
 1251 04a3 4359424C 		.ascii	"CYBLE_EVT_L2CAP_CBFC_CONN_CNF\000"
 1251      455F4556 
 1251      545F4C32 
 1251      4341505F 
 1251      43424643 
 1252              	.LASF94:
 1253 04c1 4F55545F 		.ascii	"OUT_AND_DOWN\000"
 1253      414E445F 
 1253      444F574E 
 1253      00
 1254              	.LASF40:
 1255 04ce 4359424C 		.ascii	"CYBLE_EVT_GAP_ENHANCE_CONN_COMPLETE\000"
 1255      455F4556 
 1255      545F4741 
 1255      505F454E 
 1255      48414E43 
 1256              	.LASF14:
 1257 04f2 6C6F6E67 		.ascii	"long double\000"
 1257      20646F75 
 1257      626C6500 
 1258              	.LASF72:
 1259 04fe 4359424C 		.ascii	"CYBLE_EVT_L2CAP_CONN_PARAM_UPDATE_REQ\000"
 1259      455F4556 
 1259      545F4C32 
 1259      4341505F 
 1259      434F4E4E 
 1260              	.LASF1:
 1261 0524 756E7369 		.ascii	"unsigned char\000"
 1261      676E6564 
 1261      20636861 
 1261      7200
 1262              	.LASF62:
 1263 0532 4359424C 		.ascii	"CYBLE_EVT_GATTS_PREP_WRITE_REQ\000"
 1263      455F4556 
 1263      545F4741 
 1263      5454535F 
 1263      50524550 
 1264              	.LASF84:
 1265 0551 4359424C 		.ascii	"CYBLE_EVT_LE_PING_AUTH_TIMEOUT\000"
 1265      455F4556 
 1265      545F4C45 
 1265      5F50494E 
 1265      475F4155 
 1266              	.LASF103:
 1267 0570 433A5C55 		.ascii	"C:\\Users\\Yehuda Ben Chaim\\Google Drive\\My Proje"
 1267      73657273 
 1267      5C596568 
 1267      75646120 
ARM GAS  C:\Users\YEHUDA~1\AppData\Local\Temp\ccjRvhmm.s 			page 29


 1267      42656E20 
 1268 059f 6374735C 		.ascii	"cts\\WW\\FW\\WorkingCopy\\WWV1_0\\WW\\BLE_Imp.cydsn"
 1268      57575C46 
 1268      575C576F 
 1268      726B696E 
 1268      67436F70 
 1269 05cc 00       		.ascii	"\000"
 1270              	.LASF54:
 1271 05cd 4359424C 		.ascii	"CYBLE_EVT_GATTC_FIND_INFO_RSP\000"
 1271      455F4556 
 1271      545F4741 
 1271      5454435F 
 1271      46494E44 
 1272              	.LASF0:
 1273 05eb 7369676E 		.ascii	"signed char\000"
 1273      65642063 
 1273      68617200 
 1274              	.LASF59:
 1275 05f7 4359424C 		.ascii	"CYBLE_EVT_GATTS_WRITE_REQ\000"
 1275      455F4556 
 1275      545F4741 
 1275      5454535F 
 1275      57524954 
 1276              	.LASF55:
 1277 0611 4359424C 		.ascii	"CYBLE_EVT_GATTC_FIND_BY_TYPE_VALUE_RSP\000"
 1277      455F4556 
 1277      545F4741 
 1277      5454435F 
 1277      46494E44 
 1278              	.LASF27:
 1279 0638 4359424C 		.ascii	"CYBLE_EVT_GAP_AUTH_COMPLETE\000"
 1279      455F4556 
 1279      545F4741 
 1279      505F4155 
 1279      54485F43 
 1280              	.LASF99:
 1281 0654 57696E63 		.ascii	"WinchInPin_Write\000"
 1281      68496E50 
 1281      696E5F57 
 1281      72697465 
 1281      00
 1282              	.LASF48:
 1283 0665 4359424C 		.ascii	"CYBLE_EVT_GATT_CONNECT_IND\000"
 1283      455F4556 
 1283      545F4741 
 1283      54545F43 
 1283      4F4E4E45 
 1284              	.LASF5:
 1285 0680 6C6F6E67 		.ascii	"long unsigned int\000"
 1285      20756E73 
 1285      69676E65 
 1285      6420696E 
 1285      7400
 1286              	.LASF24:
 1287 0692 4359424C 		.ascii	"CYBLE_EVT_GAP_AUTH_REQ\000"
 1287      455F4556 
 1287      545F4741 
ARM GAS  C:\Users\YEHUDA~1\AppData\Local\Temp\ccjRvhmm.s 			page 30


 1287      505F4155 
 1287      54485F52 
 1288              	.LASF77:
 1289 06a9 4359424C 		.ascii	"CYBLE_EVT_L2CAP_CBFC_DISCONN_IND\000"
 1289      455F4556 
 1289      545F4C32 
 1289      4341505F 
 1289      43424643 
 1290              	.LASF32:
 1291 06ca 4359424C 		.ascii	"CYBLE_EVT_GAP_ENCRYPT_CHANGE\000"
 1291      455F4556 
 1291      545F4741 
 1291      505F454E 
 1291      43525950 
 1292              	.LASF43:
 1293 06e7 4359424C 		.ascii	"CYBLE_EVT_GAP_CONN_ESTB\000"
 1293      455F4556 
 1293      545F4741 
 1293      505F434F 
 1293      4E4E5F45 
 1294              	.LASF71:
 1295 06ff 4359424C 		.ascii	"CYBLE_EVT_GATTC_LONG_PROCEDURE_END\000"
 1295      455F4556 
 1295      545F4741 
 1295      5454435F 
 1295      4C4F4E47 
 1296              	.LASF3:
 1297 0722 73686F72 		.ascii	"short unsigned int\000"
 1297      7420756E 
 1297      7369676E 
 1297      65642069 
 1297      6E7400
 1298              	.LASF104:
 1299 0735 4F706572 		.ascii	"OperationsMain\000"
 1299      6174696F 
 1299      6E734D61 
 1299      696E00
 1300              	.LASF33:
 1301 0744 4359424C 		.ascii	"CYBLE_EVT_GAP_CONNECTION_UPDATE_COMPLETE\000"
 1301      455F4556 
 1301      545F4741 
 1301      505F434F 
 1301      4E4E4543 
 1302              	.LASF42:
 1303 076d 4359424C 		.ascii	"CYBLE_EVT_GAP_SMP_NEGOTIATED_AUTH_INFO\000"
 1303      455F4556 
 1303      545F4741 
 1303      505F534D 
 1303      505F4E45 
 1304              	.LASF13:
 1305 0794 63686172 		.ascii	"char\000"
 1305      00
 1306              	.LASF74:
 1307 0799 4359424C 		.ascii	"CYBLE_EVT_L2CAP_COMMAND_REJ\000"
 1307      455F4556 
 1307      545F4C32 
 1307      4341505F 
ARM GAS  C:\Users\YEHUDA~1\AppData\Local\Temp\ccjRvhmm.s 			page 31


 1307      434F4D4D 
 1308              	.LASF88:
 1309 07b5 444F574E 		.ascii	"DOWN\000"
 1309      00
 1310              	.LASF97:
 1311 07ba 57696E63 		.ascii	"WinchUpPin_Write\000"
 1311      68557050 
 1311      696E5F57 
 1311      72697465 
 1311      00
 1312              	.LASF105:
 1313 07cb 52656365 		.ascii	"ReceivedByte\000"
 1313      69766564 
 1313      42797465 
 1313      00
 1314              	.LASF57:
 1315 07d8 4359424C 		.ascii	"CYBLE_EVT_GATTC_READ_BLOB_RSP\000"
 1315      455F4556 
 1315      545F4741 
 1315      5454435F 
 1315      52454144 
 1316              	.LASF64:
 1317 07f6 4359424C 		.ascii	"CYBLE_EVT_GATTC_EXEC_WRITE_RSP\000"
 1317      455F4556 
 1317      545F4741 
 1317      5454435F 
 1317      45584543 
 1318              	.LASF34:
 1319 0815 4359424C 		.ascii	"CYBLE_EVT_GAPC_SCAN_START_STOP\000"
 1319      455F4556 
 1319      545F4741 
 1319      50435F53 
 1319      43414E5F 
 1320              	.LASF83:
 1321 0834 4359424C 		.ascii	"CYBLE_EVT_PENDING_FLASH_WRITE\000"
 1321      455F4556 
 1321      545F5045 
 1321      4E44494E 
 1321      475F464C 
 1322              	.LASF80:
 1323 0852 4359424C 		.ascii	"CYBLE_EVT_L2CAP_CBFC_RX_CREDIT_IND\000"
 1323      455F4556 
 1323      545F4C32 
 1323      4341505F 
 1323      43424643 
 1324              	.LASF12:
 1325 0875 646F7562 		.ascii	"double\000"
 1325      6C6500
 1326              	.LASF92:
 1327 087c 53544F50 		.ascii	"STOP_OUT\000"
 1327      5F4F5554 
 1327      00
 1328              	.LASF81:
 1329 0885 4359424C 		.ascii	"CYBLE_EVT_L2CAP_CBFC_TX_CREDIT_IND\000"
 1329      455F4556 
 1329      545F4C32 
 1329      4341505F 
ARM GAS  C:\Users\YEHUDA~1\AppData\Local\Temp\ccjRvhmm.s 			page 32


 1329      43424643 
 1330              	.LASF44:
 1331 08a8 4359424C 		.ascii	"CYBLE_EVT_GAP_SCAN_REQ_RECVD\000"
 1331      455F4556 
 1331      545F4741 
 1331      505F5343 
 1331      414E5F52 
 1332              	.LASF29:
 1333 08c5 4359424C 		.ascii	"CYBLE_EVT_GAPP_ADVERTISEMENT_START_STOP\000"
 1333      455F4556 
 1333      545F4741 
 1333      50505F41 
 1333      44564552 
 1334              	.LASF19:
 1335 08ed 4359424C 		.ascii	"CYBLE_EVT_HARDWARE_ERROR\000"
 1335      455F4556 
 1335      545F4841 
 1335      52445741 
 1335      52455F45 
 1336              	.LASF79:
 1337 0906 4359424C 		.ascii	"CYBLE_EVT_L2CAP_CBFC_DATA_READ\000"
 1337      455F4556 
 1337      545F4C32 
 1337      4341505F 
 1337      43424643 
 1338              	.LASF73:
 1339 0925 4359424C 		.ascii	"CYBLE_EVT_L2CAP_CONN_PARAM_UPDATE_RSP\000"
 1339      455F4556 
 1339      545F4C32 
 1339      4341505F 
 1339      434F4E4E 
 1340              	.LASF23:
 1341 094b 4359424C 		.ascii	"CYBLE_EVT_GAPC_SCAN_PROGRESS_RESULT\000"
 1341      455F4556 
 1341      545F4741 
 1341      50435F53 
 1341      43414E5F 
 1342              	.LASF52:
 1343 096f 4359424C 		.ascii	"CYBLE_EVT_GATTC_READ_BY_GROUP_TYPE_RSP\000"
 1343      455F4556 
 1343      545F4741 
 1343      5454435F 
 1343      52454144 
 1344              	.LASF61:
 1345 0996 4359424C 		.ascii	"CYBLE_EVT_GATTS_WRITE_CMD_REQ\000"
 1345      455F4556 
 1345      545F4741 
 1345      5454535F 
 1345      57524954 
 1346              	.LASF51:
 1347 09b4 4359424C 		.ascii	"CYBLE_EVT_GATTC_XCHNG_MTU_RSP\000"
 1347      455F4556 
 1347      545F4741 
 1347      5454435F 
 1347      5843484E 
 1348              	.LASF58:
 1349 09d2 4359424C 		.ascii	"CYBLE_EVT_GATTC_READ_MULTI_RSP\000"
ARM GAS  C:\Users\YEHUDA~1\AppData\Local\Temp\ccjRvhmm.s 			page 33


 1349      455F4556 
 1349      545F4741 
 1349      5454435F 
 1349      52454144 
 1350              	.LASF82:
 1351 09f1 4359424C 		.ascii	"CYBLE_EVT_L2CAP_CBFC_DATA_WRITE_IND\000"
 1351      455F4556 
 1351      545F4C32 
 1351      4341505F 
 1351      43424643 
 1352              	.LASF18:
 1353 0a15 4359424C 		.ascii	"CYBLE_EVT_TIMEOUT\000"
 1353      455F4556 
 1353      545F5449 
 1353      4D454F55 
 1353      5400
 1354              	.LASF87:
 1355 0a27 4359424C 		.ascii	"CYBLE_EVT_MAX\000"
 1355      455F4556 
 1355      545F4D41 
 1355      5800
 1356              	.LASF70:
 1357 0a35 4359424C 		.ascii	"CYBLE_EVT_GATTS_READ_CHAR_VAL_ACCESS_REQ\000"
 1357      455F4556 
 1357      545F4741 
 1357      5454535F 
 1357      52454144 
 1358              	.LASF69:
 1359 0a5e 4359424C 		.ascii	"CYBLE_EVT_GATTC_STOP_CMD_COMPLETE\000"
 1359      455F4556 
 1359      545F4741 
 1359      5454435F 
 1359      53544F50 
 1360              	.LASF8:
 1361 0a80 756E7369 		.ascii	"unsigned int\000"
 1361      676E6564 
 1361      20696E74 
 1361      00
 1362              	.LASF63:
 1363 0a8d 4359424C 		.ascii	"CYBLE_EVT_GATTS_EXEC_WRITE_REQ\000"
 1363      455F4556 
 1363      545F4741 
 1363      5454535F 
 1363      45584543 
 1364              	.LASF98:
 1365 0aac 57696E63 		.ascii	"WinchDownPin_Write\000"
 1365      68446F77 
 1365      6E50696E 
 1365      5F577269 
 1365      746500
 1366              	.LASF31:
 1367 0abf 4359424C 		.ascii	"CYBLE_EVT_GAP_DEVICE_DISCONNECTED\000"
 1367      455F4556 
 1367      545F4741 
 1367      505F4445 
 1367      56494345 
 1368              	.LASF95:
ARM GAS  C:\Users\YEHUDA~1\AppData\Local\Temp\ccjRvhmm.s 			page 34


 1369 0ae1 53544F50 		.ascii	"STOP_ALL\000"
 1369      5F414C4C 
 1369      00
 1370              	.LASF68:
 1371 0aea 4359424C 		.ascii	"CYBLE_EVT_GATTS_DATA_SIGNED_CMD_REQ\000"
 1371      455F4556 
 1371      545F4741 
 1371      5454535F 
 1371      44415441 
 1372              	.LASF85:
 1373 0b0e 4359424C 		.ascii	"CYBLE_EVT_HCI_PKT\000"
 1373      455F4556 
 1373      545F4843 
 1373      495F504B 
 1373      5400
 1374              	.LASF38:
 1375 0b20 4359424C 		.ascii	"CYBLE_EVT_GAP_OOB_GENERATED_NOTIFICATION\000"
 1375      455F4556 
 1375      545F4741 
 1375      505F4F4F 
 1375      425F4745 
 1376              		.ident	"GCC: (GNU Tools for ARM Embedded Processors) 5.4.1 20160609 (release) [ARM/embedded-5-bran
