ARM GAS  C:\Users\YEHUDA~1\AppData\Local\Temp\ccvJN27P.s 			page 1


   1              		.syntax unified
   2              		.cpu cortex-m0
   3              		.fpu softvfp
   4              		.eabi_attribute 20, 1
   5              		.eabi_attribute 21, 1
   6              		.eabi_attribute 23, 3
   7              		.eabi_attribute 24, 1
   8              		.eabi_attribute 25, 1
   9              		.eabi_attribute 26, 1
  10              		.eabi_attribute 30, 1
  11              		.eabi_attribute 34, 0
  12              		.eabi_attribute 18, 4
  13              		.thumb
  14              		.syntax unified
  15              		.file	"iprintf.c"
  16              		.text
  17              	.Ltext0:
  18              		.cfi_sections	.debug_frame
  19              		.section	.text.change,"ax",%progbits
  20              		.align	2
  21              		.code	16
  22              		.thumb_func
  23              		.type	change, %function
  24              	change:
  25              	.LFB36:
  26              		.file 1 "iprintf.c"
   1:iprintf.c     **** /******************************************************************************
   2:iprintf.c     **** *This file is for iprintf()
   3:iprintf.c     **** *The iprintf() is a simple printf() and only can print string with %s,%d,%c,%x.
   4:iprintf.c     **** *******************************************************************************/
   5:iprintf.c     **** #include "iprintf.h"
   6:iprintf.c     **** 
   7:iprintf.c     **** static void iputc(char8 ch)
   8:iprintf.c     **** {
   9:iprintf.c     **** 	/*This function has to be replaced by user*/	
  10:iprintf.c     **** 	SCB_1_UartPutChar(ch);
  11:iprintf.c     **** }
  12:iprintf.c     **** 
  13:iprintf.c     **** static uint8* change(uint32 Index)
  14:iprintf.c     **** {
  27              		.loc 1 14 0
  28              		.cfi_startproc
  29              		@ args = 0, pretend = 0, frame = 0
  30              		@ frame_needed = 0, uses_anonymous_args = 0
  31              		@ link register save eliminated.
  32              	.LVL0:
  15:iprintf.c     ****     return (uint8*)("0123456789abcdef"+Index);
  33              		.loc 1 15 0
  34 0000 014B     		ldr	r3, .L2
  35 0002 C018     		adds	r0, r0, r3
  36              	.LVL1:
  16:iprintf.c     **** }
  37              		.loc 1 16 0
  38              		@ sp needed
  39 0004 7047     		bx	lr
  40              	.L3:
  41 0006 C046     		.align	2
ARM GAS  C:\Users\YEHUDA~1\AppData\Local\Temp\ccvJN27P.s 			page 2


  42              	.L2:
  43 0008 00000000 		.word	.LC0
  44              		.cfi_endproc
  45              	.LFE36:
  46              		.size	change, .-change
  47              		.section	.text.iputc,"ax",%progbits
  48              		.align	2
  49              		.code	16
  50              		.thumb_func
  51              		.type	iputc, %function
  52              	iputc:
  53              	.LFB35:
   8:iprintf.c     **** 	/*This function has to be replaced by user*/	
  54              		.loc 1 8 0
  55              		.cfi_startproc
  56              		@ args = 0, pretend = 0, frame = 0
  57              		@ frame_needed = 0, uses_anonymous_args = 0
  58              	.LVL2:
  59 0000 10B5     		push	{r4, lr}
  60              		.cfi_def_cfa_offset 8
  61              		.cfi_offset 4, -8
  62              		.cfi_offset 14, -4
  10:iprintf.c     **** }
  63              		.loc 1 10 0
  64 0002 FFF7FEFF 		bl	SCB_1_SpiUartWriteTxData
  65              	.LVL3:
  11:iprintf.c     **** 
  66              		.loc 1 11 0
  67              		@ sp needed
  68 0006 10BD     		pop	{r4, pc}
  69              		.cfi_endproc
  70              	.LFE35:
  71              		.size	iputc, .-iputc
  72              		.global	__aeabi_uidivmod
  73              		.global	__aeabi_uidiv
  74              		.section	.text.iprintf,"ax",%progbits
  75              		.align	2
  76              		.global	iprintf
  77              		.code	16
  78              		.thumb_func
  79              		.type	iprintf, %function
  80              	iprintf:
  81              	.LFB37:
  17:iprintf.c     **** 
  18:iprintf.c     **** 
  19:iprintf.c     **** void iprintf(char8 *pszFmt,...)
  20:iprintf.c     **** {
  82              		.loc 1 20 0
  83              		.cfi_startproc
  84              		@ args = 4, pretend = 16, frame = 48
  85              		@ frame_needed = 0, uses_anonymous_args = 1
  86              	.LVL4:
  87 0000 0FB4     		push	{r0, r1, r2, r3}
  88              		.cfi_def_cfa_offset 16
  89 0002 F0B5     		push	{r4, r5, r6, r7, lr}
  90              		.cfi_def_cfa_offset 36
  91              		.cfi_offset 4, -36
ARM GAS  C:\Users\YEHUDA~1\AppData\Local\Temp\ccvJN27P.s 			page 3


  92              		.cfi_offset 5, -32
  93              		.cfi_offset 6, -28
  94              		.cfi_offset 7, -24
  95              		.cfi_offset 14, -20
  96 0004 8DB0     		sub	sp, sp, #52
  97              		.cfi_def_cfa_offset 88
  98              	.LVL5:
  21:iprintf.c     ****     uint8 *pszVal;
  22:iprintf.c     ****     uint32 iVal, xVal, i = 0, buffer[12], index = 1;
  99              		.loc 1 22 0
 100 0006 0124     		movs	r4, #1
  23:iprintf.c     ****     uint8 cVal;
  24:iprintf.c     ****     uint32 *pArg;
  25:iprintf.c     ****     pArg =(uint32 *)&pszFmt;
  26:iprintf.c     **** 
  27:iprintf.c     ****     while(*pszFmt)
 101              		.loc 1 27 0
 102 0008 8AE0     		b	.L6
 103              	.LVL6:
 104              	.L24:
  28:iprintf.c     ****     {
  29:iprintf.c     ****         if('%' != *pszFmt)
 105              		.loc 1 29 0
 106 000a 2528     		cmp	r0, #37
 107 000c 05D0     		beq	.L7
  30:iprintf.c     ****         {
  31:iprintf.c     ****             iputc(*pszFmt);
 108              		.loc 1 31 0
 109 000e FFF7FEFF 		bl	iputc
 110              	.LVL7:
  32:iprintf.c     ****             pszFmt++;
 111              		.loc 1 32 0
 112 0012 129B     		ldr	r3, [sp, #72]
 113 0014 0133     		adds	r3, r3, #1
 114 0016 1293     		str	r3, [sp, #72]
  33:iprintf.c     ****             continue;
 115              		.loc 1 33 0
 116 0018 82E0     		b	.L6
 117              	.L7:
  34:iprintf.c     ****         }
  35:iprintf.c     ****         pszFmt++;
 118              		.loc 1 35 0
 119 001a 5A1C     		adds	r2, r3, #1
 120 001c 1292     		str	r2, [sp, #72]
  36:iprintf.c     **** 
  37:iprintf.c     ****         if(*pszFmt == 's')
 121              		.loc 1 37 0
 122 001e 5B78     		ldrb	r3, [r3, #1]
 123 0020 732B     		cmp	r3, #115
 124 0022 11D1     		bne	.L9
  38:iprintf.c     ****         {
  39:iprintf.c     ****             pszVal = (uint8*)pArg[index++];
 125              		.loc 1 39 0
 126 0024 651C     		adds	r5, r4, #1
 127              	.LVL8:
 128 0026 A400     		lsls	r4, r4, #2
 129 0028 12AB     		add	r3, sp, #72
ARM GAS  C:\Users\YEHUDA~1\AppData\Local\Temp\ccvJN27P.s 			page 4


 130              	.LVL9:
 131 002a 9C46     		mov	ip, r3
 132 002c 6444     		add	r4, r4, ip
 133 002e 2468     		ldr	r4, [r4]
 134              	.LVL10:
  40:iprintf.c     ****             for(; *pszVal != '\0'; pszVal++)
 135              		.loc 1 40 0
 136 0030 02E0     		b	.L10
 137              	.LVL11:
 138              	.L11:
  41:iprintf.c     ****                 iputc(*pszVal);
 139              		.loc 1 41 0 discriminator 2
 140 0032 FFF7FEFF 		bl	iputc
 141              	.LVL12:
  40:iprintf.c     ****             for(; *pszVal != '\0'; pszVal++)
 142              		.loc 1 40 0 discriminator 2
 143 0036 0134     		adds	r4, r4, #1
 144              	.LVL13:
 145              	.L10:
  40:iprintf.c     ****             for(; *pszVal != '\0'; pszVal++)
 146              		.loc 1 40 0 is_stmt 0 discriminator 1
 147 0038 2078     		ldrb	r0, [r4]
 148 003a 0028     		cmp	r0, #0
 149 003c F9D1     		bne	.L11
  42:iprintf.c     ****             pszFmt++;
 150              		.loc 1 42 0 is_stmt 1
 151 003e 129B     		ldr	r3, [sp, #72]
 152 0040 0133     		adds	r3, r3, #1
 153 0042 1293     		str	r3, [sp, #72]
  39:iprintf.c     ****             for(; *pszVal != '\0'; pszVal++)
 154              		.loc 1 39 0
 155 0044 2C00     		movs	r4, r5
 156              	.LVL14:
  43:iprintf.c     ****             continue;
 157              		.loc 1 43 0
 158 0046 6BE0     		b	.L6
 159              	.LVL15:
 160              	.L9:
  44:iprintf.c     ****         }
  45:iprintf.c     ****         if(*pszFmt == 'd')
 161              		.loc 1 45 0
 162 0048 642B     		cmp	r3, #100
 163 004a 27D1     		bne	.L12
  46:iprintf.c     ****         {
  47:iprintf.c     ****             iVal = pArg[index++];
 164              		.loc 1 47 0
 165 004c 671C     		adds	r7, r4, #1
 166              	.LVL16:
 167 004e A400     		lsls	r4, r4, #2
 168 0050 12AB     		add	r3, sp, #72
 169              	.LVL17:
 170 0052 9C46     		mov	ip, r3
 171 0054 6444     		add	r4, r4, ip
 172 0056 2668     		ldr	r6, [r4]
 173              	.LVL18:
  48:iprintf.c     ****             i = 0;
 174              		.loc 1 48 0
ARM GAS  C:\Users\YEHUDA~1\AppData\Local\Temp\ccvJN27P.s 			page 5


 175 0058 0025     		movs	r5, #0
 176              	.LVL19:
 177              	.L13:
  49:iprintf.c     ****             do{
  50:iprintf.c     ****                 buffer[i++] = iVal % 10;
 178              		.loc 1 50 0 discriminator 1
 179 005a 6C1C     		adds	r4, r5, #1
 180              	.LVL20:
 181 005c 0A21     		movs	r1, #10
 182 005e 3000     		movs	r0, r6
 183 0060 FFF7FEFF 		bl	__aeabi_uidivmod
 184              	.LVL21:
 185 0064 AD00     		lsls	r5, r5, #2
 186 0066 6B46     		mov	r3, sp
 187 0068 E950     		str	r1, [r5, r3]
  51:iprintf.c     ****                 iVal /= 10;
 188              		.loc 1 51 0 discriminator 1
 189 006a 0A21     		movs	r1, #10
 190 006c 3000     		movs	r0, r6
 191 006e FFF7FEFF 		bl	__aeabi_uidiv
 192              	.LVL22:
 193 0072 0600     		movs	r6, r0
 194              	.LVL23:
  50:iprintf.c     ****                 iVal /= 10;
 195              		.loc 1 50 0 discriminator 1
 196 0074 2500     		movs	r5, r4
  52:iprintf.c     ****             }while(iVal);
 197              		.loc 1 52 0 discriminator 1
 198 0076 0028     		cmp	r0, #0
 199 0078 EFD1     		bne	.L13
 200 007a 08E0     		b	.L14
 201              	.LVL24:
 202              	.L15:
  53:iprintf.c     ****             while(i > 0)
  54:iprintf.c     ****             {
  55:iprintf.c     ****                 i--;
 203              		.loc 1 55 0
 204 007c 013C     		subs	r4, r4, #1
 205              	.LVL25:
  56:iprintf.c     ****                 iputc(*change(buffer[i]));
 206              		.loc 1 56 0
 207 007e A300     		lsls	r3, r4, #2
 208 0080 6A46     		mov	r2, sp
 209 0082 9858     		ldr	r0, [r3, r2]
 210 0084 FFF7FEFF 		bl	change
 211              	.LVL26:
 212 0088 0078     		ldrb	r0, [r0]
 213 008a FFF7FEFF 		bl	iputc
 214              	.LVL27:
 215              	.L14:
  53:iprintf.c     ****             while(i > 0)
 216              		.loc 1 53 0
 217 008e 002C     		cmp	r4, #0
 218 0090 F4D1     		bne	.L15
  57:iprintf.c     ****             }
  58:iprintf.c     ****             pszFmt++;
 219              		.loc 1 58 0
ARM GAS  C:\Users\YEHUDA~1\AppData\Local\Temp\ccvJN27P.s 			page 6


 220 0092 129B     		ldr	r3, [sp, #72]
 221 0094 0133     		adds	r3, r3, #1
 222 0096 1293     		str	r3, [sp, #72]
  47:iprintf.c     ****             i = 0;
 223              		.loc 1 47 0
 224 0098 3C00     		movs	r4, r7
 225              	.LVL28:
  59:iprintf.c     ****             continue;
 226              		.loc 1 59 0
 227 009a 41E0     		b	.L6
 228              	.LVL29:
 229              	.L12:
  60:iprintf.c     ****         }
  61:iprintf.c     ****         if(*pszFmt == 'c')
 230              		.loc 1 61 0
 231 009c 632B     		cmp	r3, #99
 232 009e 0CD1     		bne	.L16
  62:iprintf.c     ****         {
  63:iprintf.c     ****             cVal = (uint8)pArg[index++];
 233              		.loc 1 63 0
 234 00a0 651C     		adds	r5, r4, #1
 235              	.LVL30:
 236 00a2 A400     		lsls	r4, r4, #2
 237 00a4 12AB     		add	r3, sp, #72
 238              	.LVL31:
 239 00a6 9C46     		mov	ip, r3
 240 00a8 6444     		add	r4, r4, ip
 241 00aa 2078     		ldrb	r0, [r4]
 242              	.LVL32:
  64:iprintf.c     ****             iputc(cVal);
 243              		.loc 1 64 0
 244 00ac FFF7FEFF 		bl	iputc
 245              	.LVL33:
  65:iprintf.c     ****             pszFmt++;
 246              		.loc 1 65 0
 247 00b0 129B     		ldr	r3, [sp, #72]
 248 00b2 0133     		adds	r3, r3, #1
 249 00b4 1293     		str	r3, [sp, #72]
  63:iprintf.c     ****             iputc(cVal);
 250              		.loc 1 63 0
 251 00b6 2C00     		movs	r4, r5
  66:iprintf.c     ****             continue;
 252              		.loc 1 66 0
 253 00b8 32E0     		b	.L6
 254              	.LVL34:
 255              	.L16:
  67:iprintf.c     ****         }
  68:iprintf.c     ****         if(*pszFmt == 'x')
 256              		.loc 1 68 0
 257 00ba 782B     		cmp	r3, #120
 258 00bc 2ED1     		bne	.L17
  69:iprintf.c     ****         {
  70:iprintf.c     ****             xVal = pArg[index++];
 259              		.loc 1 70 0
 260 00be 651C     		adds	r5, r4, #1
 261              	.LVL35:
 262 00c0 A400     		lsls	r4, r4, #2
ARM GAS  C:\Users\YEHUDA~1\AppData\Local\Temp\ccvJN27P.s 			page 7


 263 00c2 12AB     		add	r3, sp, #72
 264              	.LVL36:
 265 00c4 9C46     		mov	ip, r3
 266 00c6 6444     		add	r4, r4, ip
 267 00c8 2368     		ldr	r3, [r4]
 268              	.LVL37:
  71:iprintf.c     ****             i = 0;
 269              		.loc 1 71 0
 270 00ca 0020     		movs	r0, #0
 271 00cc 00E0     		b	.L18
 272              	.LVL38:
 273              	.L25:
  72:iprintf.c     ****             do{
  73:iprintf.c     ****                 buffer[i++] = xVal % 16;
 274              		.loc 1 73 0
 275 00ce 2000     		movs	r0, r4
 276              	.LVL39:
 277              	.L18:
 278              		.loc 1 73 0 is_stmt 0 discriminator 1
 279 00d0 441C     		adds	r4, r0, #1
 280              	.LVL40:
 281 00d2 0F21     		movs	r1, #15
 282 00d4 1940     		ands	r1, r3
 283 00d6 8200     		lsls	r2, r0, #2
 284 00d8 6E46     		mov	r6, sp
 285 00da 9151     		str	r1, [r2, r6]
  74:iprintf.c     ****                 xVal /= 16;
 286              		.loc 1 74 0 is_stmt 1 discriminator 1
 287 00dc 1B09     		lsrs	r3, r3, #4
 288              	.LVL41:
  75:iprintf.c     ****             }while(xVal);
 289              		.loc 1 75 0 discriminator 1
 290 00de F6D1     		bne	.L25
  76:iprintf.c     ****             if(i%2!=0)
 291              		.loc 1 76 0
 292 00e0 E307     		lsls	r3, r4, #31
 293 00e2 03D5     		bpl	.L19
 294              	.LVL42:
  77:iprintf.c     ****                 buffer[i++]=0;
 295              		.loc 1 77 0
 296 00e4 A400     		lsls	r4, r4, #2
 297 00e6 0023     		movs	r3, #0
 298 00e8 A351     		str	r3, [r4, r6]
 299 00ea 841C     		adds	r4, r0, #2
 300              	.LVL43:
 301              	.L19:
  78:iprintf.c     ****             if(i<2)
 302              		.loc 1 78 0
 303 00ec 012C     		cmp	r4, #1
 304 00ee 0ED8     		bhi	.L21
 305              	.LVL44:
  79:iprintf.c     ****                 buffer[i++]=0;
 306              		.loc 1 79 0
 307 00f0 A300     		lsls	r3, r4, #2
 308 00f2 0022     		movs	r2, #0
 309 00f4 6946     		mov	r1, sp
 310 00f6 5A50     		str	r2, [r3, r1]
ARM GAS  C:\Users\YEHUDA~1\AppData\Local\Temp\ccvJN27P.s 			page 8


 311 00f8 0134     		adds	r4, r4, #1
 312              	.LVL45:
 313 00fa 08E0     		b	.L21
 314              	.LVL46:
 315              	.L22:
  80:iprintf.c     **** 
  81:iprintf.c     ****             while(i > 0)
  82:iprintf.c     ****             {
  83:iprintf.c     ****                 i--;
 316              		.loc 1 83 0
 317 00fc 013C     		subs	r4, r4, #1
 318              	.LVL47:
  84:iprintf.c     ****                 iputc(*change(buffer[i]));
 319              		.loc 1 84 0
 320 00fe A300     		lsls	r3, r4, #2
 321 0100 6A46     		mov	r2, sp
 322 0102 9858     		ldr	r0, [r3, r2]
 323 0104 FFF7FEFF 		bl	change
 324              	.LVL48:
 325 0108 0078     		ldrb	r0, [r0]
 326 010a FFF7FEFF 		bl	iputc
 327              	.LVL49:
 328              	.L21:
  81:iprintf.c     ****             {
 329              		.loc 1 81 0
 330 010e 002C     		cmp	r4, #0
 331 0110 F4D1     		bne	.L22
  85:iprintf.c     ****             }
  86:iprintf.c     ****             pszFmt++;
 332              		.loc 1 86 0
 333 0112 129B     		ldr	r3, [sp, #72]
 334 0114 0133     		adds	r3, r3, #1
 335 0116 1293     		str	r3, [sp, #72]
  70:iprintf.c     ****             i = 0;
 336              		.loc 1 70 0
 337 0118 2C00     		movs	r4, r5
 338              	.LVL50:
  87:iprintf.c     ****             continue;
 339              		.loc 1 87 0
 340 011a 01E0     		b	.L6
 341              	.LVL51:
 342              	.L17:
  88:iprintf.c     ****         }
  89:iprintf.c     ****         if(pszFmt == '\0')
 343              		.loc 1 89 0
 344 011c 002A     		cmp	r2, #0
 345 011e 04D0     		beq	.L5
 346              	.LVL52:
 347              	.L6:
  27:iprintf.c     ****     {
 348              		.loc 1 27 0
 349 0120 129B     		ldr	r3, [sp, #72]
 350 0122 1878     		ldrb	r0, [r3]
 351 0124 0028     		cmp	r0, #0
 352 0126 00D0     		beq	.LCB343
 353 0128 6FE7     		b	.L24	@long jump
 354              	.LCB343:
ARM GAS  C:\Users\YEHUDA~1\AppData\Local\Temp\ccvJN27P.s 			page 9


 355              	.L5:
  90:iprintf.c     ****         {
  91:iprintf.c     ****             break;
  92:iprintf.c     ****         }
  93:iprintf.c     **** 
  94:iprintf.c     ****     }
  95:iprintf.c     **** }...
 356              		.loc 1 95 0
 357 012a 0DB0     		add	sp, sp, #52
 358              		@ sp needed
 359              	.LVL53:
 360 012c F0BC     		pop	{r4, r5, r6, r7}
 361 012e 08BC     		pop	{r3}
 362 0130 04B0     		add	sp, sp, #16
 363 0132 1847     		bx	r3
 364              		.cfi_endproc
 365              	.LFE37:
 366              		.size	iprintf, .-iprintf
 367              		.section	.rodata.str1.4,"aMS",%progbits,1
 368              		.align	2
 369              	.LC0:
 370 0000 30313233 		.ascii	"0123456789abcdef\000"
 370      34353637 
 370      38396162 
 370      63646566 
 370      00
 371              		.text
 372              	.Letext0:
 373              		.file 2 "Generated_Source\\PSoC4/cytypes.h"
 374              		.file 3 "Generated_Source\\PSoC4/SCB_1_SPI_UART.h"
 375              		.section	.debug_info,"",%progbits
 376              	.Ldebug_info0:
 377 0000 2F020000 		.4byte	0x22f
 378 0004 0400     		.2byte	0x4
 379 0006 00000000 		.4byte	.Ldebug_abbrev0
 380 000a 04       		.byte	0x4
 381 000b 01       		.uleb128 0x1
 382 000c 28010000 		.4byte	.LASF26
 383 0010 0C       		.byte	0xc
 384 0011 D5000000 		.4byte	.LASF27
 385 0015 0F000000 		.4byte	.LASF28
 386 0019 00000000 		.4byte	.Ldebug_ranges0+0
 387 001d 00000000 		.4byte	0
 388 0021 00000000 		.4byte	.Ldebug_line0
 389 0025 02       		.uleb128 0x2
 390 0026 01       		.byte	0x1
 391 0027 06       		.byte	0x6
 392 0028 FD010000 		.4byte	.LASF0
 393 002c 02       		.uleb128 0x2
 394 002d 01       		.byte	0x1
 395 002e 08       		.byte	0x8
 396 002f A3000000 		.4byte	.LASF1
 397 0033 02       		.uleb128 0x2
 398 0034 02       		.byte	0x2
 399 0035 05       		.byte	0x5
 400 0036 D8010000 		.4byte	.LASF2
 401 003a 02       		.uleb128 0x2
ARM GAS  C:\Users\YEHUDA~1\AppData\Local\Temp\ccvJN27P.s 			page 10


 402 003b 02       		.byte	0x2
 403 003c 07       		.byte	0x7
 404 003d 6C000000 		.4byte	.LASF3
 405 0041 02       		.uleb128 0x2
 406 0042 04       		.byte	0x4
 407 0043 05       		.byte	0x5
 408 0044 E8010000 		.4byte	.LASF4
 409 0048 02       		.uleb128 0x2
 410 0049 04       		.byte	0x4
 411 004a 07       		.byte	0x7
 412 004b C3000000 		.4byte	.LASF5
 413 004f 02       		.uleb128 0x2
 414 0050 08       		.byte	0x8
 415 0051 05       		.byte	0x5
 416 0052 BF010000 		.4byte	.LASF6
 417 0056 02       		.uleb128 0x2
 418 0057 08       		.byte	0x8
 419 0058 07       		.byte	0x7
 420 0059 8C000000 		.4byte	.LASF7
 421 005d 03       		.uleb128 0x3
 422 005e 04       		.byte	0x4
 423 005f 05       		.byte	0x5
 424 0060 696E7400 		.ascii	"int\000"
 425 0064 02       		.uleb128 0x2
 426 0065 04       		.byte	0x4
 427 0066 07       		.byte	0x7
 428 0067 05010000 		.4byte	.LASF8
 429 006b 04       		.uleb128 0x4
 430 006c DF000000 		.4byte	.LASF9
 431 0070 02       		.byte	0x2
 432 0071 E401     		.2byte	0x1e4
 433 0073 2C000000 		.4byte	0x2c
 434 0077 04       		.uleb128 0x4
 435 0078 FE000000 		.4byte	.LASF10
 436 007c 02       		.byte	0x2
 437 007d E601     		.2byte	0x1e6
 438 007f 48000000 		.4byte	0x48
 439 0083 02       		.uleb128 0x2
 440 0084 04       		.byte	0x4
 441 0085 04       		.byte	0x4
 442 0086 86000000 		.4byte	.LASF11
 443 008a 02       		.uleb128 0x2
 444 008b 08       		.byte	0x8
 445 008c 04       		.byte	0x4
 446 008d 09020000 		.4byte	.LASF12
 447 0091 04       		.uleb128 0x4
 448 0092 B6000000 		.4byte	.LASF13
 449 0096 02       		.byte	0x2
 450 0097 F501     		.2byte	0x1f5
 451 0099 9D000000 		.4byte	0x9d
 452 009d 02       		.uleb128 0x2
 453 009e 01       		.byte	0x1
 454 009f 08       		.byte	0x8
 455 00a0 17010000 		.4byte	.LASF14
 456 00a4 02       		.uleb128 0x2
 457 00a5 08       		.byte	0x8
 458 00a6 04       		.byte	0x4
ARM GAS  C:\Users\YEHUDA~1\AppData\Local\Temp\ccvJN27P.s 			page 11


 459 00a7 F1010000 		.4byte	.LASF15
 460 00ab 02       		.uleb128 0x2
 461 00ac 04       		.byte	0x4
 462 00ad 07       		.byte	0x7
 463 00ae B6010000 		.4byte	.LASF16
 464 00b2 05       		.uleb128 0x5
 465 00b3 04       		.byte	0x4
 466 00b4 6B000000 		.4byte	0x6b
 467 00b8 06       		.uleb128 0x6
 468 00b9 21010000 		.4byte	.LASF29
 469 00bd 01       		.byte	0x1
 470 00be 0D       		.byte	0xd
 471 00bf B2000000 		.4byte	0xb2
 472 00c3 00000000 		.4byte	.LFB36
 473 00c7 0C000000 		.4byte	.LFE36-.LFB36
 474 00cb 01       		.uleb128 0x1
 475 00cc 9C       		.byte	0x9c
 476 00cd E1000000 		.4byte	0xe1
 477 00d1 07       		.uleb128 0x7
 478 00d2 10020000 		.4byte	.LASF17
 479 00d6 01       		.byte	0x1
 480 00d7 0D       		.byte	0xd
 481 00d8 77000000 		.4byte	0x77
 482 00dc 00000000 		.4byte	.LLST0
 483 00e0 00       		.byte	0
 484 00e1 08       		.uleb128 0x8
 485 00e2 E2010000 		.4byte	.LASF30
 486 00e6 01       		.byte	0x1
 487 00e7 07       		.byte	0x7
 488 00e8 00000000 		.4byte	.LFB35
 489 00ec 08000000 		.4byte	.LFE35-.LFB35
 490 00f0 01       		.uleb128 0x1
 491 00f1 9C       		.byte	0x9c
 492 00f2 0E010000 		.4byte	0x10e
 493 00f6 09       		.uleb128 0x9
 494 00f7 636800   		.ascii	"ch\000"
 495 00fa 01       		.byte	0x1
 496 00fb 07       		.byte	0x7
 497 00fc 91000000 		.4byte	0x91
 498 0100 26000000 		.4byte	.LLST1
 499 0104 0A       		.uleb128 0xa
 500 0105 06000000 		.4byte	.LVL3
 501 0109 26020000 		.4byte	0x226
 502 010d 00       		.byte	0
 503 010e 0B       		.uleb128 0xb
 504 010f 00000000 		.4byte	.LASF31
 505 0113 01       		.byte	0x1
 506 0114 13       		.byte	0x13
 507 0115 00000000 		.4byte	.LFB37
 508 0119 34010000 		.4byte	.LFE37-.LFB37
 509 011d 01       		.uleb128 0x1
 510 011e 9C       		.byte	0x9c
 511 011f 0A020000 		.4byte	0x20a
 512 0123 0C       		.uleb128 0xc
 513 0124 7F000000 		.4byte	.LASF18
 514 0128 01       		.byte	0x1
 515 0129 13       		.byte	0x13
ARM GAS  C:\Users\YEHUDA~1\AppData\Local\Temp\ccvJN27P.s 			page 12


 516 012a 0A020000 		.4byte	0x20a
 517 012e 02       		.uleb128 0x2
 518 012f 91       		.byte	0x91
 519 0130 70       		.sleb128 -16
 520 0131 0D       		.uleb128 0xd
 521 0132 0E       		.uleb128 0xe
 522 0133 BC000000 		.4byte	.LASF19
 523 0137 01       		.byte	0x1
 524 0138 15       		.byte	0x15
 525 0139 B2000000 		.4byte	0xb2
 526 013d 47000000 		.4byte	.LLST2
 527 0141 0E       		.uleb128 0xe
 528 0142 12010000 		.4byte	.LASF20
 529 0146 01       		.byte	0x1
 530 0147 16       		.byte	0x16
 531 0148 77000000 		.4byte	0x77
 532 014c 5A000000 		.4byte	.LLST3
 533 0150 0E       		.uleb128 0xe
 534 0151 1C010000 		.4byte	.LASF21
 535 0155 01       		.byte	0x1
 536 0156 16       		.byte	0x16
 537 0157 77000000 		.4byte	0x77
 538 015b 83000000 		.4byte	.LLST4
 539 015f 0F       		.uleb128 0xf
 540 0160 6900     		.ascii	"i\000"
 541 0162 01       		.byte	0x1
 542 0163 16       		.byte	0x16
 543 0164 77000000 		.4byte	0x77
 544 0168 96000000 		.4byte	.LLST5
 545 016c 10       		.uleb128 0x10
 546 016d 08000000 		.4byte	.LASF22
 547 0171 01       		.byte	0x1
 548 0172 16       		.byte	0x16
 549 0173 10020000 		.4byte	0x210
 550 0177 03       		.uleb128 0x3
 551 0178 91       		.byte	0x91
 552 0179 A87F     		.sleb128 -88
 553 017b 0E       		.uleb128 0xe
 554 017c D2010000 		.4byte	.LASF23
 555 0180 01       		.byte	0x1
 556 0181 16       		.byte	0x16
 557 0182 77000000 		.4byte	0x77
 558 0186 29010000 		.4byte	.LLST6
 559 018a 0E       		.uleb128 0xe
 560 018b B1000000 		.4byte	.LASF24
 561 018f 01       		.byte	0x1
 562 0190 17       		.byte	0x17
 563 0191 6B000000 		.4byte	0x6b
 564 0195 A0010000 		.4byte	.LLST7
 565 0199 0E       		.uleb128 0xe
 566 019a CD010000 		.4byte	.LASF25
 567 019e 01       		.byte	0x1
 568 019f 18       		.byte	0x18
 569 01a0 20020000 		.4byte	0x220
 570 01a4 B3010000 		.4byte	.LLST8
 571 01a8 0A       		.uleb128 0xa
 572 01a9 12000000 		.4byte	.LVL7
ARM GAS  C:\Users\YEHUDA~1\AppData\Local\Temp\ccvJN27P.s 			page 13


 573 01ad E1000000 		.4byte	0xe1
 574 01b1 0A       		.uleb128 0xa
 575 01b2 36000000 		.4byte	.LVL12
 576 01b6 E1000000 		.4byte	0xe1
 577 01ba 11       		.uleb128 0x11
 578 01bb 88000000 		.4byte	.LVL26
 579 01bf B8000000 		.4byte	0xb8
 580 01c3 D4010000 		.4byte	0x1d4
 581 01c7 12       		.uleb128 0x12
 582 01c8 01       		.uleb128 0x1
 583 01c9 50       		.byte	0x50
 584 01ca 08       		.uleb128 0x8
 585 01cb 74       		.byte	0x74
 586 01cc 00       		.sleb128 0
 587 01cd 32       		.byte	0x32
 588 01ce 24       		.byte	0x24
 589 01cf 7D       		.byte	0x7d
 590 01d0 00       		.sleb128 0
 591 01d1 22       		.byte	0x22
 592 01d2 06       		.byte	0x6
 593 01d3 00       		.byte	0
 594 01d4 0A       		.uleb128 0xa
 595 01d5 8E000000 		.4byte	.LVL27
 596 01d9 E1000000 		.4byte	0xe1
 597 01dd 0A       		.uleb128 0xa
 598 01de B0000000 		.4byte	.LVL33
 599 01e2 E1000000 		.4byte	0xe1
 600 01e6 11       		.uleb128 0x11
 601 01e7 08010000 		.4byte	.LVL48
 602 01eb B8000000 		.4byte	0xb8
 603 01ef 00020000 		.4byte	0x200
 604 01f3 12       		.uleb128 0x12
 605 01f4 01       		.uleb128 0x1
 606 01f5 50       		.byte	0x50
 607 01f6 08       		.uleb128 0x8
 608 01f7 74       		.byte	0x74
 609 01f8 00       		.sleb128 0
 610 01f9 32       		.byte	0x32
 611 01fa 24       		.byte	0x24
 612 01fb 76       		.byte	0x76
 613 01fc 00       		.sleb128 0
 614 01fd 22       		.byte	0x22
 615 01fe 06       		.byte	0x6
 616 01ff 00       		.byte	0
 617 0200 0A       		.uleb128 0xa
 618 0201 0E010000 		.4byte	.LVL49
 619 0205 E1000000 		.4byte	0xe1
 620 0209 00       		.byte	0
 621 020a 05       		.uleb128 0x5
 622 020b 04       		.byte	0x4
 623 020c 91000000 		.4byte	0x91
 624 0210 13       		.uleb128 0x13
 625 0211 77000000 		.4byte	0x77
 626 0215 20020000 		.4byte	0x220
 627 0219 14       		.uleb128 0x14
 628 021a AB000000 		.4byte	0xab
 629 021e 0B       		.byte	0xb
ARM GAS  C:\Users\YEHUDA~1\AppData\Local\Temp\ccvJN27P.s 			page 14


 630 021f 00       		.byte	0
 631 0220 05       		.uleb128 0x5
 632 0221 04       		.byte	0x4
 633 0222 77000000 		.4byte	0x77
 634 0226 15       		.uleb128 0x15
 635 0227 E5000000 		.4byte	.LASF32
 636 022b E5000000 		.4byte	.LASF32
 637 022f 03       		.byte	0x3
 638 0230 4403     		.2byte	0x344
 639 0232 00       		.byte	0
 640              		.section	.debug_abbrev,"",%progbits
 641              	.Ldebug_abbrev0:
 642 0000 01       		.uleb128 0x1
 643 0001 11       		.uleb128 0x11
 644 0002 01       		.byte	0x1
 645 0003 25       		.uleb128 0x25
 646 0004 0E       		.uleb128 0xe
 647 0005 13       		.uleb128 0x13
 648 0006 0B       		.uleb128 0xb
 649 0007 03       		.uleb128 0x3
 650 0008 0E       		.uleb128 0xe
 651 0009 1B       		.uleb128 0x1b
 652 000a 0E       		.uleb128 0xe
 653 000b 55       		.uleb128 0x55
 654 000c 17       		.uleb128 0x17
 655 000d 11       		.uleb128 0x11
 656 000e 01       		.uleb128 0x1
 657 000f 10       		.uleb128 0x10
 658 0010 17       		.uleb128 0x17
 659 0011 00       		.byte	0
 660 0012 00       		.byte	0
 661 0013 02       		.uleb128 0x2
 662 0014 24       		.uleb128 0x24
 663 0015 00       		.byte	0
 664 0016 0B       		.uleb128 0xb
 665 0017 0B       		.uleb128 0xb
 666 0018 3E       		.uleb128 0x3e
 667 0019 0B       		.uleb128 0xb
 668 001a 03       		.uleb128 0x3
 669 001b 0E       		.uleb128 0xe
 670 001c 00       		.byte	0
 671 001d 00       		.byte	0
 672 001e 03       		.uleb128 0x3
 673 001f 24       		.uleb128 0x24
 674 0020 00       		.byte	0
 675 0021 0B       		.uleb128 0xb
 676 0022 0B       		.uleb128 0xb
 677 0023 3E       		.uleb128 0x3e
 678 0024 0B       		.uleb128 0xb
 679 0025 03       		.uleb128 0x3
 680 0026 08       		.uleb128 0x8
 681 0027 00       		.byte	0
 682 0028 00       		.byte	0
 683 0029 04       		.uleb128 0x4
 684 002a 16       		.uleb128 0x16
 685 002b 00       		.byte	0
 686 002c 03       		.uleb128 0x3
ARM GAS  C:\Users\YEHUDA~1\AppData\Local\Temp\ccvJN27P.s 			page 15


 687 002d 0E       		.uleb128 0xe
 688 002e 3A       		.uleb128 0x3a
 689 002f 0B       		.uleb128 0xb
 690 0030 3B       		.uleb128 0x3b
 691 0031 05       		.uleb128 0x5
 692 0032 49       		.uleb128 0x49
 693 0033 13       		.uleb128 0x13
 694 0034 00       		.byte	0
 695 0035 00       		.byte	0
 696 0036 05       		.uleb128 0x5
 697 0037 0F       		.uleb128 0xf
 698 0038 00       		.byte	0
 699 0039 0B       		.uleb128 0xb
 700 003a 0B       		.uleb128 0xb
 701 003b 49       		.uleb128 0x49
 702 003c 13       		.uleb128 0x13
 703 003d 00       		.byte	0
 704 003e 00       		.byte	0
 705 003f 06       		.uleb128 0x6
 706 0040 2E       		.uleb128 0x2e
 707 0041 01       		.byte	0x1
 708 0042 03       		.uleb128 0x3
 709 0043 0E       		.uleb128 0xe
 710 0044 3A       		.uleb128 0x3a
 711 0045 0B       		.uleb128 0xb
 712 0046 3B       		.uleb128 0x3b
 713 0047 0B       		.uleb128 0xb
 714 0048 27       		.uleb128 0x27
 715 0049 19       		.uleb128 0x19
 716 004a 49       		.uleb128 0x49
 717 004b 13       		.uleb128 0x13
 718 004c 11       		.uleb128 0x11
 719 004d 01       		.uleb128 0x1
 720 004e 12       		.uleb128 0x12
 721 004f 06       		.uleb128 0x6
 722 0050 40       		.uleb128 0x40
 723 0051 18       		.uleb128 0x18
 724 0052 9742     		.uleb128 0x2117
 725 0054 19       		.uleb128 0x19
 726 0055 01       		.uleb128 0x1
 727 0056 13       		.uleb128 0x13
 728 0057 00       		.byte	0
 729 0058 00       		.byte	0
 730 0059 07       		.uleb128 0x7
 731 005a 05       		.uleb128 0x5
 732 005b 00       		.byte	0
 733 005c 03       		.uleb128 0x3
 734 005d 0E       		.uleb128 0xe
 735 005e 3A       		.uleb128 0x3a
 736 005f 0B       		.uleb128 0xb
 737 0060 3B       		.uleb128 0x3b
 738 0061 0B       		.uleb128 0xb
 739 0062 49       		.uleb128 0x49
 740 0063 13       		.uleb128 0x13
 741 0064 02       		.uleb128 0x2
 742 0065 17       		.uleb128 0x17
 743 0066 00       		.byte	0
ARM GAS  C:\Users\YEHUDA~1\AppData\Local\Temp\ccvJN27P.s 			page 16


 744 0067 00       		.byte	0
 745 0068 08       		.uleb128 0x8
 746 0069 2E       		.uleb128 0x2e
 747 006a 01       		.byte	0x1
 748 006b 03       		.uleb128 0x3
 749 006c 0E       		.uleb128 0xe
 750 006d 3A       		.uleb128 0x3a
 751 006e 0B       		.uleb128 0xb
 752 006f 3B       		.uleb128 0x3b
 753 0070 0B       		.uleb128 0xb
 754 0071 27       		.uleb128 0x27
 755 0072 19       		.uleb128 0x19
 756 0073 11       		.uleb128 0x11
 757 0074 01       		.uleb128 0x1
 758 0075 12       		.uleb128 0x12
 759 0076 06       		.uleb128 0x6
 760 0077 40       		.uleb128 0x40
 761 0078 18       		.uleb128 0x18
 762 0079 9742     		.uleb128 0x2117
 763 007b 19       		.uleb128 0x19
 764 007c 01       		.uleb128 0x1
 765 007d 13       		.uleb128 0x13
 766 007e 00       		.byte	0
 767 007f 00       		.byte	0
 768 0080 09       		.uleb128 0x9
 769 0081 05       		.uleb128 0x5
 770 0082 00       		.byte	0
 771 0083 03       		.uleb128 0x3
 772 0084 08       		.uleb128 0x8
 773 0085 3A       		.uleb128 0x3a
 774 0086 0B       		.uleb128 0xb
 775 0087 3B       		.uleb128 0x3b
 776 0088 0B       		.uleb128 0xb
 777 0089 49       		.uleb128 0x49
 778 008a 13       		.uleb128 0x13
 779 008b 02       		.uleb128 0x2
 780 008c 17       		.uleb128 0x17
 781 008d 00       		.byte	0
 782 008e 00       		.byte	0
 783 008f 0A       		.uleb128 0xa
 784 0090 898201   		.uleb128 0x4109
 785 0093 00       		.byte	0
 786 0094 11       		.uleb128 0x11
 787 0095 01       		.uleb128 0x1
 788 0096 31       		.uleb128 0x31
 789 0097 13       		.uleb128 0x13
 790 0098 00       		.byte	0
 791 0099 00       		.byte	0
 792 009a 0B       		.uleb128 0xb
 793 009b 2E       		.uleb128 0x2e
 794 009c 01       		.byte	0x1
 795 009d 3F       		.uleb128 0x3f
 796 009e 19       		.uleb128 0x19
 797 009f 03       		.uleb128 0x3
 798 00a0 0E       		.uleb128 0xe
 799 00a1 3A       		.uleb128 0x3a
 800 00a2 0B       		.uleb128 0xb
ARM GAS  C:\Users\YEHUDA~1\AppData\Local\Temp\ccvJN27P.s 			page 17


 801 00a3 3B       		.uleb128 0x3b
 802 00a4 0B       		.uleb128 0xb
 803 00a5 27       		.uleb128 0x27
 804 00a6 19       		.uleb128 0x19
 805 00a7 11       		.uleb128 0x11
 806 00a8 01       		.uleb128 0x1
 807 00a9 12       		.uleb128 0x12
 808 00aa 06       		.uleb128 0x6
 809 00ab 40       		.uleb128 0x40
 810 00ac 18       		.uleb128 0x18
 811 00ad 9642     		.uleb128 0x2116
 812 00af 19       		.uleb128 0x19
 813 00b0 01       		.uleb128 0x1
 814 00b1 13       		.uleb128 0x13
 815 00b2 00       		.byte	0
 816 00b3 00       		.byte	0
 817 00b4 0C       		.uleb128 0xc
 818 00b5 05       		.uleb128 0x5
 819 00b6 00       		.byte	0
 820 00b7 03       		.uleb128 0x3
 821 00b8 0E       		.uleb128 0xe
 822 00b9 3A       		.uleb128 0x3a
 823 00ba 0B       		.uleb128 0xb
 824 00bb 3B       		.uleb128 0x3b
 825 00bc 0B       		.uleb128 0xb
 826 00bd 49       		.uleb128 0x49
 827 00be 13       		.uleb128 0x13
 828 00bf 02       		.uleb128 0x2
 829 00c0 18       		.uleb128 0x18
 830 00c1 00       		.byte	0
 831 00c2 00       		.byte	0
 832 00c3 0D       		.uleb128 0xd
 833 00c4 18       		.uleb128 0x18
 834 00c5 00       		.byte	0
 835 00c6 00       		.byte	0
 836 00c7 00       		.byte	0
 837 00c8 0E       		.uleb128 0xe
 838 00c9 34       		.uleb128 0x34
 839 00ca 00       		.byte	0
 840 00cb 03       		.uleb128 0x3
 841 00cc 0E       		.uleb128 0xe
 842 00cd 3A       		.uleb128 0x3a
 843 00ce 0B       		.uleb128 0xb
 844 00cf 3B       		.uleb128 0x3b
 845 00d0 0B       		.uleb128 0xb
 846 00d1 49       		.uleb128 0x49
 847 00d2 13       		.uleb128 0x13
 848 00d3 02       		.uleb128 0x2
 849 00d4 17       		.uleb128 0x17
 850 00d5 00       		.byte	0
 851 00d6 00       		.byte	0
 852 00d7 0F       		.uleb128 0xf
 853 00d8 34       		.uleb128 0x34
 854 00d9 00       		.byte	0
 855 00da 03       		.uleb128 0x3
 856 00db 08       		.uleb128 0x8
 857 00dc 3A       		.uleb128 0x3a
ARM GAS  C:\Users\YEHUDA~1\AppData\Local\Temp\ccvJN27P.s 			page 18


 858 00dd 0B       		.uleb128 0xb
 859 00de 3B       		.uleb128 0x3b
 860 00df 0B       		.uleb128 0xb
 861 00e0 49       		.uleb128 0x49
 862 00e1 13       		.uleb128 0x13
 863 00e2 02       		.uleb128 0x2
 864 00e3 17       		.uleb128 0x17
 865 00e4 00       		.byte	0
 866 00e5 00       		.byte	0
 867 00e6 10       		.uleb128 0x10
 868 00e7 34       		.uleb128 0x34
 869 00e8 00       		.byte	0
 870 00e9 03       		.uleb128 0x3
 871 00ea 0E       		.uleb128 0xe
 872 00eb 3A       		.uleb128 0x3a
 873 00ec 0B       		.uleb128 0xb
 874 00ed 3B       		.uleb128 0x3b
 875 00ee 0B       		.uleb128 0xb
 876 00ef 49       		.uleb128 0x49
 877 00f0 13       		.uleb128 0x13
 878 00f1 02       		.uleb128 0x2
 879 00f2 18       		.uleb128 0x18
 880 00f3 00       		.byte	0
 881 00f4 00       		.byte	0
 882 00f5 11       		.uleb128 0x11
 883 00f6 898201   		.uleb128 0x4109
 884 00f9 01       		.byte	0x1
 885 00fa 11       		.uleb128 0x11
 886 00fb 01       		.uleb128 0x1
 887 00fc 31       		.uleb128 0x31
 888 00fd 13       		.uleb128 0x13
 889 00fe 01       		.uleb128 0x1
 890 00ff 13       		.uleb128 0x13
 891 0100 00       		.byte	0
 892 0101 00       		.byte	0
 893 0102 12       		.uleb128 0x12
 894 0103 8A8201   		.uleb128 0x410a
 895 0106 00       		.byte	0
 896 0107 02       		.uleb128 0x2
 897 0108 18       		.uleb128 0x18
 898 0109 9142     		.uleb128 0x2111
 899 010b 18       		.uleb128 0x18
 900 010c 00       		.byte	0
 901 010d 00       		.byte	0
 902 010e 13       		.uleb128 0x13
 903 010f 01       		.uleb128 0x1
 904 0110 01       		.byte	0x1
 905 0111 49       		.uleb128 0x49
 906 0112 13       		.uleb128 0x13
 907 0113 01       		.uleb128 0x1
 908 0114 13       		.uleb128 0x13
 909 0115 00       		.byte	0
 910 0116 00       		.byte	0
 911 0117 14       		.uleb128 0x14
 912 0118 21       		.uleb128 0x21
 913 0119 00       		.byte	0
 914 011a 49       		.uleb128 0x49
ARM GAS  C:\Users\YEHUDA~1\AppData\Local\Temp\ccvJN27P.s 			page 19


 915 011b 13       		.uleb128 0x13
 916 011c 2F       		.uleb128 0x2f
 917 011d 0B       		.uleb128 0xb
 918 011e 00       		.byte	0
 919 011f 00       		.byte	0
 920 0120 15       		.uleb128 0x15
 921 0121 2E       		.uleb128 0x2e
 922 0122 00       		.byte	0
 923 0123 3F       		.uleb128 0x3f
 924 0124 19       		.uleb128 0x19
 925 0125 3C       		.uleb128 0x3c
 926 0126 19       		.uleb128 0x19
 927 0127 6E       		.uleb128 0x6e
 928 0128 0E       		.uleb128 0xe
 929 0129 03       		.uleb128 0x3
 930 012a 0E       		.uleb128 0xe
 931 012b 3A       		.uleb128 0x3a
 932 012c 0B       		.uleb128 0xb
 933 012d 3B       		.uleb128 0x3b
 934 012e 05       		.uleb128 0x5
 935 012f 00       		.byte	0
 936 0130 00       		.byte	0
 937 0131 00       		.byte	0
 938              		.section	.debug_loc,"",%progbits
 939              	.Ldebug_loc0:
 940              	.LLST0:
 941 0000 00000000 		.4byte	.LVL0
 942 0004 04000000 		.4byte	.LVL1
 943 0008 0100     		.2byte	0x1
 944 000a 50       		.byte	0x50
 945 000b 04000000 		.4byte	.LVL1
 946 000f 0C000000 		.4byte	.LFE36
 947 0013 0900     		.2byte	0x9
 948 0015 70       		.byte	0x70
 949 0016 00       		.sleb128 0
 950 0017 03       		.byte	0x3
 951 0018 00000000 		.4byte	.LC0
 952 001c 1C       		.byte	0x1c
 953 001d 9F       		.byte	0x9f
 954 001e 00000000 		.4byte	0
 955 0022 00000000 		.4byte	0
 956              	.LLST1:
 957 0026 00000000 		.4byte	.LVL2
 958 002a 05000000 		.4byte	.LVL3-1
 959 002e 0100     		.2byte	0x1
 960 0030 50       		.byte	0x50
 961 0031 05000000 		.4byte	.LVL3-1
 962 0035 08000000 		.4byte	.LFE35
 963 0039 0400     		.2byte	0x4
 964 003b F3       		.byte	0xf3
 965 003c 01       		.uleb128 0x1
 966 003d 50       		.byte	0x50
 967 003e 9F       		.byte	0x9f
 968 003f 00000000 		.4byte	0
 969 0043 00000000 		.4byte	0
 970              	.LLST2:
 971 0047 30000000 		.4byte	.LVL10
ARM GAS  C:\Users\YEHUDA~1\AppData\Local\Temp\ccvJN27P.s 			page 20


 972 004b 46000000 		.4byte	.LVL14
 973 004f 0100     		.2byte	0x1
 974 0051 54       		.byte	0x54
 975 0052 00000000 		.4byte	0
 976 0056 00000000 		.4byte	0
 977              	.LLST3:
 978 005a 58000000 		.4byte	.LVL18
 979 005e 74000000 		.4byte	.LVL23
 980 0062 0100     		.2byte	0x1
 981 0064 56       		.byte	0x56
 982 0065 74000000 		.4byte	.LVL23
 983 0069 7C000000 		.4byte	.LVL24
 984 006d 0100     		.2byte	0x1
 985 006f 50       		.byte	0x50
 986 0070 7C000000 		.4byte	.LVL24
 987 0074 9C000000 		.4byte	.LVL29
 988 0078 0100     		.2byte	0x1
 989 007a 56       		.byte	0x56
 990 007b 00000000 		.4byte	0
 991 007f 00000000 		.4byte	0
 992              	.LLST4:
 993 0083 CA000000 		.4byte	.LVL37
 994 0087 E4000000 		.4byte	.LVL42
 995 008b 0100     		.2byte	0x1
 996 008d 53       		.byte	0x53
 997 008e 00000000 		.4byte	0
 998 0092 00000000 		.4byte	0
 999              	.LLST5:
 1000 0096 06000000 		.4byte	.LVL5
 1001 009a 0A000000 		.4byte	.LVL6
 1002 009e 0200     		.2byte	0x2
 1003 00a0 30       		.byte	0x30
 1004 00a1 9F       		.byte	0x9f
 1005 00a2 58000000 		.4byte	.LVL18
 1006 00a6 5A000000 		.4byte	.LVL19
 1007 00aa 0200     		.2byte	0x2
 1008 00ac 30       		.byte	0x30
 1009 00ad 9F       		.byte	0x9f
 1010 00ae 5A000000 		.4byte	.LVL19
 1011 00b2 5C000000 		.4byte	.LVL20
 1012 00b6 0100     		.2byte	0x1
 1013 00b8 55       		.byte	0x55
 1014 00b9 5C000000 		.4byte	.LVL20
 1015 00bd 9A000000 		.4byte	.LVL28
 1016 00c1 0100     		.2byte	0x1
 1017 00c3 54       		.byte	0x54
 1018 00c4 CA000000 		.4byte	.LVL37
 1019 00c8 CE000000 		.4byte	.LVL38
 1020 00cc 0200     		.2byte	0x2
 1021 00ce 30       		.byte	0x30
 1022 00cf 9F       		.byte	0x9f
 1023 00d0 CE000000 		.4byte	.LVL38
 1024 00d4 D0000000 		.4byte	.LVL39
 1025 00d8 0100     		.2byte	0x1
 1026 00da 54       		.byte	0x54
 1027 00db D0000000 		.4byte	.LVL39
 1028 00df D2000000 		.4byte	.LVL40
ARM GAS  C:\Users\YEHUDA~1\AppData\Local\Temp\ccvJN27P.s 			page 21


 1029 00e3 0100     		.2byte	0x1
 1030 00e5 50       		.byte	0x50
 1031 00e6 D2000000 		.4byte	.LVL40
 1032 00ea E4000000 		.4byte	.LVL42
 1033 00ee 0100     		.2byte	0x1
 1034 00f0 54       		.byte	0x54
 1035 00f1 E4000000 		.4byte	.LVL42
 1036 00f5 EC000000 		.4byte	.LVL43
 1037 00f9 0300     		.2byte	0x3
 1038 00fb 70       		.byte	0x70
 1039 00fc 02       		.sleb128 2
 1040 00fd 9F       		.byte	0x9f
 1041 00fe EC000000 		.4byte	.LVL43
 1042 0102 F0000000 		.4byte	.LVL44
 1043 0106 0100     		.2byte	0x1
 1044 0108 54       		.byte	0x54
 1045 0109 F0000000 		.4byte	.LVL44
 1046 010d FA000000 		.4byte	.LVL45
 1047 0111 0300     		.2byte	0x3
 1048 0113 74       		.byte	0x74
 1049 0114 01       		.sleb128 1
 1050 0115 9F       		.byte	0x9f
 1051 0116 FA000000 		.4byte	.LVL45
 1052 011a 1A010000 		.4byte	.LVL50
 1053 011e 0100     		.2byte	0x1
 1054 0120 54       		.byte	0x54
 1055 0121 00000000 		.4byte	0
 1056 0125 00000000 		.4byte	0
 1057              	.LLST6:
 1058 0129 06000000 		.4byte	.LVL5
 1059 012d 0A000000 		.4byte	.LVL6
 1060 0131 0200     		.2byte	0x2
 1061 0133 31       		.byte	0x31
 1062 0134 9F       		.byte	0x9f
 1063 0135 0A000000 		.4byte	.LVL6
 1064 0139 26000000 		.4byte	.LVL8
 1065 013d 0100     		.2byte	0x1
 1066 013f 54       		.byte	0x54
 1067 0140 26000000 		.4byte	.LVL8
 1068 0144 48000000 		.4byte	.LVL15
 1069 0148 0100     		.2byte	0x1
 1070 014a 55       		.byte	0x55
 1071 014b 48000000 		.4byte	.LVL15
 1072 014f 4E000000 		.4byte	.LVL16
 1073 0153 0100     		.2byte	0x1
 1074 0155 54       		.byte	0x54
 1075 0156 4E000000 		.4byte	.LVL16
 1076 015a 9C000000 		.4byte	.LVL29
 1077 015e 0100     		.2byte	0x1
 1078 0160 57       		.byte	0x57
 1079 0161 9C000000 		.4byte	.LVL29
 1080 0165 A2000000 		.4byte	.LVL30
 1081 0169 0100     		.2byte	0x1
 1082 016b 54       		.byte	0x54
 1083 016c A2000000 		.4byte	.LVL30
 1084 0170 BA000000 		.4byte	.LVL34
 1085 0174 0100     		.2byte	0x1
ARM GAS  C:\Users\YEHUDA~1\AppData\Local\Temp\ccvJN27P.s 			page 22


 1086 0176 55       		.byte	0x55
 1087 0177 BA000000 		.4byte	.LVL34
 1088 017b C0000000 		.4byte	.LVL35
 1089 017f 0100     		.2byte	0x1
 1090 0181 54       		.byte	0x54
 1091 0182 C0000000 		.4byte	.LVL35
 1092 0186 1C010000 		.4byte	.LVL51
 1093 018a 0100     		.2byte	0x1
 1094 018c 55       		.byte	0x55
 1095 018d 1C010000 		.4byte	.LVL51
 1096 0191 2C010000 		.4byte	.LVL53
 1097 0195 0100     		.2byte	0x1
 1098 0197 54       		.byte	0x54
 1099 0198 00000000 		.4byte	0
 1100 019c 00000000 		.4byte	0
 1101              	.LLST7:
 1102 01a0 AC000000 		.4byte	.LVL32
 1103 01a4 AF000000 		.4byte	.LVL33-1
 1104 01a8 0100     		.2byte	0x1
 1105 01aa 50       		.byte	0x50
 1106 01ab 00000000 		.4byte	0
 1107 01af 00000000 		.4byte	0
 1108              	.LLST8:
 1109 01b3 06000000 		.4byte	.LVL5
 1110 01b7 2A000000 		.4byte	.LVL9
 1111 01bb 0300     		.2byte	0x3
 1112 01bd 91       		.byte	0x91
 1113 01be 50       		.sleb128 -48
 1114 01bf 9F       		.byte	0x9f
 1115 01c0 2A000000 		.4byte	.LVL9
 1116 01c4 32000000 		.4byte	.LVL11
 1117 01c8 0100     		.2byte	0x1
 1118 01ca 53       		.byte	0x53
 1119 01cb 32000000 		.4byte	.LVL11
 1120 01cf 52000000 		.4byte	.LVL17
 1121 01d3 0300     		.2byte	0x3
 1122 01d5 91       		.byte	0x91
 1123 01d6 50       		.sleb128 -48
 1124 01d7 9F       		.byte	0x9f
 1125 01d8 52000000 		.4byte	.LVL17
 1126 01dc 5A000000 		.4byte	.LVL19
 1127 01e0 0100     		.2byte	0x1
 1128 01e2 53       		.byte	0x53
 1129 01e3 5A000000 		.4byte	.LVL19
 1130 01e7 A6000000 		.4byte	.LVL31
 1131 01eb 0300     		.2byte	0x3
 1132 01ed 91       		.byte	0x91
 1133 01ee 50       		.sleb128 -48
 1134 01ef 9F       		.byte	0x9f
 1135 01f0 A6000000 		.4byte	.LVL31
 1136 01f4 AF000000 		.4byte	.LVL33-1
 1137 01f8 0100     		.2byte	0x1
 1138 01fa 53       		.byte	0x53
 1139 01fb AF000000 		.4byte	.LVL33-1
 1140 01ff C4000000 		.4byte	.LVL36
 1141 0203 0300     		.2byte	0x3
 1142 0205 91       		.byte	0x91
ARM GAS  C:\Users\YEHUDA~1\AppData\Local\Temp\ccvJN27P.s 			page 23


 1143 0206 50       		.sleb128 -48
 1144 0207 9F       		.byte	0x9f
 1145 0208 C4000000 		.4byte	.LVL36
 1146 020c CA000000 		.4byte	.LVL37
 1147 0210 0100     		.2byte	0x1
 1148 0212 53       		.byte	0x53
 1149 0213 CA000000 		.4byte	.LVL37
 1150 0217 FC000000 		.4byte	.LVL46
 1151 021b 0100     		.2byte	0x1
 1152 021d 5C       		.byte	0x5c
 1153 021e FC000000 		.4byte	.LVL46
 1154 0222 34010000 		.4byte	.LFE37
 1155 0226 0300     		.2byte	0x3
 1156 0228 91       		.byte	0x91
 1157 0229 50       		.sleb128 -48
 1158 022a 9F       		.byte	0x9f
 1159 022b 00000000 		.4byte	0
 1160 022f 00000000 		.4byte	0
 1161              		.section	.debug_aranges,"",%progbits
 1162 0000 2C000000 		.4byte	0x2c
 1163 0004 0200     		.2byte	0x2
 1164 0006 00000000 		.4byte	.Ldebug_info0
 1165 000a 04       		.byte	0x4
 1166 000b 00       		.byte	0
 1167 000c 0000     		.2byte	0
 1168 000e 0000     		.2byte	0
 1169 0010 00000000 		.4byte	.LFB36
 1170 0014 0C000000 		.4byte	.LFE36-.LFB36
 1171 0018 00000000 		.4byte	.LFB35
 1172 001c 08000000 		.4byte	.LFE35-.LFB35
 1173 0020 00000000 		.4byte	.LFB37
 1174 0024 34010000 		.4byte	.LFE37-.LFB37
 1175 0028 00000000 		.4byte	0
 1176 002c 00000000 		.4byte	0
 1177              		.section	.debug_ranges,"",%progbits
 1178              	.Ldebug_ranges0:
 1179 0000 00000000 		.4byte	.LFB36
 1180 0004 0C000000 		.4byte	.LFE36
 1181 0008 00000000 		.4byte	.LFB35
 1182 000c 08000000 		.4byte	.LFE35
 1183 0010 00000000 		.4byte	.LFB37
 1184 0014 34010000 		.4byte	.LFE37
 1185 0018 00000000 		.4byte	0
 1186 001c 00000000 		.4byte	0
 1187              		.section	.debug_line,"",%progbits
 1188              	.Ldebug_line0:
 1189 0000 FD000000 		.section	.debug_str,"MS",%progbits,1
 1189      02005800 
 1189      00000201 
 1189      FB0E0D00 
 1189      01010101 
 1190              	.LASF31:
 1191 0000 69707269 		.ascii	"iprintf\000"
 1191      6E746600 
 1192              	.LASF22:
 1193 0008 62756666 		.ascii	"buffer\000"
 1193      657200
ARM GAS  C:\Users\YEHUDA~1\AppData\Local\Temp\ccvJN27P.s 			page 24


 1194              	.LASF28:
 1195 000f 433A5C55 		.ascii	"C:\\Users\\Yehuda Ben Chaim\\Google Drive\\My Proje"
 1195      73657273 
 1195      5C596568 
 1195      75646120 
 1195      42656E20 
 1196 003e 6374735C 		.ascii	"cts\\WW\\FW\\WorkingCopy\\WWV1_0\\WW\\BLE_Imp.cydsn"
 1196      57575C46 
 1196      575C576F 
 1196      726B696E 
 1196      67436F70 
 1197 006b 00       		.ascii	"\000"
 1198              	.LASF3:
 1199 006c 73686F72 		.ascii	"short unsigned int\000"
 1199      7420756E 
 1199      7369676E 
 1199      65642069 
 1199      6E7400
 1200              	.LASF18:
 1201 007f 70737A46 		.ascii	"pszFmt\000"
 1201      6D7400
 1202              	.LASF11:
 1203 0086 666C6F61 		.ascii	"float\000"
 1203      7400
 1204              	.LASF7:
 1205 008c 6C6F6E67 		.ascii	"long long unsigned int\000"
 1205      206C6F6E 
 1205      6720756E 
 1205      7369676E 
 1205      65642069 
 1206              	.LASF1:
 1207 00a3 756E7369 		.ascii	"unsigned char\000"
 1207      676E6564 
 1207      20636861 
 1207      7200
 1208              	.LASF24:
 1209 00b1 6356616C 		.ascii	"cVal\000"
 1209      00
 1210              	.LASF13:
 1211 00b6 63686172 		.ascii	"char8\000"
 1211      3800
 1212              	.LASF19:
 1213 00bc 70737A56 		.ascii	"pszVal\000"
 1213      616C00
 1214              	.LASF5:
 1215 00c3 6C6F6E67 		.ascii	"long unsigned int\000"
 1215      20756E73 
 1215      69676E65 
 1215      6420696E 
 1215      7400
 1216              	.LASF27:
 1217 00d5 69707269 		.ascii	"iprintf.c\000"
 1217      6E74662E 
 1217      6300
 1218              	.LASF9:
 1219 00df 75696E74 		.ascii	"uint8\000"
 1219      3800
ARM GAS  C:\Users\YEHUDA~1\AppData\Local\Temp\ccvJN27P.s 			page 25


 1220              	.LASF32:
 1221 00e5 5343425F 		.ascii	"SCB_1_SpiUartWriteTxData\000"
 1221      315F5370 
 1221      69556172 
 1221      74577269 
 1221      74655478 
 1222              	.LASF10:
 1223 00fe 75696E74 		.ascii	"uint32\000"
 1223      333200
 1224              	.LASF8:
 1225 0105 756E7369 		.ascii	"unsigned int\000"
 1225      676E6564 
 1225      20696E74 
 1225      00
 1226              	.LASF20:
 1227 0112 6956616C 		.ascii	"iVal\000"
 1227      00
 1228              	.LASF14:
 1229 0117 63686172 		.ascii	"char\000"
 1229      00
 1230              	.LASF21:
 1231 011c 7856616C 		.ascii	"xVal\000"
 1231      00
 1232              	.LASF29:
 1233 0121 6368616E 		.ascii	"change\000"
 1233      676500
 1234              	.LASF26:
 1235 0128 474E5520 		.ascii	"GNU C11 5.4.1 20160609 (release) [ARM/embedded-5-br"
 1235      43313120 
 1235      352E342E 
 1235      31203230 
 1235      31363036 
 1236 015b 616E6368 		.ascii	"anch revision 237715] -mcpu=cortex-m0 -mthumb -g -O"
 1236      20726576 
 1236      6973696F 
 1236      6E203233 
 1236      37373135 
 1237 018e 67202D66 		.ascii	"g -ffunction-sections -ffat-lto-objects\000"
 1237      66756E63 
 1237      74696F6E 
 1237      2D736563 
 1237      74696F6E 
 1238              	.LASF16:
 1239 01b6 73697A65 		.ascii	"sizetype\000"
 1239      74797065 
 1239      00
 1240              	.LASF6:
 1241 01bf 6C6F6E67 		.ascii	"long long int\000"
 1241      206C6F6E 
 1241      6720696E 
 1241      7400
 1242              	.LASF25:
 1243 01cd 70417267 		.ascii	"pArg\000"
 1243      00
 1244              	.LASF23:
 1245 01d2 696E6465 		.ascii	"index\000"
 1245      7800
ARM GAS  C:\Users\YEHUDA~1\AppData\Local\Temp\ccvJN27P.s 			page 26


 1246              	.LASF2:
 1247 01d8 73686F72 		.ascii	"short int\000"
 1247      7420696E 
 1247      7400
 1248              	.LASF30:
 1249 01e2 69707574 		.ascii	"iputc\000"
 1249      6300
 1250              	.LASF4:
 1251 01e8 6C6F6E67 		.ascii	"long int\000"
 1251      20696E74 
 1251      00
 1252              	.LASF15:
 1253 01f1 6C6F6E67 		.ascii	"long double\000"
 1253      20646F75 
 1253      626C6500 
 1254              	.LASF0:
 1255 01fd 7369676E 		.ascii	"signed char\000"
 1255      65642063 
 1255      68617200 
 1256              	.LASF12:
 1257 0209 646F7562 		.ascii	"double\000"
 1257      6C6500
 1258              	.LASF17:
 1259 0210 496E6465 		.ascii	"Index\000"
 1259      7800
 1260              		.ident	"GCC: (GNU Tools for ARM Embedded Processors) 5.4.1 20160609 (release) [ARM/embedded-5-bran
