ARM GAS  C:\Users\YEHUDA~1\AppData\Local\Temp\ccuCCtcX.s 			page 1


   1              		.syntax unified
   2              		.cpu cortex-m0
   3              		.fpu softvfp
   4              		.eabi_attribute 20, 1
   5              		.eabi_attribute 21, 1
   6              		.eabi_attribute 23, 3
   7              		.eabi_attribute 24, 1
   8              		.eabi_attribute 25, 1
   9              		.eabi_attribute 26, 1
  10              		.eabi_attribute 30, 1
  11              		.eabi_attribute 34, 0
  12              		.eabi_attribute 18, 4
  13              		.thumb
  14              		.syntax unified
  15              		.file	"LEDs.c"
  16              		.text
  17              	.Ltext0:
  18              		.cfi_sections	.debug_frame
  19              		.section	.text.LED_BlinkStart,"ax",%progbits
  20              		.align	2
  21              		.global	LED_BlinkStart
  22              		.code	16
  23              		.thumb_func
  24              		.type	LED_BlinkStart, %function
  25              	LED_BlinkStart:
  26              	.LFB35:
  27              		.file 1 "LEDs.c"
   1:LEDs.c        **** /* ========================================
   2:LEDs.c        ****  *
   3:LEDs.c        ****  * Copyright Yehuda Ben Chaim, 2018
   4:LEDs.c        ****  * All Rights Reserved
   5:LEDs.c        ****  * UNPUBLISHED, LICENSED SOFTWARE.
   6:LEDs.c        ****  *
   7:LEDs.c        ****  * CONFIDENTIAL AND PROPRIETARY INFORMATION
   8:LEDs.c        ****  * WHICH IS THE PROPERTY OF Yehuda Ben Chaim.
   9:LEDs.c        ****  *
  10:LEDs.c        ****  * ========================================
  11:LEDs.c        **** */
  12:LEDs.c        **** 
  13:LEDs.c        **** /**** Includes ****************************************/
  14:LEDs.c        **** #include "LEDs.h"
  15:LEDs.c        **** #include "RedLED.h"
  16:LEDs.c        **** #include "GreenLED.h"
  17:LEDs.c        **** #include "YellowLED.h"
  18:LEDs.c        **** /**** Private Defines *********************************/
  19:LEDs.c        **** 
  20:LEDs.c        **** /**** Private Typdefs *********************************/
  21:LEDs.c        **** /*Green LED*/
  22:LEDs.c        **** static uint32_t TimeSample4GreenLED = 0;
  23:LEDs.c        **** static uint8_t GreenLED_Status = OFF;
  24:LEDs.c        **** static uint8_t GreenLED_BlinkIsSetFlag = FALSE;
  25:LEDs.c        **** static uint32_t GreenLED_LocalInterval = 0;
  26:LEDs.c        **** 
  27:LEDs.c        **** /*Red LED*/
  28:LEDs.c        **** static uint32_t TimeSample4RedLED = 0;
  29:LEDs.c        **** static uint8_t RedLED_Status = OFF;
  30:LEDs.c        **** static uint8_t RedLED_BlinkIsSetFlag = FALSE;
ARM GAS  C:\Users\YEHUDA~1\AppData\Local\Temp\ccuCCtcX.s 			page 2


  31:LEDs.c        **** static uint32_t RedLED_LocalInterval = 0;
  32:LEDs.c        **** 
  33:LEDs.c        **** /*Yellow LED*/
  34:LEDs.c        **** static uint32_t TimeSample4YellowLED = 0;
  35:LEDs.c        **** static uint8_t YellowLED_Status = OFF;
  36:LEDs.c        **** static uint8_t YellowLED_BlinkIsSetFlag = FALSE;
  37:LEDs.c        **** static uint32_t YellowLED_LocalInterval = 0;
  38:LEDs.c        **** 
  39:LEDs.c        **** 
  40:LEDs.c        **** 
  41:LEDs.c        **** /**** Private functions decleration *******************/
  42:LEDs.c        **** 
  43:LEDs.c        **** /**** Private functions *******************************/
  44:LEDs.c        **** 
  45:LEDs.c        **** 
  46:LEDs.c        **** /**************************************************************
  47:LEDs.c        **** * Name: LED_BlinkStart
  48:LEDs.c        **** * Parameters[in]: uint32_t Interval
  49:LEDs.c        **** * Return: None
  50:LEDs.c        **** * Description: This function sets a repeatable blink with interval
  51:LEDs.c        **** * set by the user. To stop the operation, call LED_BlinkStop() funcion.
  52:LEDs.c        **** 
  53:LEDs.c        **** ************************************************************/
  54:LEDs.c        **** void LED_BlinkStart(uint32_t Interval, uint8_t Color)
  55:LEDs.c        **** {                                                  
  28              		.loc 1 55 0
  29              		.cfi_startproc
  30              		@ args = 0, pretend = 0, frame = 0
  31              		@ frame_needed = 0, uses_anonymous_args = 0
  32              	.LVL0:
  33 0000 10B5     		push	{r4, lr}
  34              		.cfi_def_cfa_offset 8
  35              		.cfi_offset 4, -8
  36              		.cfi_offset 14, -4
  56:LEDs.c        ****   if(Color == GREEN_LED)
  37              		.loc 1 56 0
  38 0002 0029     		cmp	r1, #0
  39 0004 0BD1     		bne	.L2
  57:LEDs.c        ****   {
  58:LEDs.c        ****     GreenLED_LocalInterval = Interval; 
  40              		.loc 1 58 0
  41 0006 154C     		ldr	r4, .L5
  42 0008 2060     		str	r0, [r4]
  59:LEDs.c        ****     TimeSample4GreenLED = SysTickGet();
  43              		.loc 1 59 0
  44 000a FFF7FEFF 		bl	SysTickGet
  45              	.LVL1:
  46 000e 6060     		str	r0, [r4, #4]
  60:LEDs.c        ****     GreenLED_Write(ON);
  47              		.loc 1 60 0
  48 0010 0120     		movs	r0, #1
  49 0012 FFF7FEFF 		bl	GreenLED_Write
  50              	.LVL2:
  61:LEDs.c        ****     GreenLED_Status = ON;
  51              		.loc 1 61 0
  52 0016 0123     		movs	r3, #1
  53 0018 2372     		strb	r3, [r4, #8]
ARM GAS  C:\Users\YEHUDA~1\AppData\Local\Temp\ccuCCtcX.s 			page 3


  62:LEDs.c        ****     GreenLED_BlinkIsSetFlag = TRUE;
  54              		.loc 1 62 0
  55 001a 6372     		strb	r3, [r4, #9]
  56 001c 1CE0     		b	.L1
  57              	.LVL3:
  58              	.L2:
  63:LEDs.c        ****   }
  64:LEDs.c        ****   else if(Color == YELLOW_LED)
  59              		.loc 1 64 0
  60 001e 0129     		cmp	r1, #1
  61 0020 0BD1     		bne	.L4
  65:LEDs.c        ****   {
  66:LEDs.c        ****     YellowLED_LocalInterval = Interval; 
  62              		.loc 1 66 0
  63 0022 0E4C     		ldr	r4, .L5
  64 0024 E060     		str	r0, [r4, #12]
  67:LEDs.c        ****     TimeSample4YellowLED = SysTickGet();
  65              		.loc 1 67 0
  66 0026 FFF7FEFF 		bl	SysTickGet
  67              	.LVL4:
  68 002a 2061     		str	r0, [r4, #16]
  68:LEDs.c        ****     YellowLED_Write(ON);
  69              		.loc 1 68 0
  70 002c 0120     		movs	r0, #1
  71 002e FFF7FEFF 		bl	YellowLED_Write
  72              	.LVL5:
  69:LEDs.c        ****     YellowLED_Status = ON;
  73              		.loc 1 69 0
  74 0032 0123     		movs	r3, #1
  75 0034 2375     		strb	r3, [r4, #20]
  70:LEDs.c        ****     YellowLED_BlinkIsSetFlag = TRUE;
  76              		.loc 1 70 0
  77 0036 6375     		strb	r3, [r4, #21]
  78 0038 0EE0     		b	.L1
  79              	.LVL6:
  80              	.L4:
  71:LEDs.c        ****   }
  72:LEDs.c        ****   else if(Color == RED_LED)
  81              		.loc 1 72 0
  82 003a 0229     		cmp	r1, #2
  83 003c 0CD1     		bne	.L1
  73:LEDs.c        ****   {
  74:LEDs.c        ****     RedLED_LocalInterval = Interval; 
  84              		.loc 1 74 0
  85 003e 074C     		ldr	r4, .L5
  86 0040 A061     		str	r0, [r4, #24]
  75:LEDs.c        ****     TimeSample4RedLED = SysTickGet();
  87              		.loc 1 75 0
  88 0042 FFF7FEFF 		bl	SysTickGet
  89              	.LVL7:
  90 0046 E061     		str	r0, [r4, #28]
  76:LEDs.c        ****     RedLED_Write(ON);
  91              		.loc 1 76 0
  92 0048 0120     		movs	r0, #1
  93 004a FFF7FEFF 		bl	RedLED_Write
  94              	.LVL8:
  77:LEDs.c        ****     RedLED_Status = ON;
ARM GAS  C:\Users\YEHUDA~1\AppData\Local\Temp\ccuCCtcX.s 			page 4


  95              		.loc 1 77 0
  96 004e 0123     		movs	r3, #1
  97 0050 2022     		movs	r2, #32
  98 0052 A354     		strb	r3, [r4, r2]
  78:LEDs.c        ****     RedLED_BlinkIsSetFlag = TRUE;
  99              		.loc 1 78 0
 100 0054 0132     		adds	r2, r2, #1
 101 0056 A354     		strb	r3, [r4, r2]
 102              	.L1:
  79:LEDs.c        ****   }
  80:LEDs.c        **** }
 103              		.loc 1 80 0
 104              		@ sp needed
 105 0058 10BD     		pop	{r4, pc}
 106              	.L6:
 107 005a C046     		.align	2
 108              	.L5:
 109 005c 00000000 		.word	.LANCHOR0
 110              		.cfi_endproc
 111              	.LFE35:
 112              		.size	LED_BlinkStart, .-LED_BlinkStart
 113              		.section	.text.LED_BlinkStop,"ax",%progbits
 114              		.align	2
 115              		.global	LED_BlinkStop
 116              		.code	16
 117              		.thumb_func
 118              		.type	LED_BlinkStop, %function
 119              	LED_BlinkStop:
 120              	.LFB36:
  81:LEDs.c        **** 
  82:LEDs.c        **** 
  83:LEDs.c        **** /**************************************************************
  84:LEDs.c        **** * Name: LED_BlinkStop
  85:LEDs.c        **** * Parameters[in]: uint8_t Color
  86:LEDs.c        **** * Return: None
  87:LEDs.c        **** * Description: This function stop LEDs color from blinking
  88:LEDs.c        **** * fucntion
  89:LEDs.c        **** 
  90:LEDs.c        **** ************************************************************/
  91:LEDs.c        **** void LED_BlinkStop(uint8_t Color)
  92:LEDs.c        **** {
 121              		.loc 1 92 0
 122              		.cfi_startproc
 123              		@ args = 0, pretend = 0, frame = 0
 124              		@ frame_needed = 0, uses_anonymous_args = 0
 125              	.LVL9:
 126 0000 10B5     		push	{r4, lr}
 127              		.cfi_def_cfa_offset 8
 128              		.cfi_offset 4, -8
 129              		.cfi_offset 14, -4
  93:LEDs.c        ****   if(Color == GREEN_LED)
 130              		.loc 1 93 0
 131 0002 0028     		cmp	r0, #0
 132 0004 06D1     		bne	.L8
  94:LEDs.c        ****   {
  95:LEDs.c        ****     GreenLED_Write(OFF);
 133              		.loc 1 95 0
ARM GAS  C:\Users\YEHUDA~1\AppData\Local\Temp\ccuCCtcX.s 			page 5


 134 0006 FFF7FEFF 		bl	GreenLED_Write
 135              	.LVL10:
  96:LEDs.c        ****     GreenLED_Status = OFF;
 136              		.loc 1 96 0
 137 000a 0D4B     		ldr	r3, .L11
 138 000c 0022     		movs	r2, #0
 139 000e 1A72     		strb	r2, [r3, #8]
  97:LEDs.c        ****     GreenLED_BlinkIsSetFlag = FALSE;
 140              		.loc 1 97 0
 141 0010 5A72     		strb	r2, [r3, #9]
 142 0012 14E0     		b	.L7
 143              	.LVL11:
 144              	.L8:
  98:LEDs.c        ****   }
  99:LEDs.c        ****   else if(Color == YELLOW_LED)
 145              		.loc 1 99 0
 146 0014 0128     		cmp	r0, #1
 147 0016 07D1     		bne	.L10
 100:LEDs.c        ****   {
 101:LEDs.c        ****     YellowLED_Write(OFF);
 148              		.loc 1 101 0
 149 0018 0020     		movs	r0, #0
 150              	.LVL12:
 151 001a FFF7FEFF 		bl	YellowLED_Write
 152              	.LVL13:
 102:LEDs.c        ****     YellowLED_Status = OFF;
 153              		.loc 1 102 0
 154 001e 084B     		ldr	r3, .L11
 155 0020 0022     		movs	r2, #0
 156 0022 1A75     		strb	r2, [r3, #20]
 103:LEDs.c        ****     YellowLED_BlinkIsSetFlag = FALSE;
 157              		.loc 1 103 0
 158 0024 5A75     		strb	r2, [r3, #21]
 159 0026 0AE0     		b	.L7
 160              	.LVL14:
 161              	.L10:
 104:LEDs.c        ****   }
 105:LEDs.c        ****   else if(Color == RED_LED)
 162              		.loc 1 105 0
 163 0028 0228     		cmp	r0, #2
 164 002a 08D1     		bne	.L7
 106:LEDs.c        ****   {
 107:LEDs.c        ****     RedLED_Write(OFF);
 165              		.loc 1 107 0
 166 002c 0020     		movs	r0, #0
 167              	.LVL15:
 168 002e FFF7FEFF 		bl	RedLED_Write
 169              	.LVL16:
 108:LEDs.c        ****     RedLED_Status = OFF;
 170              		.loc 1 108 0
 171 0032 034B     		ldr	r3, .L11
 172 0034 0022     		movs	r2, #0
 173 0036 2021     		movs	r1, #32
 174 0038 5A54     		strb	r2, [r3, r1]
 109:LEDs.c        ****     RedLED_BlinkIsSetFlag = FALSE;
 175              		.loc 1 109 0
 176 003a 0131     		adds	r1, r1, #1
ARM GAS  C:\Users\YEHUDA~1\AppData\Local\Temp\ccuCCtcX.s 			page 6


 177 003c 5A54     		strb	r2, [r3, r1]
 178              	.L7:
 110:LEDs.c        ****   }
 111:LEDs.c        **** }
 179              		.loc 1 111 0
 180              		@ sp needed
 181 003e 10BD     		pop	{r4, pc}
 182              	.L12:
 183              		.align	2
 184              	.L11:
 185 0040 00000000 		.word	.LANCHOR0
 186              		.cfi_endproc
 187              	.LFE36:
 188              		.size	LED_BlinkStop, .-LED_BlinkStop
 189              		.section	.text.LED_BlinkReload,"ax",%progbits
 190              		.align	2
 191              		.global	LED_BlinkReload
 192              		.code	16
 193              		.thumb_func
 194              		.type	LED_BlinkReload, %function
 195              	LED_BlinkReload:
 196              	.LFB37:
 112:LEDs.c        **** 
 113:LEDs.c        **** 
 114:LEDs.c        **** /**************************************************************
 115:LEDs.c        **** * Name: LED_BlinkReload
 116:LEDs.c        **** * Parameters[in]: uint8_t Color
 117:LEDs.c        **** * Return: None
 118:LEDs.c        **** * Description: This function reload the value for the timer
 119:LEDs.c        **** * of the current LED and update the value of the status flag
 120:LEDs.c        **** 
 121:LEDs.c        **** ************************************************************/
 122:LEDs.c        **** void LED_BlinkReload(uint8_t Color)
 123:LEDs.c        **** {
 197              		.loc 1 123 0
 198              		.cfi_startproc
 199              		@ args = 0, pretend = 0, frame = 0
 200              		@ frame_needed = 0, uses_anonymous_args = 0
 201              	.LVL17:
 202 0000 10B5     		push	{r4, lr}
 203              		.cfi_def_cfa_offset 8
 204              		.cfi_offset 4, -8
 205              		.cfi_offset 14, -4
 124:LEDs.c        ****   if(Color == GREEN_LED)
 206              		.loc 1 124 0
 207 0002 0028     		cmp	r0, #0
 208 0004 1AD1     		bne	.L14
 125:LEDs.c        ****   {
 126:LEDs.c        ****     TimeSample4GreenLED = SysTickGet();
 209              		.loc 1 126 0
 210 0006 FFF7FEFF 		bl	SysTickGet
 211              	.LVL18:
 212 000a 2B4B     		ldr	r3, .L20
 213 000c 5860     		str	r0, [r3, #4]
 127:LEDs.c        ****     if(GreenLED_BlinkIsSetFlag == TRUE)
 214              		.loc 1 127 0
 215 000e 5B7A     		ldrb	r3, [r3, #9]
ARM GAS  C:\Users\YEHUDA~1\AppData\Local\Temp\ccuCCtcX.s 			page 7


 216 0010 012B     		cmp	r3, #1
 217 0012 4FD1     		bne	.L13
 128:LEDs.c        ****     {
 129:LEDs.c        ****       if(GreenLED_Status == ON)
 218              		.loc 1 129 0
 219 0014 284B     		ldr	r3, .L20
 220 0016 1B7A     		ldrb	r3, [r3, #8]
 221 0018 012B     		cmp	r3, #1
 222 001a 06D1     		bne	.L16
 130:LEDs.c        ****       {
 131:LEDs.c        ****         GreenLED_Status = OFF;
 223              		.loc 1 131 0
 224 001c 0022     		movs	r2, #0
 225 001e 264B     		ldr	r3, .L20
 226 0020 1A72     		strb	r2, [r3, #8]
 132:LEDs.c        ****         GreenLED_Write(OFF);
 227              		.loc 1 132 0
 228 0022 0020     		movs	r0, #0
 229 0024 FFF7FEFF 		bl	GreenLED_Write
 230              	.LVL19:
 231 0028 44E0     		b	.L13
 232              	.L16:
 133:LEDs.c        ****       }
 134:LEDs.c        ****       else if(GreenLED_Status == OFF)
 233              		.loc 1 134 0
 234 002a 002B     		cmp	r3, #0
 235 002c 42D1     		bne	.L13
 135:LEDs.c        ****       {
 136:LEDs.c        ****         GreenLED_Status = ON;
 236              		.loc 1 136 0
 237 002e 0122     		movs	r2, #1
 238 0030 214B     		ldr	r3, .L20
 239 0032 1A72     		strb	r2, [r3, #8]
 137:LEDs.c        ****         GreenLED_Write(ON);
 240              		.loc 1 137 0
 241 0034 0120     		movs	r0, #1
 242 0036 FFF7FEFF 		bl	GreenLED_Write
 243              	.LVL20:
 244 003a 3BE0     		b	.L13
 245              	.LVL21:
 246              	.L14:
 138:LEDs.c        ****       }
 139:LEDs.c        ****     }
 140:LEDs.c        ****   }
 141:LEDs.c        ****   else if(Color == YELLOW_LED)
 247              		.loc 1 141 0
 248 003c 0128     		cmp	r0, #1
 249 003e 1AD1     		bne	.L17
 142:LEDs.c        ****   {
 143:LEDs.c        ****     TimeSample4YellowLED = SysTickGet();
 250              		.loc 1 143 0
 251 0040 FFF7FEFF 		bl	SysTickGet
 252              	.LVL22:
 253 0044 1C4B     		ldr	r3, .L20
 254 0046 1861     		str	r0, [r3, #16]
 144:LEDs.c        ****     if(YellowLED_BlinkIsSetFlag == TRUE)
 255              		.loc 1 144 0
ARM GAS  C:\Users\YEHUDA~1\AppData\Local\Temp\ccuCCtcX.s 			page 8


 256 0048 5B7D     		ldrb	r3, [r3, #21]
 257 004a 012B     		cmp	r3, #1
 258 004c 32D1     		bne	.L13
 145:LEDs.c        ****     {
 146:LEDs.c        ****       if(YellowLED_Status == ON)
 259              		.loc 1 146 0
 260 004e 1A4B     		ldr	r3, .L20
 261 0050 1B7D     		ldrb	r3, [r3, #20]
 262 0052 012B     		cmp	r3, #1
 263 0054 06D1     		bne	.L18
 147:LEDs.c        ****       {
 148:LEDs.c        ****         YellowLED_Status = OFF;
 264              		.loc 1 148 0
 265 0056 0022     		movs	r2, #0
 266 0058 174B     		ldr	r3, .L20
 267 005a 1A75     		strb	r2, [r3, #20]
 149:LEDs.c        ****         YellowLED_Write(OFF);
 268              		.loc 1 149 0
 269 005c 0020     		movs	r0, #0
 270 005e FFF7FEFF 		bl	YellowLED_Write
 271              	.LVL23:
 272 0062 27E0     		b	.L13
 273              	.L18:
 150:LEDs.c        ****       }
 151:LEDs.c        ****       else if(YellowLED_Status == OFF)
 274              		.loc 1 151 0
 275 0064 002B     		cmp	r3, #0
 276 0066 25D1     		bne	.L13
 152:LEDs.c        ****       {
 153:LEDs.c        ****         YellowLED_Status = ON;
 277              		.loc 1 153 0
 278 0068 0122     		movs	r2, #1
 279 006a 134B     		ldr	r3, .L20
 280 006c 1A75     		strb	r2, [r3, #20]
 154:LEDs.c        ****         YellowLED_Write(ON);
 281              		.loc 1 154 0
 282 006e 0120     		movs	r0, #1
 283 0070 FFF7FEFF 		bl	YellowLED_Write
 284              	.LVL24:
 285 0074 1EE0     		b	.L13
 286              	.LVL25:
 287              	.L17:
 155:LEDs.c        ****       }
 156:LEDs.c        ****     }
 157:LEDs.c        ****   }
 158:LEDs.c        ****   else if(Color == RED_LED)
 288              		.loc 1 158 0
 289 0076 0228     		cmp	r0, #2
 290 0078 1CD1     		bne	.L13
 159:LEDs.c        ****   {
 160:LEDs.c        ****     TimeSample4RedLED = SysTickGet();
 291              		.loc 1 160 0
 292 007a FFF7FEFF 		bl	SysTickGet
 293              	.LVL26:
 294 007e 0E4B     		ldr	r3, .L20
 295 0080 D861     		str	r0, [r3, #28]
 161:LEDs.c        ****     if(RedLED_BlinkIsSetFlag == TRUE)
ARM GAS  C:\Users\YEHUDA~1\AppData\Local\Temp\ccuCCtcX.s 			page 9


 296              		.loc 1 161 0
 297 0082 2122     		movs	r2, #33
 298 0084 9B5C     		ldrb	r3, [r3, r2]
 299 0086 012B     		cmp	r3, #1
 300 0088 14D1     		bne	.L13
 162:LEDs.c        ****     {
 163:LEDs.c        ****       if(RedLED_Status == ON)
 301              		.loc 1 163 0
 302 008a 1F33     		adds	r3, r3, #31
 303 008c 0A4A     		ldr	r2, .L20
 304 008e D35C     		ldrb	r3, [r2, r3]
 305 0090 012B     		cmp	r3, #1
 306 0092 06D1     		bne	.L19
 164:LEDs.c        ****       {
 165:LEDs.c        ****         RedLED_Status = OFF;
 307              		.loc 1 165 0
 308 0094 0021     		movs	r1, #0
 309 0096 1F33     		adds	r3, r3, #31
 310 0098 D154     		strb	r1, [r2, r3]
 166:LEDs.c        ****         RedLED_Write(OFF);
 311              		.loc 1 166 0
 312 009a 0020     		movs	r0, #0
 313 009c FFF7FEFF 		bl	RedLED_Write
 314              	.LVL27:
 315 00a0 08E0     		b	.L13
 316              	.L19:
 167:LEDs.c        ****       }
 168:LEDs.c        ****       else if(RedLED_Status == OFF)
 317              		.loc 1 168 0
 318 00a2 002B     		cmp	r3, #0
 319 00a4 06D1     		bne	.L13
 169:LEDs.c        ****       {
 170:LEDs.c        ****         RedLED_Status = ON;
 320              		.loc 1 170 0
 321 00a6 0121     		movs	r1, #1
 322 00a8 2033     		adds	r3, r3, #32
 323 00aa 034A     		ldr	r2, .L20
 324 00ac D154     		strb	r1, [r2, r3]
 171:LEDs.c        ****         RedLED_Write(ON);
 325              		.loc 1 171 0
 326 00ae 0120     		movs	r0, #1
 327 00b0 FFF7FEFF 		bl	RedLED_Write
 328              	.LVL28:
 329              	.L13:
 172:LEDs.c        ****       }
 173:LEDs.c        ****     }
 174:LEDs.c        ****   }
 175:LEDs.c        **** }
 330              		.loc 1 175 0
 331              		@ sp needed
 332 00b4 10BD     		pop	{r4, pc}
 333              	.L21:
 334 00b6 C046     		.align	2
 335              	.L20:
 336 00b8 00000000 		.word	.LANCHOR0
 337              		.cfi_endproc
 338              	.LFE37:
ARM GAS  C:\Users\YEHUDA~1\AppData\Local\Temp\ccuCCtcX.s 			page 10


 339              		.size	LED_BlinkReload, .-LED_BlinkReload
 340              		.section	.text.LED_BlinkpGetClockVal,"ax",%progbits
 341              		.align	2
 342              		.global	LED_BlinkpGetClockVal
 343              		.code	16
 344              		.thumb_func
 345              		.type	LED_BlinkpGetClockVal, %function
 346              	LED_BlinkpGetClockVal:
 347              	.LFB38:
 176:LEDs.c        **** 
 177:LEDs.c        **** 
 178:LEDs.c        **** 
 179:LEDs.c        **** /**************************************************************
 180:LEDs.c        **** * Name: LED_BlinkpGetClockVal
 181:LEDs.c        **** * Parameters[in]: uint32_t CurrenTime
 182:LEDs.c        **** * Return: None
 183:LEDs.c        **** * Description: This function receive the current time of the 
 184:LEDs.c        **** * tick timer and compare it with value sampled last time.
 185:LEDs.c        **** 
 186:LEDs.c        **** ************************************************************/
 187:LEDs.c        **** void LED_BlinkpGetClockVal(uint32_t CurrenTime)
 188:LEDs.c        **** {
 348              		.loc 1 188 0
 349              		.cfi_startproc
 350              		@ args = 0, pretend = 0, frame = 0
 351              		@ frame_needed = 0, uses_anonymous_args = 0
 352              	.LVL29:
 353 0000 10B5     		push	{r4, lr}
 354              		.cfi_def_cfa_offset 8
 355              		.cfi_offset 4, -8
 356              		.cfi_offset 14, -4
 357 0002 0400     		movs	r4, r0
 189:LEDs.c        ****   if(CurrenTime - TimeSample4RedLED > RedLED_LocalInterval)
 358              		.loc 1 189 0
 359 0004 0D4A     		ldr	r2, .L26
 360 0006 D369     		ldr	r3, [r2, #28]
 361 0008 C31A     		subs	r3, r0, r3
 362 000a 9269     		ldr	r2, [r2, #24]
 363 000c 9342     		cmp	r3, r2
 364 000e 02D9     		bls	.L23
 190:LEDs.c        ****   {
 191:LEDs.c        ****     LED_BlinkReload(RED_LED);
 365              		.loc 1 191 0
 366 0010 0220     		movs	r0, #2
 367              	.LVL30:
 368 0012 FFF7FEFF 		bl	LED_BlinkReload
 369              	.LVL31:
 370              	.L23:
 192:LEDs.c        ****   }
 193:LEDs.c        ****   if(CurrenTime - TimeSample4YellowLED > YellowLED_LocalInterval)
 371              		.loc 1 193 0
 372 0016 094A     		ldr	r2, .L26
 373 0018 1369     		ldr	r3, [r2, #16]
 374 001a E31A     		subs	r3, r4, r3
 375 001c D268     		ldr	r2, [r2, #12]
 376 001e 9342     		cmp	r3, r2
 377 0020 02D9     		bls	.L24
ARM GAS  C:\Users\YEHUDA~1\AppData\Local\Temp\ccuCCtcX.s 			page 11


 194:LEDs.c        ****   {
 195:LEDs.c        ****     LED_BlinkReload(YELLOW_LED);
 378              		.loc 1 195 0
 379 0022 0120     		movs	r0, #1
 380 0024 FFF7FEFF 		bl	LED_BlinkReload
 381              	.LVL32:
 382              	.L24:
 196:LEDs.c        ****   }
 197:LEDs.c        ****   if(CurrenTime - TimeSample4GreenLED > GreenLED_LocalInterval)
 383              		.loc 1 197 0
 384 0028 044B     		ldr	r3, .L26
 385 002a 5A68     		ldr	r2, [r3, #4]
 386 002c A41A     		subs	r4, r4, r2
 387              	.LVL33:
 388 002e 1B68     		ldr	r3, [r3]
 389 0030 9C42     		cmp	r4, r3
 390 0032 02D9     		bls	.L22
 198:LEDs.c        ****   {
 199:LEDs.c        ****     LED_BlinkReload(GREEN_LED);
 391              		.loc 1 199 0
 392 0034 0020     		movs	r0, #0
 393 0036 FFF7FEFF 		bl	LED_BlinkReload
 394              	.LVL34:
 395              	.L22:
 200:LEDs.c        ****   }
 201:LEDs.c        **** }
 396              		.loc 1 201 0
 397              		@ sp needed
 398 003a 10BD     		pop	{r4, pc}
 399              	.L27:
 400              		.align	2
 401              	.L26:
 402 003c 00000000 		.word	.LANCHOR0
 403              		.cfi_endproc
 404              	.LFE38:
 405              		.size	LED_BlinkpGetClockVal, .-LED_BlinkpGetClockVal
 406              		.bss
 407              		.align	2
 408              		.set	.LANCHOR0,. + 0
 409              		.type	GreenLED_LocalInterval, %object
 410              		.size	GreenLED_LocalInterval, 4
 411              	GreenLED_LocalInterval:
 412 0000 00000000 		.space	4
 413              		.type	TimeSample4GreenLED, %object
 414              		.size	TimeSample4GreenLED, 4
 415              	TimeSample4GreenLED:
 416 0004 00000000 		.space	4
 417              		.type	GreenLED_Status, %object
 418              		.size	GreenLED_Status, 1
 419              	GreenLED_Status:
 420 0008 00       		.space	1
 421              		.type	GreenLED_BlinkIsSetFlag, %object
 422              		.size	GreenLED_BlinkIsSetFlag, 1
 423              	GreenLED_BlinkIsSetFlag:
 424 0009 00       		.space	1
 425 000a 0000     		.space	2
 426              		.type	YellowLED_LocalInterval, %object
ARM GAS  C:\Users\YEHUDA~1\AppData\Local\Temp\ccuCCtcX.s 			page 12


 427              		.size	YellowLED_LocalInterval, 4
 428              	YellowLED_LocalInterval:
 429 000c 00000000 		.space	4
 430              		.type	TimeSample4YellowLED, %object
 431              		.size	TimeSample4YellowLED, 4
 432              	TimeSample4YellowLED:
 433 0010 00000000 		.space	4
 434              		.type	YellowLED_Status, %object
 435              		.size	YellowLED_Status, 1
 436              	YellowLED_Status:
 437 0014 00       		.space	1
 438              		.type	YellowLED_BlinkIsSetFlag, %object
 439              		.size	YellowLED_BlinkIsSetFlag, 1
 440              	YellowLED_BlinkIsSetFlag:
 441 0015 00       		.space	1
 442 0016 0000     		.space	2
 443              		.type	RedLED_LocalInterval, %object
 444              		.size	RedLED_LocalInterval, 4
 445              	RedLED_LocalInterval:
 446 0018 00000000 		.space	4
 447              		.type	TimeSample4RedLED, %object
 448              		.size	TimeSample4RedLED, 4
 449              	TimeSample4RedLED:
 450 001c 00000000 		.space	4
 451              		.type	RedLED_Status, %object
 452              		.size	RedLED_Status, 1
 453              	RedLED_Status:
 454 0020 00       		.space	1
 455              		.type	RedLED_BlinkIsSetFlag, %object
 456              		.size	RedLED_BlinkIsSetFlag, 1
 457              	RedLED_BlinkIsSetFlag:
 458 0021 00       		.space	1
 459              		.text
 460              	.Letext0:
 461              		.file 2 "c:\\program files (x86)\\cypress\\psoc creator\\4.2\\psoc creator\\import\\gnu\\arm\\5.4.
 462              		.file 3 "c:\\program files (x86)\\cypress\\psoc creator\\4.2\\psoc creator\\import\\gnu\\arm\\5.4.
 463              		.file 4 "Generated_Source\\PSoC4/BLE_Stack.h"
 464              		.file 5 "LEDs.h"
 465              		.file 6 "main.h"
 466              		.file 7 "Generated_Source\\PSoC4/GreenLED.h"
 467              		.file 8 "Generated_Source\\PSoC4/YellowLED.h"
 468              		.file 9 "Generated_Source\\PSoC4/RedLED.h"
 469              		.section	.debug_info,"",%progbits
 470              	.Ldebug_info0:
 471 0000 68050000 		.4byte	0x568
 472 0004 0400     		.2byte	0x4
 473 0006 00000000 		.4byte	.Ldebug_abbrev0
 474 000a 04       		.byte	0x4
 475 000b 01       		.uleb128 0x1
 476 000c E4010000 		.4byte	.LASF116
 477 0010 0C       		.byte	0xc
 478 0011 690B0000 		.4byte	.LASF117
 479 0015 97050000 		.4byte	.LASF118
 480 0019 00000000 		.4byte	.Ldebug_ranges0+0
 481 001d 00000000 		.4byte	0
 482 0021 00000000 		.4byte	.Ldebug_line0
 483 0025 02       		.uleb128 0x2
ARM GAS  C:\Users\YEHUDA~1\AppData\Local\Temp\ccuCCtcX.s 			page 13


 484 0026 01       		.byte	0x1
 485 0027 06       		.byte	0x6
 486 0028 12060000 		.4byte	.LASF0
 487 002c 03       		.uleb128 0x3
 488 002d 43040000 		.4byte	.LASF5
 489 0031 02       		.byte	0x2
 490 0032 1D       		.byte	0x1d
 491 0033 37000000 		.4byte	0x37
 492 0037 02       		.uleb128 0x2
 493 0038 01       		.byte	0x1
 494 0039 08       		.byte	0x8
 495 003a 3B050000 		.4byte	.LASF1
 496 003e 02       		.uleb128 0x2
 497 003f 02       		.byte	0x2
 498 0040 05       		.byte	0x5
 499 0041 BC000000 		.4byte	.LASF2
 500 0045 02       		.uleb128 0x2
 501 0046 02       		.byte	0x2
 502 0047 07       		.byte	0x7
 503 0048 A7070000 		.4byte	.LASF3
 504 004c 02       		.uleb128 0x2
 505 004d 04       		.byte	0x4
 506 004e 05       		.byte	0x5
 507 004f F2030000 		.4byte	.LASF4
 508 0053 03       		.uleb128 0x3
 509 0054 4B010000 		.4byte	.LASF6
 510 0058 02       		.byte	0x2
 511 0059 41       		.byte	0x41
 512 005a 5E000000 		.4byte	0x5e
 513 005e 02       		.uleb128 0x2
 514 005f 04       		.byte	0x4
 515 0060 07       		.byte	0x7
 516 0061 C5060000 		.4byte	.LASF7
 517 0065 02       		.uleb128 0x2
 518 0066 08       		.byte	0x8
 519 0067 05       		.byte	0x5
 520 0068 3D010000 		.4byte	.LASF8
 521 006c 02       		.uleb128 0x2
 522 006d 08       		.byte	0x8
 523 006e 07       		.byte	0x7
 524 006f BA030000 		.4byte	.LASF9
 525 0073 04       		.uleb128 0x4
 526 0074 04       		.byte	0x4
 527 0075 05       		.byte	0x5
 528 0076 696E7400 		.ascii	"int\000"
 529 007a 02       		.uleb128 0x2
 530 007b 04       		.byte	0x4
 531 007c 07       		.byte	0x7
 532 007d 7B060000 		.4byte	.LASF10
 533 0081 03       		.uleb128 0x3
 534 0082 72020000 		.4byte	.LASF11
 535 0086 03       		.byte	0x3
 536 0087 18       		.byte	0x18
 537 0088 2C000000 		.4byte	0x2c
 538 008c 03       		.uleb128 0x3
 539 008d E6020000 		.4byte	.LASF12
 540 0091 03       		.byte	0x3
ARM GAS  C:\Users\YEHUDA~1\AppData\Local\Temp\ccuCCtcX.s 			page 14


 541 0092 30       		.byte	0x30
 542 0093 53000000 		.4byte	0x53
 543 0097 02       		.uleb128 0x2
 544 0098 04       		.byte	0x4
 545 0099 04       		.byte	0x4
 546 009a 51030000 		.4byte	.LASF13
 547 009e 02       		.uleb128 0x2
 548 009f 08       		.byte	0x8
 549 00a0 04       		.byte	0x4
 550 00a1 170B0000 		.4byte	.LASF14
 551 00a5 02       		.uleb128 0x2
 552 00a6 01       		.byte	0x1
 553 00a7 08       		.byte	0x8
 554 00a8 22080000 		.4byte	.LASF15
 555 00ac 02       		.uleb128 0x2
 556 00ad 08       		.byte	0x8
 557 00ae 04       		.byte	0x4
 558 00af 09050000 		.4byte	.LASF16
 559 00b3 02       		.uleb128 0x2
 560 00b4 04       		.byte	0x4
 561 00b5 07       		.byte	0x7
 562 00b6 FE000000 		.4byte	.LASF17
 563 00ba 05       		.uleb128 0x5
 564 00bb 01       		.byte	0x1
 565 00bc 37000000 		.4byte	0x37
 566 00c0 04       		.byte	0x4
 567 00c1 3501     		.2byte	0x135
 568 00c3 78020000 		.4byte	0x278
 569 00c7 06       		.uleb128 0x6
 570 00c8 CF020000 		.4byte	.LASF18
 571 00cc 00       		.byte	0
 572 00cd 06       		.uleb128 0x6
 573 00ce 70010000 		.4byte	.LASF19
 574 00d2 01       		.byte	0x1
 575 00d3 06       		.uleb128 0x6
 576 00d4 050B0000 		.4byte	.LASF20
 577 00d8 02       		.byte	0x2
 578 00d9 06       		.uleb128 0x6
 579 00da CA090000 		.4byte	.LASF21
 580 00de 03       		.byte	0x3
 581 00df 06       		.uleb128 0x6
 582 00e0 28010000 		.4byte	.LASF22
 583 00e4 04       		.byte	0x4
 584 00e5 06       		.uleb128 0x6
 585 00e6 6E040000 		.4byte	.LASF23
 586 00ea 05       		.byte	0x5
 587 00eb 06       		.uleb128 0x6
 588 00ec 65000000 		.4byte	.LASF24
 589 00f0 06       		.byte	0x6
 590 00f1 06       		.uleb128 0x6
 591 00f2 280A0000 		.4byte	.LASF25
 592 00f6 20       		.byte	0x20
 593 00f7 06       		.uleb128 0x6
 594 00f8 D7060000 		.4byte	.LASF26
 595 00fc 21       		.byte	0x21
 596 00fd 06       		.uleb128 0x6
 597 00fe 0F000000 		.4byte	.LASF27
ARM GAS  C:\Users\YEHUDA~1\AppData\Local\Temp\ccuCCtcX.s 			page 15


 598 0102 22       		.byte	0x22
 599 0103 06       		.uleb128 0x6
 600 0104 43080000 		.4byte	.LASF28
 601 0108 23       		.byte	0x23
 602 0109 06       		.uleb128 0x6
 603 010a 5F060000 		.4byte	.LASF29
 604 010e 24       		.byte	0x24
 605 010f 06       		.uleb128 0x6
 606 0110 C6000000 		.4byte	.LASF30
 607 0114 25       		.byte	0x25
 608 0115 06       		.uleb128 0x6
 609 0116 A2090000 		.4byte	.LASF31
 610 011a 26       		.byte	0x26
 611 011b 06       		.uleb128 0x6
 612 011c 1C040000 		.4byte	.LASF32
 613 0120 27       		.byte	0x27
 614 0121 06       		.uleb128 0x6
 615 0122 BC0B0000 		.4byte	.LASF33
 616 0126 28       		.byte	0x28
 617 0127 06       		.uleb128 0x6
 618 0128 36070000 		.4byte	.LASF34
 619 012c 29       		.byte	0x29
 620 012d 06       		.uleb128 0x6
 621 012e D2070000 		.4byte	.LASF35
 622 0132 2A       		.byte	0x2a
 623 0133 06       		.uleb128 0x6
 624 0134 B7080000 		.4byte	.LASF36
 625 0138 2B       		.byte	0x2b
 626 0139 06       		.uleb128 0x6
 627 013a 7A020000 		.4byte	.LASF37
 628 013e 2C       		.byte	0x2c
 629 013f 06       		.uleb128 0x6
 630 0140 70030000 		.4byte	.LASF38
 631 0144 2D       		.byte	0x2d
 632 0145 06       		.uleb128 0x6
 633 0146 98000000 		.4byte	.LASF39
 634 014a 2E       		.byte	0x2e
 635 014b 06       		.uleb128 0x6
 636 014c 140C0000 		.4byte	.LASF40
 637 0150 2F       		.byte	0x2f
 638 0151 06       		.uleb128 0x6
 639 0152 07010000 		.4byte	.LASF41
 640 0156 30       		.byte	0x30
 641 0157 06       		.uleb128 0x6
 642 0158 E5040000 		.4byte	.LASF42
 643 015c 31       		.byte	0x31
 644 015d 06       		.uleb128 0x6
 645 015e 99030000 		.4byte	.LASF43
 646 0162 32       		.byte	0x32
 647 0163 06       		.uleb128 0x6
 648 0164 FB070000 		.4byte	.LASF44
 649 0168 33       		.byte	0x33
 650 0169 06       		.uleb128 0x6
 651 016a 53070000 		.4byte	.LASF45
 652 016e 34       		.byte	0x34
 653 016f 06       		.uleb128 0x6
 654 0170 85090000 		.4byte	.LASF46
ARM GAS  C:\Users\YEHUDA~1\AppData\Local\Temp\ccuCCtcX.s 			page 16


 655 0174 35       		.byte	0x35
 656 0175 06       		.uleb128 0x6
 657 0176 D1030000 		.4byte	.LASF47
 658 017a 36       		.byte	0x36
 659 017b 06       		.uleb128 0x6
 660 017c 83010000 		.4byte	.LASF48
 661 0180 37       		.byte	0x37
 662 0181 06       		.uleb128 0x6
 663 0182 7E000000 		.4byte	.LASF49
 664 0186 40       		.byte	0x40
 665 0187 06       		.uleb128 0x6
 666 0188 AA060000 		.4byte	.LASF50
 667 018c 41       		.byte	0x41
 668 018d 06       		.uleb128 0x6
 669 018e E0000000 		.4byte	.LASF51
 670 0192 42       		.byte	0x42
 671 0193 06       		.uleb128 0x6
 672 0194 B8010000 		.4byte	.LASF52
 673 0198 43       		.byte	0x43
 674 0199 06       		.uleb128 0x6
 675 019a B20A0000 		.4byte	.LASF53
 676 019e 44       		.byte	0x44
 677 019f 06       		.uleb128 0x6
 678 01a0 EE060000 		.4byte	.LASF54
 679 01a4 45       		.byte	0x45
 680 01a5 06       		.uleb128 0x6
 681 01a6 910A0000 		.4byte	.LASF55
 682 01aa 46       		.byte	0x46
 683 01ab 06       		.uleb128 0x6
 684 01ac F4050000 		.4byte	.LASF56
 685 01b0 47       		.byte	0x47
 686 01b1 06       		.uleb128 0x6
 687 01b2 38060000 		.4byte	.LASF57
 688 01b6 48       		.byte	0x48
 689 01b7 06       		.uleb128 0x6
 690 01b8 6B070000 		.4byte	.LASF58
 691 01bc 49       		.byte	0x49
 692 01bd 06       		.uleb128 0x6
 693 01be 7A080000 		.4byte	.LASF59
 694 01c2 4A       		.byte	0x4a
 695 01c3 06       		.uleb128 0x6
 696 01c4 9E020000 		.4byte	.LASF60
 697 01c8 4B       		.byte	0x4b
 698 01c9 06       		.uleb128 0x6
 699 01ca 1E060000 		.4byte	.LASF61
 700 01ce 4C       		.byte	0x4c
 701 01cf 06       		.uleb128 0x6
 702 01d0 33000000 		.4byte	.LASF62
 703 01d4 4D       		.byte	0x4d
 704 01d5 06       		.uleb128 0x6
 705 01d6 730A0000 		.4byte	.LASF63
 706 01da 4E       		.byte	0x4e
 707 01db 06       		.uleb128 0x6
 708 01dc 49050000 		.4byte	.LASF64
 709 01e0 4F       		.byte	0x4f
 710 01e1 06       		.uleb128 0x6
 711 01e2 9D0B0000 		.4byte	.LASF65
ARM GAS  C:\Users\YEHUDA~1\AppData\Local\Temp\ccuCCtcX.s 			page 17


 712 01e6 50       		.byte	0x50
 713 01e7 06       		.uleb128 0x6
 714 01e8 98080000 		.4byte	.LASF66
 715 01ec 51       		.byte	0x51
 716 01ed 06       		.uleb128 0x6
 717 01ee 4D040000 		.4byte	.LASF67
 718 01f2 52       		.byte	0x52
 719 01f3 06       		.uleb128 0x6
 720 01f4 FB030000 		.4byte	.LASF68
 721 01f8 53       		.byte	0x53
 722 01f9 06       		.uleb128 0x6
 723 01fa 36090000 		.4byte	.LASF69
 724 01fe 54       		.byte	0x54
 725 01ff 06       		.uleb128 0x6
 726 0200 DE0B0000 		.4byte	.LASF70
 727 0204 55       		.byte	0x55
 728 0205 06       		.uleb128 0x6
 729 0206 88060000 		.4byte	.LASF71
 730 020a 56       		.byte	0x56
 731 020b 06       		.uleb128 0x6
 732 020c 400B0000 		.4byte	.LASF72
 733 0210 57       		.byte	0x57
 734 0211 06       		.uleb128 0x6
 735 0212 84070000 		.4byte	.LASF73
 736 0216 58       		.byte	0x58
 737 0217 06       		.uleb128 0x6
 738 0218 15050000 		.4byte	.LASF74
 739 021c 70       		.byte	0x70
 740 021d 06       		.uleb128 0x6
 741 021e 020A0000 		.4byte	.LASF75
 742 0222 71       		.byte	0x71
 743 0223 06       		.uleb128 0x6
 744 0224 27080000 		.4byte	.LASF76
 745 0228 72       		.byte	0x72
 746 0229 06       		.uleb128 0x6
 747 022a EF020000 		.4byte	.LASF77
 748 022e 73       		.byte	0x73
 749 022f 06       		.uleb128 0x6
 750 0230 BA040000 		.4byte	.LASF78
 751 0234 74       		.byte	0x74
 752 0235 06       		.uleb128 0x6
 753 0236 15070000 		.4byte	.LASF79
 754 023a 75       		.byte	0x75
 755 023b 06       		.uleb128 0x6
 756 023c 1B030000 		.4byte	.LASF80
 757 0240 76       		.byte	0x76
 758 0241 06       		.uleb128 0x6
 759 0242 E3090000 		.4byte	.LASF81
 760 0246 77       		.byte	0x77
 761 0247 06       		.uleb128 0x6
 762 0248 F4080000 		.4byte	.LASF82
 763 024c 78       		.byte	0x78
 764 024d 06       		.uleb128 0x6
 765 024e 57090000 		.4byte	.LASF83
 766 0252 79       		.byte	0x79
 767 0253 06       		.uleb128 0x6
 768 0254 E10A0000 		.4byte	.LASF84
ARM GAS  C:\Users\YEHUDA~1\AppData\Local\Temp\ccuCCtcX.s 			page 18


 769 0258 7A       		.byte	0x7a
 770 0259 06       		.uleb128 0x6
 771 025a D6080000 		.4byte	.LASF85
 772 025e FA       		.byte	0xfa
 773 025f 06       		.uleb128 0x6
 774 0260 78050000 		.4byte	.LASF86
 775 0264 FB       		.byte	0xfb
 776 0265 06       		.uleb128 0x6
 777 0266 020C0000 		.4byte	.LASF87
 778 026a FC       		.byte	0xfc
 779 026b 06       		.uleb128 0x6
 780 026c BA070000 		.4byte	.LASF88
 781 0270 FD       		.byte	0xfd
 782 0271 06       		.uleb128 0x6
 783 0272 1E0B0000 		.4byte	.LASF89
 784 0276 FF       		.byte	0xff
 785 0277 00       		.byte	0
 786 0278 07       		.uleb128 0x7
 787 0279 01       		.byte	0x1
 788 027a 37000000 		.4byte	0x37
 789 027e 05       		.byte	0x5
 790 027f 15       		.byte	0x15
 791 0280 97020000 		.4byte	0x297
 792 0284 06       		.uleb128 0x6
 793 0285 56010000 		.4byte	.LASF90
 794 0289 00       		.byte	0
 795 028a 06       		.uleb128 0x6
 796 028b 7A090000 		.4byte	.LASF91
 797 028f 01       		.byte	0x1
 798 0290 06       		.uleb128 0x6
 799 0291 3B040000 		.4byte	.LASF92
 800 0295 02       		.byte	0x2
 801 0296 00       		.byte	0
 802 0297 08       		.uleb128 0x8
 803 0298 640A0000 		.4byte	.LASF95
 804 029c 01       		.byte	0x1
 805 029d 36       		.byte	0x36
 806 029e 00000000 		.4byte	.LFB35
 807 02a2 60000000 		.4byte	.LFE35-.LFB35
 808 02a6 01       		.uleb128 0x1
 809 02a7 9C       		.byte	0x9c
 810 02a8 1B030000 		.4byte	0x31b
 811 02ac 09       		.uleb128 0x9
 812 02ad 2D090000 		.4byte	.LASF93
 813 02b1 01       		.byte	0x1
 814 02b2 36       		.byte	0x36
 815 02b3 8C000000 		.4byte	0x8c
 816 02b7 00000000 		.4byte	.LLST0
 817 02bb 09       		.uleb128 0x9
 818 02bc DB0A0000 		.4byte	.LASF94
 819 02c0 01       		.byte	0x1
 820 02c1 36       		.byte	0x36
 821 02c2 81000000 		.4byte	0x81
 822 02c6 53000000 		.4byte	.LLST1
 823 02ca 0A       		.uleb128 0xa
 824 02cb 0E000000 		.4byte	.LVL1
 825 02cf 3F050000 		.4byte	0x53f
ARM GAS  C:\Users\YEHUDA~1\AppData\Local\Temp\ccuCCtcX.s 			page 19


 826 02d3 0B       		.uleb128 0xb
 827 02d4 16000000 		.4byte	.LVL2
 828 02d8 4A050000 		.4byte	0x54a
 829 02dc E6020000 		.4byte	0x2e6
 830 02e0 0C       		.uleb128 0xc
 831 02e1 01       		.uleb128 0x1
 832 02e2 50       		.byte	0x50
 833 02e3 01       		.uleb128 0x1
 834 02e4 31       		.byte	0x31
 835 02e5 00       		.byte	0
 836 02e6 0A       		.uleb128 0xa
 837 02e7 2A000000 		.4byte	.LVL4
 838 02eb 3F050000 		.4byte	0x53f
 839 02ef 0B       		.uleb128 0xb
 840 02f0 32000000 		.4byte	.LVL5
 841 02f4 55050000 		.4byte	0x555
 842 02f8 02030000 		.4byte	0x302
 843 02fc 0C       		.uleb128 0xc
 844 02fd 01       		.uleb128 0x1
 845 02fe 50       		.byte	0x50
 846 02ff 01       		.uleb128 0x1
 847 0300 31       		.byte	0x31
 848 0301 00       		.byte	0
 849 0302 0A       		.uleb128 0xa
 850 0303 46000000 		.4byte	.LVL7
 851 0307 3F050000 		.4byte	0x53f
 852 030b 0D       		.uleb128 0xd
 853 030c 4E000000 		.4byte	.LVL8
 854 0310 60050000 		.4byte	0x560
 855 0314 0C       		.uleb128 0xc
 856 0315 01       		.uleb128 0x1
 857 0316 50       		.byte	0x50
 858 0317 01       		.uleb128 0x1
 859 0318 31       		.byte	0x31
 860 0319 00       		.byte	0
 861 031a 00       		.byte	0
 862 031b 08       		.uleb128 0x8
 863 031c 0D030000 		.4byte	.LASF96
 864 0320 01       		.byte	0x1
 865 0321 5B       		.byte	0x5b
 866 0322 00000000 		.4byte	.LFB36
 867 0326 44000000 		.4byte	.LFE36-.LFB36
 868 032a 01       		.uleb128 0x1
 869 032b 9C       		.byte	0x9c
 870 032c 6B030000 		.4byte	0x36b
 871 0330 09       		.uleb128 0x9
 872 0331 DB0A0000 		.4byte	.LASF94
 873 0335 01       		.byte	0x1
 874 0336 5B       		.byte	0x5b
 875 0337 81000000 		.4byte	0x81
 876 033b A6000000 		.4byte	.LLST2
 877 033f 0A       		.uleb128 0xa
 878 0340 0A000000 		.4byte	.LVL10
 879 0344 4A050000 		.4byte	0x54a
 880 0348 0B       		.uleb128 0xb
 881 0349 1E000000 		.4byte	.LVL13
 882 034d 55050000 		.4byte	0x555
ARM GAS  C:\Users\YEHUDA~1\AppData\Local\Temp\ccuCCtcX.s 			page 20


 883 0351 5B030000 		.4byte	0x35b
 884 0355 0C       		.uleb128 0xc
 885 0356 01       		.uleb128 0x1
 886 0357 50       		.byte	0x50
 887 0358 01       		.uleb128 0x1
 888 0359 30       		.byte	0x30
 889 035a 00       		.byte	0
 890 035b 0D       		.uleb128 0xd
 891 035c 32000000 		.4byte	.LVL16
 892 0360 60050000 		.4byte	0x560
 893 0364 0C       		.uleb128 0xc
 894 0365 01       		.uleb128 0x1
 895 0366 50       		.byte	0x50
 896 0367 01       		.uleb128 0x1
 897 0368 30       		.byte	0x30
 898 0369 00       		.byte	0
 899 036a 00       		.byte	0
 900 036b 08       		.uleb128 0x8
 901 036c 8A040000 		.4byte	.LASF97
 902 0370 01       		.byte	0x1
 903 0371 7A       		.byte	0x7a
 904 0372 00000000 		.4byte	.LFB37
 905 0376 BC000000 		.4byte	.LFE37-.LFB37
 906 037a 01       		.uleb128 0x1
 907 037b 9C       		.byte	0x9c
 908 037c 19040000 		.4byte	0x419
 909 0380 09       		.uleb128 0x9
 910 0381 DB0A0000 		.4byte	.LASF94
 911 0385 01       		.byte	0x1
 912 0386 7A       		.byte	0x7a
 913 0387 81000000 		.4byte	0x81
 914 038b F9000000 		.4byte	.LLST3
 915 038f 0A       		.uleb128 0xa
 916 0390 0A000000 		.4byte	.LVL18
 917 0394 3F050000 		.4byte	0x53f
 918 0398 0B       		.uleb128 0xb
 919 0399 28000000 		.4byte	.LVL19
 920 039d 4A050000 		.4byte	0x54a
 921 03a1 AB030000 		.4byte	0x3ab
 922 03a5 0C       		.uleb128 0xc
 923 03a6 01       		.uleb128 0x1
 924 03a7 50       		.byte	0x50
 925 03a8 01       		.uleb128 0x1
 926 03a9 30       		.byte	0x30
 927 03aa 00       		.byte	0
 928 03ab 0B       		.uleb128 0xb
 929 03ac 3A000000 		.4byte	.LVL20
 930 03b0 4A050000 		.4byte	0x54a
 931 03b4 BE030000 		.4byte	0x3be
 932 03b8 0C       		.uleb128 0xc
 933 03b9 01       		.uleb128 0x1
 934 03ba 50       		.byte	0x50
 935 03bb 01       		.uleb128 0x1
 936 03bc 31       		.byte	0x31
 937 03bd 00       		.byte	0
 938 03be 0A       		.uleb128 0xa
 939 03bf 44000000 		.4byte	.LVL22
ARM GAS  C:\Users\YEHUDA~1\AppData\Local\Temp\ccuCCtcX.s 			page 21


 940 03c3 3F050000 		.4byte	0x53f
 941 03c7 0B       		.uleb128 0xb
 942 03c8 62000000 		.4byte	.LVL23
 943 03cc 55050000 		.4byte	0x555
 944 03d0 DA030000 		.4byte	0x3da
 945 03d4 0C       		.uleb128 0xc
 946 03d5 01       		.uleb128 0x1
 947 03d6 50       		.byte	0x50
 948 03d7 01       		.uleb128 0x1
 949 03d8 30       		.byte	0x30
 950 03d9 00       		.byte	0
 951 03da 0B       		.uleb128 0xb
 952 03db 74000000 		.4byte	.LVL24
 953 03df 55050000 		.4byte	0x555
 954 03e3 ED030000 		.4byte	0x3ed
 955 03e7 0C       		.uleb128 0xc
 956 03e8 01       		.uleb128 0x1
 957 03e9 50       		.byte	0x50
 958 03ea 01       		.uleb128 0x1
 959 03eb 31       		.byte	0x31
 960 03ec 00       		.byte	0
 961 03ed 0A       		.uleb128 0xa
 962 03ee 7E000000 		.4byte	.LVL26
 963 03f2 3F050000 		.4byte	0x53f
 964 03f6 0B       		.uleb128 0xb
 965 03f7 A0000000 		.4byte	.LVL27
 966 03fb 60050000 		.4byte	0x560
 967 03ff 09040000 		.4byte	0x409
 968 0403 0C       		.uleb128 0xc
 969 0404 01       		.uleb128 0x1
 970 0405 50       		.byte	0x50
 971 0406 01       		.uleb128 0x1
 972 0407 30       		.byte	0x30
 973 0408 00       		.byte	0
 974 0409 0D       		.uleb128 0xd
 975 040a B4000000 		.4byte	.LVL28
 976 040e 60050000 		.4byte	0x560
 977 0412 0C       		.uleb128 0xc
 978 0413 01       		.uleb128 0x1
 979 0414 50       		.byte	0x50
 980 0415 01       		.uleb128 0x1
 981 0416 31       		.byte	0x31
 982 0417 00       		.byte	0
 983 0418 00       		.byte	0
 984 0419 08       		.uleb128 0x8
 985 041a 17090000 		.4byte	.LASF98
 986 041e 01       		.byte	0x1
 987 041f BB       		.byte	0xbb
 988 0420 00000000 		.4byte	.LFB38
 989 0424 40000000 		.4byte	.LFE38-.LFB38
 990 0428 01       		.uleb128 0x1
 991 0429 9C       		.byte	0x9c
 992 042a 73040000 		.4byte	0x473
 993 042e 09       		.uleb128 0x9
 994 042f D00A0000 		.4byte	.LASF99
 995 0433 01       		.byte	0x1
 996 0434 BB       		.byte	0xbb
ARM GAS  C:\Users\YEHUDA~1\AppData\Local\Temp\ccuCCtcX.s 			page 22


 997 0435 8C000000 		.4byte	0x8c
 998 0439 4C010000 		.4byte	.LLST4
 999 043d 0B       		.uleb128 0xb
 1000 043e 16000000 		.4byte	.LVL31
 1001 0442 6B030000 		.4byte	0x36b
 1002 0446 50040000 		.4byte	0x450
 1003 044a 0C       		.uleb128 0xc
 1004 044b 01       		.uleb128 0x1
 1005 044c 50       		.byte	0x50
 1006 044d 01       		.uleb128 0x1
 1007 044e 32       		.byte	0x32
 1008 044f 00       		.byte	0
 1009 0450 0B       		.uleb128 0xb
 1010 0451 28000000 		.4byte	.LVL32
 1011 0455 6B030000 		.4byte	0x36b
 1012 0459 63040000 		.4byte	0x463
 1013 045d 0C       		.uleb128 0xc
 1014 045e 01       		.uleb128 0x1
 1015 045f 50       		.byte	0x50
 1016 0460 01       		.uleb128 0x1
 1017 0461 31       		.byte	0x31
 1018 0462 00       		.byte	0
 1019 0463 0D       		.uleb128 0xd
 1020 0464 3A000000 		.4byte	.LVL34
 1021 0468 6B030000 		.4byte	0x36b
 1022 046c 0C       		.uleb128 0xc
 1023 046d 01       		.uleb128 0x1
 1024 046e 50       		.byte	0x50
 1025 046f 01       		.uleb128 0x1
 1026 0470 30       		.byte	0x30
 1027 0471 00       		.byte	0
 1028 0472 00       		.byte	0
 1029 0473 0E       		.uleb128 0xe
 1030 0474 2C0B0000 		.4byte	.LASF100
 1031 0478 01       		.byte	0x1
 1032 0479 16       		.byte	0x16
 1033 047a 8C000000 		.4byte	0x8c
 1034 047e 05       		.uleb128 0x5
 1035 047f 03       		.byte	0x3
 1036 0480 04000000 		.4byte	TimeSample4GreenLED
 1037 0484 0E       		.uleb128 0xe
 1038 0485 68050000 		.4byte	.LASF101
 1039 0489 01       		.byte	0x1
 1040 048a 17       		.byte	0x17
 1041 048b 81000000 		.4byte	0x81
 1042 048f 05       		.uleb128 0x5
 1043 0490 03       		.byte	0x3
 1044 0491 08000000 		.4byte	GreenLED_Status
 1045 0495 0E       		.uleb128 0xe
 1046 0496 4D000000 		.4byte	.LASF102
 1047 049a 01       		.byte	0x1
 1048 049b 18       		.byte	0x18
 1049 049c 81000000 		.4byte	0x81
 1050 04a0 05       		.uleb128 0x5
 1051 04a1 03       		.byte	0x3
 1052 04a2 09000000 		.4byte	GreenLED_BlinkIsSetFlag
 1053 04a6 0E       		.uleb128 0xe
ARM GAS  C:\Users\YEHUDA~1\AppData\Local\Temp\ccuCCtcX.s 			page 23


 1054 04a7 700B0000 		.4byte	.LASF103
 1055 04ab 01       		.byte	0x1
 1056 04ac 19       		.byte	0x19
 1057 04ad 8C000000 		.4byte	0x8c
 1058 04b1 05       		.uleb128 0x5
 1059 04b2 03       		.byte	0x3
 1060 04b3 00000000 		.4byte	GreenLED_LocalInterval
 1061 04b7 0E       		.uleb128 0xe
 1062 04b8 BD020000 		.4byte	.LASF104
 1063 04bc 01       		.byte	0x1
 1064 04bd 1C       		.byte	0x1c
 1065 04be 8C000000 		.4byte	0x8c
 1066 04c2 05       		.uleb128 0x5
 1067 04c3 03       		.byte	0x3
 1068 04c4 1C000000 		.4byte	TimeSample4RedLED
 1069 04c8 0E       		.uleb128 0xe
 1070 04c9 D6010000 		.4byte	.LASF105
 1071 04cd 01       		.byte	0x1
 1072 04ce 1D       		.byte	0x1d
 1073 04cf 81000000 		.4byte	0x81
 1074 04d3 05       		.uleb128 0x5
 1075 04d4 03       		.byte	0x3
 1076 04d5 20000000 		.4byte	RedLED_Status
 1077 04d9 0E       		.uleb128 0xe
 1078 04da 870B0000 		.4byte	.LASF106
 1079 04de 01       		.byte	0x1
 1080 04df 1E       		.byte	0x1e
 1081 04e0 81000000 		.4byte	0x81
 1082 04e4 05       		.uleb128 0x5
 1083 04e5 03       		.byte	0x3
 1084 04e6 21000000 		.4byte	RedLED_BlinkIsSetFlag
 1085 04ea 0E       		.uleb128 0xe
 1086 04eb 3C030000 		.4byte	.LASF107
 1087 04ef 01       		.byte	0x1
 1088 04f0 1F       		.byte	0x1f
 1089 04f1 8C000000 		.4byte	0x8c
 1090 04f5 05       		.uleb128 0x5
 1091 04f6 03       		.byte	0x3
 1092 04f7 18000000 		.4byte	RedLED_LocalInterval
 1093 04fb 0E       		.uleb128 0xe
 1094 04fc 9A040000 		.4byte	.LASF108
 1095 0500 01       		.byte	0x1
 1096 0501 22       		.byte	0x22
 1097 0502 8C000000 		.4byte	0x8c
 1098 0506 05       		.uleb128 0x5
 1099 0507 03       		.byte	0x3
 1100 0508 10000000 		.4byte	TimeSample4YellowLED
 1101 050c 0E       		.uleb128 0xe
 1102 050d 69080000 		.4byte	.LASF109
 1103 0511 01       		.byte	0x1
 1104 0512 23       		.byte	0x23
 1105 0513 81000000 		.4byte	0x81
 1106 0517 05       		.uleb128 0x5
 1107 0518 03       		.byte	0x3
 1108 0519 14000000 		.4byte	YellowLED_Status
 1109 051d 0E       		.uleb128 0xe
 1110 051e 57030000 		.4byte	.LASF110
ARM GAS  C:\Users\YEHUDA~1\AppData\Local\Temp\ccuCCtcX.s 			page 24


 1111 0522 01       		.byte	0x1
 1112 0523 24       		.byte	0x24
 1113 0524 81000000 		.4byte	0x81
 1114 0528 05       		.uleb128 0x5
 1115 0529 03       		.byte	0x3
 1116 052a 15000000 		.4byte	YellowLED_BlinkIsSetFlag
 1117 052e 0E       		.uleb128 0xe
 1118 052f 4C0A0000 		.4byte	.LASF111
 1119 0533 01       		.byte	0x1
 1120 0534 25       		.byte	0x25
 1121 0535 8C000000 		.4byte	0x8c
 1122 0539 05       		.uleb128 0x5
 1123 053a 03       		.byte	0x3
 1124 053b 0C000000 		.4byte	YellowLED_LocalInterval
 1125 053f 0F       		.uleb128 0xf
 1126 0540 AF040000 		.4byte	.LASF112
 1127 0544 AF040000 		.4byte	.LASF112
 1128 0548 06       		.byte	0x6
 1129 0549 1B       		.byte	0x1b
 1130 054a 0F       		.uleb128 0xf
 1131 054b 00000000 		.4byte	.LASF113
 1132 054f 00000000 		.4byte	.LASF113
 1133 0553 07       		.byte	0x7
 1134 0554 33       		.byte	0x33
 1135 0555 0F       		.uleb128 0xf
 1136 0556 60010000 		.4byte	.LASF114
 1137 055a 60010000 		.4byte	.LASF114
 1138 055e 08       		.byte	0x8
 1139 055f 33       		.byte	0x33
 1140 0560 0F       		.uleb128 0xf
 1141 0561 D8040000 		.4byte	.LASF115
 1142 0565 D8040000 		.4byte	.LASF115
 1143 0569 09       		.byte	0x9
 1144 056a 33       		.byte	0x33
 1145 056b 00       		.byte	0
 1146              		.section	.debug_abbrev,"",%progbits
 1147              	.Ldebug_abbrev0:
 1148 0000 01       		.uleb128 0x1
 1149 0001 11       		.uleb128 0x11
 1150 0002 01       		.byte	0x1
 1151 0003 25       		.uleb128 0x25
 1152 0004 0E       		.uleb128 0xe
 1153 0005 13       		.uleb128 0x13
 1154 0006 0B       		.uleb128 0xb
 1155 0007 03       		.uleb128 0x3
 1156 0008 0E       		.uleb128 0xe
 1157 0009 1B       		.uleb128 0x1b
 1158 000a 0E       		.uleb128 0xe
 1159 000b 55       		.uleb128 0x55
 1160 000c 17       		.uleb128 0x17
 1161 000d 11       		.uleb128 0x11
 1162 000e 01       		.uleb128 0x1
 1163 000f 10       		.uleb128 0x10
 1164 0010 17       		.uleb128 0x17
 1165 0011 00       		.byte	0
 1166 0012 00       		.byte	0
 1167 0013 02       		.uleb128 0x2
ARM GAS  C:\Users\YEHUDA~1\AppData\Local\Temp\ccuCCtcX.s 			page 25


 1168 0014 24       		.uleb128 0x24
 1169 0015 00       		.byte	0
 1170 0016 0B       		.uleb128 0xb
 1171 0017 0B       		.uleb128 0xb
 1172 0018 3E       		.uleb128 0x3e
 1173 0019 0B       		.uleb128 0xb
 1174 001a 03       		.uleb128 0x3
 1175 001b 0E       		.uleb128 0xe
 1176 001c 00       		.byte	0
 1177 001d 00       		.byte	0
 1178 001e 03       		.uleb128 0x3
 1179 001f 16       		.uleb128 0x16
 1180 0020 00       		.byte	0
 1181 0021 03       		.uleb128 0x3
 1182 0022 0E       		.uleb128 0xe
 1183 0023 3A       		.uleb128 0x3a
 1184 0024 0B       		.uleb128 0xb
 1185 0025 3B       		.uleb128 0x3b
 1186 0026 0B       		.uleb128 0xb
 1187 0027 49       		.uleb128 0x49
 1188 0028 13       		.uleb128 0x13
 1189 0029 00       		.byte	0
 1190 002a 00       		.byte	0
 1191 002b 04       		.uleb128 0x4
 1192 002c 24       		.uleb128 0x24
 1193 002d 00       		.byte	0
 1194 002e 0B       		.uleb128 0xb
 1195 002f 0B       		.uleb128 0xb
 1196 0030 3E       		.uleb128 0x3e
 1197 0031 0B       		.uleb128 0xb
 1198 0032 03       		.uleb128 0x3
 1199 0033 08       		.uleb128 0x8
 1200 0034 00       		.byte	0
 1201 0035 00       		.byte	0
 1202 0036 05       		.uleb128 0x5
 1203 0037 04       		.uleb128 0x4
 1204 0038 01       		.byte	0x1
 1205 0039 0B       		.uleb128 0xb
 1206 003a 0B       		.uleb128 0xb
 1207 003b 49       		.uleb128 0x49
 1208 003c 13       		.uleb128 0x13
 1209 003d 3A       		.uleb128 0x3a
 1210 003e 0B       		.uleb128 0xb
 1211 003f 3B       		.uleb128 0x3b
 1212 0040 05       		.uleb128 0x5
 1213 0041 01       		.uleb128 0x1
 1214 0042 13       		.uleb128 0x13
 1215 0043 00       		.byte	0
 1216 0044 00       		.byte	0
 1217 0045 06       		.uleb128 0x6
 1218 0046 28       		.uleb128 0x28
 1219 0047 00       		.byte	0
 1220 0048 03       		.uleb128 0x3
 1221 0049 0E       		.uleb128 0xe
 1222 004a 1C       		.uleb128 0x1c
 1223 004b 0B       		.uleb128 0xb
 1224 004c 00       		.byte	0
ARM GAS  C:\Users\YEHUDA~1\AppData\Local\Temp\ccuCCtcX.s 			page 26


 1225 004d 00       		.byte	0
 1226 004e 07       		.uleb128 0x7
 1227 004f 04       		.uleb128 0x4
 1228 0050 01       		.byte	0x1
 1229 0051 0B       		.uleb128 0xb
 1230 0052 0B       		.uleb128 0xb
 1231 0053 49       		.uleb128 0x49
 1232 0054 13       		.uleb128 0x13
 1233 0055 3A       		.uleb128 0x3a
 1234 0056 0B       		.uleb128 0xb
 1235 0057 3B       		.uleb128 0x3b
 1236 0058 0B       		.uleb128 0xb
 1237 0059 01       		.uleb128 0x1
 1238 005a 13       		.uleb128 0x13
 1239 005b 00       		.byte	0
 1240 005c 00       		.byte	0
 1241 005d 08       		.uleb128 0x8
 1242 005e 2E       		.uleb128 0x2e
 1243 005f 01       		.byte	0x1
 1244 0060 3F       		.uleb128 0x3f
 1245 0061 19       		.uleb128 0x19
 1246 0062 03       		.uleb128 0x3
 1247 0063 0E       		.uleb128 0xe
 1248 0064 3A       		.uleb128 0x3a
 1249 0065 0B       		.uleb128 0xb
 1250 0066 3B       		.uleb128 0x3b
 1251 0067 0B       		.uleb128 0xb
 1252 0068 27       		.uleb128 0x27
 1253 0069 19       		.uleb128 0x19
 1254 006a 11       		.uleb128 0x11
 1255 006b 01       		.uleb128 0x1
 1256 006c 12       		.uleb128 0x12
 1257 006d 06       		.uleb128 0x6
 1258 006e 40       		.uleb128 0x40
 1259 006f 18       		.uleb128 0x18
 1260 0070 9742     		.uleb128 0x2117
 1261 0072 19       		.uleb128 0x19
 1262 0073 01       		.uleb128 0x1
 1263 0074 13       		.uleb128 0x13
 1264 0075 00       		.byte	0
 1265 0076 00       		.byte	0
 1266 0077 09       		.uleb128 0x9
 1267 0078 05       		.uleb128 0x5
 1268 0079 00       		.byte	0
 1269 007a 03       		.uleb128 0x3
 1270 007b 0E       		.uleb128 0xe
 1271 007c 3A       		.uleb128 0x3a
 1272 007d 0B       		.uleb128 0xb
 1273 007e 3B       		.uleb128 0x3b
 1274 007f 0B       		.uleb128 0xb
 1275 0080 49       		.uleb128 0x49
 1276 0081 13       		.uleb128 0x13
 1277 0082 02       		.uleb128 0x2
 1278 0083 17       		.uleb128 0x17
 1279 0084 00       		.byte	0
 1280 0085 00       		.byte	0
 1281 0086 0A       		.uleb128 0xa
ARM GAS  C:\Users\YEHUDA~1\AppData\Local\Temp\ccuCCtcX.s 			page 27


 1282 0087 898201   		.uleb128 0x4109
 1283 008a 00       		.byte	0
 1284 008b 11       		.uleb128 0x11
 1285 008c 01       		.uleb128 0x1
 1286 008d 31       		.uleb128 0x31
 1287 008e 13       		.uleb128 0x13
 1288 008f 00       		.byte	0
 1289 0090 00       		.byte	0
 1290 0091 0B       		.uleb128 0xb
 1291 0092 898201   		.uleb128 0x4109
 1292 0095 01       		.byte	0x1
 1293 0096 11       		.uleb128 0x11
 1294 0097 01       		.uleb128 0x1
 1295 0098 31       		.uleb128 0x31
 1296 0099 13       		.uleb128 0x13
 1297 009a 01       		.uleb128 0x1
 1298 009b 13       		.uleb128 0x13
 1299 009c 00       		.byte	0
 1300 009d 00       		.byte	0
 1301 009e 0C       		.uleb128 0xc
 1302 009f 8A8201   		.uleb128 0x410a
 1303 00a2 00       		.byte	0
 1304 00a3 02       		.uleb128 0x2
 1305 00a4 18       		.uleb128 0x18
 1306 00a5 9142     		.uleb128 0x2111
 1307 00a7 18       		.uleb128 0x18
 1308 00a8 00       		.byte	0
 1309 00a9 00       		.byte	0
 1310 00aa 0D       		.uleb128 0xd
 1311 00ab 898201   		.uleb128 0x4109
 1312 00ae 01       		.byte	0x1
 1313 00af 11       		.uleb128 0x11
 1314 00b0 01       		.uleb128 0x1
 1315 00b1 31       		.uleb128 0x31
 1316 00b2 13       		.uleb128 0x13
 1317 00b3 00       		.byte	0
 1318 00b4 00       		.byte	0
 1319 00b5 0E       		.uleb128 0xe
 1320 00b6 34       		.uleb128 0x34
 1321 00b7 00       		.byte	0
 1322 00b8 03       		.uleb128 0x3
 1323 00b9 0E       		.uleb128 0xe
 1324 00ba 3A       		.uleb128 0x3a
 1325 00bb 0B       		.uleb128 0xb
 1326 00bc 3B       		.uleb128 0x3b
 1327 00bd 0B       		.uleb128 0xb
 1328 00be 49       		.uleb128 0x49
 1329 00bf 13       		.uleb128 0x13
 1330 00c0 02       		.uleb128 0x2
 1331 00c1 18       		.uleb128 0x18
 1332 00c2 00       		.byte	0
 1333 00c3 00       		.byte	0
 1334 00c4 0F       		.uleb128 0xf
 1335 00c5 2E       		.uleb128 0x2e
 1336 00c6 00       		.byte	0
 1337 00c7 3F       		.uleb128 0x3f
 1338 00c8 19       		.uleb128 0x19
ARM GAS  C:\Users\YEHUDA~1\AppData\Local\Temp\ccuCCtcX.s 			page 28


 1339 00c9 3C       		.uleb128 0x3c
 1340 00ca 19       		.uleb128 0x19
 1341 00cb 6E       		.uleb128 0x6e
 1342 00cc 0E       		.uleb128 0xe
 1343 00cd 03       		.uleb128 0x3
 1344 00ce 0E       		.uleb128 0xe
 1345 00cf 3A       		.uleb128 0x3a
 1346 00d0 0B       		.uleb128 0xb
 1347 00d1 3B       		.uleb128 0x3b
 1348 00d2 0B       		.uleb128 0xb
 1349 00d3 00       		.byte	0
 1350 00d4 00       		.byte	0
 1351 00d5 00       		.byte	0
 1352              		.section	.debug_loc,"",%progbits
 1353              	.Ldebug_loc0:
 1354              	.LLST0:
 1355 0000 00000000 		.4byte	.LVL0
 1356 0004 0D000000 		.4byte	.LVL1-1
 1357 0008 0100     		.2byte	0x1
 1358 000a 50       		.byte	0x50
 1359 000b 0D000000 		.4byte	.LVL1-1
 1360 000f 1E000000 		.4byte	.LVL3
 1361 0013 0400     		.2byte	0x4
 1362 0015 F3       		.byte	0xf3
 1363 0016 01       		.uleb128 0x1
 1364 0017 50       		.byte	0x50
 1365 0018 9F       		.byte	0x9f
 1366 0019 1E000000 		.4byte	.LVL3
 1367 001d 29000000 		.4byte	.LVL4-1
 1368 0021 0100     		.2byte	0x1
 1369 0023 50       		.byte	0x50
 1370 0024 29000000 		.4byte	.LVL4-1
 1371 0028 3A000000 		.4byte	.LVL6
 1372 002c 0400     		.2byte	0x4
 1373 002e F3       		.byte	0xf3
 1374 002f 01       		.uleb128 0x1
 1375 0030 50       		.byte	0x50
 1376 0031 9F       		.byte	0x9f
 1377 0032 3A000000 		.4byte	.LVL6
 1378 0036 45000000 		.4byte	.LVL7-1
 1379 003a 0100     		.2byte	0x1
 1380 003c 50       		.byte	0x50
 1381 003d 45000000 		.4byte	.LVL7-1
 1382 0041 60000000 		.4byte	.LFE35
 1383 0045 0400     		.2byte	0x4
 1384 0047 F3       		.byte	0xf3
 1385 0048 01       		.uleb128 0x1
 1386 0049 50       		.byte	0x50
 1387 004a 9F       		.byte	0x9f
 1388 004b 00000000 		.4byte	0
 1389 004f 00000000 		.4byte	0
 1390              	.LLST1:
 1391 0053 00000000 		.4byte	.LVL0
 1392 0057 0D000000 		.4byte	.LVL1-1
 1393 005b 0100     		.2byte	0x1
 1394 005d 51       		.byte	0x51
 1395 005e 0D000000 		.4byte	.LVL1-1
ARM GAS  C:\Users\YEHUDA~1\AppData\Local\Temp\ccuCCtcX.s 			page 29


 1396 0062 1E000000 		.4byte	.LVL3
 1397 0066 0400     		.2byte	0x4
 1398 0068 F3       		.byte	0xf3
 1399 0069 01       		.uleb128 0x1
 1400 006a 51       		.byte	0x51
 1401 006b 9F       		.byte	0x9f
 1402 006c 1E000000 		.4byte	.LVL3
 1403 0070 29000000 		.4byte	.LVL4-1
 1404 0074 0100     		.2byte	0x1
 1405 0076 51       		.byte	0x51
 1406 0077 29000000 		.4byte	.LVL4-1
 1407 007b 3A000000 		.4byte	.LVL6
 1408 007f 0400     		.2byte	0x4
 1409 0081 F3       		.byte	0xf3
 1410 0082 01       		.uleb128 0x1
 1411 0083 51       		.byte	0x51
 1412 0084 9F       		.byte	0x9f
 1413 0085 3A000000 		.4byte	.LVL6
 1414 0089 45000000 		.4byte	.LVL7-1
 1415 008d 0100     		.2byte	0x1
 1416 008f 51       		.byte	0x51
 1417 0090 45000000 		.4byte	.LVL7-1
 1418 0094 60000000 		.4byte	.LFE35
 1419 0098 0400     		.2byte	0x4
 1420 009a F3       		.byte	0xf3
 1421 009b 01       		.uleb128 0x1
 1422 009c 51       		.byte	0x51
 1423 009d 9F       		.byte	0x9f
 1424 009e 00000000 		.4byte	0
 1425 00a2 00000000 		.4byte	0
 1426              	.LLST2:
 1427 00a6 00000000 		.4byte	.LVL9
 1428 00aa 09000000 		.4byte	.LVL10-1
 1429 00ae 0100     		.2byte	0x1
 1430 00b0 50       		.byte	0x50
 1431 00b1 09000000 		.4byte	.LVL10-1
 1432 00b5 14000000 		.4byte	.LVL11
 1433 00b9 0400     		.2byte	0x4
 1434 00bb F3       		.byte	0xf3
 1435 00bc 01       		.uleb128 0x1
 1436 00bd 50       		.byte	0x50
 1437 00be 9F       		.byte	0x9f
 1438 00bf 14000000 		.4byte	.LVL11
 1439 00c3 1A000000 		.4byte	.LVL12
 1440 00c7 0100     		.2byte	0x1
 1441 00c9 50       		.byte	0x50
 1442 00ca 1A000000 		.4byte	.LVL12
 1443 00ce 28000000 		.4byte	.LVL14
 1444 00d2 0400     		.2byte	0x4
 1445 00d4 F3       		.byte	0xf3
 1446 00d5 01       		.uleb128 0x1
 1447 00d6 50       		.byte	0x50
 1448 00d7 9F       		.byte	0x9f
 1449 00d8 28000000 		.4byte	.LVL14
 1450 00dc 2E000000 		.4byte	.LVL15
 1451 00e0 0100     		.2byte	0x1
 1452 00e2 50       		.byte	0x50
ARM GAS  C:\Users\YEHUDA~1\AppData\Local\Temp\ccuCCtcX.s 			page 30


 1453 00e3 2E000000 		.4byte	.LVL15
 1454 00e7 44000000 		.4byte	.LFE36
 1455 00eb 0400     		.2byte	0x4
 1456 00ed F3       		.byte	0xf3
 1457 00ee 01       		.uleb128 0x1
 1458 00ef 50       		.byte	0x50
 1459 00f0 9F       		.byte	0x9f
 1460 00f1 00000000 		.4byte	0
 1461 00f5 00000000 		.4byte	0
 1462              	.LLST3:
 1463 00f9 00000000 		.4byte	.LVL17
 1464 00fd 09000000 		.4byte	.LVL18-1
 1465 0101 0100     		.2byte	0x1
 1466 0103 50       		.byte	0x50
 1467 0104 09000000 		.4byte	.LVL18-1
 1468 0108 3C000000 		.4byte	.LVL21
 1469 010c 0400     		.2byte	0x4
 1470 010e F3       		.byte	0xf3
 1471 010f 01       		.uleb128 0x1
 1472 0110 50       		.byte	0x50
 1473 0111 9F       		.byte	0x9f
 1474 0112 3C000000 		.4byte	.LVL21
 1475 0116 43000000 		.4byte	.LVL22-1
 1476 011a 0100     		.2byte	0x1
 1477 011c 50       		.byte	0x50
 1478 011d 43000000 		.4byte	.LVL22-1
 1479 0121 76000000 		.4byte	.LVL25
 1480 0125 0400     		.2byte	0x4
 1481 0127 F3       		.byte	0xf3
 1482 0128 01       		.uleb128 0x1
 1483 0129 50       		.byte	0x50
 1484 012a 9F       		.byte	0x9f
 1485 012b 76000000 		.4byte	.LVL25
 1486 012f 7D000000 		.4byte	.LVL26-1
 1487 0133 0100     		.2byte	0x1
 1488 0135 50       		.byte	0x50
 1489 0136 7D000000 		.4byte	.LVL26-1
 1490 013a BC000000 		.4byte	.LFE37
 1491 013e 0400     		.2byte	0x4
 1492 0140 F3       		.byte	0xf3
 1493 0141 01       		.uleb128 0x1
 1494 0142 50       		.byte	0x50
 1495 0143 9F       		.byte	0x9f
 1496 0144 00000000 		.4byte	0
 1497 0148 00000000 		.4byte	0
 1498              	.LLST4:
 1499 014c 00000000 		.4byte	.LVL29
 1500 0150 12000000 		.4byte	.LVL30
 1501 0154 0100     		.2byte	0x1
 1502 0156 50       		.byte	0x50
 1503 0157 12000000 		.4byte	.LVL30
 1504 015b 2E000000 		.4byte	.LVL33
 1505 015f 0100     		.2byte	0x1
 1506 0161 54       		.byte	0x54
 1507 0162 2E000000 		.4byte	.LVL33
 1508 0166 40000000 		.4byte	.LFE38
 1509 016a 0400     		.2byte	0x4
ARM GAS  C:\Users\YEHUDA~1\AppData\Local\Temp\ccuCCtcX.s 			page 31


 1510 016c F3       		.byte	0xf3
 1511 016d 01       		.uleb128 0x1
 1512 016e 50       		.byte	0x50
 1513 016f 9F       		.byte	0x9f
 1514 0170 00000000 		.4byte	0
 1515 0174 00000000 		.4byte	0
 1516              		.section	.debug_aranges,"",%progbits
 1517 0000 34000000 		.4byte	0x34
 1518 0004 0200     		.2byte	0x2
 1519 0006 00000000 		.4byte	.Ldebug_info0
 1520 000a 04       		.byte	0x4
 1521 000b 00       		.byte	0
 1522 000c 0000     		.2byte	0
 1523 000e 0000     		.2byte	0
 1524 0010 00000000 		.4byte	.LFB35
 1525 0014 60000000 		.4byte	.LFE35-.LFB35
 1526 0018 00000000 		.4byte	.LFB36
 1527 001c 44000000 		.4byte	.LFE36-.LFB36
 1528 0020 00000000 		.4byte	.LFB37
 1529 0024 BC000000 		.4byte	.LFE37-.LFB37
 1530 0028 00000000 		.4byte	.LFB38
 1531 002c 40000000 		.4byte	.LFE38-.LFB38
 1532 0030 00000000 		.4byte	0
 1533 0034 00000000 		.4byte	0
 1534              		.section	.debug_ranges,"",%progbits
 1535              	.Ldebug_ranges0:
 1536 0000 00000000 		.4byte	.LFB35
 1537 0004 60000000 		.4byte	.LFE35
 1538 0008 00000000 		.4byte	.LFB36
 1539 000c 44000000 		.4byte	.LFE36
 1540 0010 00000000 		.4byte	.LFB37
 1541 0014 BC000000 		.4byte	.LFE37
 1542 0018 00000000 		.4byte	.LFB38
 1543 001c 40000000 		.4byte	.LFE38
 1544 0020 00000000 		.4byte	0
 1545 0024 00000000 		.4byte	0
 1546              		.section	.debug_line,"",%progbits
 1547              	.Ldebug_line0:
 1548 0000 05020000 		.section	.debug_str,"MS",%progbits,1
 1548      02007D01 
 1548      00000201 
 1548      FB0E0D00 
 1548      01010101 
 1549              	.LASF113:
 1550 0000 47726565 		.ascii	"GreenLED_Write\000"
 1550      6E4C4544 
 1550      5F577269 
 1550      746500
 1551              	.LASF27:
 1552 000f 4359424C 		.ascii	"CYBLE_EVT_GAP_PASSKEY_ENTRY_REQUEST\000"
 1552      455F4556 
 1552      545F4741 
 1552      505F5041 
 1552      53534B45 
 1553              	.LASF62:
 1554 0033 4359424C 		.ascii	"CYBLE_EVT_GATTC_WRITE_RSP\000"
 1554      455F4556 
ARM GAS  C:\Users\YEHUDA~1\AppData\Local\Temp\ccuCCtcX.s 			page 32


 1554      545F4741 
 1554      5454435F 
 1554      57524954 
 1555              	.LASF102:
 1556 004d 47726565 		.ascii	"GreenLED_BlinkIsSetFlag\000"
 1556      6E4C4544 
 1556      5F426C69 
 1556      6E6B4973 
 1556      53657446 
 1557              	.LASF24:
 1558 0065 4359424C 		.ascii	"CYBLE_EVT_MEMORY_REQUEST\000"
 1558      455F4556 
 1558      545F4D45 
 1558      4D4F5259 
 1558      5F524551 
 1559              	.LASF49:
 1560 007e 4359424C 		.ascii	"CYBLE_EVT_GATTC_ERROR_RSP\000"
 1560      455F4556 
 1560      545F4741 
 1560      5454435F 
 1560      4552524F 
 1561              	.LASF39:
 1562 0098 4359424C 		.ascii	"CYBLE_EVT_GAP_KEYPRESS_NOTIFICATION\000"
 1562      455F4556 
 1562      545F4741 
 1562      505F4B45 
 1562      59505245 
 1563              	.LASF2:
 1564 00bc 73686F72 		.ascii	"short int\000"
 1564      7420696E 
 1564      7400
 1565              	.LASF30:
 1566 00c6 4359424C 		.ascii	"CYBLE_EVT_GAP_AUTH_FAILED\000"
 1566      455F4556 
 1566      545F4741 
 1566      505F4155 
 1566      54485F46 
 1567              	.LASF51:
 1568 00e0 4359424C 		.ascii	"CYBLE_EVT_GATT_DISCONNECT_IND\000"
 1568      455F4556 
 1568      545F4741 
 1568      54545F44 
 1568      4953434F 
 1569              	.LASF17:
 1570 00fe 73697A65 		.ascii	"sizetype\000"
 1570      74797065 
 1570      00
 1571              	.LASF41:
 1572 0107 4359424C 		.ascii	"CYBLE_EVT_GAP_DATA_LENGTH_CHANGE\000"
 1572      455F4556 
 1572      545F4741 
 1572      505F4441 
 1572      54415F4C 
 1573              	.LASF22:
 1574 0128 4359424C 		.ascii	"CYBLE_EVT_HCI_STATUS\000"
 1574      455F4556 
 1574      545F4843 
ARM GAS  C:\Users\YEHUDA~1\AppData\Local\Temp\ccuCCtcX.s 			page 33


 1574      495F5354 
 1574      41545553 
 1575              	.LASF8:
 1576 013d 6C6F6E67 		.ascii	"long long int\000"
 1576      206C6F6E 
 1576      6720696E 
 1576      7400
 1577              	.LASF6:
 1578 014b 5F5F7569 		.ascii	"__uint32_t\000"
 1578      6E743332 
 1578      5F7400
 1579              	.LASF90:
 1580 0156 47524545 		.ascii	"GREEN_LED\000"
 1580      4E5F4C45 
 1580      4400
 1581              	.LASF114:
 1582 0160 59656C6C 		.ascii	"YellowLED_Write\000"
 1582      6F774C45 
 1582      445F5772 
 1582      69746500 
 1583              	.LASF19:
 1584 0170 4359424C 		.ascii	"CYBLE_EVT_STACK_ON\000"
 1584      455F4556 
 1584      545F5354 
 1584      41434B5F 
 1584      4F4E00
 1585              	.LASF48:
 1586 0183 4359424C 		.ascii	"CYBLE_EVT_GAP_SMP_LOC_P256_KEYS_GEN_AND_SET_COMPLET"
 1586      455F4556 
 1586      545F4741 
 1586      505F534D 
 1586      505F4C4F 
 1587 01b6 4500     		.ascii	"E\000"
 1588              	.LASF52:
 1589 01b8 4359424C 		.ascii	"CYBLE_EVT_GATTS_XCNHG_MTU_REQ\000"
 1589      455F4556 
 1589      545F4741 
 1589      5454535F 
 1589      58434E48 
 1590              	.LASF105:
 1591 01d6 5265644C 		.ascii	"RedLED_Status\000"
 1591      45445F53 
 1591      74617475 
 1591      7300
 1592              	.LASF116:
 1593 01e4 474E5520 		.ascii	"GNU C11 5.4.1 20160609 (release) [ARM/embedded-5-br"
 1593      43313120 
 1593      352E342E 
 1593      31203230 
 1593      31363036 
 1594 0217 616E6368 		.ascii	"anch revision 237715] -mcpu=cortex-m0 -mthumb -g -O"
 1594      20726576 
 1594      6973696F 
 1594      6E203233 
 1594      37373135 
 1595 024a 67202D66 		.ascii	"g -ffunction-sections -ffat-lto-objects\000"
 1595      66756E63 
ARM GAS  C:\Users\YEHUDA~1\AppData\Local\Temp\ccuCCtcX.s 			page 34


 1595      74696F6E 
 1595      2D736563 
 1595      74696F6E 
 1596              	.LASF11:
 1597 0272 75696E74 		.ascii	"uint8_t\000"
 1597      385F7400 
 1598              	.LASF37:
 1599 027a 4359424C 		.ascii	"CYBLE_EVT_GAP_KEYINFO_EXCHNGE_CMPLT\000"
 1599      455F4556 
 1599      545F4741 
 1599      505F4B45 
 1599      59494E46 
 1600              	.LASF60:
 1601 029e 4359424C 		.ascii	"CYBLE_EVT_GATTC_READ_MULTI_RSP\000"
 1601      455F4556 
 1601      545F4741 
 1601      5454435F 
 1601      52454144 
 1602              	.LASF104:
 1603 02bd 54696D65 		.ascii	"TimeSample4RedLED\000"
 1603      53616D70 
 1603      6C653452 
 1603      65644C45 
 1603      4400
 1604              	.LASF18:
 1605 02cf 4359424C 		.ascii	"CYBLE_EVT_HOST_INVALID\000"
 1605      455F4556 
 1605      545F484F 
 1605      53545F49 
 1605      4E56414C 
 1606              	.LASF12:
 1607 02e6 75696E74 		.ascii	"uint32_t\000"
 1607      33325F74 
 1607      00
 1608              	.LASF77:
 1609 02ef 4359424C 		.ascii	"CYBLE_EVT_L2CAP_CBFC_CONN_IND\000"
 1609      455F4556 
 1609      545F4C32 
 1609      4341505F 
 1609      43424643 
 1610              	.LASF96:
 1611 030d 4C45445F 		.ascii	"LED_BlinkStop\000"
 1611      426C696E 
 1611      6B53746F 
 1611      7000
 1612              	.LASF80:
 1613 031b 4359424C 		.ascii	"CYBLE_EVT_L2CAP_CBFC_DISCONN_CNF\000"
 1613      455F4556 
 1613      545F4C32 
 1613      4341505F 
 1613      43424643 
 1614              	.LASF107:
 1615 033c 5265644C 		.ascii	"RedLED_LocalInterval\000"
 1615      45445F4C 
 1615      6F63616C 
 1615      496E7465 
 1615      7276616C 
ARM GAS  C:\Users\YEHUDA~1\AppData\Local\Temp\ccuCCtcX.s 			page 35


 1616              	.LASF13:
 1617 0351 666C6F61 		.ascii	"float\000"
 1617      7400
 1618              	.LASF110:
 1619 0357 59656C6C 		.ascii	"YellowLED_BlinkIsSetFlag\000"
 1619      6F774C45 
 1619      445F426C 
 1619      696E6B49 
 1619      73536574 
 1620              	.LASF38:
 1621 0370 4359424C 		.ascii	"CYBLE_EVT_GAP_NUMERIC_COMPARISON_REQUEST\000"
 1621      455F4556 
 1621      545F4741 
 1621      505F4E55 
 1621      4D455249 
 1622              	.LASF43:
 1623 0399 4359424C 		.ascii	"CYBLE_EVT_GAPC_DIRECT_ADV_REPORT\000"
 1623      455F4556 
 1623      545F4741 
 1623      50435F44 
 1623      49524543 
 1624              	.LASF9:
 1625 03ba 6C6F6E67 		.ascii	"long long unsigned int\000"
 1625      206C6F6E 
 1625      6720756E 
 1625      7369676E 
 1625      65642069 
 1626              	.LASF47:
 1627 03d1 4359424C 		.ascii	"CYBLE_EVT_GAP_AUTH_REQ_REPLY_ERR\000"
 1627      455F4556 
 1627      545F4741 
 1627      505F4155 
 1627      54485F52 
 1628              	.LASF4:
 1629 03f2 6C6F6E67 		.ascii	"long int\000"
 1629      20696E74 
 1629      00
 1630              	.LASF68:
 1631 03fb 4359424C 		.ascii	"CYBLE_EVT_GATTC_HANDLE_VALUE_IND\000"
 1631      455F4556 
 1631      545F4741 
 1631      5454435F 
 1631      48414E44 
 1632              	.LASF32:
 1633 041c 4359424C 		.ascii	"CYBLE_EVT_GAP_DEVICE_CONNECTED\000"
 1633      455F4556 
 1633      545F4741 
 1633      505F4445 
 1633      56494345 
 1634              	.LASF92:
 1635 043b 5245445F 		.ascii	"RED_LED\000"
 1635      4C454400 
 1636              	.LASF5:
 1637 0443 5F5F7569 		.ascii	"__uint8_t\000"
 1637      6E74385F 
 1637      7400
 1638              	.LASF67:
ARM GAS  C:\Users\YEHUDA~1\AppData\Local\Temp\ccuCCtcX.s 			page 36


 1639 044d 4359424C 		.ascii	"CYBLE_EVT_GATTC_HANDLE_VALUE_NTF\000"
 1639      455F4556 
 1639      545F4741 
 1639      5454435F 
 1639      48414E44 
 1640              	.LASF23:
 1641 046e 4359424C 		.ascii	"CYBLE_EVT_STACK_BUSY_STATUS\000"
 1641      455F4556 
 1641      545F5354 
 1641      41434B5F 
 1641      42555359 
 1642              	.LASF97:
 1643 048a 4C45445F 		.ascii	"LED_BlinkReload\000"
 1643      426C696E 
 1643      6B52656C 
 1643      6F616400 
 1644              	.LASF108:
 1645 049a 54696D65 		.ascii	"TimeSample4YellowLED\000"
 1645      53616D70 
 1645      6C653459 
 1645      656C6C6F 
 1645      774C4544 
 1646              	.LASF112:
 1647 04af 53797354 		.ascii	"SysTickGet\000"
 1647      69636B47 
 1647      657400
 1648              	.LASF78:
 1649 04ba 4359424C 		.ascii	"CYBLE_EVT_L2CAP_CBFC_CONN_CNF\000"
 1649      455F4556 
 1649      545F4C32 
 1649      4341505F 
 1649      43424643 
 1650              	.LASF115:
 1651 04d8 5265644C 		.ascii	"RedLED_Write\000"
 1651      45445F57 
 1651      72697465 
 1651      00
 1652              	.LASF42:
 1653 04e5 4359424C 		.ascii	"CYBLE_EVT_GAP_ENHANCE_CONN_COMPLETE\000"
 1653      455F4556 
 1653      545F4741 
 1653      505F454E 
 1653      48414E43 
 1654              	.LASF16:
 1655 0509 6C6F6E67 		.ascii	"long double\000"
 1655      20646F75 
 1655      626C6500 
 1656              	.LASF74:
 1657 0515 4359424C 		.ascii	"CYBLE_EVT_L2CAP_CONN_PARAM_UPDATE_REQ\000"
 1657      455F4556 
 1657      545F4C32 
 1657      4341505F 
 1657      434F4E4E 
 1658              	.LASF1:
 1659 053b 756E7369 		.ascii	"unsigned char\000"
 1659      676E6564 
 1659      20636861 
ARM GAS  C:\Users\YEHUDA~1\AppData\Local\Temp\ccuCCtcX.s 			page 37


 1659      7200
 1660              	.LASF64:
 1661 0549 4359424C 		.ascii	"CYBLE_EVT_GATTS_PREP_WRITE_REQ\000"
 1661      455F4556 
 1661      545F4741 
 1661      5454535F 
 1661      50524550 
 1662              	.LASF101:
 1663 0568 47726565 		.ascii	"GreenLED_Status\000"
 1663      6E4C4544 
 1663      5F537461 
 1663      74757300 
 1664              	.LASF86:
 1665 0578 4359424C 		.ascii	"CYBLE_EVT_LE_PING_AUTH_TIMEOUT\000"
 1665      455F4556 
 1665      545F4C45 
 1665      5F50494E 
 1665      475F4155 
 1666              	.LASF118:
 1667 0597 433A5C55 		.ascii	"C:\\Users\\Yehuda Ben Chaim\\Google Drive\\My Proje"
 1667      73657273 
 1667      5C596568 
 1667      75646120 
 1667      42656E20 
 1668 05c6 6374735C 		.ascii	"cts\\WW\\FW\\WorkingCopy\\WWV1_0\\WW\\BLE_Imp.cydsn"
 1668      57575C46 
 1668      575C576F 
 1668      726B696E 
 1668      67436F70 
 1669 05f3 00       		.ascii	"\000"
 1670              	.LASF56:
 1671 05f4 4359424C 		.ascii	"CYBLE_EVT_GATTC_FIND_INFO_RSP\000"
 1671      455F4556 
 1671      545F4741 
 1671      5454435F 
 1671      46494E44 
 1672              	.LASF0:
 1673 0612 7369676E 		.ascii	"signed char\000"
 1673      65642063 
 1673      68617200 
 1674              	.LASF61:
 1675 061e 4359424C 		.ascii	"CYBLE_EVT_GATTS_WRITE_REQ\000"
 1675      455F4556 
 1675      545F4741 
 1675      5454535F 
 1675      57524954 
 1676              	.LASF57:
 1677 0638 4359424C 		.ascii	"CYBLE_EVT_GATTC_FIND_BY_TYPE_VALUE_RSP\000"
 1677      455F4556 
 1677      545F4741 
 1677      5454435F 
 1677      46494E44 
 1678              	.LASF29:
 1679 065f 4359424C 		.ascii	"CYBLE_EVT_GAP_AUTH_COMPLETE\000"
 1679      455F4556 
 1679      545F4741 
 1679      505F4155 
ARM GAS  C:\Users\YEHUDA~1\AppData\Local\Temp\ccuCCtcX.s 			page 38


 1679      54485F43 
 1680              	.LASF10:
 1681 067b 756E7369 		.ascii	"unsigned int\000"
 1681      676E6564 
 1681      20696E74 
 1681      00
 1682              	.LASF71:
 1683 0688 4359424C 		.ascii	"CYBLE_EVT_GATTC_STOP_CMD_COMPLETE\000"
 1683      455F4556 
 1683      545F4741 
 1683      5454435F 
 1683      53544F50 
 1684              	.LASF50:
 1685 06aa 4359424C 		.ascii	"CYBLE_EVT_GATT_CONNECT_IND\000"
 1685      455F4556 
 1685      545F4741 
 1685      54545F43 
 1685      4F4E4E45 
 1686              	.LASF7:
 1687 06c5 6C6F6E67 		.ascii	"long unsigned int\000"
 1687      20756E73 
 1687      69676E65 
 1687      6420696E 
 1687      7400
 1688              	.LASF26:
 1689 06d7 4359424C 		.ascii	"CYBLE_EVT_GAP_AUTH_REQ\000"
 1689      455F4556 
 1689      545F4741 
 1689      505F4155 
 1689      54485F52 
 1690              	.LASF54:
 1691 06ee 4359424C 		.ascii	"CYBLE_EVT_GATTC_READ_BY_GROUP_TYPE_RSP\000"
 1691      455F4556 
 1691      545F4741 
 1691      5454435F 
 1691      52454144 
 1692              	.LASF79:
 1693 0715 4359424C 		.ascii	"CYBLE_EVT_L2CAP_CBFC_DISCONN_IND\000"
 1693      455F4556 
 1693      545F4C32 
 1693      4341505F 
 1693      43424643 
 1694              	.LASF34:
 1695 0736 4359424C 		.ascii	"CYBLE_EVT_GAP_ENCRYPT_CHANGE\000"
 1695      455F4556 
 1695      545F4741 
 1695      505F454E 
 1695      43525950 
 1696              	.LASF45:
 1697 0753 4359424C 		.ascii	"CYBLE_EVT_GAP_CONN_ESTB\000"
 1697      455F4556 
 1697      545F4741 
 1697      505F434F 
 1697      4E4E5F45 
 1698              	.LASF58:
 1699 076b 4359424C 		.ascii	"CYBLE_EVT_GATTC_READ_RSP\000"
 1699      455F4556 
ARM GAS  C:\Users\YEHUDA~1\AppData\Local\Temp\ccuCCtcX.s 			page 39


 1699      545F4741 
 1699      5454435F 
 1699      52454144 
 1700              	.LASF73:
 1701 0784 4359424C 		.ascii	"CYBLE_EVT_GATTC_LONG_PROCEDURE_END\000"
 1701      455F4556 
 1701      545F4741 
 1701      5454435F 
 1701      4C4F4E47 
 1702              	.LASF3:
 1703 07a7 73686F72 		.ascii	"short unsigned int\000"
 1703      7420756E 
 1703      7369676E 
 1703      65642069 
 1703      6E7400
 1704              	.LASF88:
 1705 07ba 4359424C 		.ascii	"CYBLE_EVT_FLASH_CORRUPT\000"
 1705      455F4556 
 1705      545F464C 
 1705      4153485F 
 1705      434F5252 
 1706              	.LASF35:
 1707 07d2 4359424C 		.ascii	"CYBLE_EVT_GAP_CONNECTION_UPDATE_COMPLETE\000"
 1707      455F4556 
 1707      545F4741 
 1707      505F434F 
 1707      4E4E4543 
 1708              	.LASF44:
 1709 07fb 4359424C 		.ascii	"CYBLE_EVT_GAP_SMP_NEGOTIATED_AUTH_INFO\000"
 1709      455F4556 
 1709      545F4741 
 1709      505F534D 
 1709      505F4E45 
 1710              	.LASF15:
 1711 0822 63686172 		.ascii	"char\000"
 1711      00
 1712              	.LASF76:
 1713 0827 4359424C 		.ascii	"CYBLE_EVT_L2CAP_COMMAND_REJ\000"
 1713      455F4556 
 1713      545F4C32 
 1713      4341505F 
 1713      434F4D4D 
 1714              	.LASF28:
 1715 0843 4359424C 		.ascii	"CYBLE_EVT_GAP_PASSKEY_DISPLAY_REQUEST\000"
 1715      455F4556 
 1715      545F4741 
 1715      505F5041 
 1715      53534B45 
 1716              	.LASF109:
 1717 0869 59656C6C 		.ascii	"YellowLED_Status\000"
 1717      6F774C45 
 1717      445F5374 
 1717      61747573 
 1717      00
 1718              	.LASF59:
 1719 087a 4359424C 		.ascii	"CYBLE_EVT_GATTC_READ_BLOB_RSP\000"
 1719      455F4556 
ARM GAS  C:\Users\YEHUDA~1\AppData\Local\Temp\ccuCCtcX.s 			page 40


 1719      545F4741 
 1719      5454435F 
 1719      52454144 
 1720              	.LASF66:
 1721 0898 4359424C 		.ascii	"CYBLE_EVT_GATTC_EXEC_WRITE_RSP\000"
 1721      455F4556 
 1721      545F4741 
 1721      5454435F 
 1721      45584543 
 1722              	.LASF36:
 1723 08b7 4359424C 		.ascii	"CYBLE_EVT_GAPC_SCAN_START_STOP\000"
 1723      455F4556 
 1723      545F4741 
 1723      50435F53 
 1723      43414E5F 
 1724              	.LASF85:
 1725 08d6 4359424C 		.ascii	"CYBLE_EVT_PENDING_FLASH_WRITE\000"
 1725      455F4556 
 1725      545F5045 
 1725      4E44494E 
 1725      475F464C 
 1726              	.LASF82:
 1727 08f4 4359424C 		.ascii	"CYBLE_EVT_L2CAP_CBFC_RX_CREDIT_IND\000"
 1727      455F4556 
 1727      545F4C32 
 1727      4341505F 
 1727      43424643 
 1728              	.LASF98:
 1729 0917 4C45445F 		.ascii	"LED_BlinkpGetClockVal\000"
 1729      426C696E 
 1729      6B704765 
 1729      74436C6F 
 1729      636B5661 
 1730              	.LASF93:
 1731 092d 496E7465 		.ascii	"Interval\000"
 1731      7276616C 
 1731      00
 1732              	.LASF69:
 1733 0936 4359424C 		.ascii	"CYBLE_EVT_GATTS_HANDLE_VALUE_CNF\000"
 1733      455F4556 
 1733      545F4741 
 1733      5454535F 
 1733      48414E44 
 1734              	.LASF83:
 1735 0957 4359424C 		.ascii	"CYBLE_EVT_L2CAP_CBFC_TX_CREDIT_IND\000"
 1735      455F4556 
 1735      545F4C32 
 1735      4341505F 
 1735      43424643 
 1736              	.LASF91:
 1737 097a 59454C4C 		.ascii	"YELLOW_LED\000"
 1737      4F575F4C 
 1737      454400
 1738              	.LASF46:
 1739 0985 4359424C 		.ascii	"CYBLE_EVT_GAP_SCAN_REQ_RECVD\000"
 1739      455F4556 
 1739      545F4741 
ARM GAS  C:\Users\YEHUDA~1\AppData\Local\Temp\ccuCCtcX.s 			page 41


 1739      505F5343 
 1739      414E5F52 
 1740              	.LASF31:
 1741 09a2 4359424C 		.ascii	"CYBLE_EVT_GAPP_ADVERTISEMENT_START_STOP\000"
 1741      455F4556 
 1741      545F4741 
 1741      50505F41 
 1741      44564552 
 1742              	.LASF21:
 1743 09ca 4359424C 		.ascii	"CYBLE_EVT_HARDWARE_ERROR\000"
 1743      455F4556 
 1743      545F4841 
 1743      52445741 
 1743      52455F45 
 1744              	.LASF81:
 1745 09e3 4359424C 		.ascii	"CYBLE_EVT_L2CAP_CBFC_DATA_READ\000"
 1745      455F4556 
 1745      545F4C32 
 1745      4341505F 
 1745      43424643 
 1746              	.LASF75:
 1747 0a02 4359424C 		.ascii	"CYBLE_EVT_L2CAP_CONN_PARAM_UPDATE_RSP\000"
 1747      455F4556 
 1747      545F4C32 
 1747      4341505F 
 1747      434F4E4E 
 1748              	.LASF25:
 1749 0a28 4359424C 		.ascii	"CYBLE_EVT_GAPC_SCAN_PROGRESS_RESULT\000"
 1749      455F4556 
 1749      545F4741 
 1749      50435F53 
 1749      43414E5F 
 1750              	.LASF111:
 1751 0a4c 59656C6C 		.ascii	"YellowLED_LocalInterval\000"
 1751      6F774C45 
 1751      445F4C6F 
 1751      63616C49 
 1751      6E746572 
 1752              	.LASF95:
 1753 0a64 4C45445F 		.ascii	"LED_BlinkStart\000"
 1753      426C696E 
 1753      6B537461 
 1753      727400
 1754              	.LASF63:
 1755 0a73 4359424C 		.ascii	"CYBLE_EVT_GATTS_WRITE_CMD_REQ\000"
 1755      455F4556 
 1755      545F4741 
 1755      5454535F 
 1755      57524954 
 1756              	.LASF55:
 1757 0a91 4359424C 		.ascii	"CYBLE_EVT_GATTC_READ_BY_TYPE_RSP\000"
 1757      455F4556 
 1757      545F4741 
 1757      5454435F 
 1757      52454144 
 1758              	.LASF53:
 1759 0ab2 4359424C 		.ascii	"CYBLE_EVT_GATTC_XCHNG_MTU_RSP\000"
ARM GAS  C:\Users\YEHUDA~1\AppData\Local\Temp\ccuCCtcX.s 			page 42


 1759      455F4556 
 1759      545F4741 
 1759      5454435F 
 1759      5843484E 
 1760              	.LASF99:
 1761 0ad0 43757272 		.ascii	"CurrenTime\000"
 1761      656E5469 
 1761      6D6500
 1762              	.LASF94:
 1763 0adb 436F6C6F 		.ascii	"Color\000"
 1763      7200
 1764              	.LASF84:
 1765 0ae1 4359424C 		.ascii	"CYBLE_EVT_L2CAP_CBFC_DATA_WRITE_IND\000"
 1765      455F4556 
 1765      545F4C32 
 1765      4341505F 
 1765      43424643 
 1766              	.LASF20:
 1767 0b05 4359424C 		.ascii	"CYBLE_EVT_TIMEOUT\000"
 1767      455F4556 
 1767      545F5449 
 1767      4D454F55 
 1767      5400
 1768              	.LASF14:
 1769 0b17 646F7562 		.ascii	"double\000"
 1769      6C6500
 1770              	.LASF89:
 1771 0b1e 4359424C 		.ascii	"CYBLE_EVT_MAX\000"
 1771      455F4556 
 1771      545F4D41 
 1771      5800
 1772              	.LASF100:
 1773 0b2c 54696D65 		.ascii	"TimeSample4GreenLED\000"
 1773      53616D70 
 1773      6C653447 
 1773      7265656E 
 1773      4C454400 
 1774              	.LASF72:
 1775 0b40 4359424C 		.ascii	"CYBLE_EVT_GATTS_READ_CHAR_VAL_ACCESS_REQ\000"
 1775      455F4556 
 1775      545F4741 
 1775      5454535F 
 1775      52454144 
 1776              	.LASF117:
 1777 0b69 4C454473 		.ascii	"LEDs.c\000"
 1777      2E6300
 1778              	.LASF103:
 1779 0b70 47726565 		.ascii	"GreenLED_LocalInterval\000"
 1779      6E4C4544 
 1779      5F4C6F63 
 1779      616C496E 
 1779      74657276 
 1780              	.LASF106:
 1781 0b87 5265644C 		.ascii	"RedLED_BlinkIsSetFlag\000"
 1781      45445F42 
 1781      6C696E6B 
 1781      49735365 
ARM GAS  C:\Users\YEHUDA~1\AppData\Local\Temp\ccuCCtcX.s 			page 43


 1781      74466C61 
 1782              	.LASF65:
 1783 0b9d 4359424C 		.ascii	"CYBLE_EVT_GATTS_EXEC_WRITE_REQ\000"
 1783      455F4556 
 1783      545F4741 
 1783      5454535F 
 1783      45584543 
 1784              	.LASF33:
 1785 0bbc 4359424C 		.ascii	"CYBLE_EVT_GAP_DEVICE_DISCONNECTED\000"
 1785      455F4556 
 1785      545F4741 
 1785      505F4445 
 1785      56494345 
 1786              	.LASF70:
 1787 0bde 4359424C 		.ascii	"CYBLE_EVT_GATTS_DATA_SIGNED_CMD_REQ\000"
 1787      455F4556 
 1787      545F4741 
 1787      5454535F 
 1787      44415441 
 1788              	.LASF87:
 1789 0c02 4359424C 		.ascii	"CYBLE_EVT_HCI_PKT\000"
 1789      455F4556 
 1789      545F4843 
 1789      495F504B 
 1789      5400
 1790              	.LASF40:
 1791 0c14 4359424C 		.ascii	"CYBLE_EVT_GAP_OOB_GENERATED_NOTIFICATION\000"
 1791      455F4556 
 1791      545F4741 
 1791      505F4F4F 
 1791      425F4745 
 1792              		.ident	"GCC: (GNU Tools for ARM Embedded Processors) 5.4.1 20160609 (release) [ARM/embedded-5-bran
