ARM GAS  C:\Users\YEHUDA~1\AppData\Local\Temp\ccPZmlkl.s 			page 1


   1              		.syntax unified
   2              		.cpu cortex-m0
   3              		.fpu softvfp
   4              		.eabi_attribute 20, 1
   5              		.eabi_attribute 21, 1
   6              		.eabi_attribute 23, 3
   7              		.eabi_attribute 24, 1
   8              		.eabi_attribute 25, 1
   9              		.eabi_attribute 26, 1
  10              		.eabi_attribute 30, 1
  11              		.eabi_attribute 34, 0
  12              		.eabi_attribute 18, 4
  13              		.thumb
  14              		.syntax unified
  15              		.file	"main.c"
  16              		.text
  17              	.Ltext0:
  18              		.cfi_sections	.debug_frame
  19              		.section	.text.Init,"ax",%progbits
  20              		.align	2
  21              		.global	Init
  22              		.code	16
  23              		.thumb_func
  24              		.type	Init, %function
  25              	Init:
  26              	.LFB35:
  27              		.file 1 "main.c"
   1:main.c        **** /* ========================================
   2:main.c        ****  *
   3:main.c        ****  * Copyright Yehuda Ben Chaim, 2018
   4:main.c        ****  * All Rights Reserved
   5:main.c        ****  * UNPUBLISHED, LICENSED SOFTWARE.
   6:main.c        ****  *
   7:main.c        ****  * CONFIDENTIAL AND PROPRIETARY INFORMATION
   8:main.c        ****  * WHICH IS THE PROPERTY OF Yehuda Ben Chaim.
   9:main.c        ****  *
  10:main.c        ****  * ========================================
  11:main.c        **** */
  12:main.c        **** 
  13:main.c        **** /**** Includes *****************************************/
  14:main.c        **** 
  15:main.c        **** #include "project.h"
  16:main.c        **** #include "iprintf.h"
  17:main.c        **** #include "BLE_Applications.h"
  18:main.c        **** 
  19:main.c        **** /**** Private functions decleration *******************/
  20:main.c        **** void Init(void);
  21:main.c        **** 
  22:main.c        **** 
  23:main.c        **** 
  24:main.c        **** 
  25:main.c        **** 
  26:main.c        **** /**** Private functions *******************************/
  27:main.c        **** 
  28:main.c        **** /*************************************************************
  29:main.c        **** * Name: Init
  30:main.c        **** * Parameters[in]: None
ARM GAS  C:\Users\YEHUDA~1\AppData\Local\Temp\ccPZmlkl.s 			page 2


  31:main.c        **** * Return: None
  32:main.c        **** * Description: This fuction contains all of the init functions
  33:main.c        **** *              and the starts of all of the components
  34:main.c        **** 
  35:main.c        **** ************************************************************/
  36:main.c        **** void Init(void)
  37:main.c        **** {
  28              		.loc 1 37 0
  29              		.cfi_startproc
  30              		@ args = 0, pretend = 0, frame = 0
  31              		@ frame_needed = 0, uses_anonymous_args = 0
  32 0000 10B5     		push	{r4, lr}
  33              		.cfi_def_cfa_offset 8
  34              		.cfi_offset 4, -8
  35              		.cfi_offset 14, -4
  38:main.c        ****     SCB_1_Start();
  36              		.loc 1 38 0
  37 0002 FFF7FEFF 		bl	SCB_1_Start
  38              	.LVL0:
  39:main.c        ****     CyBle_Start(CustomEventHandler);
  39              		.loc 1 39 0
  40 0006 0248     		ldr	r0, .L2
  41 0008 FFF7FEFF 		bl	CyBle_Start
  42              	.LVL1:
  40:main.c        ****     CyGlobalIntEnable; /* Enable global interrupts. */
  43              		.loc 1 40 0
  44              		.syntax divided
  45              	@ 40 "main.c" 1
  46 000c 62B6     		CPSIE   i
  47              	@ 0 "" 2
  41:main.c        **** }
  48              		.loc 1 41 0
  49              		.thumb
  50              		.syntax unified
  51              		@ sp needed
  52 000e 10BD     		pop	{r4, pc}
  53              	.L3:
  54              		.align	2
  55              	.L2:
  56 0010 00000000 		.word	CustomEventHandler
  57              		.cfi_endproc
  58              	.LFE35:
  59              		.size	Init, .-Init
  60              		.section	.text.main,"ax",%progbits
  61              		.align	2
  62              		.global	main
  63              		.code	16
  64              		.thumb_func
  65              		.type	main, %function
  66              	main:
  67              	.LFB36:
  42:main.c        **** 
  43:main.c        **** 
  44:main.c        **** 
  45:main.c        **** int main(void)
  46:main.c        **** {
  68              		.loc 1 46 0
ARM GAS  C:\Users\YEHUDA~1\AppData\Local\Temp\ccPZmlkl.s 			page 3


  69              		.cfi_startproc
  70              		@ Volatile: function does not return.
  71              		@ args = 0, pretend = 0, frame = 0
  72              		@ frame_needed = 0, uses_anonymous_args = 0
  73 0000 10B5     		push	{r4, lr}
  74              		.cfi_def_cfa_offset 8
  75              		.cfi_offset 4, -8
  76              		.cfi_offset 14, -4
  47:main.c        ****     Init();
  77              		.loc 1 47 0
  78 0002 FFF7FEFF 		bl	Init
  79              	.LVL2:
  80              	.L5:
  48:main.c        ****     
  49:main.c        ****     for(;;)
  50:main.c        ****     {
  51:main.c        ****         CyBle_ProcessEvents();
  81              		.loc 1 51 0 discriminator 1
  82 0006 FFF7FEFF 		bl	CyBle_ProcessEvents
  83              	.LVL3:
  84 000a FCE7     		b	.L5
  85              		.cfi_endproc
  86              	.LFE36:
  87              		.size	main, .-main
  88              		.text
  89              	.Letext0:
  90              		.file 2 "Generated_Source\\PSoC4/SCB_1.h"
  91              		.file 3 "Generated_Source\\PSoC4/BLE.h"
  92              		.file 4 "Generated_Source\\PSoC4/BLE_Stack.h"
  93              		.section	.debug_info,"",%progbits
  94              	.Ldebug_info0:
  95 0000 02010000 		.4byte	0x102
  96 0004 0400     		.2byte	0x4
  97 0006 00000000 		.4byte	.Ldebug_abbrev0
  98 000a 04       		.byte	0x4
  99 000b 01       		.uleb128 0x1
 100 000c FC000000 		.4byte	.LASF17
 101 0010 0C       		.byte	0xc
 102 0011 1B000000 		.4byte	.LASF18
 103 0015 98000000 		.4byte	.LASF19
 104 0019 00000000 		.4byte	.Ldebug_ranges0+0
 105 001d 00000000 		.4byte	0
 106 0021 00000000 		.4byte	.Ldebug_line0
 107 0025 02       		.uleb128 0x2
 108 0026 01       		.byte	0x1
 109 0027 06       		.byte	0x6
 110 0028 9D010000 		.4byte	.LASF0
 111 002c 02       		.uleb128 0x2
 112 002d 01       		.byte	0x1
 113 002e 08       		.byte	0x8
 114 002f 5C000000 		.4byte	.LASF1
 115 0033 02       		.uleb128 0x2
 116 0034 02       		.byte	0x2
 117 0035 05       		.byte	0x5
 118 0036 C0010000 		.4byte	.LASF2
 119 003a 02       		.uleb128 0x2
 120 003b 02       		.byte	0x2
ARM GAS  C:\Users\YEHUDA~1\AppData\Local\Temp\ccPZmlkl.s 			page 4


 121 003c 07       		.byte	0x7
 122 003d 8A010000 		.4byte	.LASF3
 123 0041 02       		.uleb128 0x2
 124 0042 04       		.byte	0x4
 125 0043 05       		.byte	0x5
 126 0044 83000000 		.4byte	.LASF4
 127 0048 02       		.uleb128 0x2
 128 0049 04       		.byte	0x4
 129 004a 07       		.byte	0x7
 130 004b 2E000000 		.4byte	.LASF5
 131 004f 02       		.uleb128 0x2
 132 0050 08       		.byte	0x8
 133 0051 05       		.byte	0x5
 134 0052 00000000 		.4byte	.LASF6
 135 0056 02       		.uleb128 0x2
 136 0057 08       		.byte	0x8
 137 0058 07       		.byte	0x7
 138 0059 40000000 		.4byte	.LASF7
 139 005d 03       		.uleb128 0x3
 140 005e 04       		.byte	0x4
 141 005f 05       		.byte	0x5
 142 0060 696E7400 		.ascii	"int\000"
 143 0064 02       		.uleb128 0x2
 144 0065 04       		.byte	0x4
 145 0066 07       		.byte	0x7
 146 0067 0E000000 		.4byte	.LASF8
 147 006b 02       		.uleb128 0x2
 148 006c 04       		.byte	0x4
 149 006d 04       		.byte	0x4
 150 006e BA010000 		.4byte	.LASF9
 151 0072 02       		.uleb128 0x2
 152 0073 08       		.byte	0x8
 153 0074 04       		.byte	0x4
 154 0075 F5000000 		.4byte	.LASF10
 155 0079 02       		.uleb128 0x2
 156 007a 01       		.byte	0x1
 157 007b 08       		.byte	0x8
 158 007c 57000000 		.4byte	.LASF11
 159 0080 02       		.uleb128 0x2
 160 0081 08       		.byte	0x8
 161 0082 04       		.byte	0x4
 162 0083 A9010000 		.4byte	.LASF12
 163 0087 02       		.uleb128 0x2
 164 0088 04       		.byte	0x4
 165 0089 07       		.byte	0x7
 166 008a CA010000 		.4byte	.LASF13
 167 008e 04       		.uleb128 0x4
 168 008f B5010000 		.4byte	.LASF20
 169 0093 01       		.byte	0x1
 170 0094 24       		.byte	0x24
 171 0095 00000000 		.4byte	.LFB35
 172 0099 14000000 		.4byte	.LFE35-.LFB35
 173 009d 01       		.uleb128 0x1
 174 009e 9C       		.byte	0x9c
 175 009f B6000000 		.4byte	0xb6
 176 00a3 05       		.uleb128 0x5
 177 00a4 06000000 		.4byte	.LVL0
ARM GAS  C:\Users\YEHUDA~1\AppData\Local\Temp\ccPZmlkl.s 			page 5


 178 00a8 E2000000 		.4byte	0xe2
 179 00ac 05       		.uleb128 0x5
 180 00ad 0C000000 		.4byte	.LVL1
 181 00b1 ED000000 		.4byte	0xed
 182 00b5 00       		.byte	0
 183 00b6 06       		.uleb128 0x6
 184 00b7 7E000000 		.4byte	.LASF21
 185 00bb 01       		.byte	0x1
 186 00bc 2D       		.byte	0x2d
 187 00bd 5D000000 		.4byte	0x5d
 188 00c1 00000000 		.4byte	.LFB36
 189 00c5 0C000000 		.4byte	.LFE36-.LFB36
 190 00c9 01       		.uleb128 0x1
 191 00ca 9C       		.byte	0x9c
 192 00cb E2000000 		.4byte	0xe2
 193 00cf 05       		.uleb128 0x5
 194 00d0 06000000 		.4byte	.LVL2
 195 00d4 8E000000 		.4byte	0x8e
 196 00d8 05       		.uleb128 0x5
 197 00d9 0A000000 		.4byte	.LVL3
 198 00dd F9000000 		.4byte	0xf9
 199 00e1 00       		.byte	0
 200 00e2 07       		.uleb128 0x7
 201 00e3 8C000000 		.4byte	.LASF14
 202 00e7 8C000000 		.4byte	.LASF14
 203 00eb 02       		.byte	0x2
 204 00ec 72       		.byte	0x72
 205 00ed 08       		.uleb128 0x8
 206 00ee 22000000 		.4byte	.LASF15
 207 00f2 22000000 		.4byte	.LASF15
 208 00f6 03       		.byte	0x3
 209 00f7 7202     		.2byte	0x272
 210 00f9 08       		.uleb128 0x8
 211 00fa 6A000000 		.4byte	.LASF16
 212 00fe 6A000000 		.4byte	.LASF16
 213 0102 04       		.byte	0x4
 214 0103 CF07     		.2byte	0x7cf
 215 0105 00       		.byte	0
 216              		.section	.debug_abbrev,"",%progbits
 217              	.Ldebug_abbrev0:
 218 0000 01       		.uleb128 0x1
 219 0001 11       		.uleb128 0x11
 220 0002 01       		.byte	0x1
 221 0003 25       		.uleb128 0x25
 222 0004 0E       		.uleb128 0xe
 223 0005 13       		.uleb128 0x13
 224 0006 0B       		.uleb128 0xb
 225 0007 03       		.uleb128 0x3
 226 0008 0E       		.uleb128 0xe
 227 0009 1B       		.uleb128 0x1b
 228 000a 0E       		.uleb128 0xe
 229 000b 55       		.uleb128 0x55
 230 000c 17       		.uleb128 0x17
 231 000d 11       		.uleb128 0x11
 232 000e 01       		.uleb128 0x1
 233 000f 10       		.uleb128 0x10
 234 0010 17       		.uleb128 0x17
ARM GAS  C:\Users\YEHUDA~1\AppData\Local\Temp\ccPZmlkl.s 			page 6


 235 0011 00       		.byte	0
 236 0012 00       		.byte	0
 237 0013 02       		.uleb128 0x2
 238 0014 24       		.uleb128 0x24
 239 0015 00       		.byte	0
 240 0016 0B       		.uleb128 0xb
 241 0017 0B       		.uleb128 0xb
 242 0018 3E       		.uleb128 0x3e
 243 0019 0B       		.uleb128 0xb
 244 001a 03       		.uleb128 0x3
 245 001b 0E       		.uleb128 0xe
 246 001c 00       		.byte	0
 247 001d 00       		.byte	0
 248 001e 03       		.uleb128 0x3
 249 001f 24       		.uleb128 0x24
 250 0020 00       		.byte	0
 251 0021 0B       		.uleb128 0xb
 252 0022 0B       		.uleb128 0xb
 253 0023 3E       		.uleb128 0x3e
 254 0024 0B       		.uleb128 0xb
 255 0025 03       		.uleb128 0x3
 256 0026 08       		.uleb128 0x8
 257 0027 00       		.byte	0
 258 0028 00       		.byte	0
 259 0029 04       		.uleb128 0x4
 260 002a 2E       		.uleb128 0x2e
 261 002b 01       		.byte	0x1
 262 002c 3F       		.uleb128 0x3f
 263 002d 19       		.uleb128 0x19
 264 002e 03       		.uleb128 0x3
 265 002f 0E       		.uleb128 0xe
 266 0030 3A       		.uleb128 0x3a
 267 0031 0B       		.uleb128 0xb
 268 0032 3B       		.uleb128 0x3b
 269 0033 0B       		.uleb128 0xb
 270 0034 27       		.uleb128 0x27
 271 0035 19       		.uleb128 0x19
 272 0036 11       		.uleb128 0x11
 273 0037 01       		.uleb128 0x1
 274 0038 12       		.uleb128 0x12
 275 0039 06       		.uleb128 0x6
 276 003a 40       		.uleb128 0x40
 277 003b 18       		.uleb128 0x18
 278 003c 9742     		.uleb128 0x2117
 279 003e 19       		.uleb128 0x19
 280 003f 01       		.uleb128 0x1
 281 0040 13       		.uleb128 0x13
 282 0041 00       		.byte	0
 283 0042 00       		.byte	0
 284 0043 05       		.uleb128 0x5
 285 0044 898201   		.uleb128 0x4109
 286 0047 00       		.byte	0
 287 0048 11       		.uleb128 0x11
 288 0049 01       		.uleb128 0x1
 289 004a 31       		.uleb128 0x31
 290 004b 13       		.uleb128 0x13
 291 004c 00       		.byte	0
ARM GAS  C:\Users\YEHUDA~1\AppData\Local\Temp\ccPZmlkl.s 			page 7


 292 004d 00       		.byte	0
 293 004e 06       		.uleb128 0x6
 294 004f 2E       		.uleb128 0x2e
 295 0050 01       		.byte	0x1
 296 0051 3F       		.uleb128 0x3f
 297 0052 19       		.uleb128 0x19
 298 0053 03       		.uleb128 0x3
 299 0054 0E       		.uleb128 0xe
 300 0055 3A       		.uleb128 0x3a
 301 0056 0B       		.uleb128 0xb
 302 0057 3B       		.uleb128 0x3b
 303 0058 0B       		.uleb128 0xb
 304 0059 27       		.uleb128 0x27
 305 005a 19       		.uleb128 0x19
 306 005b 49       		.uleb128 0x49
 307 005c 13       		.uleb128 0x13
 308 005d 8701     		.uleb128 0x87
 309 005f 19       		.uleb128 0x19
 310 0060 11       		.uleb128 0x11
 311 0061 01       		.uleb128 0x1
 312 0062 12       		.uleb128 0x12
 313 0063 06       		.uleb128 0x6
 314 0064 40       		.uleb128 0x40
 315 0065 18       		.uleb128 0x18
 316 0066 9742     		.uleb128 0x2117
 317 0068 19       		.uleb128 0x19
 318 0069 01       		.uleb128 0x1
 319 006a 13       		.uleb128 0x13
 320 006b 00       		.byte	0
 321 006c 00       		.byte	0
 322 006d 07       		.uleb128 0x7
 323 006e 2E       		.uleb128 0x2e
 324 006f 00       		.byte	0
 325 0070 3F       		.uleb128 0x3f
 326 0071 19       		.uleb128 0x19
 327 0072 3C       		.uleb128 0x3c
 328 0073 19       		.uleb128 0x19
 329 0074 6E       		.uleb128 0x6e
 330 0075 0E       		.uleb128 0xe
 331 0076 03       		.uleb128 0x3
 332 0077 0E       		.uleb128 0xe
 333 0078 3A       		.uleb128 0x3a
 334 0079 0B       		.uleb128 0xb
 335 007a 3B       		.uleb128 0x3b
 336 007b 0B       		.uleb128 0xb
 337 007c 00       		.byte	0
 338 007d 00       		.byte	0
 339 007e 08       		.uleb128 0x8
 340 007f 2E       		.uleb128 0x2e
 341 0080 00       		.byte	0
 342 0081 3F       		.uleb128 0x3f
 343 0082 19       		.uleb128 0x19
 344 0083 3C       		.uleb128 0x3c
 345 0084 19       		.uleb128 0x19
 346 0085 6E       		.uleb128 0x6e
 347 0086 0E       		.uleb128 0xe
 348 0087 03       		.uleb128 0x3
ARM GAS  C:\Users\YEHUDA~1\AppData\Local\Temp\ccPZmlkl.s 			page 8


 349 0088 0E       		.uleb128 0xe
 350 0089 3A       		.uleb128 0x3a
 351 008a 0B       		.uleb128 0xb
 352 008b 3B       		.uleb128 0x3b
 353 008c 05       		.uleb128 0x5
 354 008d 00       		.byte	0
 355 008e 00       		.byte	0
 356 008f 00       		.byte	0
 357              		.section	.debug_aranges,"",%progbits
 358 0000 24000000 		.4byte	0x24
 359 0004 0200     		.2byte	0x2
 360 0006 00000000 		.4byte	.Ldebug_info0
 361 000a 04       		.byte	0x4
 362 000b 00       		.byte	0
 363 000c 0000     		.2byte	0
 364 000e 0000     		.2byte	0
 365 0010 00000000 		.4byte	.LFB35
 366 0014 14000000 		.4byte	.LFE35-.LFB35
 367 0018 00000000 		.4byte	.LFB36
 368 001c 0C000000 		.4byte	.LFE36-.LFB36
 369 0020 00000000 		.4byte	0
 370 0024 00000000 		.4byte	0
 371              		.section	.debug_ranges,"",%progbits
 372              	.Ldebug_ranges0:
 373 0000 00000000 		.4byte	.LFB35
 374 0004 14000000 		.4byte	.LFE35
 375 0008 00000000 		.4byte	.LFB36
 376 000c 0C000000 		.4byte	.LFE36
 377 0010 00000000 		.4byte	0
 378 0014 00000000 		.4byte	0
 379              		.section	.debug_line,"",%progbits
 380              	.Ldebug_line0:
 381 0000 85000000 		.section	.debug_str,"MS",%progbits,1
 381      02005700 
 381      00000201 
 381      FB0E0D00 
 381      01010101 
 382              	.LASF6:
 383 0000 6C6F6E67 		.ascii	"long long int\000"
 383      206C6F6E 
 383      6720696E 
 383      7400
 384              	.LASF8:
 385 000e 756E7369 		.ascii	"unsigned int\000"
 385      676E6564 
 385      20696E74 
 385      00
 386              	.LASF18:
 387 001b 6D61696E 		.ascii	"main.c\000"
 387      2E6300
 388              	.LASF15:
 389 0022 4379426C 		.ascii	"CyBle_Start\000"
 389      655F5374 
 389      61727400 
 390              	.LASF5:
 391 002e 6C6F6E67 		.ascii	"long unsigned int\000"
 391      20756E73 
ARM GAS  C:\Users\YEHUDA~1\AppData\Local\Temp\ccPZmlkl.s 			page 9


 391      69676E65 
 391      6420696E 
 391      7400
 392              	.LASF7:
 393 0040 6C6F6E67 		.ascii	"long long unsigned int\000"
 393      206C6F6E 
 393      6720756E 
 393      7369676E 
 393      65642069 
 394              	.LASF11:
 395 0057 63686172 		.ascii	"char\000"
 395      00
 396              	.LASF1:
 397 005c 756E7369 		.ascii	"unsigned char\000"
 397      676E6564 
 397      20636861 
 397      7200
 398              	.LASF16:
 399 006a 4379426C 		.ascii	"CyBle_ProcessEvents\000"
 399      655F5072 
 399      6F636573 
 399      73457665 
 399      6E747300 
 400              	.LASF21:
 401 007e 6D61696E 		.ascii	"main\000"
 401      00
 402              	.LASF4:
 403 0083 6C6F6E67 		.ascii	"long int\000"
 403      20696E74 
 403      00
 404              	.LASF14:
 405 008c 5343425F 		.ascii	"SCB_1_Start\000"
 405      315F5374 
 405      61727400 
 406              	.LASF19:
 407 0098 433A5C55 		.ascii	"C:\\Users\\Yehuda Ben Chaim\\Google Drive\\My Proje"
 407      73657273 
 407      5C596568 
 407      75646120 
 407      42656E20 
 408 00c7 6374735C 		.ascii	"cts\\WW\\FW\\WorkingCopy\\WWV1_0\\WW\\BLE_Imp.cydsn"
 408      57575C46 
 408      575C576F 
 408      726B696E 
 408      67436F70 
 409 00f4 00       		.ascii	"\000"
 410              	.LASF10:
 411 00f5 646F7562 		.ascii	"double\000"
 411      6C6500
 412              	.LASF17:
 413 00fc 474E5520 		.ascii	"GNU C11 5.4.1 20160609 (release) [ARM/embedded-5-br"
 413      43313120 
 413      352E342E 
 413      31203230 
 413      31363036 
 414 012f 616E6368 		.ascii	"anch revision 237715] -mcpu=cortex-m0 -mthumb -g -O"
 414      20726576 
ARM GAS  C:\Users\YEHUDA~1\AppData\Local\Temp\ccPZmlkl.s 			page 10


 414      6973696F 
 414      6E203233 
 414      37373135 
 415 0162 67202D66 		.ascii	"g -ffunction-sections -ffat-lto-objects\000"
 415      66756E63 
 415      74696F6E 
 415      2D736563 
 415      74696F6E 
 416              	.LASF3:
 417 018a 73686F72 		.ascii	"short unsigned int\000"
 417      7420756E 
 417      7369676E 
 417      65642069 
 417      6E7400
 418              	.LASF0:
 419 019d 7369676E 		.ascii	"signed char\000"
 419      65642063 
 419      68617200 
 420              	.LASF12:
 421 01a9 6C6F6E67 		.ascii	"long double\000"
 421      20646F75 
 421      626C6500 
 422              	.LASF20:
 423 01b5 496E6974 		.ascii	"Init\000"
 423      00
 424              	.LASF9:
 425 01ba 666C6F61 		.ascii	"float\000"
 425      7400
 426              	.LASF2:
 427 01c0 73686F72 		.ascii	"short int\000"
 427      7420696E 
 427      7400
 428              	.LASF13:
 429 01ca 73697A65 		.ascii	"sizetype\000"
 429      74797065 
 429      00
 430              		.ident	"GCC: (GNU Tools for ARM Embedded Processors) 5.4.1 20160609 (release) [ARM/embedded-5-bran
