Loading plugins phase: Elapsed time ==> 0s.215ms
<CYPRESSTAG name="CyDsfit arguments...">
cydsfit arguments: -.fdsnotice -.fdswarpdepfile=warp_dependencies.txt -.fdselabdepfile=elab_dependencies.txt -.fdsbldfile=generated_files.txt -.fdsreffile=referenced_files.txt -p C:\Users\Yehuda Ben Chaim\Google Drive\My Projects\WW\FW\WorkingCopy\WWV1_0\WW\BLE_Imp.cydsn\BLE_Imp.cyprj -d CYBLE-224110-00 -s C:\Users\Yehuda Ben Chaim\Google Drive\My Projects\WW\FW\WorkingCopy\WWV1_0\WW\BLE_Imp.cydsn\Generated_Source\PSoC4 -- -yv2 -q10 -ygs -o2 -v3 -.fftcfgtype=LE
</CYPRESSTAG>
<CYPRESSTAG name="Design elaboration results...">
</CYPRESSTAG>
Elaboration phase: Elapsed time ==> 2s.128ms
<CYPRESSTAG name="HDL generation results...">
</CYPRESSTAG>
HDL generation phase: Elapsed time ==> 0s.072ms
<CYPRESSTAG name="Synthesis results...">

     | | | | | | |
   _________________
  -|               |-
  -|               |-
  -|               |-
  -|    CYPRESS    |-
  -|               |-
  -|               |-   Warp Verilog Synthesis Compiler: Version 6.3 IR 41
  -|               |-   Copyright (C) 1991-2001 Cypress Semiconductor
   |_______________|
     | | | | | | |

======================================================================
Compiling:  BLE_Imp.v
Program  :   C:\Program Files (x86)\Cypress\PSoC Creator\4.2\PSoC Creator\warp\bin\warp.exe
Options  :    -yv2 -q10 -ygs -o2 -v3 -.fftcfgtype=LE -ya -.fftprj=C:\Users\Yehuda Ben Chaim\Google Drive\My Projects\WW\FW\WorkingCopy\WWV1_0\WW\BLE_Imp.cydsn\BLE_Imp.cyprj -dcpsoc3 BLE_Imp.v -verilog
======================================================================

======================================================================
Compiling:  BLE_Imp.v
Program  :   C:\Program Files (x86)\Cypress\PSoC Creator\4.2\PSoC Creator\warp\bin\warp.exe
Options  :    -yv2 -q10 -ygs -o2 -v3 -.fftcfgtype=LE -ya -.fftprj=C:\Users\Yehuda Ben Chaim\Google Drive\My Projects\WW\FW\WorkingCopy\WWV1_0\WW\BLE_Imp.cydsn\BLE_Imp.cyprj -dcpsoc3 BLE_Imp.v -verilog
======================================================================

======================================================================
Compiling:  BLE_Imp.v
Program  :   vlogfe
Options  :    -yv2 -q10 -ygs -o2 -v3 -.fftcfgtype=LE -ya -.fftprj=C:\Users\Yehuda Ben Chaim\Google Drive\My Projects\WW\FW\WorkingCopy\WWV1_0\WW\BLE_Imp.cydsn\BLE_Imp.cyprj -dcpsoc3 -verilog BLE_Imp.v
======================================================================

vlogfe V6.3 IR 41:  Verilog parser
Mon Dec 31 22:41:58 2018


======================================================================
Compiling:  BLE_Imp.v
Program  :   vpp
Options  :    -yv2 -q10 BLE_Imp.v
======================================================================

vpp V6.3 IR 41:  Verilog Pre-Processor
Mon Dec 31 22:41:58 2018

Flattening file 'C:\Program Files (x86)\Cypress\PSoC Creator\4.2\PSoC Creator\psoc\content\CyPrimitives\cyprimitives.cylib\or_v1_0\or_v1_0.v'
Flattening file 'C:\Program Files (x86)\Cypress\PSoC Creator\4.2\PSoC Creator\psoc\content\CyPrimitives\cyprimitives.cylib\cy_constant_v1_0\cy_constant_v1_0.v'
Flattening file 'C:\Program Files (x86)\Cypress\PSoC Creator\4.2\PSoC Creator\psoc\content\CyPrimitives\cyprimitives.cylib\cy_virtualmux_v1_0\cy_virtualmux_v1_0.v'
Flattening file 'C:\Program Files (x86)\Cypress\PSoC Creator\4.2\PSoC Creator\psoc\content\CyPrimitives\cyprimitives.cylib\ZeroTerminal\ZeroTerminal.v'
Flattening file 'C:\Program Files (x86)\Cypress\PSoC Creator\4.2\PSoC Creator\psoc\content\CyComponentLibrary\CyComponentLibrary.cylib\B_PWM_v3_30\B_PWM_v3_30.v'
Flattening file 'C:\Program Files (x86)\Cypress\PSoC Creator\4.2\PSoC Creator\warp\lib\common\cypress.v'
Flattening file 'C:\Program Files (x86)\Cypress\PSoC Creator\4.2\PSoC Creator\warp\lib\common\cy_psoc3_inc.v'

vpp:  No errors.

Library 'work' => directory 'lcpsoc3'
General_symbol_table
General_symbol_table
Linking 'C:\Program Files (x86)\Cypress\PSoC Creator\4.2\PSoC Creator\warp\lib\common\std.vhd'.
Linking 'C:\Program Files (x86)\Cypress\PSoC Creator\4.2\PSoC Creator\warp\lib\common\cypress.vhd'.
Linking 'C:\Program Files (x86)\Cypress\PSoC Creator\4.2\PSoC Creator\warp\lib\common\work\cypress.vif'.
Linking 'C:\Program Files (x86)\Cypress\PSoC Creator\4.2\PSoC Creator\warp\lib\ieee\work\stdlogic.vif'.
Linking 'C:\Program Files (x86)\Cypress\PSoC Creator\4.2\PSoC Creator\warp\lib\common\stdlogic\lpmpkg.vif'.
Linking 'C:\Program Files (x86)\Cypress\PSoC Creator\4.2\PSoC Creator\warp\lib\common\stdlogic\rtlpkg.vif'.
Linking 'C:\Program Files (x86)\Cypress\PSoC Creator\4.2\PSoC Creator\warp\lib\common\stdlogic\mod_cnst.vif'.
Linking 'C:\Program Files (x86)\Cypress\PSoC Creator\4.2\PSoC Creator\warp\lib\common\stdlogic\mod_mthv.vif'.
Linking 'C:\Program Files (x86)\Cypress\PSoC Creator\4.2\PSoC Creator\warp\lib\common\stdlogic\mod_genv.vif'.
Using control file 'BLE_Imp.ctl'.
C:\Program Files (x86)\Cypress\PSoC Creator\4.2\PSoC Creator\psoc\content\CyComponentLibrary\CyComponentLibrary.cylib\B_PWM_v3_30\B_PWM_v3_30.v (line 947, col 46):  Note: Substituting module 'sub_vi_vv' for '-'.
C:\Program Files (x86)\Cypress\PSoC Creator\4.2\PSoC Creator\psoc\content\CyComponentLibrary\CyComponentLibrary.cylib\B_PWM_v3_30\B_PWM_v3_30.v (line 977, col 46):  Note: Substituting module 'add_vi_vv' for '+'.
Linking 'C:\Program Files (x86)\Cypress\PSoC Creator\4.2\PSoC Creator\warp\lib\common\stdlogic\cy_psoc3pkg.vif'.
Linking 'C:\Program Files (x86)\Cypress\PSoC Creator\4.2\PSoC Creator\warp\lib\common\stdlogic\cy_psoc3.vif'.

vlogfe:  No errors.


======================================================================
Compiling:  BLE_Imp.v
Program  :   tovif
Options  :    -yv2 -q10 -ygs -o2 -v3 -.fftcfgtype=LE -ya -.fftprj=C:\Users\Yehuda Ben Chaim\Google Drive\My Projects\WW\FW\WorkingCopy\WWV1_0\WW\BLE_Imp.cydsn\BLE_Imp.cyprj -dcpsoc3 -verilog BLE_Imp.v
======================================================================

tovif V6.3 IR 41:  High-level synthesis
Mon Dec 31 22:41:58 2018

Linking 'C:\Program Files (x86)\Cypress\PSoC Creator\4.2\PSoC Creator\warp\lib\common\std.vhd'.
Linking 'C:\Program Files (x86)\Cypress\PSoC Creator\4.2\PSoC Creator\warp\lib\common\cypress.vhd'.
Linking 'C:\Program Files (x86)\Cypress\PSoC Creator\4.2\PSoC Creator\warp\lib\common\work\cypress.vif'.
Linking 'C:\Program Files (x86)\Cypress\PSoC Creator\4.2\PSoC Creator\warp\lib\ieee\work\stdlogic.vif'.
Linking 'C:\Program Files (x86)\Cypress\PSoC Creator\4.2\PSoC Creator\warp\lib\common\stdlogic\lpmpkg.vif'.
Linking 'C:\Program Files (x86)\Cypress\PSoC Creator\4.2\PSoC Creator\warp\lib\common\stdlogic\rtlpkg.vif'.
Linking 'C:\Program Files (x86)\Cypress\PSoC Creator\4.2\PSoC Creator\warp\lib\common\stdlogic\mod_cnst.vif'.
Linking 'C:\Program Files (x86)\Cypress\PSoC Creator\4.2\PSoC Creator\warp\lib\common\stdlogic\mod_mthv.vif'.
Linking 'C:\Program Files (x86)\Cypress\PSoC Creator\4.2\PSoC Creator\warp\lib\common\stdlogic\mod_genv.vif'.
Linking 'C:\Users\Yehuda Ben Chaim\Google Drive\My Projects\WW\FW\WorkingCopy\WWV1_0\WW\BLE_Imp.cydsn\codegentemp\BLE_Imp.ctl'.
Linking 'C:\Program Files (x86)\Cypress\PSoC Creator\4.2\PSoC Creator\psoc\content\CyPrimitives\cyprimitives.cylib\or_v1_0\or_v1_0.v'.
Linking 'C:\Users\Yehuda Ben Chaim\Google Drive\My Projects\WW\FW\WorkingCopy\WWV1_0\WW\BLE_Imp.cydsn\codegentemp\BLE_Imp.v'.
Linking 'C:\Program Files (x86)\Cypress\PSoC Creator\4.2\PSoC Creator\psoc\content\CyPrimitives\cyprimitives.cylib\cy_constant_v1_0\cy_constant_v1_0.v'.
Linking 'C:\Program Files (x86)\Cypress\PSoC Creator\4.2\PSoC Creator\psoc\content\CyPrimitives\cyprimitives.cylib\cy_virtualmux_v1_0\cy_virtualmux_v1_0.v'.
Linking 'C:\Program Files (x86)\Cypress\PSoC Creator\4.2\PSoC Creator\psoc\content\CyPrimitives\cyprimitives.cylib\ZeroTerminal\ZeroTerminal.v'.
Linking 'C:\Program Files (x86)\Cypress\PSoC Creator\4.2\PSoC Creator\psoc\content\CyComponentLibrary\CyComponentLibrary.cylib\B_PWM_v3_30\B_PWM_v3_30.v'.
Linking 'C:\Program Files (x86)\Cypress\PSoC Creator\4.2\PSoC Creator\warp\lib\common\cypress.v'.
Linking 'C:\Program Files (x86)\Cypress\PSoC Creator\4.2\PSoC Creator\warp\lib\common\cy_psoc3_inc.v'.
Linking 'C:\Program Files (x86)\Cypress\PSoC Creator\4.2\PSoC Creator\warp\lib\common\stdlogic\cy_psoc3pkg.vif'.
Linking 'C:\Program Files (x86)\Cypress\PSoC Creator\4.2\PSoC Creator\warp\lib\common\stdlogic\cy_psoc3.vif'.
Linking 'C:\Program Files (x86)\Cypress\PSoC Creator\4.2\PSoC Creator\warp\lib\lcpsoc3\stdlogic\mod_cnst.vif'.

tovif:  No errors.


======================================================================
Compiling:  BLE_Imp.v
Program  :   topld
Options  :    -yv2 -q10 -ygs -o2 -v3 -.fftcfgtype=LE -ya -.fftprj=C:\Users\Yehuda Ben Chaim\Google Drive\My Projects\WW\FW\WorkingCopy\WWV1_0\WW\BLE_Imp.cydsn\BLE_Imp.cyprj -dcpsoc3 -verilog BLE_Imp.v
======================================================================

topld V6.3 IR 41:  Synthesis and optimization
Mon Dec 31 22:41:59 2018

Linking 'C:\Program Files (x86)\Cypress\PSoC Creator\4.2\PSoC Creator\warp\lib\common\std.vhd'.
Linking 'C:\Program Files (x86)\Cypress\PSoC Creator\4.2\PSoC Creator\warp\lib\common\cypress.vhd'.
Linking 'C:\Program Files (x86)\Cypress\PSoC Creator\4.2\PSoC Creator\warp\lib\common\work\cypress.vif'.
Linking 'C:\Program Files (x86)\Cypress\PSoC Creator\4.2\PSoC Creator\warp\lib\ieee\work\stdlogic.vif'.
Linking 'C:\Program Files (x86)\Cypress\PSoC Creator\4.2\PSoC Creator\warp\lib\common\stdlogic\lpmpkg.vif'.
Linking 'C:\Program Files (x86)\Cypress\PSoC Creator\4.2\PSoC Creator\warp\lib\common\stdlogic\rtlpkg.vif'.
Linking 'C:\Program Files (x86)\Cypress\PSoC Creator\4.2\PSoC Creator\warp\lib\common\stdlogic\mod_cnst.vif'.
Linking 'C:\Program Files (x86)\Cypress\PSoC Creator\4.2\PSoC Creator\warp\lib\common\stdlogic\mod_mthv.vif'.
Linking 'C:\Program Files (x86)\Cypress\PSoC Creator\4.2\PSoC Creator\warp\lib\common\stdlogic\mod_genv.vif'.
Linking 'C:\Users\Yehuda Ben Chaim\Google Drive\My Projects\WW\FW\WorkingCopy\WWV1_0\WW\BLE_Imp.cydsn\codegentemp\BLE_Imp.ctl'.
Linking 'C:\Program Files (x86)\Cypress\PSoC Creator\4.2\PSoC Creator\psoc\content\CyPrimitives\cyprimitives.cylib\or_v1_0\or_v1_0.v'.
Linking 'C:\Users\Yehuda Ben Chaim\Google Drive\My Projects\WW\FW\WorkingCopy\WWV1_0\WW\BLE_Imp.cydsn\codegentemp\BLE_Imp.v'.
Linking 'C:\Program Files (x86)\Cypress\PSoC Creator\4.2\PSoC Creator\psoc\content\CyPrimitives\cyprimitives.cylib\cy_constant_v1_0\cy_constant_v1_0.v'.
Linking 'C:\Program Files (x86)\Cypress\PSoC Creator\4.2\PSoC Creator\psoc\content\CyPrimitives\cyprimitives.cylib\cy_virtualmux_v1_0\cy_virtualmux_v1_0.v'.
Linking 'C:\Program Files (x86)\Cypress\PSoC Creator\4.2\PSoC Creator\psoc\content\CyPrimitives\cyprimitives.cylib\ZeroTerminal\ZeroTerminal.v'.
Linking 'C:\Program Files (x86)\Cypress\PSoC Creator\4.2\PSoC Creator\psoc\content\CyComponentLibrary\CyComponentLibrary.cylib\B_PWM_v3_30\B_PWM_v3_30.v'.
Linking 'C:\Program Files (x86)\Cypress\PSoC Creator\4.2\PSoC Creator\warp\lib\common\cypress.v'.
Linking 'C:\Program Files (x86)\Cypress\PSoC Creator\4.2\PSoC Creator\warp\lib\common\cy_psoc3_inc.v'.
Linking 'C:\Program Files (x86)\Cypress\PSoC Creator\4.2\PSoC Creator\warp\lib\common\stdlogic\cy_psoc3pkg.vif'.
Linking 'C:\Program Files (x86)\Cypress\PSoC Creator\4.2\PSoC Creator\warp\lib\common\stdlogic\cy_psoc3.vif'.
Linking 'C:\Program Files (x86)\Cypress\PSoC Creator\4.2\PSoC Creator\warp\lib\lcpsoc3\stdlogic\mod_cnst.vif'.
Linking 'C:\Program Files (x86)\Cypress\PSoC Creator\4.2\PSoC Creator\warp\lib\lcpsoc3\stdlogic\cpsoc3.vif'.

----------------------------------------------------------
Detecting unused logic.
----------------------------------------------------------
    User names
	Net_1
	\BLE:Net_55\
	\SCB_1:Net_1257\
	\SCB_1:uncfg_rx_irq\
	\SCB_1:Net_1099\
	\SCB_1:Net_1258\
	Net_4
	Net_13
	Net_14
	Net_15
	Net_16
	Net_17
	Net_18
	Net_19
	Net_21
	Net_24
	\BuzzerPWM:PWMUDB:km_run\
	\BuzzerPWM:PWMUDB:ctrl_cmpmode2_2\
	\BuzzerPWM:PWMUDB:ctrl_cmpmode2_1\
	\BuzzerPWM:PWMUDB:ctrl_cmpmode2_0\
	\BuzzerPWM:PWMUDB:ctrl_cmpmode1_2\
	\BuzzerPWM:PWMUDB:ctrl_cmpmode1_1\
	\BuzzerPWM:PWMUDB:ctrl_cmpmode1_0\
	\BuzzerPWM:PWMUDB:capt_rising\
	\BuzzerPWM:PWMUDB:capt_falling\
	\BuzzerPWM:PWMUDB:trig_rise\
	\BuzzerPWM:PWMUDB:trig_fall\
	\BuzzerPWM:PWMUDB:sc_kill\
	\BuzzerPWM:PWMUDB:min_kill\
	\BuzzerPWM:PWMUDB:db_tc\
	\BuzzerPWM:PWMUDB:dith_sel\
	Net_143
	Net_152
	Net_145
	\BuzzerPWM:PWMUDB:MODULE_1:b_31\
	\BuzzerPWM:PWMUDB:MODULE_1:b_30\
	\BuzzerPWM:PWMUDB:MODULE_1:b_29\
	\BuzzerPWM:PWMUDB:MODULE_1:b_28\
	\BuzzerPWM:PWMUDB:MODULE_1:b_27\
	\BuzzerPWM:PWMUDB:MODULE_1:b_26\
	\BuzzerPWM:PWMUDB:MODULE_1:b_25\
	\BuzzerPWM:PWMUDB:MODULE_1:b_24\
	\BuzzerPWM:PWMUDB:MODULE_1:b_23\
	\BuzzerPWM:PWMUDB:MODULE_1:b_22\
	\BuzzerPWM:PWMUDB:MODULE_1:b_21\
	\BuzzerPWM:PWMUDB:MODULE_1:b_20\
	\BuzzerPWM:PWMUDB:MODULE_1:b_19\
	\BuzzerPWM:PWMUDB:MODULE_1:b_18\
	\BuzzerPWM:PWMUDB:MODULE_1:b_17\
	\BuzzerPWM:PWMUDB:MODULE_1:b_16\
	\BuzzerPWM:PWMUDB:MODULE_1:b_15\
	\BuzzerPWM:PWMUDB:MODULE_1:b_14\
	\BuzzerPWM:PWMUDB:MODULE_1:b_13\
	\BuzzerPWM:PWMUDB:MODULE_1:b_12\
	\BuzzerPWM:PWMUDB:MODULE_1:b_11\
	\BuzzerPWM:PWMUDB:MODULE_1:b_10\
	\BuzzerPWM:PWMUDB:MODULE_1:b_9\
	\BuzzerPWM:PWMUDB:MODULE_1:b_8\
	\BuzzerPWM:PWMUDB:MODULE_1:b_7\
	\BuzzerPWM:PWMUDB:MODULE_1:b_6\
	\BuzzerPWM:PWMUDB:MODULE_1:b_5\
	\BuzzerPWM:PWMUDB:MODULE_1:b_4\
	\BuzzerPWM:PWMUDB:MODULE_1:b_3\
	\BuzzerPWM:PWMUDB:MODULE_1:b_2\
	\BuzzerPWM:PWMUDB:MODULE_1:b_1\
	\BuzzerPWM:PWMUDB:MODULE_1:b_0\
	\BuzzerPWM:PWMUDB:MODULE_1:g2:a0:a_31\
	\BuzzerPWM:PWMUDB:MODULE_1:g2:a0:a_30\
	\BuzzerPWM:PWMUDB:MODULE_1:g2:a0:a_29\
	\BuzzerPWM:PWMUDB:MODULE_1:g2:a0:a_28\
	\BuzzerPWM:PWMUDB:MODULE_1:g2:a0:a_27\
	\BuzzerPWM:PWMUDB:MODULE_1:g2:a0:a_26\
	\BuzzerPWM:PWMUDB:MODULE_1:g2:a0:a_25\
	\BuzzerPWM:PWMUDB:MODULE_1:g2:a0:a_24\
	\BuzzerPWM:PWMUDB:MODULE_1:g2:a0:b_31\
	\BuzzerPWM:PWMUDB:MODULE_1:g2:a0:b_30\
	\BuzzerPWM:PWMUDB:MODULE_1:g2:a0:b_29\
	\BuzzerPWM:PWMUDB:MODULE_1:g2:a0:b_28\
	\BuzzerPWM:PWMUDB:MODULE_1:g2:a0:b_27\
	\BuzzerPWM:PWMUDB:MODULE_1:g2:a0:b_26\
	\BuzzerPWM:PWMUDB:MODULE_1:g2:a0:b_25\
	\BuzzerPWM:PWMUDB:MODULE_1:g2:a0:b_24\
	\BuzzerPWM:PWMUDB:MODULE_1:g2:a0:b_23\
	\BuzzerPWM:PWMUDB:MODULE_1:g2:a0:b_22\
	\BuzzerPWM:PWMUDB:MODULE_1:g2:a0:b_21\
	\BuzzerPWM:PWMUDB:MODULE_1:g2:a0:b_20\
	\BuzzerPWM:PWMUDB:MODULE_1:g2:a0:b_19\
	\BuzzerPWM:PWMUDB:MODULE_1:g2:a0:b_18\
	\BuzzerPWM:PWMUDB:MODULE_1:g2:a0:b_17\
	\BuzzerPWM:PWMUDB:MODULE_1:g2:a0:b_16\
	\BuzzerPWM:PWMUDB:MODULE_1:g2:a0:b_15\
	\BuzzerPWM:PWMUDB:MODULE_1:g2:a0:b_14\
	\BuzzerPWM:PWMUDB:MODULE_1:g2:a0:b_13\
	\BuzzerPWM:PWMUDB:MODULE_1:g2:a0:b_12\
	\BuzzerPWM:PWMUDB:MODULE_1:g2:a0:b_11\
	\BuzzerPWM:PWMUDB:MODULE_1:g2:a0:b_10\
	\BuzzerPWM:PWMUDB:MODULE_1:g2:a0:b_9\
	\BuzzerPWM:PWMUDB:MODULE_1:g2:a0:b_8\
	\BuzzerPWM:PWMUDB:MODULE_1:g2:a0:b_7\
	\BuzzerPWM:PWMUDB:MODULE_1:g2:a0:b_6\
	\BuzzerPWM:PWMUDB:MODULE_1:g2:a0:b_5\
	\BuzzerPWM:PWMUDB:MODULE_1:g2:a0:b_4\
	\BuzzerPWM:PWMUDB:MODULE_1:g2:a0:b_3\
	\BuzzerPWM:PWMUDB:MODULE_1:g2:a0:b_2\
	\BuzzerPWM:PWMUDB:MODULE_1:g2:a0:b_1\
	\BuzzerPWM:PWMUDB:MODULE_1:g2:a0:b_0\
	\BuzzerPWM:PWMUDB:MODULE_1:g2:a0:s_31\
	\BuzzerPWM:PWMUDB:MODULE_1:g2:a0:s_30\
	\BuzzerPWM:PWMUDB:MODULE_1:g2:a0:s_29\
	\BuzzerPWM:PWMUDB:MODULE_1:g2:a0:s_28\
	\BuzzerPWM:PWMUDB:MODULE_1:g2:a0:s_27\
	\BuzzerPWM:PWMUDB:MODULE_1:g2:a0:s_26\
	\BuzzerPWM:PWMUDB:MODULE_1:g2:a0:s_25\
	\BuzzerPWM:PWMUDB:MODULE_1:g2:a0:s_24\
	\BuzzerPWM:PWMUDB:MODULE_1:g2:a0:s_23\
	\BuzzerPWM:PWMUDB:MODULE_1:g2:a0:s_22\
	\BuzzerPWM:PWMUDB:MODULE_1:g2:a0:s_21\
	\BuzzerPWM:PWMUDB:MODULE_1:g2:a0:s_20\
	\BuzzerPWM:PWMUDB:MODULE_1:g2:a0:s_19\
	\BuzzerPWM:PWMUDB:MODULE_1:g2:a0:s_18\
	\BuzzerPWM:PWMUDB:MODULE_1:g2:a0:s_17\
	\BuzzerPWM:PWMUDB:MODULE_1:g2:a0:s_16\
	\BuzzerPWM:PWMUDB:MODULE_1:g2:a0:s_15\
	\BuzzerPWM:PWMUDB:MODULE_1:g2:a0:s_14\
	\BuzzerPWM:PWMUDB:MODULE_1:g2:a0:s_13\
	\BuzzerPWM:PWMUDB:MODULE_1:g2:a0:s_12\
	\BuzzerPWM:PWMUDB:MODULE_1:g2:a0:s_11\
	\BuzzerPWM:PWMUDB:MODULE_1:g2:a0:s_10\
	\BuzzerPWM:PWMUDB:MODULE_1:g2:a0:s_9\
	\BuzzerPWM:PWMUDB:MODULE_1:g2:a0:s_8\
	\BuzzerPWM:PWMUDB:MODULE_1:g2:a0:s_7\
	\BuzzerPWM:PWMUDB:MODULE_1:g2:a0:s_6\
	\BuzzerPWM:PWMUDB:MODULE_1:g2:a0:s_5\
	\BuzzerPWM:PWMUDB:MODULE_1:g2:a0:s_4\
	\BuzzerPWM:PWMUDB:MODULE_1:g2:a0:s_3\
	\BuzzerPWM:PWMUDB:MODULE_1:g2:a0:s_2\
	\BuzzerPWM:PWMUDB:MODULE_1:g2:a0:g1:z1:s0:g1:u0:c_31\
	\BuzzerPWM:PWMUDB:MODULE_1:g2:a0:g1:z1:s0:g1:u0:c_30\
	\BuzzerPWM:PWMUDB:MODULE_1:g2:a0:g1:z1:s0:g1:u0:c_29\
	\BuzzerPWM:PWMUDB:MODULE_1:g2:a0:g1:z1:s0:g1:u0:c_28\
	\BuzzerPWM:PWMUDB:MODULE_1:g2:a0:g1:z1:s0:g1:u0:c_27\
	\BuzzerPWM:PWMUDB:MODULE_1:g2:a0:g1:z1:s0:g1:u0:c_26\
	\BuzzerPWM:PWMUDB:MODULE_1:g2:a0:g1:z1:s0:g1:u0:c_25\
	\BuzzerPWM:Net_139\
	\BuzzerPWM:Net_138\
	\BuzzerPWM:Net_183\
	\BuzzerPWM:Net_181\

    Synthesized names
	\BuzzerPWM:PWMUDB:add_vi_vv_MODGEN_1_31\
	\BuzzerPWM:PWMUDB:add_vi_vv_MODGEN_1_30\
	\BuzzerPWM:PWMUDB:add_vi_vv_MODGEN_1_29\
	\BuzzerPWM:PWMUDB:add_vi_vv_MODGEN_1_28\
	\BuzzerPWM:PWMUDB:add_vi_vv_MODGEN_1_27\
	\BuzzerPWM:PWMUDB:add_vi_vv_MODGEN_1_26\
	\BuzzerPWM:PWMUDB:add_vi_vv_MODGEN_1_25\
	\BuzzerPWM:PWMUDB:add_vi_vv_MODGEN_1_24\
	\BuzzerPWM:PWMUDB:add_vi_vv_MODGEN_1_23\
	\BuzzerPWM:PWMUDB:add_vi_vv_MODGEN_1_22\
	\BuzzerPWM:PWMUDB:add_vi_vv_MODGEN_1_21\
	\BuzzerPWM:PWMUDB:add_vi_vv_MODGEN_1_20\
	\BuzzerPWM:PWMUDB:add_vi_vv_MODGEN_1_19\
	\BuzzerPWM:PWMUDB:add_vi_vv_MODGEN_1_18\
	\BuzzerPWM:PWMUDB:add_vi_vv_MODGEN_1_17\
	\BuzzerPWM:PWMUDB:add_vi_vv_MODGEN_1_16\
	\BuzzerPWM:PWMUDB:add_vi_vv_MODGEN_1_15\
	\BuzzerPWM:PWMUDB:add_vi_vv_MODGEN_1_14\
	\BuzzerPWM:PWMUDB:add_vi_vv_MODGEN_1_13\
	\BuzzerPWM:PWMUDB:add_vi_vv_MODGEN_1_12\
	\BuzzerPWM:PWMUDB:add_vi_vv_MODGEN_1_11\
	\BuzzerPWM:PWMUDB:add_vi_vv_MODGEN_1_10\
	\BuzzerPWM:PWMUDB:add_vi_vv_MODGEN_1_9\
	\BuzzerPWM:PWMUDB:add_vi_vv_MODGEN_1_8\
	\BuzzerPWM:PWMUDB:add_vi_vv_MODGEN_1_7\
	\BuzzerPWM:PWMUDB:add_vi_vv_MODGEN_1_6\
	\BuzzerPWM:PWMUDB:add_vi_vv_MODGEN_1_5\
	\BuzzerPWM:PWMUDB:add_vi_vv_MODGEN_1_4\
	\BuzzerPWM:PWMUDB:add_vi_vv_MODGEN_1_3\
	\BuzzerPWM:PWMUDB:add_vi_vv_MODGEN_1_2\

Deleted 147 User equations/components.
Deleted 30 Synthesized equations/components.

------------------------------------------------------
Alias Detection
------------------------------------------------------
Aliasing \SCB_1:sclk_s_wire\ to \SCB_1:select_s_wire\
Aliasing \SCB_1:mosi_s_wire\ to \SCB_1:select_s_wire\
Aliasing \SCB_1:miso_m_wire\ to \SCB_1:select_s_wire\
Aliasing zero to \SCB_1:select_s_wire\
Aliasing one to \SCB_1:tmpOE__tx_net_0\
Aliasing \SCB_1:tmpOE__rx_net_0\ to \SCB_1:tmpOE__tx_net_0\
Aliasing \SCB_1:cts_wire\ to \SCB_1:select_s_wire\
Aliasing tmpOE__WinchUpPin_net_0 to \SCB_1:tmpOE__tx_net_0\
Aliasing tmpOE__WinchDownPin_net_0 to \SCB_1:tmpOE__tx_net_0\
Aliasing tmpOE__WinchInPin_net_0 to \SCB_1:tmpOE__tx_net_0\
Aliasing tmpOE__WinchOutPin_net_0 to \SCB_1:tmpOE__tx_net_0\
Aliasing tmpOE__OutBeforeDown_net_0 to \SCB_1:tmpOE__tx_net_0\
Aliasing tmpOE__UpBeforeIn_net_0 to \SCB_1:tmpOE__tx_net_0\
Aliasing tmpOE__Buzzer_net_0 to \SCB_1:tmpOE__tx_net_0\
Aliasing \BuzzerPWM:Net_180\ to \SCB_1:select_s_wire\
Aliasing \BuzzerPWM:PWMUDB:hwCapture\ to \SCB_1:select_s_wire\
Aliasing \BuzzerPWM:Net_178\ to \SCB_1:select_s_wire\
Aliasing \BuzzerPWM:PWMUDB:trig_out\ to \SCB_1:tmpOE__tx_net_0\
Aliasing \BuzzerPWM:Net_186\ to \SCB_1:select_s_wire\
Aliasing \BuzzerPWM:PWMUDB:runmode_enable\\S\ to \SCB_1:select_s_wire\
Aliasing \BuzzerPWM:Net_179\ to \SCB_1:tmpOE__tx_net_0\
Aliasing \BuzzerPWM:PWMUDB:ltch_kill_reg\\R\ to \BuzzerPWM:PWMUDB:runmode_enable\\R\
Aliasing \BuzzerPWM:PWMUDB:ltch_kill_reg\\S\ to \SCB_1:select_s_wire\
Aliasing \BuzzerPWM:PWMUDB:km_tc\ to \SCB_1:select_s_wire\
Aliasing \BuzzerPWM:PWMUDB:min_kill_reg\\R\ to \BuzzerPWM:PWMUDB:runmode_enable\\R\
Aliasing \BuzzerPWM:PWMUDB:min_kill_reg\\S\ to \SCB_1:select_s_wire\
Aliasing \BuzzerPWM:PWMUDB:final_kill\ to \SCB_1:tmpOE__tx_net_0\
Aliasing \BuzzerPWM:PWMUDB:dith_count_1\\R\ to \BuzzerPWM:PWMUDB:runmode_enable\\R\
Aliasing \BuzzerPWM:PWMUDB:dith_count_1\\S\ to \SCB_1:select_s_wire\
Aliasing \BuzzerPWM:PWMUDB:dith_count_0\\R\ to \BuzzerPWM:PWMUDB:runmode_enable\\R\
Aliasing \BuzzerPWM:PWMUDB:dith_count_0\\S\ to \SCB_1:select_s_wire\
Aliasing \BuzzerPWM:PWMUDB:status_6\ to \SCB_1:select_s_wire\
Aliasing \BuzzerPWM:PWMUDB:status_4\ to \SCB_1:select_s_wire\
Aliasing \BuzzerPWM:PWMUDB:cmp1_status_reg\\R\ to \BuzzerPWM:PWMUDB:runmode_enable\\R\
Aliasing \BuzzerPWM:PWMUDB:cmp1_status_reg\\S\ to \SCB_1:select_s_wire\
Aliasing \BuzzerPWM:PWMUDB:cmp2_status_reg\\R\ to \BuzzerPWM:PWMUDB:runmode_enable\\R\
Aliasing \BuzzerPWM:PWMUDB:cmp2_status_reg\\S\ to \SCB_1:select_s_wire\
Aliasing \BuzzerPWM:PWMUDB:final_kill_reg\\R\ to \BuzzerPWM:PWMUDB:runmode_enable\\R\
Aliasing \BuzzerPWM:PWMUDB:final_kill_reg\\S\ to \SCB_1:select_s_wire\
Aliasing \BuzzerPWM:PWMUDB:cs_addr_0\ to \BuzzerPWM:PWMUDB:runmode_enable\\R\
Aliasing \BuzzerPWM:PWMUDB:pwm_temp\ to \SCB_1:select_s_wire\
Aliasing \BuzzerPWM:PWMUDB:MODULE_1:g2:a0:a_23\ to \SCB_1:select_s_wire\
Aliasing \BuzzerPWM:PWMUDB:MODULE_1:g2:a0:a_22\ to \SCB_1:select_s_wire\
Aliasing \BuzzerPWM:PWMUDB:MODULE_1:g2:a0:a_21\ to \SCB_1:select_s_wire\
Aliasing \BuzzerPWM:PWMUDB:MODULE_1:g2:a0:a_20\ to \SCB_1:select_s_wire\
Aliasing \BuzzerPWM:PWMUDB:MODULE_1:g2:a0:a_19\ to \SCB_1:select_s_wire\
Aliasing \BuzzerPWM:PWMUDB:MODULE_1:g2:a0:a_18\ to \SCB_1:select_s_wire\
Aliasing \BuzzerPWM:PWMUDB:MODULE_1:g2:a0:a_17\ to \SCB_1:select_s_wire\
Aliasing \BuzzerPWM:PWMUDB:MODULE_1:g2:a0:a_16\ to \SCB_1:select_s_wire\
Aliasing \BuzzerPWM:PWMUDB:MODULE_1:g2:a0:a_15\ to \SCB_1:select_s_wire\
Aliasing \BuzzerPWM:PWMUDB:MODULE_1:g2:a0:a_14\ to \SCB_1:select_s_wire\
Aliasing \BuzzerPWM:PWMUDB:MODULE_1:g2:a0:a_13\ to \SCB_1:select_s_wire\
Aliasing \BuzzerPWM:PWMUDB:MODULE_1:g2:a0:a_12\ to \SCB_1:select_s_wire\
Aliasing \BuzzerPWM:PWMUDB:MODULE_1:g2:a0:a_11\ to \SCB_1:select_s_wire\
Aliasing \BuzzerPWM:PWMUDB:MODULE_1:g2:a0:a_10\ to \SCB_1:select_s_wire\
Aliasing \BuzzerPWM:PWMUDB:MODULE_1:g2:a0:a_9\ to \SCB_1:select_s_wire\
Aliasing \BuzzerPWM:PWMUDB:MODULE_1:g2:a0:a_8\ to \SCB_1:select_s_wire\
Aliasing \BuzzerPWM:PWMUDB:MODULE_1:g2:a0:a_7\ to \SCB_1:select_s_wire\
Aliasing \BuzzerPWM:PWMUDB:MODULE_1:g2:a0:a_6\ to \SCB_1:select_s_wire\
Aliasing \BuzzerPWM:PWMUDB:MODULE_1:g2:a0:a_5\ to \SCB_1:select_s_wire\
Aliasing \BuzzerPWM:PWMUDB:MODULE_1:g2:a0:a_4\ to \SCB_1:select_s_wire\
Aliasing \BuzzerPWM:PWMUDB:MODULE_1:g2:a0:a_3\ to \SCB_1:select_s_wire\
Aliasing \BuzzerPWM:PWMUDB:MODULE_1:g2:a0:a_2\ to \SCB_1:select_s_wire\
Aliasing \BuzzerPWM:PWMUDB:MODULE_1:g2:a0:g1:z1:s0:g1:u0:b_0\ to \SCB_1:tmpOE__tx_net_0\
Aliasing \BuzzerPWM:PWMUDB:tc_i_reg\\D\ to \BuzzerPWM:PWMUDB:status_2\
Removing Rhs of wire \SCB_1:rx_wire\[11] = \SCB_1:Net_1268\[12]
Removing Lhs of wire \SCB_1:Net_1170\[15] = \SCB_1:Net_847\[9]
Removing Lhs of wire \SCB_1:sclk_s_wire\[16] = \SCB_1:select_s_wire\[10]
Removing Lhs of wire \SCB_1:mosi_s_wire\[17] = \SCB_1:select_s_wire\[10]
Removing Lhs of wire \SCB_1:miso_m_wire\[18] = \SCB_1:select_s_wire\[10]
Removing Rhs of wire zero[25] = \SCB_1:select_s_wire\[10]
Removing Rhs of wire one[26] = \SCB_1:tmpOE__tx_net_0\[20]
Removing Lhs of wire \SCB_1:tmpOE__rx_net_0\[31] = one[26]
Removing Lhs of wire \SCB_1:cts_wire\[35] = zero[25]
Removing Lhs of wire tmpOE__WinchUpPin_net_0[62] = one[26]
Removing Lhs of wire tmpOE__WinchDownPin_net_0[68] = one[26]
Removing Lhs of wire tmpOE__WinchInPin_net_0[74] = one[26]
Removing Lhs of wire tmpOE__WinchOutPin_net_0[80] = one[26]
Removing Lhs of wire tmpOE__OutBeforeDown_net_0[86] = one[26]
Removing Lhs of wire tmpOE__UpBeforeIn_net_0[92] = one[26]
Removing Lhs of wire tmpOE__Buzzer_net_0[98] = one[26]
Removing Rhs of wire Net_144[99] = \BuzzerPWM:PWMUDB:pwm1_i_reg\[227]
Removing Lhs of wire \BuzzerPWM:Net_68\[107] = Net_142[435]
Removing Lhs of wire \BuzzerPWM:PWMUDB:ctrl_enable\[118] = \BuzzerPWM:PWMUDB:control_7\[110]
Removing Lhs of wire \BuzzerPWM:Net_180\[126] = zero[25]
Removing Lhs of wire \BuzzerPWM:PWMUDB:hwCapture\[129] = zero[25]
Removing Lhs of wire \BuzzerPWM:PWMUDB:hwEnable\[130] = \BuzzerPWM:PWMUDB:control_7\[110]
Removing Lhs of wire \BuzzerPWM:Net_178\[132] = zero[25]
Removing Lhs of wire \BuzzerPWM:PWMUDB:trig_out\[135] = one[26]
Removing Lhs of wire \BuzzerPWM:PWMUDB:runmode_enable\\R\[137] = zero[25]
Removing Lhs of wire \BuzzerPWM:Net_186\[138] = zero[25]
Removing Lhs of wire \BuzzerPWM:PWMUDB:runmode_enable\\S\[139] = zero[25]
Removing Lhs of wire \BuzzerPWM:PWMUDB:final_enable\[140] = \BuzzerPWM:PWMUDB:runmode_enable\[136]
Removing Lhs of wire \BuzzerPWM:Net_179\[143] = one[26]
Removing Lhs of wire \BuzzerPWM:PWMUDB:ltch_kill_reg\\R\[145] = zero[25]
Removing Lhs of wire \BuzzerPWM:PWMUDB:ltch_kill_reg\\S\[146] = zero[25]
Removing Lhs of wire \BuzzerPWM:PWMUDB:km_tc\[147] = zero[25]
Removing Lhs of wire \BuzzerPWM:PWMUDB:min_kill_reg\\R\[148] = zero[25]
Removing Lhs of wire \BuzzerPWM:PWMUDB:min_kill_reg\\S\[149] = zero[25]
Removing Lhs of wire \BuzzerPWM:PWMUDB:final_kill\[152] = one[26]
Removing Lhs of wire \BuzzerPWM:PWMUDB:add_vi_vv_MODGEN_1_1\[155] = \BuzzerPWM:PWMUDB:MODULE_1:g2:a0:s_1\[394]
Removing Lhs of wire \BuzzerPWM:PWMUDB:add_vi_vv_MODGEN_1_0\[157] = \BuzzerPWM:PWMUDB:MODULE_1:g2:a0:s_0\[395]
Removing Lhs of wire \BuzzerPWM:PWMUDB:dith_count_1\\R\[158] = zero[25]
Removing Lhs of wire \BuzzerPWM:PWMUDB:dith_count_1\\S\[159] = zero[25]
Removing Lhs of wire \BuzzerPWM:PWMUDB:dith_count_0\\R\[160] = zero[25]
Removing Lhs of wire \BuzzerPWM:PWMUDB:dith_count_0\\S\[161] = zero[25]
Removing Lhs of wire \BuzzerPWM:PWMUDB:status_6\[164] = zero[25]
Removing Rhs of wire \BuzzerPWM:PWMUDB:status_5\[165] = \BuzzerPWM:PWMUDB:final_kill_reg\[180]
Removing Lhs of wire \BuzzerPWM:PWMUDB:status_4\[166] = zero[25]
Removing Rhs of wire \BuzzerPWM:PWMUDB:status_3\[167] = \BuzzerPWM:PWMUDB:fifo_full\[187]
Removing Rhs of wire \BuzzerPWM:PWMUDB:status_1\[169] = \BuzzerPWM:PWMUDB:cmp2_status_reg\[179]
Removing Rhs of wire \BuzzerPWM:PWMUDB:status_0\[170] = \BuzzerPWM:PWMUDB:cmp1_status_reg\[178]
Removing Lhs of wire \BuzzerPWM:PWMUDB:cmp1_status_reg\\R\[181] = zero[25]
Removing Lhs of wire \BuzzerPWM:PWMUDB:cmp1_status_reg\\S\[182] = zero[25]
Removing Lhs of wire \BuzzerPWM:PWMUDB:cmp2_status_reg\\R\[183] = zero[25]
Removing Lhs of wire \BuzzerPWM:PWMUDB:cmp2_status_reg\\S\[184] = zero[25]
Removing Lhs of wire \BuzzerPWM:PWMUDB:final_kill_reg\\R\[185] = zero[25]
Removing Lhs of wire \BuzzerPWM:PWMUDB:final_kill_reg\\S\[186] = zero[25]
Removing Lhs of wire \BuzzerPWM:PWMUDB:cs_addr_2\[188] = \BuzzerPWM:PWMUDB:tc_i\[142]
Removing Lhs of wire \BuzzerPWM:PWMUDB:cs_addr_1\[189] = \BuzzerPWM:PWMUDB:runmode_enable\[136]
Removing Lhs of wire \BuzzerPWM:PWMUDB:cs_addr_0\[190] = zero[25]
Removing Lhs of wire \BuzzerPWM:PWMUDB:compare1\[223] = \BuzzerPWM:PWMUDB:cmp1_less\[194]
Removing Lhs of wire \BuzzerPWM:PWMUDB:compare2\[224] = \BuzzerPWM:PWMUDB:cmp2_less\[197]
Removing Lhs of wire \BuzzerPWM:PWMUDB:pwm_temp\[235] = zero[25]
Removing Lhs of wire \BuzzerPWM:PWMUDB:MODULE_1:g2:a0:a_23\[276] = zero[25]
Removing Lhs of wire \BuzzerPWM:PWMUDB:MODULE_1:g2:a0:a_22\[277] = zero[25]
Removing Lhs of wire \BuzzerPWM:PWMUDB:MODULE_1:g2:a0:a_21\[278] = zero[25]
Removing Lhs of wire \BuzzerPWM:PWMUDB:MODULE_1:g2:a0:a_20\[279] = zero[25]
Removing Lhs of wire \BuzzerPWM:PWMUDB:MODULE_1:g2:a0:a_19\[280] = zero[25]
Removing Lhs of wire \BuzzerPWM:PWMUDB:MODULE_1:g2:a0:a_18\[281] = zero[25]
Removing Lhs of wire \BuzzerPWM:PWMUDB:MODULE_1:g2:a0:a_17\[282] = zero[25]
Removing Lhs of wire \BuzzerPWM:PWMUDB:MODULE_1:g2:a0:a_16\[283] = zero[25]
Removing Lhs of wire \BuzzerPWM:PWMUDB:MODULE_1:g2:a0:a_15\[284] = zero[25]
Removing Lhs of wire \BuzzerPWM:PWMUDB:MODULE_1:g2:a0:a_14\[285] = zero[25]
Removing Lhs of wire \BuzzerPWM:PWMUDB:MODULE_1:g2:a0:a_13\[286] = zero[25]
Removing Lhs of wire \BuzzerPWM:PWMUDB:MODULE_1:g2:a0:a_12\[287] = zero[25]
Removing Lhs of wire \BuzzerPWM:PWMUDB:MODULE_1:g2:a0:a_11\[288] = zero[25]
Removing Lhs of wire \BuzzerPWM:PWMUDB:MODULE_1:g2:a0:a_10\[289] = zero[25]
Removing Lhs of wire \BuzzerPWM:PWMUDB:MODULE_1:g2:a0:a_9\[290] = zero[25]
Removing Lhs of wire \BuzzerPWM:PWMUDB:MODULE_1:g2:a0:a_8\[291] = zero[25]
Removing Lhs of wire \BuzzerPWM:PWMUDB:MODULE_1:g2:a0:a_7\[292] = zero[25]
Removing Lhs of wire \BuzzerPWM:PWMUDB:MODULE_1:g2:a0:a_6\[293] = zero[25]
Removing Lhs of wire \BuzzerPWM:PWMUDB:MODULE_1:g2:a0:a_5\[294] = zero[25]
Removing Lhs of wire \BuzzerPWM:PWMUDB:MODULE_1:g2:a0:a_4\[295] = zero[25]
Removing Lhs of wire \BuzzerPWM:PWMUDB:MODULE_1:g2:a0:a_3\[296] = zero[25]
Removing Lhs of wire \BuzzerPWM:PWMUDB:MODULE_1:g2:a0:a_2\[297] = zero[25]
Removing Lhs of wire \BuzzerPWM:PWMUDB:MODULE_1:g2:a0:a_1\[298] = \BuzzerPWM:PWMUDB:MODIN1_1\[299]
Removing Lhs of wire \BuzzerPWM:PWMUDB:MODIN1_1\[299] = \BuzzerPWM:PWMUDB:dith_count_1\[154]
Removing Lhs of wire \BuzzerPWM:PWMUDB:MODULE_1:g2:a0:a_0\[300] = \BuzzerPWM:PWMUDB:MODIN1_0\[301]
Removing Lhs of wire \BuzzerPWM:PWMUDB:MODIN1_0\[301] = \BuzzerPWM:PWMUDB:dith_count_0\[156]
Removing Lhs of wire \BuzzerPWM:PWMUDB:MODULE_1:g2:a0:g1:z1:s0:g1:u0:c_0\[433] = one[26]
Removing Lhs of wire \BuzzerPWM:PWMUDB:MODULE_1:g2:a0:g1:z1:s0:g1:u0:b_0\[434] = one[26]
Removing Lhs of wire \BuzzerPWM:PWMUDB:prevCapture\\D\[443] = zero[25]
Removing Lhs of wire \BuzzerPWM:PWMUDB:trig_last\\D\[444] = zero[25]
Removing Lhs of wire \BuzzerPWM:PWMUDB:prevCompare1\\D\[450] = \BuzzerPWM:PWMUDB:cmp1\[173]
Removing Lhs of wire \BuzzerPWM:PWMUDB:prevCompare2\\D\[451] = \BuzzerPWM:PWMUDB:cmp2\[176]
Removing Lhs of wire \BuzzerPWM:PWMUDB:cmp1_status_reg\\D\[452] = \BuzzerPWM:PWMUDB:cmp1_status\[174]
Removing Lhs of wire \BuzzerPWM:PWMUDB:cmp2_status_reg\\D\[453] = \BuzzerPWM:PWMUDB:cmp2_status\[177]
Removing Lhs of wire \BuzzerPWM:PWMUDB:pwm_i_reg\\D\[455] = \BuzzerPWM:PWMUDB:pwm_i\[226]
Removing Lhs of wire \BuzzerPWM:PWMUDB:pwm1_i_reg\\D\[456] = \BuzzerPWM:PWMUDB:pwm1_i\[228]
Removing Lhs of wire \BuzzerPWM:PWMUDB:pwm2_i_reg\\D\[457] = \BuzzerPWM:PWMUDB:pwm2_i\[230]
Removing Lhs of wire \BuzzerPWM:PWMUDB:tc_i_reg\\D\[458] = \BuzzerPWM:PWMUDB:status_2\[168]

------------------------------------------------------
Aliased 0 equations, 97 wires.
------------------------------------------------------

----------------------------------------------------------
Circuit simplification
----------------------------------------------------------

Substituting virtuals - pass 1:

Note:  Expanding virtual equation for 'one' (cost = 0):
one <=  ('1') ;

Note:  Expanding virtual equation for 'zero' (cost = 0):
zero <=  ('0') ;

Note:  Expanding virtual equation for '\BuzzerPWM:PWMUDB:cmp1\' (cost = 0):
\BuzzerPWM:PWMUDB:cmp1\ <= (\BuzzerPWM:PWMUDB:cmp1_less\);

Note:  Expanding virtual equation for '\BuzzerPWM:PWMUDB:cmp2\' (cost = 0):
\BuzzerPWM:PWMUDB:cmp2\ <= (\BuzzerPWM:PWMUDB:cmp2_less\);

Note:  Expanding virtual equation for '\BuzzerPWM:PWMUDB:MODULE_1:g2:a0:g1:z1:s0:g1:u0:c_1\' (cost = 0):
\BuzzerPWM:PWMUDB:MODULE_1:g2:a0:g1:z1:s0:g1:u0:c_1\ <= (\BuzzerPWM:PWMUDB:dith_count_0\);

Note:  Expanding virtual equation for '\BuzzerPWM:PWMUDB:MODULE_1:g2:a0:s_0\' (cost = 0):
\BuzzerPWM:PWMUDB:MODULE_1:g2:a0:s_0\ <= (not \BuzzerPWM:PWMUDB:dith_count_0\);

Note:  Expanding virtual equation for '\BuzzerPWM:PWMUDB:MODULE_1:g2:a0:g1:z1:s0:g1:u0:c_17\' (cost = 0):
\BuzzerPWM:PWMUDB:MODULE_1:g2:a0:g1:z1:s0:g1:u0:c_17\ <=  ('0') ;

Note:  Expanding virtual equation for '\BuzzerPWM:PWMUDB:MODULE_1:g2:a0:g1:z1:s0:g1:u0:c_9\' (cost = 0):
\BuzzerPWM:PWMUDB:MODULE_1:g2:a0:g1:z1:s0:g1:u0:c_9\ <=  ('0') ;

Note:  Expanding virtual equation for '\BuzzerPWM:PWMUDB:MODULE_1:g2:a0:g1:z1:s0:g1:u0:c_2\' (cost = 0):
\BuzzerPWM:PWMUDB:MODULE_1:g2:a0:g1:z1:s0:g1:u0:c_2\ <= ((\BuzzerPWM:PWMUDB:dith_count_1\ and \BuzzerPWM:PWMUDB:dith_count_0\));


Substituting virtuals - pass 2:

Note:  Expanding virtual equation for '\BuzzerPWM:PWMUDB:MODULE_1:g2:a0:s_1\' (cost = 2):
\BuzzerPWM:PWMUDB:MODULE_1:g2:a0:s_1\ <= ((not \BuzzerPWM:PWMUDB:dith_count_0\ and \BuzzerPWM:PWMUDB:dith_count_1\)
	OR (not \BuzzerPWM:PWMUDB:dith_count_1\ and \BuzzerPWM:PWMUDB:dith_count_0\));

Note:  Expanding virtual equation for '\BuzzerPWM:PWMUDB:MODULE_1:g2:a0:g1:z1:s0:g1:u0:c_18\' (cost = 0):
\BuzzerPWM:PWMUDB:MODULE_1:g2:a0:g1:z1:s0:g1:u0:c_18\ <=  ('0') ;

Note:  Expanding virtual equation for '\BuzzerPWM:PWMUDB:MODULE_1:g2:a0:g1:z1:s0:g1:u0:c_10\' (cost = 0):
\BuzzerPWM:PWMUDB:MODULE_1:g2:a0:g1:z1:s0:g1:u0:c_10\ <=  ('0') ;

Note:  Expanding virtual equation for '\BuzzerPWM:PWMUDB:MODULE_1:g2:a0:g1:z1:s0:g1:u0:c_3\' (cost = 0):
\BuzzerPWM:PWMUDB:MODULE_1:g2:a0:g1:z1:s0:g1:u0:c_3\ <=  ('0') ;


Substituting virtuals - pass 3:

Note:  Expanding virtual equation for '\BuzzerPWM:PWMUDB:MODULE_1:g2:a0:g1:z1:s0:g1:u0:c_19\' (cost = 0):
\BuzzerPWM:PWMUDB:MODULE_1:g2:a0:g1:z1:s0:g1:u0:c_19\ <=  ('0') ;

Note:  Expanding virtual equation for '\BuzzerPWM:PWMUDB:MODULE_1:g2:a0:g1:z1:s0:g1:u0:c_11\' (cost = 0):
\BuzzerPWM:PWMUDB:MODULE_1:g2:a0:g1:z1:s0:g1:u0:c_11\ <=  ('0') ;

Note:  Expanding virtual equation for '\BuzzerPWM:PWMUDB:MODULE_1:g2:a0:g1:z1:s0:g1:u0:c_4\' (cost = 0):
\BuzzerPWM:PWMUDB:MODULE_1:g2:a0:g1:z1:s0:g1:u0:c_4\ <=  ('0') ;


Substituting virtuals - pass 4:

Note:  Expanding virtual equation for '\BuzzerPWM:PWMUDB:MODULE_1:g2:a0:g1:z1:s0:g1:u0:c_20\' (cost = 0):
\BuzzerPWM:PWMUDB:MODULE_1:g2:a0:g1:z1:s0:g1:u0:c_20\ <=  ('0') ;

Note:  Expanding virtual equation for '\BuzzerPWM:PWMUDB:MODULE_1:g2:a0:g1:z1:s0:g1:u0:c_12\' (cost = 0):
\BuzzerPWM:PWMUDB:MODULE_1:g2:a0:g1:z1:s0:g1:u0:c_12\ <=  ('0') ;

Note:  Expanding virtual equation for '\BuzzerPWM:PWMUDB:MODULE_1:g2:a0:g1:z1:s0:g1:u0:c_5\' (cost = 0):
\BuzzerPWM:PWMUDB:MODULE_1:g2:a0:g1:z1:s0:g1:u0:c_5\ <=  ('0') ;


Substituting virtuals - pass 5:

Note:  Expanding virtual equation for '\BuzzerPWM:PWMUDB:MODULE_1:g2:a0:g1:z1:s0:g1:u0:c_21\' (cost = 0):
\BuzzerPWM:PWMUDB:MODULE_1:g2:a0:g1:z1:s0:g1:u0:c_21\ <=  ('0') ;

Note:  Expanding virtual equation for '\BuzzerPWM:PWMUDB:MODULE_1:g2:a0:g1:z1:s0:g1:u0:c_13\' (cost = 0):
\BuzzerPWM:PWMUDB:MODULE_1:g2:a0:g1:z1:s0:g1:u0:c_13\ <=  ('0') ;

Note:  Expanding virtual equation for '\BuzzerPWM:PWMUDB:MODULE_1:g2:a0:g1:z1:s0:g1:u0:c_6\' (cost = 0):
\BuzzerPWM:PWMUDB:MODULE_1:g2:a0:g1:z1:s0:g1:u0:c_6\ <=  ('0') ;


Substituting virtuals - pass 6:

Note:  Expanding virtual equation for '\BuzzerPWM:PWMUDB:MODULE_1:g2:a0:g1:z1:s0:g1:u0:c_22\' (cost = 0):
\BuzzerPWM:PWMUDB:MODULE_1:g2:a0:g1:z1:s0:g1:u0:c_22\ <=  ('0') ;

Note:  Expanding virtual equation for '\BuzzerPWM:PWMUDB:MODULE_1:g2:a0:g1:z1:s0:g1:u0:c_14\' (cost = 0):
\BuzzerPWM:PWMUDB:MODULE_1:g2:a0:g1:z1:s0:g1:u0:c_14\ <=  ('0') ;

Note:  Expanding virtual equation for '\BuzzerPWM:PWMUDB:MODULE_1:g2:a0:g1:z1:s0:g1:u0:c_7\' (cost = 0):
\BuzzerPWM:PWMUDB:MODULE_1:g2:a0:g1:z1:s0:g1:u0:c_7\ <=  ('0') ;


Substituting virtuals - pass 7:

Note:  Expanding virtual equation for '\BuzzerPWM:PWMUDB:MODULE_1:g2:a0:g1:z1:s0:g1:u0:c_23\' (cost = 0):
\BuzzerPWM:PWMUDB:MODULE_1:g2:a0:g1:z1:s0:g1:u0:c_23\ <=  ('0') ;

Note:  Expanding virtual equation for '\BuzzerPWM:PWMUDB:MODULE_1:g2:a0:g1:z1:s0:g1:u0:c_15\' (cost = 0):
\BuzzerPWM:PWMUDB:MODULE_1:g2:a0:g1:z1:s0:g1:u0:c_15\ <=  ('0') ;


Substituting virtuals - pass 8:


----------------------------------------------------------
Circuit simplification results:

	Expanded 27 signals.
	Turned 0 signals into soft nodes.
	Maximum default expansion cost was set at 3.
----------------------------------------------------------

------------------------------------------------------
Alias Detection
------------------------------------------------------
Aliasing \BuzzerPWM:PWMUDB:final_capture\ to zero
Aliasing \BuzzerPWM:PWMUDB:pwm_i\ to zero
Aliasing \BuzzerPWM:PWMUDB:MODULE_1:g2:a0:g1:z1:s0:g1:u0:b_24\ to zero
Aliasing \BuzzerPWM:PWMUDB:MODULE_1:g2:a0:g1:z1:s0:g1:u0:b_16\ to zero
Aliasing \BuzzerPWM:PWMUDB:MODULE_1:g2:a0:g1:z1:s0:g1:u0:b_8\ to zero
Aliasing \BuzzerPWM:PWMUDB:min_kill_reg\\D\ to one
Aliasing \BuzzerPWM:PWMUDB:ltch_kill_reg\\D\ to one
Aliasing \BuzzerPWM:PWMUDB:final_kill_reg\\D\ to zero
Removing Lhs of wire \BuzzerPWM:PWMUDB:final_capture\[192] = zero[25]
Removing Lhs of wire \BuzzerPWM:PWMUDB:pwm_i\[226] = zero[25]
Removing Lhs of wire \BuzzerPWM:PWMUDB:MODULE_1:g2:a0:g1:z1:s0:g1:u0:b_24\[404] = zero[25]
Removing Lhs of wire \BuzzerPWM:PWMUDB:MODULE_1:g2:a0:g1:z1:s0:g1:u0:b_16\[414] = zero[25]
Removing Lhs of wire \BuzzerPWM:PWMUDB:MODULE_1:g2:a0:g1:z1:s0:g1:u0:b_8\[424] = zero[25]
Removing Lhs of wire \BuzzerPWM:PWMUDB:min_kill_reg\\D\[442] = one[26]
Removing Lhs of wire \BuzzerPWM:PWMUDB:runmode_enable\\D\[445] = \BuzzerPWM:PWMUDB:control_7\[110]
Removing Lhs of wire \BuzzerPWM:PWMUDB:ltch_kill_reg\\D\[447] = one[26]
Removing Lhs of wire \BuzzerPWM:PWMUDB:final_kill_reg\\D\[454] = zero[25]

------------------------------------------------------
Aliased 0 equations, 9 wires.
------------------------------------------------------

----------------------------------------------------------
Circuit simplification
----------------------------------------------------------

Eliminating unused logic - pass 1:


Eliminating unused logic - pass 2:


Substituting virtuals - pass 1:


----------------------------------------------------------
Circuit simplification results:

	Expanded 0 signals.
	Turned 0 signals into soft nodes.
	Maximum default expansion cost was set at 3.
----------------------------------------------------------

topld:  No errors.

CYPRESS_DIR    : C:\Program Files (x86)\Cypress\PSoC Creator\4.2\PSoC Creator\warp
Warp Program   : C:\Program Files (x86)\Cypress\PSoC Creator\4.2\PSoC Creator\warp\bin\warp.exe
Warp Arguments : -yv2 -q10 -ygs -o2 -v3 -.fftcfgtype=LE -ya "-.fftprj=C:\Users\Yehuda Ben Chaim\Google Drive\My Projects\WW\FW\WorkingCopy\WWV1_0\WW\BLE_Imp.cydsn\BLE_Imp.cyprj" -dcpsoc3 BLE_Imp.v -verilog
</CYPRESSTAG>
Warp synthesis phase: Elapsed time ==> 1s.195ms
<CYPRESSTAG name="Fitter results...">
<CYPRESSTAG name="Fitter startup details...">
cyp3fit: V4.2.0.641, Family: PSoC3, Started at: Monday, 31 December 2018 22:41:59
Options: -yv2 -q10 -ygs -o2 -v3 -.fftcfgtype=LE -ya -.fftprj=C:\Users\Yehuda Ben Chaim\Google Drive\My Projects\WW\FW\WorkingCopy\WWV1_0\WW\BLE_Imp.cydsn\BLE_Imp.cyprj -d CYBLE-224110-00 BLE_Imp.v -verilog
</CYPRESSTAG>
<CYPRESSTAG name="Design parsing">
Design parsing phase: Elapsed time ==> 0s.013ms
</CYPRESSTAG>
<CYPRESSTAG name="Tech Mapping">
<CYPRESSTAG name="Initial Mapping" icon="FILE_RPT_TECHM">
    Removed wire end \BuzzerPWM:PWMUDB:MODULE_1:g2:a0:g1:z1:s0:g1:u0:c_24\ kept zero
    Removed wire end \BuzzerPWM:PWMUDB:MODULE_1:g2:a0:g1:z1:s0:g1:u0:c_16\ kept zero
    Removed wire end \BuzzerPWM:PWMUDB:MODULE_1:g2:a0:g1:z1:s0:g1:u0:c_8\ kept zero
    Converted constant MacroCell: \BuzzerPWM:PWMUDB:prevCapture\ from registered to combinatorial
    Converted constant MacroCell: \BuzzerPWM:PWMUDB:trig_last\ from registered to combinatorial
    Converted constant MacroCell: \BuzzerPWM:PWMUDB:status_5\ from registered to combinatorial
    Converted constant MacroCell: \BuzzerPWM:PWMUDB:pwm_i_reg\ from registered to combinatorial
Assigning clock BLE_LFCLK to clock LFClk because it is a pass-through

Removing unused cells resulting from optimization
Done removing unused cells.
<CYPRESSTAG name="Global Clock Selection" icon="FILE_RPT_TECHM">
    Fixed Function Clock 1: Automatic-assigning  clock 'SCB_1_SCBCLK'. Signal=\SCB_1:Net_847_ff1\
    Digital Clock 0: Automatic-assigning  clock 'PWM_CLK'. Fanout=1, Signal=Net_142_digital
<CYPRESSTAG name="UDB Clock/Enable Remapping Results">
    UDB Clk/Enable \BuzzerPWM:PWMUDB:clock_enable_block\: with output requested to be synchronous
        ClockIn: ClockGenBlock:m0s8clockgenblockcell.gen_clk_out_0 was determined to be a global clock that is synchronous to HFClk
        EnableIn: Constant 1 was determined to be synchronous to ClockIn
        ClockOut: ClockGenBlock:m0s8clockgenblockcell.gen_clk_out_0, EnableOut: Constant 1
</CYPRESSTAG>
</CYPRESSTAG>

Removing unused cells resulting from optimization
Done removing unused cells.
ADD: pft.M0040: information: The following 3 pin(s) will be assigned a location by the fitter: \SCB_1:rx(0)\, OutBeforeDown(0), UpBeforeIn(0)


Removing unused cells resulting from optimization
Done removing unused cells.
<CYPRESSTAG name="Duplicate Macrocell detection">
</CYPRESSTAG>
</CYPRESSTAG>
<CYPRESSTAG name="Duplicate Macrocell detection">

Removing unused cells resulting from optimization
Done removing unused cells.
</CYPRESSTAG>
<CYPRESSTAG name="Design Equations" icon="FILE_RPT_EQUATION">

------------------------------------------------------------
Design Equations
------------------------------------------------------------
    <CYPRESSTAG name="Pin listing">

    ------------------------------------------------------------
    Pin listing
    ------------------------------------------------------------

    Pin : Name = \SCB_1:tx(0)\
        Attributes:
            In Group/Port: True
            In Sync Option: NOSYNC
            Out Sync Option: NOSYNC
            Interrupt generated: False
            Interrupt mode: NONE
            Drive mode: CMOS_OUT
            VTrip: CMOS
            Slew: FAST
            Input Sync needed: False
            Output Sync needed: False
            SC shield enabled: False
            POR State: ANY
            LCD Mode: COMMON
            Register Mode: RegComb
            CaSense Mode: NEITHER
            Treat as pin: True
            Is OE Registered: False
            Uses Analog: False
            Can contain Digital: True
            Is SIO: False
            SIO Output Buf: NONREGULATED
            SIO Input Buf: SINGLE_ENDED
            SIO HiFreq: LOW
            SIO Hyst: DISABLED
            SIO Vtrip: MULTIPLIER_0_5
            SIO Multiplier Index: 0
            SIO RefSel: VCC_IO
            Required Capabilities: DIGITAL
            Initial Value: 1
            IO Voltage: 0
        PORT MAP (
            pa_out => \SCB_1:tx(0)\__PA ,
            pin_input => \SCB_1:tx_wire\ ,
            pad => \SCB_1:tx(0)_PAD\ );
        Properties:
        {
        }

    Pin : Name = \SCB_1:rx(0)\
        Attributes:
            In Group/Port: True
            In Sync Option: NOSYNC
            Out Sync Option: AUTO
            Interrupt generated: False
            Interrupt mode: NONE
            Drive mode: HI_Z_DIGITAL
            VTrip: CMOS
            Slew: FAST
            Input Sync needed: False
            Output Sync needed: False
            SC shield enabled: False
            POR State: ANY
            LCD Mode: COMMON
            Register Mode: RegComb
            CaSense Mode: NEITHER
            Treat as pin: True
            Is OE Registered: False
            Uses Analog: False
            Can contain Digital: True
            Is SIO: False
            SIO Output Buf: NONREGULATED
            SIO Input Buf: SINGLE_ENDED
            SIO HiFreq: LOW
            SIO Hyst: DISABLED
            SIO Vtrip: MULTIPLIER_0_5
            SIO Multiplier Index: 0
            SIO RefSel: VCC_IO
            Required Capabilities: DIGITAL
            Initial Value: 0
            IO Voltage: 0
        PORT MAP (
            pa_out => \SCB_1:rx(0)\__PA ,
            fb => \SCB_1:rx_wire\ ,
            pad => \SCB_1:rx(0)_PAD\ );

    Pin : Name = WinchUpPin(0)
        Attributes:
            In Group/Port: True
            In Sync Option: AUTO
            Out Sync Option: NOSYNC
            Interrupt generated: False
            Interrupt mode: NONE
            Drive mode: RES_PULL_DOWN
            VTrip: EITHER
            Slew: FAST
            Input Sync needed: False
            Output Sync needed: False
            SC shield enabled: False
            POR State: ANY
            LCD Mode: COMMON
            Register Mode: RegComb
            CaSense Mode: NEITHER
            Treat as pin: True
            Is OE Registered: False
            Uses Analog: False
            Can contain Digital: True
            Is SIO: False
            SIO Output Buf: NONREGULATED
            SIO Input Buf: SINGLE_ENDED
            SIO HiFreq: LOW
            SIO Hyst: DISABLED
            SIO Vtrip: MULTIPLIER_0_5
            SIO Multiplier Index: 0
            SIO RefSel: VCC_IO
            Required Capabilities: DIGITAL
            Initial Value: 0
            IO Voltage: 0
        PORT MAP (
            pa_out => WinchUpPin(0)__PA ,
            pad => WinchUpPin(0)_PAD );
        Properties:
        {
        }

    Pin : Name = WinchDownPin(0)
        Attributes:
            In Group/Port: True
            In Sync Option: AUTO
            Out Sync Option: NOSYNC
            Interrupt generated: False
            Interrupt mode: NONE
            Drive mode: RES_PULL_DOWN
            VTrip: EITHER
            Slew: FAST
            Input Sync needed: False
            Output Sync needed: False
            SC shield enabled: False
            POR State: ANY
            LCD Mode: COMMON
            Register Mode: RegComb
            CaSense Mode: NEITHER
            Treat as pin: True
            Is OE Registered: False
            Uses Analog: False
            Can contain Digital: True
            Is SIO: False
            SIO Output Buf: NONREGULATED
            SIO Input Buf: SINGLE_ENDED
            SIO HiFreq: LOW
            SIO Hyst: DISABLED
            SIO Vtrip: MULTIPLIER_0_5
            SIO Multiplier Index: 0
            SIO RefSel: VCC_IO
            Required Capabilities: DIGITAL
            Initial Value: 0
            IO Voltage: 0
        PORT MAP (
            pa_out => WinchDownPin(0)__PA ,
            pad => WinchDownPin(0)_PAD );
        Properties:
        {
        }

    Pin : Name = WinchInPin(0)
        Attributes:
            In Group/Port: True
            In Sync Option: AUTO
            Out Sync Option: NOSYNC
            Interrupt generated: False
            Interrupt mode: NONE
            Drive mode: RES_PULL_DOWN
            VTrip: EITHER
            Slew: FAST
            Input Sync needed: False
            Output Sync needed: False
            SC shield enabled: False
            POR State: ANY
            LCD Mode: COMMON
            Register Mode: RegComb
            CaSense Mode: NEITHER
            Treat as pin: True
            Is OE Registered: False
            Uses Analog: False
            Can contain Digital: True
            Is SIO: False
            SIO Output Buf: NONREGULATED
            SIO Input Buf: SINGLE_ENDED
            SIO HiFreq: LOW
            SIO Hyst: DISABLED
            SIO Vtrip: MULTIPLIER_0_5
            SIO Multiplier Index: 0
            SIO RefSel: VCC_IO
            Required Capabilities: DIGITAL
            Initial Value: 0
            IO Voltage: 0
        PORT MAP (
            pa_out => WinchInPin(0)__PA ,
            pad => WinchInPin(0)_PAD );
        Properties:
        {
        }

    Pin : Name = WinchOutPin(0)
        Attributes:
            In Group/Port: True
            In Sync Option: AUTO
            Out Sync Option: NOSYNC
            Interrupt generated: False
            Interrupt mode: NONE
            Drive mode: RES_PULL_DOWN
            VTrip: EITHER
            Slew: FAST
            Input Sync needed: False
            Output Sync needed: False
            SC shield enabled: False
            POR State: ANY
            LCD Mode: COMMON
            Register Mode: RegComb
            CaSense Mode: NEITHER
            Treat as pin: True
            Is OE Registered: False
            Uses Analog: False
            Can contain Digital: True
            Is SIO: False
            SIO Output Buf: NONREGULATED
            SIO Input Buf: SINGLE_ENDED
            SIO HiFreq: LOW
            SIO Hyst: DISABLED
            SIO Vtrip: MULTIPLIER_0_5
            SIO Multiplier Index: 0
            SIO RefSel: VCC_IO
            Required Capabilities: DIGITAL
            Initial Value: 0
            IO Voltage: 0
        PORT MAP (
            pa_out => WinchOutPin(0)__PA ,
            pad => WinchOutPin(0)_PAD );
        Properties:
        {
        }

    Pin : Name = OutBeforeDown(0)
        Attributes:
            In Group/Port: True
            In Sync Option: NOSYNC
            Out Sync Option: AUTO
            Interrupt generated: True
            Interrupt mode: FALLING
            Drive mode: HI_Z_DIGITAL
            VTrip: CMOS
            Slew: FAST
            Input Sync needed: False
            Output Sync needed: False
            SC shield enabled: False
            POR State: ANY
            LCD Mode: COMMON
            Register Mode: RegComb
            CaSense Mode: NEITHER
            Treat as pin: False
            Is OE Registered: False
            Uses Analog: False
            Can contain Digital: True
            Is SIO: False
            SIO Output Buf: NONREGULATED
            SIO Input Buf: SINGLE_ENDED
            SIO HiFreq: LOW
            SIO Hyst: DISABLED
            SIO Vtrip: MULTIPLIER_0_5
            SIO Multiplier Index: 0
            SIO RefSel: VCC_IO
            Required Capabilities: DIGITAL
            Initial Value: 0
            IO Voltage: 0
        PORT MAP (
            pa_out => OutBeforeDown(0)__PA ,
            pad => OutBeforeDown(0)_PAD );

    Pin : Name = UpBeforeIn(0)
        Attributes:
            In Group/Port: True
            In Sync Option: NOSYNC
            Out Sync Option: AUTO
            Interrupt generated: True
            Interrupt mode: FALLING
            Drive mode: HI_Z_DIGITAL
            VTrip: CMOS
            Slew: FAST
            Input Sync needed: False
            Output Sync needed: False
            SC shield enabled: False
            POR State: ANY
            LCD Mode: COMMON
            Register Mode: RegComb
            CaSense Mode: NEITHER
            Treat as pin: False
            Is OE Registered: False
            Uses Analog: False
            Can contain Digital: True
            Is SIO: False
            SIO Output Buf: NONREGULATED
            SIO Input Buf: SINGLE_ENDED
            SIO HiFreq: LOW
            SIO Hyst: DISABLED
            SIO Vtrip: MULTIPLIER_0_5
            SIO Multiplier Index: 0
            SIO RefSel: VCC_IO
            Required Capabilities: DIGITAL
            Initial Value: 0
            IO Voltage: 0
        PORT MAP (
            pa_out => UpBeforeIn(0)__PA ,
            pad => UpBeforeIn(0)_PAD );

    Pin : Name = Buzzer(0)
        Attributes:
            In Group/Port: True
            In Sync Option: AUTO
            Out Sync Option: NOSYNC
            Interrupt generated: False
            Interrupt mode: NONE
            Drive mode: CMOS_OUT
            VTrip: EITHER
            Slew: FAST
            Input Sync needed: False
            Output Sync needed: False
            SC shield enabled: False
            POR State: ANY
            LCD Mode: COMMON
            Register Mode: RegComb
            CaSense Mode: NEITHER
            Treat as pin: True
            Is OE Registered: False
            Uses Analog: False
            Can contain Digital: True
            Is SIO: False
            SIO Output Buf: NONREGULATED
            SIO Input Buf: SINGLE_ENDED
            SIO HiFreq: LOW
            SIO Hyst: DISABLED
            SIO Vtrip: MULTIPLIER_0_5
            SIO Multiplier Index: 0
            SIO RefSel: VCC_IO
            Required Capabilities: DIGITAL, ROUTABLE
            Initial Value: 1
            IO Voltage: 0
        PORT MAP (
            pa_out => Buzzer(0)__PA ,
            pin_input => Net_144 ,
            pad => Buzzer(0)_PAD );
        Properties:
        {
        }
    </CYPRESSTAG>
    <CYPRESSTAG name="Macrocell listing" icon="FILE_RPT_EQUATION">

    ------------------------------------------------------------
    Macrocell listing
    ------------------------------------------------------------

    MacroCell: Name=\BuzzerPWM:PWMUDB:status_2\, Mode=(Combinatorial)
        Total # of inputs        : 2
        Total # of product terms : 1
            Clock Enable: True
        Main Equation            : 1 pterm
        (
              \BuzzerPWM:PWMUDB:runmode_enable\ * \BuzzerPWM:PWMUDB:tc_i\
        );
        Output = \BuzzerPWM:PWMUDB:status_2\ (fanout=1)

    MacroCell: Name=\BuzzerPWM:PWMUDB:runmode_enable\, Mode=(D-Register)
        Total # of inputs        : 1
        Total # of product terms : 1
        List of special equations: 
            Clock  = (Net_142_digital) => Global
            Clock Enable: True
        Main Equation            : 1 pterm
        (
              \BuzzerPWM:PWMUDB:control_7\
        );
        Output = \BuzzerPWM:PWMUDB:runmode_enable\ (fanout=3)

    MacroCell: Name=\BuzzerPWM:PWMUDB:prevCompare1\, Mode=(D-Register)
        Total # of inputs        : 1
        Total # of product terms : 1
        List of special equations: 
            Clock  = (Net_142_digital) => Global
            Clock Enable: True
        Main Equation            : 1 pterm
        (
              \BuzzerPWM:PWMUDB:cmp1_less\
        );
        Output = \BuzzerPWM:PWMUDB:prevCompare1\ (fanout=1)

    MacroCell: Name=\BuzzerPWM:PWMUDB:prevCompare2\, Mode=(D-Register)
        Total # of inputs        : 1
        Total # of product terms : 1
        List of special equations: 
            Clock  = (Net_142_digital) => Global
            Clock Enable: True
        Main Equation            : 1 pterm
        (
              \BuzzerPWM:PWMUDB:cmp2_less\
        );
        Output = \BuzzerPWM:PWMUDB:prevCompare2\ (fanout=1)

    MacroCell: Name=\BuzzerPWM:PWMUDB:status_0\, Mode=(D-Register)
        Total # of inputs        : 2
        Total # of product terms : 1
        List of special equations: 
            Clock  = (Net_142_digital) => Global
            Clock Enable: True
        Main Equation            : 1 pterm
        (
              !\BuzzerPWM:PWMUDB:prevCompare1\ * \BuzzerPWM:PWMUDB:cmp1_less\
        );
        Output = \BuzzerPWM:PWMUDB:status_0\ (fanout=1)

    MacroCell: Name=\BuzzerPWM:PWMUDB:status_1\, Mode=(D-Register)
        Total # of inputs        : 2
        Total # of product terms : 1
        List of special equations: 
            Clock  = (Net_142_digital) => Global
            Clock Enable: True
        Main Equation            : 1 pterm
        (
              !\BuzzerPWM:PWMUDB:prevCompare2\ * \BuzzerPWM:PWMUDB:cmp2_less\
        );
        Output = \BuzzerPWM:PWMUDB:status_1\ (fanout=1)

    MacroCell: Name=Net_144, Mode=(D-Register)
        Total # of inputs        : 2
        Total # of product terms : 1
        List of special equations: 
            Clock  = (Net_142_digital) => Global
            Clock Enable: True
        Main Equation            : 1 pterm
        (
              \BuzzerPWM:PWMUDB:runmode_enable\ * 
              \BuzzerPWM:PWMUDB:cmp1_less\
        );
        Output = Net_144 (fanout=1)
    </CYPRESSTAG>
    <CYPRESSTAG name="Datapath listing">

    ------------------------------------------------------------
    Datapath listing
    ------------------------------------------------------------

    datapathcell: Name =\BuzzerPWM:PWMUDB:sP8:pwmdp:u0\
        PORT MAP (
            clock => Net_142_digital ,
            cs_addr_2 => \BuzzerPWM:PWMUDB:tc_i\ ,
            cs_addr_1 => \BuzzerPWM:PWMUDB:runmode_enable\ ,
            cl0_comb => \BuzzerPWM:PWMUDB:cmp1_less\ ,
            z0_comb => \BuzzerPWM:PWMUDB:tc_i\ ,
            cl1_comb => \BuzzerPWM:PWMUDB:cmp2_less\ ,
            f1_blk_stat_comb => \BuzzerPWM:PWMUDB:status_3\ );
        Properties:
        {
            a0_init = "00000000"
            a1_init = "00000000"
            ce0_sync = 1
            ce1_sync = 1
            cl0_sync = 1
            cl1_sync = 1
            cmsb_sync = 1
            co_msb_sync = 1
            cy_dpconfig = "0000000001000000000000001100000001000000010000000000000011000000000000001100000000000000110000000000000011000000000000001100000011111111000000001111111111111111101000000000000000000100000000000000000000011000"
            d0_init = "00000000"
            d1_init = "00000000"
            f0_blk_sync = 1
            f0_bus_sync = 1
            f1_blk_sync = 1
            f1_bus_sync = 1
            ff0_sync = 1
            ff1_sync = 1
            ov_msb_sync = 1
            so_sync = 1
            z0_sync = 1
            z1_sync = 1
        }
        Clock Polarity: Active High
        Clock Enable: True
    </CYPRESSTAG>
    <CYPRESSTAG name="Status register listing">
    </CYPRESSTAG>
    <CYPRESSTAG name="StatusI register listing">

    ------------------------------------------------------------
    StatusI register listing
    ------------------------------------------------------------

    statusicell: Name =\BuzzerPWM:PWMUDB:genblk8:stsreg\
        PORT MAP (
            clock => Net_142_digital ,
            status_3 => \BuzzerPWM:PWMUDB:status_3\ ,
            status_2 => \BuzzerPWM:PWMUDB:status_2\ ,
            status_1 => \BuzzerPWM:PWMUDB:status_1\ ,
            status_0 => \BuzzerPWM:PWMUDB:status_0\ );
        Properties:
        {
            cy_force_order = 1
            cy_int_mask = "1111111"
            cy_md_select = "0100111"
        }
        Clock Polarity: Active High
        Clock Enable: True
    </CYPRESSTAG>
    <CYPRESSTAG name="Sync listing">
    </CYPRESSTAG>
    <CYPRESSTAG name="Control register listing">

    ------------------------------------------------------------
    Control register listing
    ------------------------------------------------------------

    controlcell: Name =\BuzzerPWM:PWMUDB:genblk1:ctrlreg\
        PORT MAP (
            clock => Net_142_digital ,
            control_7 => \BuzzerPWM:PWMUDB:control_7\ ,
            control_6 => \BuzzerPWM:PWMUDB:control_6\ ,
            control_5 => \BuzzerPWM:PWMUDB:control_5\ ,
            control_4 => \BuzzerPWM:PWMUDB:control_4\ ,
            control_3 => \BuzzerPWM:PWMUDB:control_3\ ,
            control_2 => \BuzzerPWM:PWMUDB:control_2\ ,
            control_1 => \BuzzerPWM:PWMUDB:control_1\ ,
            control_0 => \BuzzerPWM:PWMUDB:control_0\ );
        Properties:
        {
            cy_ctrl_mode_0 = "11111111"
            cy_ctrl_mode_1 = "00000000"
            cy_ext_reset = 0
            cy_force_order = 1
            cy_init_value = "00000000"
        }
        Clock Polarity: Active High
        Clock Enable: True
    </CYPRESSTAG>
    <CYPRESSTAG name="Count7 listing">
    </CYPRESSTAG>
    <CYPRESSTAG name="DRQ listing">
    </CYPRESSTAG>
    <CYPRESSTAG name="Interrupt listing">

    ------------------------------------------------------------
    Interrupt listing
    ------------------------------------------------------------

    interrupt: Name =\BLE:bless_isr\
        PORT MAP (
            interrupt => \BLE:Net_15\ );
        Properties:
        {
            int_type = "10"
            is_nmi = 0
        }
    </CYPRESSTAG>
</CYPRESSTAG>
<CYPRESSTAG name="Technology mapping summary" expanded>

------------------------------------------------------------
Technology mapping summary
------------------------------------------------------------

Resource Type                 : Used : Free :  Max :  % Used
============================================================
Digital Clocks                :    1 :    3 :    4 : 25.00 %
Interrupts                    :    1 :   31 :   32 :  3.13 %
IO                            :   11 :   18 :   29 : 37.93 %
Segment LCD                   :    0 :    1 :    1 :  0.00 %
CapSense                      :    0 :    1 :    1 :  0.00 %
Die Temp                      :    0 :    1 :    1 :  0.00 %
Serial Communication (SCB)    :    1 :    1 :    2 : 50.00 %
BLE                           :    1 :    0 :    1 : 100.00 %
Timer/Counter/PWM             :    0 :    4 :    4 :  0.00 %
UDB                           :      :      :      :        
  Macrocells                  :    7 :   25 :   32 : 21.88 %
  Unique P-terms              :    7 :   57 :   64 : 10.94 %
  Total P-terms               :    7 :      :      :        
  Datapath Cells              :    1 :    3 :    4 : 25.00 %
  Status Cells                :    1 :    3 :    4 : 25.00 %
    StatusI Registers         :    1 :      :      :        
  Control Cells               :    1 :    3 :    4 : 25.00 %
    Control Registers         :    1 :      :      :        
Comparator/Opamp              :    0 :    4 :    4 :  0.00 %
LP Comparator                 :    0 :    1 :    1 :  0.00 %
SAR ADC                       :    0 :    1 :    1 :  0.00 %
DAC                           :      :      :      :        
  7-bit IDAC                  :    0 :    1 :    1 :  0.00 %
  8-bit IDAC                  :    0 :    1 :    1 :  0.00 %
</CYPRESSTAG>
Technology Mapping: Elapsed time ==> 0s.107ms
Tech Mapping phase: Elapsed time ==> 0s.141ms
</CYPRESSTAG>
<CYPRESSTAG name="Analog Placement">
<CYPRESSTAG name="FFB & IO Pre Placement">
<CYPRESSTAG name="Placement" icon="FILE_RPT_PLACEMENT">

Cell                                : Block                              
=========================================================================
\SCB_1:tx(0)\                       : [IOP=(0)][IoId=(1)]                
WinchUpPin(0)                       : [IOP=(1)][IoId=(3)]                
WinchDownPin(0)                     : [IOP=(1)][IoId=(5)]                
WinchInPin(0)                       : [IOP=(1)][IoId=(1)]                
WinchOutPin(0)                      : [IOP=(1)][IoId=(2)]                
Buzzer(0)                           : [IOP=(2)][IoId=(4)]                
ClockGenBlock                       : CLK_GEN_[FFB(CLK_GEN,0)]           
\BLE:cy_m0s8_ble\                   : BLE_[FFB(BLE,0)]                   
\SCB_1:SCB\                         : SCB_[FFB(SCB,1)]                   
\SCB_1:rx(0)\                       : [IOP=(3)][IoId=(4)]                
OutBeforeDown(0)                    : [IOP=(0)][IoId=(2)]                
UpBeforeIn(0)                       : [IOP=(0)][IoId=(3)]                

</CYPRESSTAG>
</CYPRESSTAG>
<CYPRESSTAG name="Real Analog Placement">
Elapsed time ==> 0.1561945s
</CYPRESSTAG>
Analog Placement phase: Elapsed time ==> 0s.420ms
</CYPRESSTAG>
<CYPRESSTAG name="Analog Routing">
<CYPRESSTAG name="Analog Routing">
Route success=True, Iterations=1 Elapsed=0.0032884 secs
</CYPRESSTAG>
Analog Routing phase: Elapsed time ==> 0s.005ms
</CYPRESSTAG>
<CYPRESSTAG name="Analog Code Generation">
============ Analog Final Answer Routes ============
Dump of CyAnalogRoutingResultsDB
Map of net to items {
}
Map of item to net {
}
Mux Info {
}
Analog Code Generation phase: Elapsed time ==> 0s.032ms
</CYPRESSTAG>
<CYPRESSTAG name="Digital Placement">
<CYPRESSTAG name="Detailed placement messages">
I2076: Total run-time: 0.5 sec.

</CYPRESSTAG>
<CYPRESSTAG name="PLD Packing">
<CYPRESSTAG name="PLD Packing Summary" expanded>

------------------------------------------------------------
PLD Packing Summary
------------------------------------------------------------
            Resource Type : Used : Free :  Max :  % Used
    ====================================================
                     PLDs :    3 :    5 :    8 :  37.50%

<CYPRESSTAG name="PLD Statistics">

        PLD Resource Type :     Average/LAB
    =======================================
                   Inputs :            3.00
                   Pterms :            2.33
               Macrocells :            2.33
</CYPRESSTAG>
<CYPRESSTAG name="Packed PLD Contents">
Packed PLD Contents not displayed at this verbose level.</CYPRESSTAG>
</CYPRESSTAG>
PLD Packing: Elapsed time ==> 0s.001ms
</CYPRESSTAG>
<CYPRESSTAG name="Partitioning">
<CYPRESSTAG name="Initial Partitioning Summary">
Initial Partitioning Summary not displayed at this verbose level.</CYPRESSTAG>
<CYPRESSTAG name="Final Partitioning Summary">
Final Partitioning Summary not displayed at this verbose level.</CYPRESSTAG>
Partitioning: Elapsed time ==> 0s.020ms
</CYPRESSTAG>
<CYPRESSTAG name="Final Placement Summary">

------------------------------------------------------------
Final Placement Summary
------------------------------------------------------------

       Resource Type :      Count : Avg Inputs : Avg Outputs
    ========================================================
                 UDB :          2 :       4.00 :       3.50
<CYPRESSTAG name="Final Placement Details">
<CYPRESSTAG name="Component Details">

------------------------------------------------------------
Component Placement Details
------------------------------------------------------------
UDB [UDB=(0,0)] is empty.
UDB [UDB=(0,1)] contents:
LAB@[UDB=(0,1)][LB=0] #macrocells=4, #inputs=4, #pterms=4
{
    [McSlotId=0]:     MacroCell: Name=\BuzzerPWM:PWMUDB:status_2\, Mode=(Combinatorial) @ [UDB=(0,1)][LB=0][MC=0]
        Total # of inputs        : 2
        Total # of product terms : 1
            Clock Enable: True
        Main Equation            : 1 pterm
        (
              \BuzzerPWM:PWMUDB:runmode_enable\ * \BuzzerPWM:PWMUDB:tc_i\
        );
        Output = \BuzzerPWM:PWMUDB:status_2\ (fanout=1)
        Properties               : 
        {
        }

    [McSlotId=1]:     MacroCell: Name=\BuzzerPWM:PWMUDB:runmode_enable\, Mode=(D-Register) @ [UDB=(0,1)][LB=0][MC=1]
        Total # of inputs        : 1
        Total # of product terms : 1
        List of special equations: 
            Clock  = (Net_142_digital) => Global
            Clock Enable: True
        Main Equation            : 1 pterm
        (
              \BuzzerPWM:PWMUDB:control_7\
        );
        Output = \BuzzerPWM:PWMUDB:runmode_enable\ (fanout=3)
        Properties               : 
        {
        }

    [McSlotId=2]:     MacroCell: Name=Net_144, Mode=(D-Register) @ [UDB=(0,1)][LB=0][MC=2]
        Total # of inputs        : 2
        Total # of product terms : 1
        List of special equations: 
            Clock  = (Net_142_digital) => Global
            Clock Enable: True
        Main Equation            : 1 pterm
        (
              \BuzzerPWM:PWMUDB:runmode_enable\ * 
              \BuzzerPWM:PWMUDB:cmp1_less\
        );
        Output = Net_144 (fanout=1)
        Properties               : 
        {
        }

    [McSlotId=3]:     MacroCell: Name=\BuzzerPWM:PWMUDB:prevCompare1\, Mode=(D-Register) @ [UDB=(0,1)][LB=0][MC=3]
        Total # of inputs        : 1
        Total # of product terms : 1
        List of special equations: 
            Clock  = (Net_142_digital) => Global
            Clock Enable: True
        Main Equation            : 1 pterm
        (
              \BuzzerPWM:PWMUDB:cmp1_less\
        );
        Output = \BuzzerPWM:PWMUDB:prevCompare1\ (fanout=1)
        Properties               : 
        {
        }
}

LAB@[UDB=(0,1)][LB=1] #macrocells=2, #inputs=4, #pterms=2
{
    [McSlotId=0]:     MacroCell: Name=\BuzzerPWM:PWMUDB:status_0\, Mode=(D-Register) @ [UDB=(0,1)][LB=1][MC=0]
        Total # of inputs        : 2
        Total # of product terms : 1
        List of special equations: 
            Clock  = (Net_142_digital) => Global
            Clock Enable: True
        Main Equation            : 1 pterm
        (
              !\BuzzerPWM:PWMUDB:prevCompare1\ * \BuzzerPWM:PWMUDB:cmp1_less\
        );
        Output = \BuzzerPWM:PWMUDB:status_0\ (fanout=1)
        Properties               : 
        {
        }

    [McSlotId=1]: (empty)
    [McSlotId=2]:     MacroCell: Name=\BuzzerPWM:PWMUDB:status_1\, Mode=(D-Register) @ [UDB=(0,1)][LB=1][MC=2]
        Total # of inputs        : 2
        Total # of product terms : 1
        List of special equations: 
            Clock  = (Net_142_digital) => Global
            Clock Enable: True
        Main Equation            : 1 pterm
        (
              !\BuzzerPWM:PWMUDB:prevCompare2\ * \BuzzerPWM:PWMUDB:cmp2_less\
        );
        Output = \BuzzerPWM:PWMUDB:status_1\ (fanout=1)
        Properties               : 
        {
        }

    [McSlotId=3]: (empty)
}

datapathcell: Name =\BuzzerPWM:PWMUDB:sP8:pwmdp:u0\
    PORT MAP (
        clock => Net_142_digital ,
        cs_addr_2 => \BuzzerPWM:PWMUDB:tc_i\ ,
        cs_addr_1 => \BuzzerPWM:PWMUDB:runmode_enable\ ,
        cl0_comb => \BuzzerPWM:PWMUDB:cmp1_less\ ,
        z0_comb => \BuzzerPWM:PWMUDB:tc_i\ ,
        cl1_comb => \BuzzerPWM:PWMUDB:cmp2_less\ ,
        f1_blk_stat_comb => \BuzzerPWM:PWMUDB:status_3\ );
    Properties:
    {
        a0_init = "00000000"
        a1_init = "00000000"
        ce0_sync = 1
        ce1_sync = 1
        cl0_sync = 1
        cl1_sync = 1
        cmsb_sync = 1
        co_msb_sync = 1
        cy_dpconfig = "0000000001000000000000001100000001000000010000000000000011000000000000001100000000000000110000000000000011000000000000001100000011111111000000001111111111111111101000000000000000000100000000000000000000011000"
        d0_init = "00000000"
        d1_init = "00000000"
        f0_blk_sync = 1
        f0_bus_sync = 1
        f1_blk_sync = 1
        f1_bus_sync = 1
        ff0_sync = 1
        ff1_sync = 1
        ov_msb_sync = 1
        so_sync = 1
        z0_sync = 1
        z1_sync = 1
    }
    Clock Polarity: Active High
    Clock Enable: True

statusicell: Name =\BuzzerPWM:PWMUDB:genblk8:stsreg\
    PORT MAP (
        clock => Net_142_digital ,
        status_3 => \BuzzerPWM:PWMUDB:status_3\ ,
        status_2 => \BuzzerPWM:PWMUDB:status_2\ ,
        status_1 => \BuzzerPWM:PWMUDB:status_1\ ,
        status_0 => \BuzzerPWM:PWMUDB:status_0\ );
    Properties:
    {
        cy_force_order = 1
        cy_int_mask = "1111111"
        cy_md_select = "0100111"
    }
    Clock Polarity: Active High
    Clock Enable: True

controlcell: Name =\BuzzerPWM:PWMUDB:genblk1:ctrlreg\
    PORT MAP (
        clock => Net_142_digital ,
        control_7 => \BuzzerPWM:PWMUDB:control_7\ ,
        control_6 => \BuzzerPWM:PWMUDB:control_6\ ,
        control_5 => \BuzzerPWM:PWMUDB:control_5\ ,
        control_4 => \BuzzerPWM:PWMUDB:control_4\ ,
        control_3 => \BuzzerPWM:PWMUDB:control_3\ ,
        control_2 => \BuzzerPWM:PWMUDB:control_2\ ,
        control_1 => \BuzzerPWM:PWMUDB:control_1\ ,
        control_0 => \BuzzerPWM:PWMUDB:control_0\ );
    Properties:
    {
        cy_ctrl_mode_0 = "11111111"
        cy_ctrl_mode_1 = "00000000"
        cy_ext_reset = 0
        cy_force_order = 1
        cy_init_value = "00000000"
    }
    Clock Polarity: Active High
    Clock Enable: True

UDB [UDB=(1,0)] is empty.
UDB [UDB=(1,1)] contents:
LAB@[UDB=(1,1)][LB=0] #macrocells=1, #inputs=1, #pterms=1
{
    [McSlotId=0]: (empty)
    [McSlotId=1]:     MacroCell: Name=\BuzzerPWM:PWMUDB:prevCompare2\, Mode=(D-Register) @ [UDB=(1,1)][LB=0][MC=1]
        Total # of inputs        : 1
        Total # of product terms : 1
        List of special equations: 
            Clock  = (Net_142_digital) => Global
            Clock Enable: True
        Main Equation            : 1 pterm
        (
              \BuzzerPWM:PWMUDB:cmp2_less\
        );
        Output = \BuzzerPWM:PWMUDB:prevCompare2\ (fanout=1)
        Properties               : 
        {
        }

    [McSlotId=2]: (empty)
    [McSlotId=3]: (empty)
}

Intr container @ [IntrContainer=(0)]: 
  Intr@ [IntrContainer=(0)][IntrId=(12)] 
    interrupt: Name =\BLE:bless_isr\
        PORT MAP (
            interrupt => \BLE:Net_15\ );
        Properties:
        {
            int_type = "10"
            is_nmi = 0
        }
Port 0 generates interrupt for logical port:
    logicalport: Name =UpBeforeIn
        PORT MAP (
            in_clock_en => one ,
            in_reset => zero ,
            out_clock_en => one ,
            out_reset => zero );
        Properties:
        {
            drive_mode = "001"
            ibuf_enabled = "1"
            id = "b080bca8-67ea-4e9e-ae6e-7dc48ac6dde9"
            init_dr_st = "0"
            input_buffer_sel = "00"
            input_clk_en = 0
            input_sync = "0"
            input_sync_mode = "0"
            intr_mode = "10"
            invert_in_clock = 0
            invert_in_clock_en = 0
            invert_in_reset = 0
            invert_out_clock = 0
            invert_out_clock_en = 0
            invert_out_reset = 0
            io_voltage = ""
            layout_mode = "CONTIGUOUS"
            oe_conn = "0"
            oe_reset = 0
            oe_sync = "0"
            output_clk_en = 0
            output_clock_mode = "0"
            output_conn = "0"
            output_mode = "0"
            output_reset = 0
            output_sync = "0"
            ovt_hyst_trim = "0"
            ovt_needed = "0"
            ovt_slew_control = "00"
            pa_in_clock = -1
            pa_in_clock_en = -1
            pa_in_reset = -1
            pa_out_clock = -1
            pa_out_clock_en = -1
            pa_out_reset = -1
            pin_aliases = ""
            pin_mode = "I"
            por_state = 4
            port_alias_group = ""
            port_alias_required = 0
            sio_group_cnt = 0
            sio_hifreq = "00000000"
            sio_hyst = "1"
            sio_ibuf = "00000000"
            sio_info = "00"
            sio_obuf = "00000000"
            sio_refsel = "00000000"
            sio_vohsel = "00000000"
            sio_vtrip = "00000000"
            slew_rate = "0"
            spanning = 0
            sw_only = 0
            use_annotation = "0"
            vtrip = "00"
            width = 1
        }
    and contains the following IO cells:
[IoId=1]: 
Pin : Name = \SCB_1:tx(0)\
    Attributes:
        In Group/Port: True
        In Sync Option: NOSYNC
        Out Sync Option: NOSYNC
        Interrupt generated: False
        Interrupt mode: NONE
        Drive mode: CMOS_OUT
        VTrip: CMOS
        Slew: FAST
        Input Sync needed: False
        Output Sync needed: False
        SC shield enabled: False
        POR State: ANY
        LCD Mode: COMMON
        Register Mode: RegComb
        CaSense Mode: NEITHER
        Treat as pin: True
        Is OE Registered: False
        Uses Analog: False
        Can contain Digital: True
        Is SIO: False
        SIO Output Buf: NONREGULATED
        SIO Input Buf: SINGLE_ENDED
        SIO HiFreq: LOW
        SIO Hyst: DISABLED
        SIO Vtrip: MULTIPLIER_0_5
        SIO Multiplier Index: 0
        SIO RefSel: VCC_IO
        Required Capabilities: DIGITAL
        Initial Value: 1
        IO Voltage: 0
    PORT MAP (
        pa_out => \SCB_1:tx(0)\__PA ,
        pin_input => \SCB_1:tx_wire\ ,
        pad => \SCB_1:tx(0)_PAD\ );
    Properties:
    {
    }

[IoId=2]: 
Pin : Name = UpBeforeIn(0)
    Attributes:
        In Group/Port: True
        In Sync Option: NOSYNC
        Out Sync Option: AUTO
        Interrupt generated: True
        Interrupt mode: FALLING
        Drive mode: HI_Z_DIGITAL
        VTrip: CMOS
        Slew: FAST
        Input Sync needed: False
        Output Sync needed: False
        SC shield enabled: False
        POR State: ANY
        LCD Mode: COMMON
        Register Mode: RegComb
        CaSense Mode: NEITHER
        Treat as pin: False
        Is OE Registered: False
        Uses Analog: False
        Can contain Digital: True
        Is SIO: False
        SIO Output Buf: NONREGULATED
        SIO Input Buf: SINGLE_ENDED
        SIO HiFreq: LOW
        SIO Hyst: DISABLED
        SIO Vtrip: MULTIPLIER_0_5
        SIO Multiplier Index: 0
        SIO RefSel: VCC_IO
        Required Capabilities: DIGITAL
        Initial Value: 0
        IO Voltage: 0
    PORT MAP (
        pa_out => UpBeforeIn(0)__PA ,
        pad => UpBeforeIn(0)_PAD );
    Properties:
    {
    }

[IoId=3]: 
Pin : Name = OutBeforeDown(0)
    Attributes:
        In Group/Port: True
        In Sync Option: NOSYNC
        Out Sync Option: AUTO
        Interrupt generated: True
        Interrupt mode: FALLING
        Drive mode: HI_Z_DIGITAL
        VTrip: CMOS
        Slew: FAST
        Input Sync needed: False
        Output Sync needed: False
        SC shield enabled: False
        POR State: ANY
        LCD Mode: COMMON
        Register Mode: RegComb
        CaSense Mode: NEITHER
        Treat as pin: False
        Is OE Registered: False
        Uses Analog: False
        Can contain Digital: True
        Is SIO: False
        SIO Output Buf: NONREGULATED
        SIO Input Buf: SINGLE_ENDED
        SIO HiFreq: LOW
        SIO Hyst: DISABLED
        SIO Vtrip: MULTIPLIER_0_5
        SIO Multiplier Index: 0
        SIO RefSel: VCC_IO
        Required Capabilities: DIGITAL
        Initial Value: 0
        IO Voltage: 0
    PORT MAP (
        pa_out => OutBeforeDown(0)__PA ,
        pad => OutBeforeDown(0)_PAD );
    Properties:
    {
    }

Port 1 contains the following IO cells:
[IoId=1]: 
Pin : Name = WinchInPin(0)
    Attributes:
        In Group/Port: True
        In Sync Option: AUTO
        Out Sync Option: NOSYNC
        Interrupt generated: False
        Interrupt mode: NONE
        Drive mode: RES_PULL_DOWN
        VTrip: EITHER
        Slew: FAST
        Input Sync needed: False
        Output Sync needed: False
        SC shield enabled: False
        POR State: ANY
        LCD Mode: COMMON
        Register Mode: RegComb
        CaSense Mode: NEITHER
        Treat as pin: True
        Is OE Registered: False
        Uses Analog: False
        Can contain Digital: True
        Is SIO: False
        SIO Output Buf: NONREGULATED
        SIO Input Buf: SINGLE_ENDED
        SIO HiFreq: LOW
        SIO Hyst: DISABLED
        SIO Vtrip: MULTIPLIER_0_5
        SIO Multiplier Index: 0
        SIO RefSel: VCC_IO
        Required Capabilities: DIGITAL
        Initial Value: 0
        IO Voltage: 0
    PORT MAP (
        pa_out => WinchInPin(0)__PA ,
        pad => WinchInPin(0)_PAD );
    Properties:
    {
    }

[IoId=2]: 
Pin : Name = WinchOutPin(0)
    Attributes:
        In Group/Port: True
        In Sync Option: AUTO
        Out Sync Option: NOSYNC
        Interrupt generated: False
        Interrupt mode: NONE
        Drive mode: RES_PULL_DOWN
        VTrip: EITHER
        Slew: FAST
        Input Sync needed: False
        Output Sync needed: False
        SC shield enabled: False
        POR State: ANY
        LCD Mode: COMMON
        Register Mode: RegComb
        CaSense Mode: NEITHER
        Treat as pin: True
        Is OE Registered: False
        Uses Analog: False
        Can contain Digital: True
        Is SIO: False
        SIO Output Buf: NONREGULATED
        SIO Input Buf: SINGLE_ENDED
        SIO HiFreq: LOW
        SIO Hyst: DISABLED
        SIO Vtrip: MULTIPLIER_0_5
        SIO Multiplier Index: 0
        SIO RefSel: VCC_IO
        Required Capabilities: DIGITAL
        Initial Value: 0
        IO Voltage: 0
    PORT MAP (
        pa_out => WinchOutPin(0)__PA ,
        pad => WinchOutPin(0)_PAD );
    Properties:
    {
    }

[IoId=3]: 
Pin : Name = WinchUpPin(0)
    Attributes:
        In Group/Port: True
        In Sync Option: AUTO
        Out Sync Option: NOSYNC
        Interrupt generated: False
        Interrupt mode: NONE
        Drive mode: RES_PULL_DOWN
        VTrip: EITHER
        Slew: FAST
        Input Sync needed: False
        Output Sync needed: False
        SC shield enabled: False
        POR State: ANY
        LCD Mode: COMMON
        Register Mode: RegComb
        CaSense Mode: NEITHER
        Treat as pin: True
        Is OE Registered: False
        Uses Analog: False
        Can contain Digital: True
        Is SIO: False
        SIO Output Buf: NONREGULATED
        SIO Input Buf: SINGLE_ENDED
        SIO HiFreq: LOW
        SIO Hyst: DISABLED
        SIO Vtrip: MULTIPLIER_0_5
        SIO Multiplier Index: 0
        SIO RefSel: VCC_IO
        Required Capabilities: DIGITAL
        Initial Value: 0
        IO Voltage: 0
    PORT MAP (
        pa_out => WinchUpPin(0)__PA ,
        pad => WinchUpPin(0)_PAD );
    Properties:
    {
    }

[IoId=5]: 
Pin : Name = WinchDownPin(0)
    Attributes:
        In Group/Port: True
        In Sync Option: AUTO
        Out Sync Option: NOSYNC
        Interrupt generated: False
        Interrupt mode: NONE
        Drive mode: RES_PULL_DOWN
        VTrip: EITHER
        Slew: FAST
        Input Sync needed: False
        Output Sync needed: False
        SC shield enabled: False
        POR State: ANY
        LCD Mode: COMMON
        Register Mode: RegComb
        CaSense Mode: NEITHER
        Treat as pin: True
        Is OE Registered: False
        Uses Analog: False
        Can contain Digital: True
        Is SIO: False
        SIO Output Buf: NONREGULATED
        SIO Input Buf: SINGLE_ENDED
        SIO HiFreq: LOW
        SIO Hyst: DISABLED
        SIO Vtrip: MULTIPLIER_0_5
        SIO Multiplier Index: 0
        SIO RefSel: VCC_IO
        Required Capabilities: DIGITAL
        Initial Value: 0
        IO Voltage: 0
    PORT MAP (
        pa_out => WinchDownPin(0)__PA ,
        pad => WinchDownPin(0)_PAD );
    Properties:
    {
    }

Port 2 contains the following IO cells:
[IoId=4]: 
Pin : Name = Buzzer(0)
    Attributes:
        In Group/Port: True
        In Sync Option: AUTO
        Out Sync Option: NOSYNC
        Interrupt generated: False
        Interrupt mode: NONE
        Drive mode: CMOS_OUT
        VTrip: EITHER
        Slew: FAST
        Input Sync needed: False
        Output Sync needed: False
        SC shield enabled: False
        POR State: ANY
        LCD Mode: COMMON
        Register Mode: RegComb
        CaSense Mode: NEITHER
        Treat as pin: True
        Is OE Registered: False
        Uses Analog: False
        Can contain Digital: True
        Is SIO: False
        SIO Output Buf: NONREGULATED
        SIO Input Buf: SINGLE_ENDED
        SIO HiFreq: LOW
        SIO Hyst: DISABLED
        SIO Vtrip: MULTIPLIER_0_5
        SIO Multiplier Index: 0
        SIO RefSel: VCC_IO
        Required Capabilities: DIGITAL, ROUTABLE
        Initial Value: 1
        IO Voltage: 0
    PORT MAP (
        pa_out => Buzzer(0)__PA ,
        pin_input => Net_144 ,
        pad => Buzzer(0)_PAD );
    Properties:
    {
    }

Port 3 contains the following IO cells:
[IoId=4]: 
Pin : Name = \SCB_1:rx(0)\
    Attributes:
        In Group/Port: True
        In Sync Option: NOSYNC
        Out Sync Option: AUTO
        Interrupt generated: False
        Interrupt mode: NONE
        Drive mode: HI_Z_DIGITAL
        VTrip: CMOS
        Slew: FAST
        Input Sync needed: False
        Output Sync needed: False
        SC shield enabled: False
        POR State: ANY
        LCD Mode: COMMON
        Register Mode: RegComb
        CaSense Mode: NEITHER
        Treat as pin: True
        Is OE Registered: False
        Uses Analog: False
        Can contain Digital: True
        Is SIO: False
        SIO Output Buf: NONREGULATED
        SIO Input Buf: SINGLE_ENDED
        SIO HiFreq: LOW
        SIO Hyst: DISABLED
        SIO Vtrip: MULTIPLIER_0_5
        SIO Multiplier Index: 0
        SIO RefSel: VCC_IO
        Required Capabilities: DIGITAL
        Initial Value: 0
        IO Voltage: 0
    PORT MAP (
        pa_out => \SCB_1:rx(0)\__PA ,
        fb => \SCB_1:rx_wire\ ,
        pad => \SCB_1:rx(0)_PAD\ );
    Properties:
    {
    }

Port 4 contains the following IO cells:
Port 5 contains the following IO cells:
ARM group 0: empty
Clock group 0: 
    Clock Block @ F(Clock,0): 
    m0s8clockblockcell: Name =ClockBlock
        PORT MAP (
            hfclk => ClockBlock_HFClk ,
            imo => ClockBlock_IMO ,
            ext => ClockBlock_ExtClk ,
            sysclk => ClockBlock_SysClk ,
            eco => ClockBlock_ECO ,
            ilo => ClockBlock_ILO ,
            lfclk => ClockBlock_LFClk ,
            wco => ClockBlock_WCO ,
            dsi_in_0 => ClockBlock_Routed1 ,
            ff_div_1 => \SCB_1:Net_847_ff1\ ,
            udb_div_0 => dclk_to_genclk );
        Properties:
        {
        }
LCD group 0: empty
PICU group 0: empty
LPCOMP group 0: empty
SCB group 0: 
    SCB Block @ F(SCB,1): 
    m0s8scbcell: Name =\SCB_1:SCB\
        PORT MAP (
            clock => \SCB_1:Net_847_ff1\ ,
            interrupt => Net_5 ,
            uart_rx => \SCB_1:rx_wire\ ,
            uart_tx => \SCB_1:tx_wire\ ,
            uart_rts => \SCB_1:rts_wire\ ,
            mosi_m => \SCB_1:mosi_m_wire\ ,
            select_m_3 => \SCB_1:select_m_wire_3\ ,
            select_m_2 => \SCB_1:select_m_wire_2\ ,
            select_m_1 => \SCB_1:select_m_wire_1\ ,
            select_m_0 => \SCB_1:select_m_wire_0\ ,
            sclk_m => \SCB_1:sclk_m_wire\ ,
            miso_s => \SCB_1:miso_s_wire\ ,
            tr_tx_req => Net_8 ,
            tr_rx_req => Net_7 );
        Properties:
        {
            cy_registers = ""
            scb_mode = 2
        }
CSD group 0: empty
CSIDAC8 group 0: empty
CSIDAC7 group 0: empty
TCPWM group 0: empty
OA group 0: empty
TEMP group 0: empty
SARADC group 0: empty
CLK_GEN group 0: 
    M0S8 Clock Gen Block @ F(CLK_GEN,0): 
    m0s8clockgenblockcell: Name =ClockGenBlock
        PORT MAP (
            gen_clk_out_0 => Net_142_digital ,
            gen_clk_in_0 => dclk_to_genclk );
        Properties:
        {
        }
LPCOMPBLOCK group 0: empty
PASSBLOCK group 0: empty
BLE group 0: 
    BLE Block @ F(BLE,0): 
    p4blecell: Name =\BLE:cy_m0s8_ble\
        PORT MAP (
            interrupt => \BLE:Net_15\ ,
            rfctrl_extpa_en => Net_2 );
        Properties:
        {
            cy_registers = ""
        }
WCO group 0: empty
SRSS group 0: empty
CPUSS group 0: empty
IOSS group 0: empty
EXCO group 0: empty
</CYPRESSTAG>
<CYPRESSTAG name="Port Configuration Details">

------------------------------------------------------------
Port Configuration report
------------------------------------------------------------
     |     |       | Interrupt |                  |                  | 
Port | Pin | Fixed |      Type |       Drive Mode |             Name | Connections
-----+-----+-------+-----------+------------------+------------------+--------------------
   0 |   1 |     * |      NONE |         CMOS_OUT |    \SCB_1:tx(0)\ | In(\SCB_1:tx_wire\)
     |   2 |       |   FALLING |     HI_Z_DIGITAL |    UpBeforeIn(0) | 
     |   3 |       |   FALLING |     HI_Z_DIGITAL | OutBeforeDown(0) | 
-----+-----+-------+-----------+------------------+------------------+--------------------
   1 |   1 |     * |      NONE |    RES_PULL_DOWN |    WinchInPin(0) | 
     |   2 |     * |      NONE |    RES_PULL_DOWN |   WinchOutPin(0) | 
     |   3 |     * |      NONE |    RES_PULL_DOWN |    WinchUpPin(0) | 
     |   5 |     * |      NONE |    RES_PULL_DOWN |  WinchDownPin(0) | 
-----+-----+-------+-----------+------------------+------------------+--------------------
   2 |   4 |     * |      NONE |         CMOS_OUT |        Buzzer(0) | In(Net_144)
-----+-----+-------+-----------+------------------+------------------+--------------------
   3 |   4 |       |      NONE |     HI_Z_DIGITAL |    \SCB_1:rx(0)\ | FB(\SCB_1:rx_wire\)
------------------------------------------------------------------------------------------
</CYPRESSTAG>
</CYPRESSTAG>
</CYPRESSTAG>
Digital component placer commit/Report: Elapsed time ==> 0s.021ms
Digital Placement phase: Elapsed time ==> 0s.860ms
</CYPRESSTAG>
<CYPRESSTAG name="Digital Routing">
"C:\Program Files (x86)\Cypress\PSoC Creator\4.2\PSoC Creator\bin/sjrouter.exe" --xml-path "C:\Program Files (x86)\Cypress\PSoC Creator\4.2\PSoC Creator\dev\psoc4/3/256k/route_arch-rrg.cydata" --vh2-path "BLE_Imp_r.vh2" --pcf-path "BLE_Imp.pco" --des-name "BLE_Imp" --dsf-path "BLE_Imp.dsf" --sdc-path "BLE_Imp.sdc" --lib-path "BLE_Imp_r.lib"
Routing successful.
Digital Routing phase: Elapsed time ==> 1s.297ms
</CYPRESSTAG>
<CYPRESSTAG name="Bitstream Generation">
Bitstream Generation phase: Elapsed time ==> 0s.636ms
</CYPRESSTAG>
<CYPRESSTAG name="Bitstream Verification">
Bitstream Verification phase: Elapsed time ==> 0s.047ms
</CYPRESSTAG>
<CYPRESSTAG name="Static timing analysis">
Timing report is in BLE_Imp_timing.html.
Static timing analysis phase: Elapsed time ==> 0s.269ms
</CYPRESSTAG>
<CYPRESSTAG name="Data reporting">
Data reporting phase: Elapsed time ==> 0s.000ms
</CYPRESSTAG>
<CYPRESSTAG name="Database update...">
Design database save phase: Elapsed time ==> 0s.231ms
</CYPRESSTAG>
cydsfit: Elapsed time ==> 3s.994ms
</CYPRESSTAG>
Fitter phase: Elapsed time ==> 3s.995ms
API generation phase: Elapsed time ==> 2s.299ms
Dependency generation phase: Elapsed time ==> 0s.033ms
Cleanup phase: Elapsed time ==> 0s.003ms
