--------------- Build Started: 12/31/2018 22:41:53 Project: BLE_Imp, Configuration: ARM GCC 5.4-2016-q2-update Debug ---------------
cydsfit.exe -.appdatapath "C:\Users\Yehuda Ben Chaim\AppData\Local\Cypress Semiconductor\PSoC Creator\4.2" -.fdsnotice -.fdswarpdepfile=warp_dependencies.txt -.fdselabdepfile=elab_dependencies.txt -.fdsbldfile=generated_files.txt -.fdsreffile=referenced_files.txt -p "C:\Users\Yehuda Ben Chaim\Google Drive\My Projects\WW\FW\WorkingCopy\WWV1_0\WW\BLE_Imp.cydsn\BLE_Imp.cyprj" -d CYBLE-224110-00 -s "C:\Users\Yehuda Ben Chaim\Google Drive\My Projects\WW\FW\WorkingCopy\WWV1_0\WW\BLE_Imp.cydsn\Generated_Source\PSoC4" -- -yv2 -q10 -ygs -o2 -v3 -.fftcfgtype=LE
Elaborating Design...
HDL Generation...
Synthesis...
Tech Mapping...
ADD: pft.M0040: information: The following 3 pin(s) will be assigned a location by the fitter: \SCB_1:rx(0)\, OutBeforeDown(0), UpBeforeIn(0)
Analog Placement...
Analog Routing...
Analog Code Generation...
Digital Placement...
Digital Routing...
Bitstream Generation...
Bitstream Verification...
Static timing analysis...
API Generation...
Dependency Generation...
Cleanup...
arm-none-eabi-gcc.exe -mcpu=cortex-m0 -mthumb -I. -IGenerated_Source\PSoC4 -Wa,-alh=.\CortexM0\ARM_GCC_541\Debug/main.lst -g -D DEBUG -D CY_CORE_ID=0 -Wall -ffunction-sections -ffat-lto-objects -Og -c main.c -o .\CortexM0\ARM_GCC_541\Debug\main.o
arm-none-eabi-gcc.exe -mcpu=cortex-m0 -mthumb -I. -IGenerated_Source\PSoC4 -Wa,-alh=.\CortexM0\ARM_GCC_541\Debug/common.lst -g -D DEBUG -D CY_CORE_ID=0 -Wall -ffunction-sections -ffat-lto-objects -Og -c common.c -o .\CortexM0\ARM_GCC_541\Debug\common.o
arm-none-eabi-gcc.exe -mcpu=cortex-m0 -mthumb -I. -IGenerated_Source\PSoC4 -Wa,-alh=.\CortexM0\ARM_GCC_541\Debug/BuzzerImp.lst -g -D DEBUG -D CY_CORE_ID=0 -Wall -ffunction-sections -ffat-lto-objects -Og -c BuzzerImp.c -o .\CortexM0\ARM_GCC_541\Debug\BuzzerImp.o
arm-none-eabi-gcc.exe -mcpu=cortex-m0 -mthumb -I. -IGenerated_Source\PSoC4 -Wa,-alh=.\CortexM0\ARM_GCC_541\Debug/cyfitter_cfg.lst -g -D DEBUG -D CY_CORE_ID=0 -Wall -ffunction-sections -ffat-lto-objects -Og -c Generated_Source\PSoC4\cyfitter_cfg.c -o .\CortexM0\ARM_GCC_541\Debug\cyfitter_cfg.o
arm-none-eabi-ar.exe -rs .\CortexM0\ARM_GCC_541\Debug\BLE_Imp.a .\CortexM0\ARM_GCC_541\Debug\BLE.o .\CortexM0\ARM_GCC_541\Debug\BLE_gatt.o .\CortexM0\ARM_GCC_541\Debug\BLE_eventHandler.o .\CortexM0\ARM_GCC_541\Debug\BLE_HAL_INT.o .\CortexM0\ARM_GCC_541\Debug\BLE_HAL_PVT.o .\CortexM0\ARM_GCC_541\Debug\BLE_custom.o .\CortexM0\ARM_GCC_541\Debug\BLE_bless_isr.o .\CortexM0\ARM_GCC_541\Debug\CyFlash.o .\CortexM0\ARM_GCC_541\Debug\CyLib.o .\CortexM0\ARM_GCC_541\Debug\cyPm.o .\CortexM0\ARM_GCC_541\Debug\cyutils.o .\CortexM0\ARM_GCC_541\Debug\CyLFClk.o .\CortexM0\ARM_GCC_541\Debug\cy_em_eeprom.o .\CortexM0\ARM_GCC_541\Debug\SCB_1.o .\CortexM0\ARM_GCC_541\Debug\SCB_1_SPI_UART.o .\CortexM0\ARM_GCC_541\Debug\SCB_1_SPI_UART_INT.o .\CortexM0\ARM_GCC_541\Debug\SCB_1_PM.o .\CortexM0\ARM_GCC_541\Debug\SCB_1_UART.o .\CortexM0\ARM_GCC_541\Debug\SCB_1_BOOT.o .\CortexM0\ARM_GCC_541\Debug\SCB_1_UART_BOOT.o .\CortexM0\ARM_GCC_541\Debug\SCB_1_SCBCLK.o .\CortexM0\ARM_GCC_541\Debug\SCB_1_tx.o .\CortexM0\ARM_GCC_541\Debug\SCB_1_tx_PM.o .\CortexM0\ARM_GCC_541\Debug\SCB_1_rx.o .\CortexM0\ARM_GCC_541\Debug\SCB_1_rx_PM.o .\CortexM0\ARM_GCC_541\Debug\WinchUpPin.o .\CortexM0\ARM_GCC_541\Debug\WinchUpPin_PM.o .\CortexM0\ARM_GCC_541\Debug\WinchDownPin.o .\CortexM0\ARM_GCC_541\Debug\WinchDownPin_PM.o .\CortexM0\ARM_GCC_541\Debug\WinchInPin.o .\CortexM0\ARM_GCC_541\Debug\WinchInPin_PM.o .\CortexM0\ARM_GCC_541\Debug\WinchOutPin.o .\CortexM0\ARM_GCC_541\Debug\WinchOutPin_PM.o .\CortexM0\ARM_GCC_541\Debug\OutBeforeDown.o .\CortexM0\ARM_GCC_541\Debug\OutBeforeDown_PM.o .\CortexM0\ARM_GCC_541\Debug\UpBeforeIn.o .\CortexM0\ARM_GCC_541\Debug\UpBeforeIn_PM.o .\CortexM0\ARM_GCC_541\Debug\Buzzer.o .\CortexM0\ARM_GCC_541\Debug\Buzzer_PM.o .\CortexM0\ARM_GCC_541\Debug\BuzzerPWM.o .\CortexM0\ARM_GCC_541\Debug\BuzzerPWM_PM.o .\CortexM0\ARM_GCC_541\Debug\PWM_CLK.o .\CortexM0\ARM_GCC_541\Debug\CyBootAsmGnu.o
arm-none-eabi-ar.exe: creating .\CortexM0\ARM_GCC_541\Debug\BLE_Imp.a
arm-none-eabi-gcc.exe -Wl,--start-group -o "C:\Users\Yehuda Ben Chaim\Google Drive\My Projects\WW\FW\WorkingCopy\WWV1_0\WW\BLE_Imp.cydsn\CortexM0\ARM_GCC_541\Debug\BLE_Imp.elf" .\CortexM0\ARM_GCC_541\Debug\main.o .\CortexM0\ARM_GCC_541\Debug\iprintf.o .\CortexM0\ARM_GCC_541\Debug\BLE_Applocations.o .\CortexM0\ARM_GCC_541\Debug\common.o .\CortexM0\ARM_GCC_541\Debug\GPIO.o .\CortexM0\ARM_GCC_541\Debug\BuzzerImp.o .\CortexM0\ARM_GCC_541\Debug\cyfitter_cfg.o .\CortexM0\ARM_GCC_541\Debug\cymetadata.o .\CortexM0\ARM_GCC_541\Debug\Cm0Start.o .\CortexM0\ARM_GCC_541\Debug\BLE_Imp.a "..\..\..\..\..\..\..\..\Documents\PSoC Creator\4.2\Downloads ( 4.2).cylib\BLE_v3_52\Library\gccCyBLEStack_BLE_SOC_PERIPHERAL.a" -mcpu=cortex-m0 -mthumb -L Generated_Source\PSoC4 -Wl,-Map,.\CortexM0\ARM_GCC_541\Debug/BLE_Imp.map -T Generated_Source\PSoC4\cm0gcc.ld -specs=nano.specs -Wl,--gc-sections -g -ffunction-sections -Og -ffat-lto-objects -Wl,--end-group
cyelftool.exe -C "C:\Users\Yehuda Ben Chaim\Google Drive\My Projects\WW\FW\WorkingCopy\WWV1_0\WW\BLE_Imp.cydsn\CortexM0\ARM_GCC_541\Debug\BLE_Imp.elf" --flash_row_size 256 --flash_size 262144 --flash_offset 0x00000000
No ELF section .cychecksum found, creating one
Application checksum calculated and stored in ELF section .cychecksum
Checksum calculated and stored in ELF section .cymeta
cyelftool.exe -S "C:\Users\Yehuda Ben Chaim\Google Drive\My Projects\WW\FW\WorkingCopy\WWV1_0\WW\BLE_Imp.cydsn\CortexM0\ARM_GCC_541\Debug\BLE_Imp.elf"
Flash used: 82426 of 262144 bytes (31.4%).
SRAM used: 11176 of 32768 bytes (34.1%). Stack: 2048 bytes. Heap: 128 bytes.
--------------- Build Succeeded: 12/31/2018 22:42:13 ---------------
