--------------- Clean Started: 12/22/2018 21:06:55 Project: BLE_Imp, Configuration: ARM GCC 5.4-2016-q2-update Debug ---------------
Deleting file ".\CortexM0\ARM_GCC_541\Debug\main.o"
Deleting file ".\CortexM0\ARM_GCC_541\Debug\iprintf.o"
Deleting file ".\CortexM0\ARM_GCC_541\Debug\BLE_Applocations.o"
Deleting file ".\CortexM0\ARM_GCC_541\Debug\cyfitter_cfg.o"
Deleting file ".\CortexM0\ARM_GCC_541\Debug\cymetadata.o"
Deleting file ".\CortexM0\ARM_GCC_541\Debug\BLE.o"
Deleting file ".\CortexM0\ARM_GCC_541\Debug\BLE_gatt.o"
Deleting file ".\CortexM0\ARM_GCC_541\Debug\BLE_eventHandler.o"
Deleting file ".\CortexM0\ARM_GCC_541\Debug\BLE_HAL_INT.o"
Deleting file ".\CortexM0\ARM_GCC_541\Debug\BLE_HAL_PVT.o"
Deleting file ".\CortexM0\ARM_GCC_541\Debug\BLE_custom.o"
Deleting file ".\CortexM0\ARM_GCC_541\Debug\BLE_bless_isr.o"
Deleting file ".\CortexM0\ARM_GCC_541\Debug\Cm0Start.o"
Deleting file ".\CortexM0\ARM_GCC_541\Debug\CyFlash.o"
Deleting file ".\CortexM0\ARM_GCC_541\Debug\CyLib.o"
Deleting file ".\CortexM0\ARM_GCC_541\Debug\cyPm.o"
Deleting file ".\CortexM0\ARM_GCC_541\Debug\cyutils.o"
Deleting file ".\CortexM0\ARM_GCC_541\Debug\CyBootAsmGnu.o"
Deleting file ".\CortexM0\ARM_GCC_541\Debug\CyLFClk.o"
Deleting file ".\CortexM0\ARM_GCC_541\Debug\cy_em_eeprom.o"
Deleting file ".\CortexM0\ARM_GCC_541\Debug\SCB_1.o"
Deleting file ".\CortexM0\ARM_GCC_541\Debug\SCB_1_SPI_UART.o"
Deleting file ".\CortexM0\ARM_GCC_541\Debug\SCB_1_SPI_UART_INT.o"
Deleting file ".\CortexM0\ARM_GCC_541\Debug\SCB_1_PM.o"
Deleting file ".\CortexM0\ARM_GCC_541\Debug\SCB_1_UART.o"
Deleting file ".\CortexM0\ARM_GCC_541\Debug\SCB_1_BOOT.o"
Deleting file ".\CortexM0\ARM_GCC_541\Debug\SCB_1_UART_BOOT.o"
Deleting file ".\CortexM0\ARM_GCC_541\Debug\SCB_1_SCBCLK.o"
Deleting file ".\CortexM0\ARM_GCC_541\Debug\SCB_1_tx.o"
Deleting file ".\CortexM0\ARM_GCC_541\Debug\SCB_1_tx_PM.o"
Deleting file ".\CortexM0\ARM_GCC_541\Debug\SCB_1_rx.o"
Deleting file ".\CortexM0\ARM_GCC_541\Debug\SCB_1_rx_PM.o"
Deleting file ".\CortexM0\ARM_GCC_541\Debug\BLE_Imp.hex"
Deleting file ".\CortexM0\ARM_GCC_541\Debug\BLE_Imp.elf"
Deleting file ".\CortexM0\ARM_GCC_541\Debug\BLE_Imp.map"
Deleting file ".\BLE_Imp.cycdx"
Deleting file ".\BLE_Imp.svd"
Deleting file ".\BLE_Imp.rpt"
Deleting file ".\BLE_Imp_timing.html"
Deleting file ".\CortexM0\ARM_GCC_541\Debug\.deps\SOURCE_C__ARM_GCC_GENERIC.P"
Deleting file ".\CortexM0\ARM_GCC_541\Debug\.deps\SOURCE_ASM__ARM_GCC_GENERIC.P"
--------------- Clean Succeeded: 12/22/2018 21:06:55 ---------------
