--------------- Build Started: 06/03/2018 23:41:55 Project: WW_V1_1, Configuration: ARM GCC 5.4-2016-q2-update Debug ---------------
cydsfit.exe -.appdatapath "C:\Users\Yehuda Ben Chaim\AppData\Local\Cypress Semiconductor\PSoC Creator\4.2" -.fdsnotice -.fdswarpdepfile=warp_dependencies.txt -.fdselabdepfile=elab_dependencies.txt -.fdsbldfile=generated_files.txt -.fdsreffile=referenced_files.txt -p E:\MyProjects\WWV1_0_0\WW_V1_1.cydsn\WW_V1_1.cyprj -d CYBLE-224110-00 -s E:\MyProjects\WWV1_0_0\WW_V1_1.cydsn\Generated_Source\PSoC4 -- -yv2 -q10 -ygs -o2 -v3 -.fftcfgtype=LE
Elaborating Design...
HDL Generation...
Synthesis...
Tech Mapping...
ADD: pft.M0040: information: The following 10 pin(s) will be assigned a location by the fitter: \SCB_1:rx(0)\, \SCB_1:tx(0)\, HorOut(0), HozIn(0), PBDown(0), PBIn(0), PBOut(0), PBUp(0), VerDown(0), VerUp(0)
Analog Placement...
Analog Routing...
Analog Code Generation...
Digital Placement...
Digital Routing...
Bitstream Generation...
Bitstream Verification...
Static timing analysis...
API Generation...
Dependency Generation...
Cleanup...
arm-none-eabi-gcc.exe -mcpu=cortex-m0 -mthumb -I. -IGenerated_Source\PSoC4 -Wa,-alh=.\CortexM0\ARM_GCC_541\Debug/main.lst -g -D DEBUG -Wall -ffunction-sections -ffat-lto-objects -O0 -c main.c -o .\CortexM0\ARM_GCC_541\Debug\main.o
arm-none-eabi-gcc.exe -mcpu=cortex-m0 -mthumb -I. -IGenerated_Source\PSoC4 -Wa,-alh=.\CortexM0\ARM_GCC_541\Debug/BLEApplications.lst -g -D DEBUG -Wall -ffunction-sections -ffat-lto-objects -O0 -c BLEApplications.c -o .\CortexM0\ARM_GCC_541\Debug\BLEApplications.o
BLEApplications.c:39:46: warning: 'readHandle' defined but not used [-Wunused-variable]
 static CYBLE_GATT_HANDLE_VALUE_PAIR_T        readHandle;
                                              ^
arm-none-eabi-gcc.exe -mcpu=cortex-m0 -mthumb -I. -IGenerated_Source\PSoC4 -Wa,-alh=.\CortexM0\ARM_GCC_541\Debug/iprintf.lst -g -D DEBUG -Wall -ffunction-sections -ffat-lto-objects -O0 -c iprintf.c -o .\CortexM0\ARM_GCC_541\Debug\iprintf.o
arm-none-eabi-gcc.exe -mcpu=cortex-m0 -mthumb -I. -IGenerated_Source\PSoC4 -Wa,-alh=.\CortexM0\ARM_GCC_541\Debug/Control.lst -g -D DEBUG -Wall -ffunction-sections -ffat-lto-objects -O0 -c Control.c -o .\CortexM0\ARM_GCC_541\Debug\Control.o
arm-none-eabi-gcc.exe -mcpu=cortex-m0 -mthumb -I. -IGenerated_Source\PSoC4 -Wa,-alh=.\CortexM0\ARM_GCC_541\Debug/cyfitter_cfg.lst -g -D DEBUG -Wall -ffunction-sections -ffat-lto-objects -O0 -c Generated_Source\PSoC4\cyfitter_cfg.c -o .\CortexM0\ARM_GCC_541\Debug\cyfitter_cfg.o
arm-none-eabi-gcc.exe -mcpu=cortex-m0 -mthumb -I. -IGenerated_Source\PSoC4 -Wa,-alh=.\CortexM0\ARM_GCC_541\Debug/Cm0Start.lst -g -D DEBUG -Wall -ffunction-sections -ffat-lto-objects -O0 -c Generated_Source\PSoC4\Cm0Start.c -o .\CortexM0\ARM_GCC_541\Debug\Cm0Start.o
arm-none-eabi-gcc.exe -mcpu=cortex-m0 -mthumb -I. -IGenerated_Source\PSoC4 -Wa,-alh=.\CortexM0\ARM_GCC_541\Debug/CyFlash.lst -g -D DEBUG -Wall -ffunction-sections -ffat-lto-objects -O0 -c Generated_Source\PSoC4\CyFlash.c -o .\CortexM0\ARM_GCC_541\Debug\CyFlash.o
arm-none-eabi-gcc.exe -mcpu=cortex-m0 -mthumb -I. -IGenerated_Source\PSoC4 -Wa,-alh=.\CortexM0\ARM_GCC_541\Debug/CyLib.lst -g -D DEBUG -Wall -ffunction-sections -ffat-lto-objects -O0 -c Generated_Source\PSoC4\CyLib.c -o .\CortexM0\ARM_GCC_541\Debug\CyLib.o
arm-none-eabi-gcc.exe -mcpu=cortex-m0 -mthumb -I. -IGenerated_Source\PSoC4 -Wa,-alh=.\CortexM0\ARM_GCC_541\Debug/cyPm.lst -g -D DEBUG -Wall -ffunction-sections -ffat-lto-objects -O0 -c Generated_Source\PSoC4\cyPm.c -o .\CortexM0\ARM_GCC_541\Debug\cyPm.o
arm-none-eabi-gcc.exe -mcpu=cortex-m0 -mthumb -I. -IGenerated_Source\PSoC4 -Wa,-alh=.\CortexM0\ARM_GCC_541\Debug/cyutils.lst -g -D DEBUG -Wall -ffunction-sections -ffat-lto-objects -O0 -c Generated_Source\PSoC4\cyutils.c -o .\CortexM0\ARM_GCC_541\Debug\cyutils.o
arm-none-eabi-gcc.exe -mcpu=cortex-m0 -mthumb -I. -IGenerated_Source\PSoC4 -Wa,-alh=.\CortexM0\ARM_GCC_541\Debug/CyLFClk.lst -g -D DEBUG -Wall -ffunction-sections -ffat-lto-objects -O0 -c Generated_Source\PSoC4\CyLFClk.c -o .\CortexM0\ARM_GCC_541\Debug\CyLFClk.o
arm-none-eabi-gcc.exe -mcpu=cortex-m0 -mthumb -I. -IGenerated_Source\PSoC4 -Wa,-alh=.\CortexM0\ARM_GCC_541\Debug/cy_em_eeprom.lst -g -D DEBUG -Wall -ffunction-sections -ffat-lto-objects -O0 -c Generated_Source\PSoC4\cy_em_eeprom.c -o .\CortexM0\ARM_GCC_541\Debug\cy_em_eeprom.o
arm-none-eabi-gcc.exe -mcpu=cortex-m0 -mthumb -I. -IGenerated_Source\PSoC4 -Wa,-alh=.\CortexM0\ARM_GCC_541\Debug/BLE.lst -g -D DEBUG -Wall -ffunction-sections -ffat-lto-objects -O0 -c Generated_Source\PSoC4\BLE.c -o .\CortexM0\ARM_GCC_541\Debug\BLE.o
arm-none-eabi-gcc.exe -mcpu=cortex-m0 -mthumb -I. -IGenerated_Source\PSoC4 -Wa,-alh=.\CortexM0\ARM_GCC_541\Debug/BLE_gatt.lst -g -D DEBUG -Wall -ffunction-sections -ffat-lto-objects -O0 -c Generated_Source\PSoC4\BLE_gatt.c -o .\CortexM0\ARM_GCC_541\Debug\BLE_gatt.o
arm-none-eabi-gcc.exe -mcpu=cortex-m0 -mthumb -I. -IGenerated_Source\PSoC4 -Wa,-alh=.\CortexM0\ARM_GCC_541\Debug/BLE_eventHandler.lst -g -D DEBUG -Wall -ffunction-sections -ffat-lto-objects -O0 -c Generated_Source\PSoC4\BLE_eventHandler.c -o .\CortexM0\ARM_GCC_541\Debug\BLE_eventHandler.o
arm-none-eabi-gcc.exe -mcpu=cortex-m0 -mthumb -I. -IGenerated_Source\PSoC4 -Wa,-alh=.\CortexM0\ARM_GCC_541\Debug/BLE_HAL_INT.lst -g -D DEBUG -Wall -ffunction-sections -ffat-lto-objects -O0 -c Generated_Source\PSoC4\BLE_HAL_INT.c -o .\CortexM0\ARM_GCC_541\Debug\BLE_HAL_INT.o
arm-none-eabi-gcc.exe -mcpu=cortex-m0 -mthumb -I. -IGenerated_Source\PSoC4 -Wa,-alh=.\CortexM0\ARM_GCC_541\Debug/BLE_HAL_PVT.lst -g -D DEBUG -Wall -ffunction-sections -ffat-lto-objects -O0 -c Generated_Source\PSoC4\BLE_HAL_PVT.c -o .\CortexM0\ARM_GCC_541\Debug\BLE_HAL_PVT.o
arm-none-eabi-gcc.exe -mcpu=cortex-m0 -mthumb -I. -IGenerated_Source\PSoC4 -Wa,-alh=.\CortexM0\ARM_GCC_541\Debug/BLE_custom.lst -g -D DEBUG -Wall -ffunction-sections -ffat-lto-objects -O0 -c Generated_Source\PSoC4\BLE_custom.c -o .\CortexM0\ARM_GCC_541\Debug\BLE_custom.o
arm-none-eabi-gcc.exe -mcpu=cortex-m0 -mthumb -I. -IGenerated_Source\PSoC4 -Wa,-alh=.\CortexM0\ARM_GCC_541\Debug/BLE_bless_isr.lst -g -D DEBUG -Wall -ffunction-sections -ffat-lto-objects -O0 -c Generated_Source\PSoC4\BLE_bless_isr.c -o .\CortexM0\ARM_GCC_541\Debug\BLE_bless_isr.o
arm-none-eabi-gcc.exe -mcpu=cortex-m0 -mthumb -I. -IGenerated_Source\PSoC4 -Wa,-alh=.\CortexM0\ARM_GCC_541\Debug/LED.lst -g -D DEBUG -Wall -ffunction-sections -ffat-lto-objects -O0 -c Generated_Source\PSoC4\LED.c -o .\CortexM0\ARM_GCC_541\Debug\LED.o
arm-none-eabi-gcc.exe -mcpu=cortex-m0 -mthumb -I. -IGenerated_Source\PSoC4 -Wa,-alh=.\CortexM0\ARM_GCC_541\Debug/LED_PM.lst -g -D DEBUG -Wall -ffunction-sections -ffat-lto-objects -O0 -c Generated_Source\PSoC4\LED_PM.c -o .\CortexM0\ARM_GCC_541\Debug\LED_PM.o
arm-none-eabi-gcc.exe -mcpu=cortex-m0 -mthumb -I. -IGenerated_Source\PSoC4 -Wa,-alh=.\CortexM0\ARM_GCC_541\Debug/SCB_1.lst -g -D DEBUG -Wall -ffunction-sections -ffat-lto-objects -O0 -c Generated_Source\PSoC4\SCB_1.c -o .\CortexM0\ARM_GCC_541\Debug\SCB_1.o
arm-none-eabi-gcc.exe -mcpu=cortex-m0 -mthumb -I. -IGenerated_Source\PSoC4 -Wa,-alh=.\CortexM0\ARM_GCC_541\Debug/SCB_1_SPI_UART.lst -g -D DEBUG -Wall -ffunction-sections -ffat-lto-objects -O0 -c Generated_Source\PSoC4\SCB_1_SPI_UART.c -o .\CortexM0\ARM_GCC_541\Debug\SCB_1_SPI_UART.o
arm-none-eabi-gcc.exe -mcpu=cortex-m0 -mthumb -I. -IGenerated_Source\PSoC4 -Wa,-alh=.\CortexM0\ARM_GCC_541\Debug/SCB_1_SPI_UART_INT.lst -g -D DEBUG -Wall -ffunction-sections -ffat-lto-objects -O0 -c Generated_Source\PSoC4\SCB_1_SPI_UART_INT.c -o .\CortexM0\ARM_GCC_541\Debug\SCB_1_SPI_UART_INT.o
arm-none-eabi-gcc.exe -mcpu=cortex-m0 -mthumb -I. -IGenerated_Source\PSoC4 -Wa,-alh=.\CortexM0\ARM_GCC_541\Debug/SCB_1_PM.lst -g -D DEBUG -Wall -ffunction-sections -ffat-lto-objects -O0 -c Generated_Source\PSoC4\SCB_1_PM.c -o .\CortexM0\ARM_GCC_541\Debug\SCB_1_PM.o
arm-none-eabi-gcc.exe -mcpu=cortex-m0 -mthumb -I. -IGenerated_Source\PSoC4 -Wa,-alh=.\CortexM0\ARM_GCC_541\Debug/SCB_1_UART.lst -g -D DEBUG -Wall -ffunction-sections -ffat-lto-objects -O0 -c Generated_Source\PSoC4\SCB_1_UART.c -o .\CortexM0\ARM_GCC_541\Debug\SCB_1_UART.o
arm-none-eabi-gcc.exe -mcpu=cortex-m0 -mthumb -I. -IGenerated_Source\PSoC4 -Wa,-alh=.\CortexM0\ARM_GCC_541\Debug/SCB_1_BOOT.lst -g -D DEBUG -Wall -ffunction-sections -ffat-lto-objects -O0 -c Generated_Source\PSoC4\SCB_1_BOOT.c -o .\CortexM0\ARM_GCC_541\Debug\SCB_1_BOOT.o
arm-none-eabi-gcc.exe -mcpu=cortex-m0 -mthumb -I. -IGenerated_Source\PSoC4 -Wa,-alh=.\CortexM0\ARM_GCC_541\Debug/SCB_1_UART_BOOT.lst -g -D DEBUG -Wall -ffunction-sections -ffat-lto-objects -O0 -c Generated_Source\PSoC4\SCB_1_UART_BOOT.c -o .\CortexM0\ARM_GCC_541\Debug\SCB_1_UART_BOOT.o
arm-none-eabi-gcc.exe -mcpu=cortex-m0 -mthumb -I. -IGenerated_Source\PSoC4 -Wa,-alh=.\CortexM0\ARM_GCC_541\Debug/SCB_1_SCBCLK.lst -g -D DEBUG -Wall -ffunction-sections -ffat-lto-objects -O0 -c Generated_Source\PSoC4\SCB_1_SCBCLK.c -o .\CortexM0\ARM_GCC_541\Debug\SCB_1_SCBCLK.o
arm-none-eabi-gcc.exe -mcpu=cortex-m0 -mthumb -I. -IGenerated_Source\PSoC4 -Wa,-alh=.\CortexM0\ARM_GCC_541\Debug/SCB_1_tx.lst -g -D DEBUG -Wall -ffunction-sections -ffat-lto-objects -O0 -c Generated_Source\PSoC4\SCB_1_tx.c -o .\CortexM0\ARM_GCC_541\Debug\SCB_1_tx.o
arm-none-eabi-gcc.exe -mcpu=cortex-m0 -mthumb -I. -IGenerated_Source\PSoC4 -Wa,-alh=.\CortexM0\ARM_GCC_541\Debug/SCB_1_tx_PM.lst -g -D DEBUG -Wall -ffunction-sections -ffat-lto-objects -O0 -c Generated_Source\PSoC4\SCB_1_tx_PM.c -o .\CortexM0\ARM_GCC_541\Debug\SCB_1_tx_PM.o
arm-none-eabi-gcc.exe -mcpu=cortex-m0 -mthumb -I. -IGenerated_Source\PSoC4 -Wa,-alh=.\CortexM0\ARM_GCC_541\Debug/SCB_1_rx.lst -g -D DEBUG -Wall -ffunction-sections -ffat-lto-objects -O0 -c Generated_Source\PSoC4\SCB_1_rx.c -o .\CortexM0\ARM_GCC_541\Debug\SCB_1_rx.o
arm-none-eabi-gcc.exe -mcpu=cortex-m0 -mthumb -I. -IGenerated_Source\PSoC4 -Wa,-alh=.\CortexM0\ARM_GCC_541\Debug/SCB_1_rx_PM.lst -g -D DEBUG -Wall -ffunction-sections -ffat-lto-objects -O0 -c Generated_Source\PSoC4\SCB_1_rx_PM.c -o .\CortexM0\ARM_GCC_541\Debug\SCB_1_rx_PM.o
arm-none-eabi-gcc.exe -mcpu=cortex-m0 -mthumb -I. -IGenerated_Source\PSoC4 -Wa,-alh=.\CortexM0\ARM_GCC_541\Debug/CPS.lst -g -D DEBUG -Wall -ffunction-sections -ffat-lto-objects -O0 -c Generated_Source\PSoC4\CPS.c -o .\CortexM0\ARM_GCC_541\Debug\CPS.o
arm-none-eabi-gcc.exe -mcpu=cortex-m0 -mthumb -I. -IGenerated_Source\PSoC4 -Wa,-alh=.\CortexM0\ARM_GCC_541\Debug/CPS_PM.lst -g -D DEBUG -Wall -ffunction-sections -ffat-lto-objects -O0 -c Generated_Source\PSoC4\CPS_PM.c -o .\CortexM0\ARM_GCC_541\Debug\CPS_PM.o
arm-none-eabi-gcc.exe -mcpu=cortex-m0 -mthumb -I. -IGenerated_Source\PSoC4 -Wa,-alh=.\CortexM0\ARM_GCC_541\Debug/CSD.lst -g -D DEBUG -Wall -ffunction-sections -ffat-lto-objects -O0 -c Generated_Source\PSoC4\CSD.c -o .\CortexM0\ARM_GCC_541\Debug\CSD.o
arm-none-eabi-gcc.exe -mcpu=cortex-m0 -mthumb -I. -IGenerated_Source\PSoC4 -Wa,-alh=.\CortexM0\ARM_GCC_541\Debug/CSD_PM.lst -g -D DEBUG -Wall -ffunction-sections -ffat-lto-objects -O0 -c Generated_Source\PSoC4\CSD_PM.c -o .\CortexM0\ARM_GCC_541\Debug\CSD_PM.o
arm-none-eabi-gcc.exe -mcpu=cortex-m0 -mthumb -I. -IGenerated_Source\PSoC4 -Wa,-alh=.\CortexM0\ARM_GCC_541\Debug/VerUp.lst -g -D DEBUG -Wall -ffunction-sections -ffat-lto-objects -O0 -c Generated_Source\PSoC4\VerUp.c -o .\CortexM0\ARM_GCC_541\Debug\VerUp.o
arm-none-eabi-gcc.exe -mcpu=cortex-m0 -mthumb -I. -IGenerated_Source\PSoC4 -Wa,-alh=.\CortexM0\ARM_GCC_541\Debug/VerUp_PM.lst -g -D DEBUG -Wall -ffunction-sections -ffat-lto-objects -O0 -c Generated_Source\PSoC4\VerUp_PM.c -o .\CortexM0\ARM_GCC_541\Debug\VerUp_PM.o
arm-none-eabi-gcc.exe -mcpu=cortex-m0 -mthumb -I. -IGenerated_Source\PSoC4 -Wa,-alh=.\CortexM0\ARM_GCC_541\Debug/VerDown.lst -g -D DEBUG -Wall -ffunction-sections -ffat-lto-objects -O0 -c Generated_Source\PSoC4\VerDown.c -o .\CortexM0\ARM_GCC_541\Debug\VerDown.o
arm-none-eabi-gcc.exe -mcpu=cortex-m0 -mthumb -I. -IGenerated_Source\PSoC4 -Wa,-alh=.\CortexM0\ARM_GCC_541\Debug/VerDown_PM.lst -g -D DEBUG -Wall -ffunction-sections -ffat-lto-objects -O0 -c Generated_Source\PSoC4\VerDown_PM.c -o .\CortexM0\ARM_GCC_541\Debug\VerDown_PM.o
arm-none-eabi-gcc.exe -mcpu=cortex-m0 -mthumb -I. -IGenerated_Source\PSoC4 -Wa,-alh=.\CortexM0\ARM_GCC_541\Debug/HozIn.lst -g -D DEBUG -Wall -ffunction-sections -ffat-lto-objects -O0 -c Generated_Source\PSoC4\HozIn.c -o .\CortexM0\ARM_GCC_541\Debug\HozIn.o
arm-none-eabi-gcc.exe -mcpu=cortex-m0 -mthumb -I. -IGenerated_Source\PSoC4 -Wa,-alh=.\CortexM0\ARM_GCC_541\Debug/HozIn_PM.lst -g -D DEBUG -Wall -ffunction-sections -ffat-lto-objects -O0 -c Generated_Source\PSoC4\HozIn_PM.c -o .\CortexM0\ARM_GCC_541\Debug\HozIn_PM.o
arm-none-eabi-gcc.exe -mcpu=cortex-m0 -mthumb -I. -IGenerated_Source\PSoC4 -Wa,-alh=.\CortexM0\ARM_GCC_541\Debug/HorOut.lst -g -D DEBUG -Wall -ffunction-sections -ffat-lto-objects -O0 -c Generated_Source\PSoC4\HorOut.c -o .\CortexM0\ARM_GCC_541\Debug\HorOut.o
arm-none-eabi-gcc.exe -mcpu=cortex-m0 -mthumb -I. -IGenerated_Source\PSoC4 -Wa,-alh=.\CortexM0\ARM_GCC_541\Debug/HorOut_PM.lst -g -D DEBUG -Wall -ffunction-sections -ffat-lto-objects -O0 -c Generated_Source\PSoC4\HorOut_PM.c -o .\CortexM0\ARM_GCC_541\Debug\HorOut_PM.o
arm-none-eabi-gcc.exe -mcpu=cortex-m0 -mthumb -I. -IGenerated_Source\PSoC4 -Wa,-alh=.\CortexM0\ARM_GCC_541\Debug/PBUp.lst -g -D DEBUG -Wall -ffunction-sections -ffat-lto-objects -O0 -c Generated_Source\PSoC4\PBUp.c -o .\CortexM0\ARM_GCC_541\Debug\PBUp.o
arm-none-eabi-gcc.exe -mcpu=cortex-m0 -mthumb -I. -IGenerated_Source\PSoC4 -Wa,-alh=.\CortexM0\ARM_GCC_541\Debug/PBUp_PM.lst -g -D DEBUG -Wall -ffunction-sections -ffat-lto-objects -O0 -c Generated_Source\PSoC4\PBUp_PM.c -o .\CortexM0\ARM_GCC_541\Debug\PBUp_PM.o
arm-none-eabi-gcc.exe -mcpu=cortex-m0 -mthumb -I. -IGenerated_Source\PSoC4 -Wa,-alh=.\CortexM0\ARM_GCC_541\Debug/PBDown.lst -g -D DEBUG -Wall -ffunction-sections -ffat-lto-objects -O0 -c Generated_Source\PSoC4\PBDown.c -o .\CortexM0\ARM_GCC_541\Debug\PBDown.o
arm-none-eabi-gcc.exe -mcpu=cortex-m0 -mthumb -I. -IGenerated_Source\PSoC4 -Wa,-alh=.\CortexM0\ARM_GCC_541\Debug/PBDown_PM.lst -g -D DEBUG -Wall -ffunction-sections -ffat-lto-objects -O0 -c Generated_Source\PSoC4\PBDown_PM.c -o .\CortexM0\ARM_GCC_541\Debug\PBDown_PM.o
arm-none-eabi-gcc.exe -mcpu=cortex-m0 -mthumb -I. -IGenerated_Source\PSoC4 -Wa,-alh=.\CortexM0\ARM_GCC_541\Debug/PBIn.lst -g -D DEBUG -Wall -ffunction-sections -ffat-lto-objects -O0 -c Generated_Source\PSoC4\PBIn.c -o .\CortexM0\ARM_GCC_541\Debug\PBIn.o
arm-none-eabi-gcc.exe -mcpu=cortex-m0 -mthumb -I. -IGenerated_Source\PSoC4 -Wa,-alh=.\CortexM0\ARM_GCC_541\Debug/PBIn_PM.lst -g -D DEBUG -Wall -ffunction-sections -ffat-lto-objects -O0 -c Generated_Source\PSoC4\PBIn_PM.c -o .\CortexM0\ARM_GCC_541\Debug\PBIn_PM.o
arm-none-eabi-gcc.exe -mcpu=cortex-m0 -mthumb -I. -IGenerated_Source\PSoC4 -Wa,-alh=.\CortexM0\ARM_GCC_541\Debug/PBOut.lst -g -D DEBUG -Wall -ffunction-sections -ffat-lto-objects -O0 -c Generated_Source\PSoC4\PBOut.c -o .\CortexM0\ARM_GCC_541\Debug\PBOut.o
arm-none-eabi-gcc.exe -mcpu=cortex-m0 -mthumb -I. -IGenerated_Source\PSoC4 -Wa,-alh=.\CortexM0\ARM_GCC_541\Debug/PBOut_PM.lst -g -D DEBUG -Wall -ffunction-sections -ffat-lto-objects -O0 -c Generated_Source\PSoC4\PBOut_PM.c -o .\CortexM0\ARM_GCC_541\Debug\PBOut_PM.o
arm-none-eabi-as.exe -mcpu=cortex-m0 -mthumb -I. -IGenerated_Source\PSoC4 -alh=.\CortexM0\ARM_GCC_541\Debug/CyBootAsmGnu.lst -g -W -o .\CortexM0\ARM_GCC_541\Debug\CyBootAsmGnu.o Generated_Source\PSoC4\CyBootAsmGnu.s
arm-none-eabi-ar.exe -rs .\CortexM0\ARM_GCC_541\Debug\WW_V1_1.a .\CortexM0\ARM_GCC_541\Debug\CyFlash.o .\CortexM0\ARM_GCC_541\Debug\CyLib.o .\CortexM0\ARM_GCC_541\Debug\cyPm.o .\CortexM0\ARM_GCC_541\Debug\cyutils.o .\CortexM0\ARM_GCC_541\Debug\CyLFClk.o .\CortexM0\ARM_GCC_541\Debug\cy_em_eeprom.o .\CortexM0\ARM_GCC_541\Debug\BLE.o .\CortexM0\ARM_GCC_541\Debug\BLE_gatt.o .\CortexM0\ARM_GCC_541\Debug\BLE_eventHandler.o .\CortexM0\ARM_GCC_541\Debug\BLE_HAL_INT.o .\CortexM0\ARM_GCC_541\Debug\BLE_HAL_PVT.o .\CortexM0\ARM_GCC_541\Debug\BLE_custom.o .\CortexM0\ARM_GCC_541\Debug\BLE_bless_isr.o .\CortexM0\ARM_GCC_541\Debug\LED.o .\CortexM0\ARM_GCC_541\Debug\LED_PM.o .\CortexM0\ARM_GCC_541\Debug\SCB_1.o .\CortexM0\ARM_GCC_541\Debug\SCB_1_SPI_UART.o .\CortexM0\ARM_GCC_541\Debug\SCB_1_SPI_UART_INT.o .\CortexM0\ARM_GCC_541\Debug\SCB_1_PM.o .\CortexM0\ARM_GCC_541\Debug\SCB_1_UART.o .\CortexM0\ARM_GCC_541\Debug\SCB_1_BOOT.o .\CortexM0\ARM_GCC_541\Debug\SCB_1_UART_BOOT.o .\CortexM0\ARM_GCC_541\Debug\SCB_1_SCBCLK.o .\CortexM0\ARM_GCC_541\Debug\SCB_1_tx.o .\CortexM0\ARM_GCC_541\Debug\SCB_1_tx_PM.o .\CortexM0\ARM_GCC_541\Debug\SCB_1_rx.o .\CortexM0\ARM_GCC_541\Debug\SCB_1_rx_PM.o .\CortexM0\ARM_GCC_541\Debug\CPS.o .\CortexM0\ARM_GCC_541\Debug\CPS_PM.o .\CortexM0\ARM_GCC_541\Debug\CSD.o .\CortexM0\ARM_GCC_541\Debug\CSD_PM.o .\CortexM0\ARM_GCC_541\Debug\VerUp.o .\CortexM0\ARM_GCC_541\Debug\VerUp_PM.o .\CortexM0\ARM_GCC_541\Debug\VerDown.o .\CortexM0\ARM_GCC_541\Debug\VerDown_PM.o .\CortexM0\ARM_GCC_541\Debug\HozIn.o .\CortexM0\ARM_GCC_541\Debug\HozIn_PM.o .\CortexM0\ARM_GCC_541\Debug\HorOut.o .\CortexM0\ARM_GCC_541\Debug\HorOut_PM.o .\CortexM0\ARM_GCC_541\Debug\PBUp.o .\CortexM0\ARM_GCC_541\Debug\PBUp_PM.o .\CortexM0\ARM_GCC_541\Debug\PBDown.o .\CortexM0\ARM_GCC_541\Debug\PBDown_PM.o .\CortexM0\ARM_GCC_541\Debug\PBIn.o .\CortexM0\ARM_GCC_541\Debug\PBIn_PM.o .\CortexM0\ARM_GCC_541\Debug\PBOut.o .\CortexM0\ARM_GCC_541\Debug\PBOut_PM.o .\CortexM0\ARM_GCC_541\Debug\CyBootAsmGnu.o
arm-none-eabi-ar.exe: creating .\CortexM0\ARM_GCC_541\Debug\WW_V1_1.a
arm-none-eabi-gcc.exe -Wl,--start-group -o E:\MyProjects\WWV1_0_0\WW_V1_1.cydsn\CortexM0\ARM_GCC_541\Debug\WW_V1_1.elf .\CortexM0\ARM_GCC_541\Debug\main.o .\CortexM0\ARM_GCC_541\Debug\BLEApplications.o .\CortexM0\ARM_GCC_541\Debug\iprintf.o .\CortexM0\ARM_GCC_541\Debug\Control.o .\CortexM0\ARM_GCC_541\Debug\cyfitter_cfg.o .\CortexM0\ARM_GCC_541\Debug\cymetadata.o .\CortexM0\ARM_GCC_541\Debug\Cm0Start.o .\CortexM0\ARM_GCC_541\Debug\WW_V1_1.a "C:\Users\Yehuda Ben Chaim\Documents\PSoC Creator\4.2\Downloads ( 4.2).cylib\BLE_v3_52\Library\gccCyBLEStack_BLE_SOC_PERIPHERAL.a" -mcpu=cortex-m0 -mthumb -L Generated_Source\PSoC4 -Wl,-Map,.\CortexM0\ARM_GCC_541\Debug/WW_V1_1.map -T Generated_Source\PSoC4\cm0gcc.ld -specs=nano.specs -Wl,--gc-sections -g -ffunction-sections -O0 -ffat-lto-objects -Wl,--end-group
cyelftool.exe -C E:\MyProjects\WWV1_0_0\WW_V1_1.cydsn\CortexM0\ARM_GCC_541\Debug\WW_V1_1.elf --flash_row_size 256 --flash_size 262144 --flash_offset 0x00000000
No ELF section .cychecksum found, creating one
Application checksum calculated and stored in ELF section .cychecksum
Checksum calculated and stored in ELF section .cymeta
cyelftool.exe -S E:\MyProjects\WWV1_0_0\WW_V1_1.cydsn\CortexM0\ARM_GCC_541\Debug\WW_V1_1.elf
Flash used: 83602 of 262144 bytes (31.9%).
SRAM used: 11040 of 32768 bytes (33.7%). Stack: 2048 bytes. Heap: 128 bytes.
--------------- Build Succeeded: 06/03/2018 23:42:12 ---------------
